{
    "cave_source": "generated",
    "seed": 176486709,
    "geometry": {
        "w": 40,
        "h": 22
    },
    "butterflies": 3,
    "ingredients": {
        " ": 25,
        ":": 50,
        "+": 10,
        "O": 10,
        "*": 5
    },
    "cave": [
        "########################################",
        "#:::*: ::: / *:::O:: :::::::+: :::O::OO#",
        "#:/ :+::: O  *  ::    ::  +:::++* :::::#",
        "#    :  :::    ::O:**:O:  +     +::+O::#",
        "#++::  :::O+::  :  :++: :: ::O* :: +::O#",
        "#: + +: :+A *: :   : : :+:+: :: +:O:: :#",
        "#:*::: +O :::: +::: O+:O+:O+::::+:OO ::#",
        "#:+  :+:O::::::+O:O:   : :O::+ ::OO:   #",
        "#: *  +::+::O: * *: ::::: +::   ::*: : #",
        "#:+: : :: ::::   :O:   :: :+::+*O+: :OO#",
        "#OO::O+:O ::::+:+: + :*  :   O*::: +: O#",
        "#:  :: ::O:  ::+:::O  + ::::+ ::: ::+: #",
        "#  O:O   ::::/ + :O : ::::+::::  ::::+ #",
        "#  +: ::: :::  O:::::O+:: ::O: ::*::+::#",
        "#+:OO+ ::++ : :: :*::O: O+ :::+:O::::::#",
        "# * :::+:+O:::++  :: : O:  :::: :  :+::#",
        "# ::**:::  O: +::+: ::O:: : :+ :+ ::  :#",
        "# :*:++: ::O:O: O*::: +:::::*:O::OO: +:#",
        "#::O *  * +: ::: O +: :+O*::O  :O:::++:#",
        "#O: ::::::*: :::O+ :O*::: O:::::   * O:#",
        "#:O+:O ::::::: : :+:: +: +:::::::::::: #",
        "########################################"
    ],
    "controller": "script",
    "script": "5994c1db3cc1d6947da0b888/solution.js",
    "limit_frames": 1200,
    "limit_time": 120,
    "interval": 100,
    "fps": 10,
    "commands": "                                                                                                                                                                                                                                                                                                                                                                                                                                                                                                                                                                                                                                                                                                                                                                                rrururrrulurddddllldluuullllluurllllllrrdddurdudllrddllrrdldrdrrrrrrrrrrrllllluuururudddlullddrdrrrddrdllllllllludrrrrrrdrdudddddldlluluuuuuururrrrrduddddddlldruddlludldlluuluullldlduulurrdddrdrrrrrruuuuuuudlrdrrrrrurdrddddlurrrrdddurrrlllrrrdlululluuuuuuuurrrdrduurrrrrrrudrdrdduruuuddddllrrdddrdddlullllulrllrrruuuuuuuuuuuulurrruulullldllullllllddlldddddlllllulduuuuuuurdurdrrlulllllllllllldududuldllurdrrddddddddddrrruuuuurduuuullddldulllludddrr",
    "outcome": "game-over",
    "score": 466,
    "diamonds_collected": 57,
    "butterflies_killed": 3,
    "streaks": 1,
    "longest_streak": 57,
    "duration_frames": 1200,
    "duration_time": 120,
    "ai_perf": {
        "processed": 469,
        "init_ms": 16,
        "total_ms": 73423,
        "max_ms": 73319,
        "dropped": 731,
        "avg_ms": 157
    }
}
