{
    "cave_source": "generated",
    "seed": 3034053664,
    "geometry": {
        "w": 40,
        "h": 22
    },
    "butterflies": 3,
    "ingredients": {
        " ": 25,
        ":": 50,
        "+": 10,
        "O": 10,
        "*": 5
    },
    "cave": [
        "########################################",
        "#O:: :+:O: OO:O::+::+: :  :*+ : ::     #",
        "#   +:: : +   O OO O:+O:O: :::++:::::O:#",
        "# ::::O++:+::O+: O ::::::O:O:+  :*O::::#",
        "#*::: :: *::: +::O:*: / :: :+*: : ::O:O#",
        "#  O::OO:  :+:+ *O  :O  :+:: :: :+::+::#",
        "#::: ::  : :+:: :* :: ::::/ O::O :O:::*#",
        "#:::::: :O: *: O ::: :::::  :+:  : +:* #",
        "#::::  : : : +::::+  :  : :::::::: : :O#",
        "#:+:O : ::O:: + :  ++ :::::++::OO*: : :#",
        "# +: : : *: +:::::* O*O:/ ::O *:*:::   #",
        "# O::*: :+ +O: :  :::*:   ::: ::O:O+:::#",
        "#::+:::O::  ::+A: *::::: :::+::::+O   :#",
        "# :*+O ::::::O*O::  :+ : :: ::::+ O+:O:#",
        "#:+: ::::: : :::::+*:::::: * +  +  O O+#",
        "#:O+ :O::  :+:::::::: +O:::: :OO: ::: :#",
        "#: :::: ::: :++ :::OO+  ::::++OO:+++: :#",
        "# ::+:::: ::: O  :O +::+  O   :*::: :  #",
        "#OO  ++ :::  :: :: *+O+::::::+ :::O O :#",
        "#O:* *:+ :: OO *:OO:::::::+:::: :: : +:#",
        "#*  O+:O   :::O O:*O+:::O++::   :::: ::#",
        "########################################"
    ],
    "controller": "script",
    "script": "59765f2aa4e2889d0388f59e/solution.js",
    "limit_frames": 1200,
    "limit_time": 120,
    "interval": 100,
    "fps": 10,
    "commands": "rrrdrdrrrllluluuurdrrulllluuuululdlldldllldluuruulldlldddddlluuulluuurdrrrdrdrrrddrrurrdrrrrrrrrdrldu",
    "outcome": "game-over",
    "score": 38,
    "diamonds_collected": 12,
    "butterflies_killed": 0,
    "streaks": 1,
    "longest_streak": 12,
    "duration_frames": 101,
    "duration_time": 10.1,
    "ai_perf": {
        "processed": 101,
        "init_ms": 5,
        "total_ms": 224,
        "max_ms": 44,
        "dropped": 0,
        "avg_ms": 2
    }
}
