{
    "cave_source": "generated",
    "seed": 2456400543,
    "geometry": {
        "w": 40,
        "h": 22
    },
    "butterflies": 3,
    "ingredients": {
        " ": 25,
        ":": 50,
        "+": 10,
        "O": 10,
        "*": 5
    },
    "cave": [
        "########################################",
        "#OOO:O:+O :O: : O: : : +  +:+: ::::::::#",
        "#:O::+ :O::::: ::*+:::  +:::O *+::+:  O#",
        "# O:: ::  O::: :+:: O:*   :*: *+  *:+::#",
        "#*O:++:: O::*+:: ::::::* :: :  ::+++  :#",
        "#O::::::::+:+ :O:::::O+::+*:OO  ::+ :  #",
        "# :   :O+: :::::+::: +:::::+: *:+  O+::#",
        "#::+::  *::O:O:::::+:   :::+:+:+::+: ::#",
        "#:::::  :::++:::+/   : : :::::: : :::O:#",
        "# ::: :O  O::*:      :+++::::*:::*::O::#",
        "# */  : :: O::::: :*::: ::::: :O+O:O:: #",
        "#:   :::+    : :*+*O+:::+   : +::::+ *O#",
        "#+ ::+:::O:: : ::::: +:: :  :::OO +O O #",
        "#::: ::+ :OO::O++:+:::O: *:+ O: :+O +++#",
        "# ::+:::::: :::+ : :: O ::::: ::O::::+ #",
        "#:  ::: :: :  : : +::+ :  :::OO: : :O::#",
        "#:: ::O::: ::: * O++::: :++:A::*::* :::#",
        "# :::O:O+::O:: :  ::: O:::: ::/ :*::O:O#",
        "#O+: ::+:: :*:: :::::O::  *:::   ::    #",
        "#+ :O OO + +  ::   ::::+:O:O:: ::   :: #",
        "# :::::::::++  ::OO  *:   O::O+::O+O+::#",
        "########################################"
    ],
    "controller": "script",
    "script": "59937b033cc1d6947da0b87d/solution.js",
    "limit_frames": 1200,
    "limit_time": 120,
    "interval": 100,
    "fps": 10,
    "commands": "                                                                                                                                                                                                                                                                                                                                                                                                                                                                                                                                                                                                                                                                                                                            ddllrrrrruuuululuulllldduuuuuuurururrdrddddrrrrddldlllllddddrrrldurrudrrllrdddlllluulldllllldldluuulllulllldddduuuuuuuuuuuddrrrdrrudllulluulllluullrurruururrrurrurrdrrdrrdlllddddlddlddldddddddrulllurrlrrrddludlulluuulllllullllullullrrurruuulrrrdlddludlldldruuuuuuuulllq",
    "outcome": "quit",
    "score": 462,
    "diamonds_collected": 53,
    "butterflies_killed": 3,
    "streaks": 1,
    "longest_streak": 53,
    "duration_frames": 969,
    "duration_time": 96.9,
    "ai_perf": {
        "processed": 368,
        "init_ms": 6,
        "total_ms": 60370,
        "max_ms": 60305,
        "dropped": 601,
        "avg_ms": 164
    }
}
