{
    "cave_source": "generated",
    "seed": 4254894498,
    "geometry": {
        "w": 40,
        "h": 22
    },
    "butterflies": 3,
    "ingredients": {
        " ": 25,
        ":": 50,
        "+": 10,
        "O": 10,
        "*": 5
    },
    "cave": [
        "########################################",
        "#:*: :: +:OOO :   : ::  + *OO:O :  :: :#",
        "#::::O::    : : : :: :: : :*::*O::O*:  #",
        "#:: :::::O  :: O+:::: :+::::::+ :::::  #",
        "#: O::::::O *:*O:O   +: :::::::+:::: O:#",
        "# : :+:: :O   :: :::: * O ::::+:O O:O:+#",
        "#*+ :* O:::::O++ O:O  +::: O+:O::+ :AO:#",
        "#O*:: O:OO: ::O:   O:*:::: ::::*  :: +:#",
        "# OO O::  *::/  O:::O:*  :: +: O:+::  +#",
        "# :  ::  O:+:  +:O  *O  : :*:  :::::O+ #",
        "#: +::::::::::O:: +:++ O::O:  + :+:::::#",
        "#:+::**:+:::::+::+ ::  :::::::O :+:: ::#",
        "#+:+ ::++:+O+:   ::O::+O+ *  :  : :   :#",
        "#:+  ::::: :O:::: +  :::::::O: :: +:::O#",
        "#: +O:+ ++:/ :+O:: *:::: O: ::: :: :: :#",
        "#*:: +  :::  O++::O : : :+:: O:::+ O: O#",
        "# ::+: ::: ::: :: :++:  :+  O+::  : +::#",
        "#::: : ::::   ::O:    :: :::O::::: + * #",
        "#   ::: :::O::: * ::::::+/ :+ :: : ::O #",
        "#::: O:: :O::: :: ::O O:   ::OO:++::  :#",
        "#:: O:: O:*::::+:*::::: :*+:O*  : : :+:#",
        "########################################"
    ],
    "controller": "script",
    "script": "59937b033cc1d6947da0b87d/solution.js",
    "limit_frames": 1200,
    "limit_time": 120,
    "interval": 100,
    "fps": 10,
    "commands": "                                                                                                                                                                                                                                                                                                                                                                                                                                                                                                                                                                                                                                                                                                                            ldlllllddlllddldlulllllluurruuululllllludlldllddrruluullllldldlllluuruuuuldddddddrrurrururrrrrddddrurldrlurrllddlllllldlddrrrrrrrrduuullddrdrulldlddurrdrrrddrddrrrrrrrrrllluluuuullruululllldrddddrrrrrdrdllurrddrrrurrrrduurrrrrrrrrluuulluuuuuuuuuuuuuullllldlllluddddddddddlddlddddlddllllllllldllllluuullllllullq",
    "outcome": "quit",
    "score": 464,
    "diamonds_collected": 55,
    "butterflies_killed": 3,
    "streaks": 1,
    "longest_streak": 53,
    "duration_frames": 1010,
    "duration_time": 101,
    "ai_perf": {
        "processed": 332,
        "init_ms": 7,
        "total_ms": 68169,
        "max_ms": 68093,
        "dropped": 678,
        "avg_ms": 205
    }
}
