{
    "cave_source": "generated",
    "seed": 1305435992,
    "geometry": {
        "w": 40,
        "h": 22
    },
    "butterflies": 3,
    "ingredients": {
        " ": 25,
        ":": 50,
        "+": 10,
        "O": 10,
        "*": 5
    },
    "cave": [
        "########################################",
        "#++: O    :+: : : ::: *::O  ::::*:O : *#",
        "#::: ::::::::+:+*:++O:  ::  / * + : OO #",
        "#O: :::: ::  +: ::   ::+:*    : O :    #",
        "#:: ::+:::  O*+:* +O ::  ::: O:::::::  #",
        "#:: :    ::::  :O:*:  : +::*+::::*::*  #",
        "#:::O ::::  *: *: O:::::: +O ::: :: :O+#",
        "# +++ :: OO::: :: :O::: : :  :::: :: :O#",
        "#::OO++ :OO:: :O: +:* :*: O +: ::*+OO :#",
        "# :::  : ::O: :O*  ::O :::::O:: O :+++ #",
        "#+::: ::::OO:  ::::+: ::: / : ::O*+ +O:#",
        "#*: O : :*  +: : ::: :+::   *O:+:*::::O#",
        "#: ::   *:::O  O::+ : : :+*  :::+:::  :#",
        "#:+::: :O::+: O:O O:: ::: +:+::+: ::   #",
        "# O +  +O O:::OA :    : : ::: :::O+ :::#",
        "#::* :::*:+:O:: :   : :::::O *+:: : :O:#",
        "# :+:O+ :+:O::+ O: :O::: +: :::   :+  +#",
        "# O:::::::* ::    ::+: ::    O : :+ : :#",
        "#: ::::+/ :  :::O :::+:::: :::O:O   :::#",
        "# :O:O::   :O:::+ +O  O ::*:  :::+ :O: #",
        "# ::: ::::*:* +: OO::: ::: :+:+::::+:: #",
        "########################################"
    ],
    "controller": "script",
    "script": "5996199b3cc1d6947da0b8af/solution.js",
    "limit_frames": 1200,
    "limit_time": 120,
    "interval": 100,
    "fps": 10,
    "commands": "dddllllldduuuruurur uurrururrrrrrdrduuddrdduuluduudduudduudduudduudduudduudduudduudduudduudduudduudduudduudduudduudduudduudduudduudduudduudduudduudduuuuuuuruudrudu ",
    "outcome": "game-over",
    "score": 13,
    "diamonds_collected": 3,
    "butterflies_killed": 1,
    "streaks": 0,
    "longest_streak": 0,
    "duration_frames": 164,
    "duration_time": 16.4,
    "ai_perf": {
        "processed": 164,
        "init_ms": 7,
        "total_ms": 4760,
        "max_ms": 90,
        "dropped": 0,
        "avg_ms": 29
    }
}
