{
    "cave_source": "generated",
    "seed": 2088801844,
    "geometry": {
        "w": 40,
        "h": 22
    },
    "butterflies": 3,
    "ingredients": {
        " ": 25,
        ":": 50,
        "+": 10,
        "O": 10,
        "*": 5
    },
    "cave": [
        "########################################",
        "#:::*::+ :*:  +/  : :: ::::O  :  :::::*#",
        "#::    ::::O OO  ::  O ::*     O::O  +O#",
        "#  :++:/  +:::+  ::::: :   :::::   O:::#",
        "#:+:*::   +  :  ++ : :O::  :  ::: : : :#",
        "#  ::  :: ::::: : ::: +: :+* : O: : :O+#",
        "#: *   ::  : :O :  O+ :O:+: ::  ::::O::#",
        "#::+::: OO+::::::::: : ::OO: :::+::+  +#",
        "# :+  A +: : ::::*:OO:*::: *  :::OO :::#",
        "#*+ :+OO:: :OO::+:::+++*:::O +: :O::: O#",
        "# :+:++: : O +  O ::::::::+: OO::::O +:#",
        "#:::O*: +*: :::++O+ :+:O:OO:O : :+:++: #",
        "#+: OO :: :: :O:: :: :/ ::  :O::: :O:  #",
        "#++:::O::::   O::: +O:  :+:+:+:::+O :+:#",
        "# O+: ++::O*:+:O:+  O ::+  ::::O::::  :#",
        "#:::O:+:::+ :+:O: ::O  O  O:::   :  :  #",
        "#:++   : : O :  :::O   *: ::::: : :::O #",
        "#O*:::* ::O: :: :  :::::::: +  ::O: :O #",
        "#+O:+:  ::**O:::OO::  +:: ::+::::: + :+#",
        "#:: O: O:::::  :::::: :::: ++:+:++ O:  #",
        "# O : ::: :  ::OO:: +:* : :: :  : OO:: #",
        "########################################"
    ],
    "controller": "script",
    "script": "5991606f3cc1d6947da0b875/solution.js",
    "limit_frames": 1200,
    "limit_time": 120,
    "interval": 100,
    "fps": 10,
    "commands": "                                                                                                                                                                                                                                                                                                                                                                                                                                                                                                                                                                                                                                                                                                                            uuurrrrruurur lu    ddrdddddrddrrrrrrrrrrddduululllluluuldddrdrulluuluulldlddlrruuurlllllludrrrlluuuuudlllllllddrddllddldddrdrdrddrddddrurrrrrddllllluululllrrurrrrrrruuulluddrrdrdrrurrrruudrrudrdrrdddddluruuuuluuurrdluuuuulurruuurrrddddrdduuuuuuuuurrrrrrrrrrq",
    "outcome": "quit",
    "score": 404,
    "diamonds_collected": 48,
    "butterflies_killed": 3,
    "streaks": 1,
    "longest_streak": 48,
    "duration_frames": 959,
    "duration_time": 95.9,
    "ai_perf": {
        "processed": 310,
        "init_ms": 6,
        "total_ms": 65168,
        "max_ms": 65073,
        "dropped": 649,
        "avg_ms": 210
    }
}
