{
    "cave_source": "generated",
    "seed": 2143115631,
    "geometry": {
        "w": 40,
        "h": 22
    },
    "butterflies": 3,
    "ingredients": {
        " ": 25,
        ":": 50,
        "+": 10,
        "O": 10,
        "*": 5
    },
    "cave": [
        "########################################",
        "# +O:  ::::+ O+ ::::++: ::+:+:: : :++ +#",
        "#::+::::O: :::O::O :: : :+: ::O : O :O:#",
        "#:: ::+:+ ::: +:O ::: ::*+   : : : + ::#",
        "# ::::+:::::O*::O:**:: O::  : :  +*::: #",
        "#:O / :*: :::::::O ::+:*:::::  ::::::O:#",
        "#::   ** : ::  ::: O:+::::  :: *A : : :#",
        "#:  OO : O::+:: O:  :: + O*:    * :O:::#",
        "#::+  ::::* :+ :O+::O+ +:*:::+  +  :  :#",
        "# : O*+::: :O::  O:: :+: :: :+O:O::+:::#",
        "#: **: OO ++ O O: + +::: :: *  :OO:+  +#",
        "#::::  :: + ::: :OO::*++ O  ::::+  + O #",
        "#O ::::+:*: ++:: : : :O:O  :::   ++: O:#",
        "#:: : :O::+  +: ::: *+:: ::*: : ::  :+ #",
        "#:+:: : : : :::+*+:::  +:::  :  ::O: ::#",
        "#:::*: : :::+:/ : :O +O: ++:::::: +: ::#",
        "#O::+: ::+*:     :O*O: +:::O+*::: + OO #",
        "#+::: +: *::   :::::  + :   :O:*:O:O:::#",
        "#::: :: O::+  :+ : O :::*:* :+  O::OO/ #",
        "#O:::O+*::: +:::O::O  :::+ O:O:+:++::  #",
        "# :::+  ::: ::: :O+: *:::+:*++::   ::: #",
        "########################################"
    ],
    "controller": "script",
    "script": "5991606f3cc1d6947da0b875/solution.js",
    "limit_frames": 1200,
    "limit_time": 120,
    "interval": 100,
    "fps": 10,
    "commands": "                                                                                                                                                                                                                                                                                                                                                                                                                                                                                                                                                                                                                                                                                 rllllllllllldlldldlllddddlldldu ruurdldll  uluurrrddddrrrrurrrrururrdrrrrrrrrrrrdrrdddl ruuuuuuluuuululllllllllllllldllullllullllluuulullllll  ddll rdrrdrdruddllululddrrrrrdrrdldddrdrdrrddrlldulluudddldddlluuuuullluuuuululuurrrdduuurrrrrrrrrrrrrduuururrrrrdddddrrurrdddddddlrrddrrddlddrrrrrruurrddlluuuruuuruuuluuullllullduuurrrudddllldddllllllllllddldddddululldlrrrrrddddruurrrrddrq",
    "outcome": "quit",
    "score": 485,
    "diamonds_collected": 61,
    "butterflies_killed": 3,
    "streaks": 2,
    "longest_streak": 53,
    "duration_frames": 1040,
    "duration_time": 104,
    "ai_perf": {
        "processed": 392,
        "init_ms": 6,
        "total_ms": 65124,
        "max_ms": 65043,
        "dropped": 648,
        "avg_ms": 166
    }
}
