{
    "cave_source": "generated",
    "seed": 2398035292,
    "geometry": {
        "w": 40,
        "h": 22
    },
    "butterflies": 3,
    "ingredients": {
        " ": 25,
        ":": 50,
        "+": 10,
        "O": 10,
        "*": 5
    },
    "cave": [
        "########################################",
        "#:::  O*::: ::::O+:/     :*: * :    O:O#",
        "#:+ :+*+ ::O+::+: :  :::: :O   ::+:OOO:#",
        "#::O :*  :*::O O  :::*:O:O::O: +: :::::#",
        "#:::O:O:::  ::+:: O ::   :: : +  : : A:#",
        "#: : ::  O ::::/ *:::::::: : :::::+O++*#",
        "#:O::  O::   ::  ::: :+: O:O:O/ : :+: *#",
        "#: ::O :::::+:+:*O + ::::::+::  :::*::O#",
        "# * +: :: ::O:O::+OO::::::::::++O: O: :#",
        "#: :::: *: : :OOO : ::  : +:OO :O:O  ::#",
        "# :: : ::::  ++: O *: ::+**:+O+O:::*  :#",
        "#:: +: :O +* : :: ::: : : : ::: O:  :::#",
        "#O::*:O:: :O::::+*+++: :+O:O: :OO :+:::#",
        "#O:O: :::::O:  :*::: : +:::+  :*O+: *  #",
        "#: *: ::: : : :+ : ::   O:O +:: +:O: : #",
        "# : * +*:: ::  :  :: ::+::O O: ::+   ::#",
        "#::OO:::: O:O:::*:+*:+:::++ :: ::: :* O#",
        "#::  : :  : *   :*:: :*:   O : : ::OO O#",
        "#O O : ::: :::::: :::: ::O    ::  +:::+#",
        "# ::* +++:O+:::*::::+ +++: *+::+ : +O::#",
        "#:O::::::: O:   : : * ::  :    * +:+:: #",
        "########################################"
    ],
    "controller": "script",
    "script": "5991606f3cc1d6947da0b875/solution.js",
    "limit_frames": 1200,
    "limit_time": 120,
    "interval": 100,
    "fps": 10,
    "commands": "                                                                                                                                                                                                                                                                                                                                                                                                                                                                                                                                                                                                                                                                                                                             llllddlulllulllllululllllll rrrrrrrrrrddl rrd uullllldllll rddrdddddlluulluluuuurrrddrrrurrrrurrrru    rurrdrrrr rrddduulullddrrdrlldddddlrdddddrduuuuuuuuuulllullllluldllurrrrddrllldlddlldlllluululldrdrrdullduulldruuuuulllllllldlldddrrrdddllllddddlldlrullruuuuluuulruurruuuurudlddddddddddddddddllluurrrdrrrrrrrurrrruurrrddlldllddrrrrrruurrrrddrrrrrrruuuuululldllulllllullllluq",
    "outcome": "quit",
    "score": 594,
    "diamonds_collected": 65,
    "butterflies_killed": 3,
    "streaks": 1,
    "longest_streak": 63,
    "duration_frames": 1077,
    "duration_time": 107.7,
    "ai_perf": {
        "processed": 428,
        "init_ms": 6,
        "total_ms": 65098,
        "max_ms": 65035,
        "dropped": 649,
        "avg_ms": 152
    }
}
