{
    "cave_source": "generated",
    "seed": 3953894629,
    "geometry": {
        "w": 40,
        "h": 22
    },
    "butterflies": 3,
    "ingredients": {
        " ": 25,
        ":": 50,
        "+": 10,
        "O": 10,
        "*": 5
    },
    "cave": [
        "########################################",
        "#O:  O:  O:+::::O+::+::::+   ++ : :::O #",
        "#+:: /  :O +*:: ::O+O*:: :O+:  : :: :+ #",
        "#: O   :  * O:: :  : :: :::::++:+: : * #",
        "#O+:::O*:::+:+*::++  :::: :+:O: *:::O::#",
        "#:::::: OO  OO::  :+ :::+:+:::*O O::*:+#",
        "#*+:  O::  : :O+:  +::::::+:*: :: :+  :#",
        "#+ ::O::O::  *:+:: O :::O :::+O: :: ::+#",
        "#:::+  *:  :: O:::::::O::::: :: ::::::+#",
        "# +:  :::*:: ::: :: :O::O+ O:: : :  :: #",
        "#:: ::::*O:    :::+O:::::OO :  ::*:: O*#",
        "#OO* : +:+ +  :O:O:+:::A+:*   :::: ::: #",
        "# :  *:O:: ::::+::::::  +: +:: :O:*: : #",
        "# :*:O ++ : :* +:*::+ :  :::::::  :*:::#",
        "# :::++ O: O+: / +:O ::*:::  :+:O:*:  :#",
        "#*:::::::O+::::  ::::O: +O:OO *::: :*:+#",
        "#:*:::O: : O:::: ::   +:++: : :::+ +:+ #",
        "#  O:::::*  :++ O :  ::*:   :+ ::::: ::#",
        "#:  :::: :O: ::: :O:: : ::O:   :  :O:::#",
        "#:::+  :*: ::O :::: *+ +:   :O:::::/ ::#",
        "#: +::::: :O  ::: *::: ::: :: ::: :  ::#",
        "########################################"
    ],
    "controller": "script",
    "script": "5991606f3cc1d6947da0b875/solution.js",
    "limit_frames": 1200,
    "limit_time": 120,
    "interval": 100,
    "fps": 10,
    "commands": "                                                                                                                                                                                                                                                                                                                                                                                                                                                                                                                                                                                                                                                                                                                            llluullllllllllulldllluuluuuurddddrrurllu ddruldrdrrrrddrddrrudddrruuuuuuuuuuuuldddlrrddddddddrrddddrrrrrrddrrrrrrdrrrrururrdldlllluuuuuldllldl uldl   lllluuuuuuuluuulrrrrdddlldddrdrrrrrruuuuuuuurrrrudddddrddrdrddrllddllllddlllldrrurrdululllddrrlllluuluuuurrruurrrrrrrrrrrrlluuuuuuruuullllullllldllllllluldlllllldduulludddlluudddldddrdrrdrddddrrddrrrlludrdddrrrulllllllllullulddlllululldluuurruuurrruurrlulululluulldq",
    "outcome": "quit",
    "score": 591,
    "diamonds_collected": 62,
    "butterflies_killed": 3,
    "streaks": 1,
    "longest_streak": 61,
    "duration_frames": 1117,
    "duration_time": 111.7,
    "ai_perf": {
        "processed": 467,
        "init_ms": 6,
        "total_ms": 65239,
        "max_ms": 65150,
        "dropped": 650,
        "avg_ms": 140
    }
}
