{
    "cave_source": "generated",
    "seed": 2623478856,
    "geometry": {
        "w": 40,
        "h": 22
    },
    "butterflies": 3,
    "ingredients": {
        " ": 25,
        ":": 50,
        "+": 10,
        "O": 10,
        "*": 5
    },
    "cave": [
        "########################################",
        "# :O::O:: +: ::* :+:**: ::: O :::O:::+*#",
        "#:+::: :::::+O:: :::*::*+::::+:::: +: :#",
        "#::  :+ O:::+: :::*::+:::: +  ::  :*  +#",
        "#*::: :* O:::O::::  :O  O *::++::O: O::#",
        "#::::O::* :    ::::  O+::O+::: : :::*: #",
        "#+ +    +:::  +: :: +: :: :*:: ::::+O :#",
        "#*::O::: +*: ::::   OA: +::+:OO O : : :#",
        "# :::::O+::   ::+:+:+* :::O  : :+ :::: #",
        "#O::* :::*:::: ::+:::: :: +::  :::+ :O #",
        "#O:+:+*: ::: ::: +* : : ::O+:  O:+::+::#",
        "#: O:+ :::: :O+:O::* +::O   ::: ::::+O:#",
        "#:::  O :+O* +: :::::O :::  ::+:*::* OO#",
        "# ::: : ::  : ::::::: O +: ::: : : :::*#",
        "#:::*: ::*+:: O:O+::: +O:::::O: ::     #",
        "#::: :O :O +::O::: : ::::O:*:::O+  ::O:#",
        "#/  O :+:::::::/ O :: / *:::::::+    ::#",
        "#  :O:  :O+O  :  :: ::  :::+O: :  : :::#",
        "#   :O:+:O::  O O + :: :::*::  ::+:  O:#",
        "#:O:: :O:*O ::O : +OO+::: :+ : O  ::+: #",
        "#+O::O*  :  :::  : ::  :+: ::O::::: : :#",
        "########################################"
    ],
    "controller": "script",
    "script": "599556ce3cc1d6947da0b88f/solution.js",
    "limit_frames": 1200,
    "limit_time": 120,
    "interval": 100,
    "fps": 10,
    "commands": "rddldlddlluruuuuuullulluulurrrdrllllddllldddddldlllddddllllldurrrrruu lurrrrrdrdddrdrruuullluluuullllrrurrrrrrdddddrrrrrrurrrrddlduduruuurrruuuuuulullulllulrurrrlrdddrrddldldlddddrddldl   ",
    "outcome": "game-over",
    "score": 20,
    "diamonds_collected": 0,
    "butterflies_killed": 2,
    "streaks": 0,
    "longest_streak": 0,
    "duration_frames": 188,
    "duration_time": 18.8,
    "ai_perf": {
        "processed": 188,
        "init_ms": 7,
        "total_ms": 448,
        "max_ms": 16,
        "dropped": 0,
        "avg_ms": 2
    }
}
