{
    "cave_source": "generated",
    "seed": 2736619877,
    "geometry": {
        "w": 40,
        "h": 22
    },
    "butterflies": 3,
    "ingredients": {
        " ": 25,
        ":": 50,
        "+": 10,
        "O": 10,
        "*": 5
    },
    "cave": [
        "########################################",
        "#O: :O:+:::: *  :*:: * :: O + :O: +O :+#",
        "#: :+ ::+:+:::++: O++ :::: :O: +:: O:+:#",
        "#::::++:A   + *++O  O: O+:::*:::::: OO #",
        "#:+:*:::O:+ ::+ O:*+:+:  +: :OOO: : ::*#",
        "#+::O*  ::: :  :::: :::::O:   ::: O+: O#",
        "#:  :O: : ::OO:+O + O:::*:::O :    :O::#",
        "#: ++: +:::O :+:O:: : *O :::::  :::O::O#",
        "# :*: :: +: O:  :+ :: :: OO:O O:::O*: :#",
        "# ::::OO :O: ::O::O:+ +:: ++ ::   :++ :#",
        "#O::O::: ::::O   :::+:: :O ::+: ::: :+O#",
        "#:O: O:  *+: :::+: : ::::::+OOO:+::O/ :#",
        "#: O:O::O : : :+ : :: :: ::  +:O  O+   #",
        "#:O+: :+:  :::::O :   O* O+::+::+ ::+::#",
        "#::::O: O:::+:: ::::+:+:+:*+*:O::::  ::#",
        "#: ::::  O::: +: : :  * :: */ :::::: :O#",
        "# :: :+   :* :::: :: : *::    :  O O  :#",
        "#: *:OOO::*  O/ :::OOO::O :: : :::*+*::#",
        "#:::O++O:* :+:  :*: *+ O::*:::+:O:OO:: #",
        "#: +O::O:::    :* :  :: O O:: :O:: :  :#",
        "#:+:  :+: +*O::: +: : : :: :: :+::O :::#",
        "########################################"
    ],
    "controller": "script",
    "script": "599556ce3cc1d6947da0b88f/solution.js",
    "limit_frames": 1200,
    "limit_time": 120,
    "interval": 100,
    "fps": 10,
    "commands": "ldllrddddlldllurrrudlddlrrdulullrlddrlurrrdrrruuulruuruuurrurrdddrrrrrrdddrrdddrllddllludruuruuddrruuurrrurrruururuduullddldddlldulllddddlddlrlururuuuuuuruuudlruullllddddrrlddddddrluuurruurrurdrrrurrrddlldluluuldllllddlldddrllldddddlduuluuluuuurrd lurrddrrrrrrrdrrrdrlulllrrrdrdrluullllullllllluullulluluuurdrrrrrrrrdddddrrrdrrurrlldudurrurrrrrdrluudddddddlddllldlllllllulllulllllllllddlrrudddurrruuurrdlddrdururuuuruurlulllllldrllllluuuluulludrrurrrrrlllllddddlllulldllrurrrdrddddlldlduururrrdrrrrrrdrrrdrdrurrrrdruurrrrrurrrddldllululuddddrrruulullullluuullddddruluurrddrrrrrrrrrrrdrrduullllddrdr                                                                                                                                                                                                                                                                                                                                                                                                                                                                                                                                                                                                                          ",
    "outcome": "game-over",
    "score": 277,
    "diamonds_collected": 51,
    "butterflies_killed": 3,
    "streaks": 2,
    "longest_streak": 24,
    "duration_frames": 1200,
    "duration_time": 120,
    "ai_perf": {
        "processed": 1200,
        "init_ms": 7,
        "total_ms": 1858,
        "max_ms": 27,
        "dropped": 0,
        "avg_ms": 2
    }
}
