{
    "cave_source": "generated",
    "seed": 3287234924,
    "geometry": {
        "w": 40,
        "h": 22
    },
    "butterflies": 3,
    "ingredients": {
        " ": 25,
        ":": 50,
        "+": 10,
        "O": 10,
        "*": 5
    },
    "cave": [
        "########################################",
        "#::O::*::::O*:  ::::: ::  ::*:::: ::+:+#",
        "#::+::  ::: :O+: +: :+ :O+:*   *:::+ ::#",
        "# O:O * :  :  : ::::+:O   :+:+ : : O:: #",
        "#:::  :+ : :O+:  :+ : ::  ::O   :*:::: #",
        "#::+::O :+O++:+  ::O*: *OO::  :O:::: ::#",
        "# O:*:::O*:: +::: :: *::::  O:::  :::+:#",
        "# O:*:* ::: :O +:O::O+O++O::::+  :/ O*O#",
        "#: +  : : :::O: :: O:: : : :O:::::    +#",
        "# + :O :+O :: : O: +::  O : +*:/ :: :: #",
        "# ::+ *O: ::+:*   :+ :::+ ::::   : : O #",
        "# :::O+: O::::*:: ++:: +:  O:::::::+O :#",
        "#:+:*:O::::::: : :O   : O+  ::O+:::+: :#",
        "# :::: O:::++ ::::::O  O :: : :++**O* :#",
        "# ::  +O  O:   ::* O:: O+: *: :  *O::+ #",
        "#: :+:+: ::+::: : O:+:O  *+:O::*:: :*::#",
        "#: : / :O  : :::::+ ++: :++::::OOO ::::#",
        "#::    :: : ::+ :::+**:: :+::: : :::++:#",
        "# :+O+O: :O::  :+::::::    : ::+  :+  :#",
        "#:::+:::+  :: :*:O:  ::::  O:::O ::+   #",
        "# :  + :+::::: : :+O*+:   +::OO*:OA: +:#",
        "########################################"
    ],
    "controller": "script",
    "script": "599556ce3cc1d6947da0b88f/solution.js",
    "limit_frames": 1200,
    "limit_time": 120,
    "interval": 100,
    "fps": 10,
    "commands": "uullulldlllllllllllllulldlllllllludrrrrrrrruruuuurrrulrrrrrrurrrrrrullluu     uldl                                                                               rrrrrrrruull  ruldllrrurrluluruldldlludlluddrldllllddllluulululluuulldldllllulllddrlduurrrrdulllllldlddrrrlururuurrrurrrrrrdddddldlllllrrrldllllllurururlddrrrrrrrurrurrrrrrrurrrrrrrduldlldllllllllllllldllllddlruudllldllluuddldddrddldddrurddlllurdrurrrdrrrrrrdrruururulluluuuuruurrrrluurrrrddrrdrdrdrrruruddldddlllldldddllllddurrrdrruurrrrruluuuuuurrruuruddddddrdrruuuruuuuullllluuulluuullllllllllllllllldldld ur l d lullurulld uld dd lluu r d rurru rdr dl ldru ulu rrrdd dl r uldruulu dlu ll rddd dldrdr lurrrrdll ldruu lddlll l lulur r dd ld urr r ll rururd rru uuu u ddruluur d ul rrdlll d dl ddd rrrur dl ldrurr r u rrdd l r l luur uuuu u rdl dll rrrd u u lurdl dd ulllll luullllldrr dddrrdr l r dd u u luldd l rru u d ldrdluul ullulur drr l uru l rdru r urdldl r lu u rrrdrd l r ur u dr drrdddl ruulu ll uu d d r r llull rur l ldr ru rdlldrr rr l l u lu rd lu rdd rr uu r d u ddr lldrdrul ull drdd uurulld rd dl dl rdd uulllllulluluu lldr d ldru uu ddl dl drr ll r r ld dl rur ul dr ululd ur dl urr ru lu dl druurddr lll dr u u drrru u",
    "outcome": "game-over",
    "score": 409,
    "diamonds_collected": 53,
    "butterflies_killed": 3,
    "streaks": 1,
    "longest_streak": 52,
    "duration_frames": 1200,
    "duration_time": 120,
    "ai_perf": {
        "processed": 1200,
        "init_ms": 7,
        "total_ms": 1797,
        "max_ms": 30,
        "dropped": 0,
        "avg_ms": 1
    }
}
