{
    "cave_source": "generated",
    "seed": 3861170335,
    "geometry": {
        "w": 40,
        "h": 22
    },
    "butterflies": 3,
    "ingredients": {
        " ": 25,
        ":": 50,
        "+": 10,
        "O": 10,
        "*": 5
    },
    "cave": [
        "########################################",
        "#:::*:  ::* :::+: : ::::::+:: *+:+:::*+#",
        "#A:O: ::/   O:::+:+::O:+*:::  ::O:*: ::#",
        "#OO* *     O:O*:  O:*  :: :+ :++:::::+ #",
        "#+  :::: : :O:O+ :+  ::+OOO:*OO  O:O O #",
        "#OO::O  ::: : ::: :OO++O:*:::*O  ::::::#",
        "#OO:::: / :O:O*:::+ *:: + :::O:::::: :*#",
        "#  :O:    *:::: : ::O * ::+ : :: ::  :*#",
        "#:   ::O+: :O+O  :  :: O O::: +: : ::  #",
        "#: :O:: :+ ::*:O:  *O::O:O: ::: ::: :O #",
        "#*::O/ ::: O O + :*O:+O:: :::::+O :*+ :#",
        "#: ::  OOO: ::::: :+:::::*::::::**: :: #",
        "#::*:O :: :::::+:++:+ :: OO:  :::++:: :#",
        "#:+: :+: :* :: +*:::: +::: :::*:O : :O #",
        "#::: ::* :: OOO:::O+   : + :* O:*: :** #",
        "# :::*O* : :::  : : :: ::  : :::::: +:+#",
        "# :  ::+::+:++ :::+*:   ::+ : *: : ::O+#",
        "#O+++  + +:   :+ :  :: : :: :O::::: O+ #",
        "# ++:::+ +::::O: ::O:+: +:: + :: :** O #",
        "#:::*+:: : ::: :: O:O: ::+:  *::::+ *  #",
        "# :::+*: ::+: :  ::  O : :O: :::OO :++:#",
        "########################################"
    ],
    "controller": "script",
    "script": "599556ce3cc1d6947da0b88f/solution.js",
    "limit_frames": 1200,
    "limit_time": 120,
    "interval": 100,
    "fps": 10,
    "commands": "urrdrrurdddlldlurrrlluurrrddurldrdluuddurrdrrullldruldruuuurrrrdrrdrdrluddlddlllllulurlrrllldlllldldddllddddrrrrrrrrrrulrrrruuddllldllllududrrruuulullrrlrruudrrddddrururrrrllllrruruurrrrdrlulrurllllllllurldrrrrrrrrrrrdrrrulurulurruurllduddl                  lulllldlldddludllluulllu    ",
    "outcome": "game-over",
    "score": 13,
    "diamonds_collected": 3,
    "butterflies_killed": 1,
    "streaks": 0,
    "longest_streak": 0,
    "duration_frames": 286,
    "duration_time": 28.6,
    "ai_perf": {
        "processed": 286,
        "init_ms": 7,
        "total_ms": 716,
        "max_ms": 25,
        "dropped": 0,
        "avg_ms": 3
    }
}
