{
    "cave_source": "generated",
    "seed": 4253775517,
    "geometry": {
        "w": 40,
        "h": 22
    },
    "butterflies": 3,
    "ingredients": {
        " ": 25,
        ":": 50,
        "+": 10,
        "O": 10,
        "*": 5
    },
    "cave": [
        "########################################",
        "#+O  ::: :::O:O+ ::::*:* ::+:: :+: O**:#",
        "#:::  ::O ::  ::O: ::++::::O: O::+::: O#",
        "#O::::::  :::  ::+::O: ::::O++* +:::::O#",
        "#::: ::: + O+ OO:O ::O : :   : ::  ::  #",
        "#:  : ::+:O:: ::::  +::  :::+::*O:+:*::#",
        "#O: O:: +: +: *+  O:::*O:+O:::  O  :*: #",
        "#O :+:++OO:  *::::  : *+*:O: :O    O:::#",
        "#: O  :::O:::OO:+  ::::*:O:::: :: ::  O#",
        "#:: O  :: *: :     :O O::*: :O:::O/    #",
        "#: *OO:OOO:::::  +:O  ::O* :+O:: :  *: #",
        "#:  :::*::: : : *: +  +O:: :: : :O++:: #",
        "#* :: :O:: :::O   ::O:::::+:+++ : :::: #",
        "#O :  O:+:::: O::: ::+ ::/    O+:::O ::#",
        "# +::: + ::OO   :O::O::::  +O:::+:* +:O#",
        "# ::: :: ::: *::A: + : :: :   ::O+  : +#",
        "#::: :+: ::O:::*::: :::O::+::: :::O+::O#",
        "#:*:+:::: :::*O:O:: : / :O:::: *:*O::: #",
        "#::+:  :: : :*:::O O::    : ::::::+: +:#",
        "# :OOOO:O* :::* ::  :O *:::::: :: : :: #",
        "# +:+:: : :::*:+::O :: :  :O:: :: :::: #",
        "########################################"
    ],
    "controller": "script",
    "script": "599556ce3cc1d6947da0b88f/solution.js",
    "limit_frames": 1200,
    "limit_time": 120,
    "interval": 100,
    "fps": 10,
    "commands": "rluluuuuuuulrrurrrrrddrudrdudrulluuuuurudruullrrdddlrdddrdrdddlldlldrdrrdldul        llulllluuuluururrrrrrrurrurrrrrrrrdddrruu          lulrrruuuludldlrrllllldlluddldllllullllluuuuurdldddlddlllllllddlrdrrdddrrdddlldldruddlldllrrrrruruuuuruuuuuururrrddururrdrddrdddddlddluldrddrrruuullduluuluuruurrurruuurrrrddrrrrurddllldurrrruldddllddduurrrdddlddldlluulllllllluullulllluulllllllllllulldllluddddddluurrrrrrruurrrrrrdrrrrrrruulu dl dl dll uurddrrr r llu ldl rur d lluldll dd dd u ull rr ru uurrdrruu dlulllulddrdr ld uu ldruu rrdrurd uu rdluu u lururddr uuuur llddlluldr uld rrdruuu urdrd r llu urrd d ul ld ulull d u ulu rd druuu l drdrdd ullu l ddl rdddr dr lldddrd ruuuu uul ulur ldld urddddr rrdl rur r ddl ll u r ul drd ulddlu rdlurr uuurul lurddlluuur rd u rrurr r r l uu rd rr l luu dl lldll r lur rdd urd lllurr d ld rul ull lur ll lu u ddrd ruu ur rrdru r r ll dldrr uur dl drrulll lddddrd uu ul u l l rdrdllurul drurdr u rd dl r l rurdl rr l r ll ururu llllurrrdrr lldlddld ll uluur rdr uru lurr drrr u l rrd d dlddrr r lulullluu llldrdldrurd rdddldrru dll uur r luuuuul dldrurdluru d u rrurdl r lu ldldddluuldruu lulll rr lddl dlllul ddrdl uluruu dddddrrru lllldll d l ulldd urdl l uldru ur",
    "outcome": "game-over",
    "score": 412,
    "diamonds_collected": 53,
    "butterflies_killed": 3,
    "streaks": 2,
    "longest_streak": 47,
    "duration_frames": 1200,
    "duration_time": 120,
    "ai_perf": {
        "processed": 1200,
        "init_ms": 7,
        "total_ms": 1566,
        "max_ms": 27,
        "dropped": 0,
        "avg_ms": 1
    }
}
