{
    "cave_source": "generated",
    "seed": 554079237,
    "geometry": {
        "w": 40,
        "h": 22
    },
    "butterflies": 3,
    "ingredients": {
        " ": 25,
        ":": 50,
        "+": 10,
        "O": 10,
        "*": 5
    },
    "cave": [
        "########################################",
        "#:OO:+:::: : :::::::::O :O::: :::+:::O:#",
        "#::   O: O: ::::+ :* :::O:*O*:*::::: O #",
        "#:+*: ::+/ ::: +:+ :: ::*:*: ::+::: :  #",
        "#++::::::   ::::: * +::::::    :*O:*+ O#",
        "# ::  ::::   :+*OO  ::::::+: :O::::::::#",
        "#O::  :*++::::::  :  : :: +:::: :: ::::#",
        "# :::: ::+::O *: ::: ::  +:O  :+: ::::O#",
        "# ::  :: :  :::: ::: :  :: ::::O: ::  O#",
        "#+::::: :::: O:*O :* :::O + :   :O* :::#",
        "#::+:::::+::: :+:+ + ::: :+::*O ::**::*#",
        "#:::+  O* ::: ::::: *: : : O::O: *  O:+#",
        "# :::+*::++*+ ++:: +:: + :::*+::O:: :::#",
        "# ::  O: :+O::O :+::O:: O:::: : :O+  O #",
        "#:::: :+*OO:::: O:::  :::::A :+  O: :++#",
        "# : O:: :O: +: +::*  :+:+: OO+ :::::O: #",
        "#::O  : ::::+ :+:+:++:::: O : :::::::  #",
        "#: :::*: :  + :/ ::/ ::: ::::  :++:OO: #",
        "# ::: : : +:: :  :   : : :OOO:* : ::::*#",
        "#: O:*:O :::++ :: ++:O::+O:::O::O::: : #",
        "# ::+   ::  O ::: *::::: ::: OOO:::OO :#",
        "########################################"
    ],
    "controller": "script",
    "script": "599556ce3cc1d6947da0b88f/solution.js",
    "limit_frames": 1200,
    "limit_time": 120,
    "interval": 100,
    "fps": 10,
    "commands": "ulululllluddlulldddldlrullldldrlddrluuuruurruurruuruuuuuu   lurdrrddddddddrddluduululluuuudllluddldddrrdddllllrddddrrrurdlllluuuuu       rdurruulllllluulululluudddrlllldrrrurrrruuulludlrrlldddrddlllluluuuuururdrrrrrrrrlllrrrrrrrrurrrrrdrrrluururrrddrdrddlluuluruullld                   drldldlddddrddrdduuluuurrdrddrluuuuulurrrrrdrruuuulllllrrrrrdddrlddllrrrurudlllddlllldrrrdrrururudddrllulllllllullldddrddrrrrruuddlu dlldrullluldrddrlururrrrluurrrrrddduuuurrrllldddddldllllddrrrdrrrrrllllulllllullllulluulllulluuddddlurrrrrrdddllldddllllullululddrdrruluullllllllldddruruuruuuuuuulldlrduurrurrdrdduurururrruuurrrrrru         r rddddduldlddrdrdldrrdrdddrld lld d ul r ur ruurd ld luul lddl l d urrrruru rdldlu u d dl ll ld dll ulld lldrdl rur ul rrruluul rull l u dldlu llddlll u urrr r urd dd ddll rd ll l rdl lur u ulurul llld rrrurddlldrr ur lluu ldd rddd u ll ur uld urr ulu ddrdr uuuu r lu dlul ururr u r rr dru lurdd rrdd d lururr uldruur ruldrrr lldrru rrrd d ld ururrurddl dl ll d rrruulu rr rrdr ld u uuurull uuur l dddd druld drrulldruu uul dldddddlu lll dll uld lld ruldr urdruullddldld uul d ul uu ddluldrrrr rrrrrull d ll dlurrr l urr rdrrdru lu uu luuru r l ldl u ulldd d uulldrrdl dd d",
    "outcome": "game-over",
    "score": 269,
    "diamonds_collected": 58,
    "butterflies_killed": 3,
    "streaks": 3,
    "longest_streak": 30,
    "duration_frames": 1200,
    "duration_time": 120,
    "ai_perf": {
        "processed": 1200,
        "init_ms": 7,
        "total_ms": 1988,
        "max_ms": 28,
        "dropped": 0,
        "avg_ms": 2
    }
}
