{
    "cave_source": "generated",
    "seed": 807644372,
    "geometry": {
        "w": 40,
        "h": 22
    },
    "butterflies": 3,
    "ingredients": {
        " ": 25,
        ":": 50,
        "+": 10,
        "O": 10,
        "*": 5
    },
    "cave": [
        "########################################",
        "#:  O ::+: ::: :::O: :::: :+  O::::O:::#",
        "#    ::::+* :: ::+*:+:O/ +: : : :O::+:+#",
        "#+ :+ :::: :::+::*:O        ::::++ O:*+#",
        "#::*  O::++  + +: :O+:::+::: :::O:::  :#",
        "#::O:*:+ :::  * : +  : ::++: ::::O:: ::#",
        "#  +** :  :OO:O: :O*::::*+ : ::+:: :: :#",
        "#::*: :O+::::::: +*:+::** :  +: +O:: O:#",
        "#:::::O *: +:* : O:  :+ :::   :::::*:::#",
        "#::: OOO:O+::+ :::O::::: ::+:+O::+:::  #",
        "#*+:: + :+:*+: ++  *+:O::+   :O:  :: ::#",
        "#:O:O::+O::::::::O:+O:: :*+ :+: : ++* :#",
        "# :   O:+:: :  +:O: :/ ::: :::  ::O:: :#",
        "#:: :O  :  + : :: :    ::::+ +:+ :*+:: #",
        "#++ :::O+:* ::: ::::::+::*:+: O+O::+:::#",
        "# ::*:::::   ::::*+::+: +:::::*+:  :*: #",
        "#O::+*:+ :+:: +A:::::+ : O ++ : :O: / O#",
        "#::O:::O *:::O:::++:+ : :::  :: : O*  O#",
        "#: O+:::::::: :   :: :::::  O::::    O:#",
        "#*: + :*OO::*:: ::+ :::    :+   O: +*O #",
        "#:+:* : O ::O* :  :: :::O:O : ::::+ : :#",
        "########################################"
    ],
    "controller": "script",
    "script": "599556ce3cc1d6947da0b88f/solution.js",
    "limit_frames": 1200,
    "limit_time": 120,
    "interval": 100,
    "fps": 10,
    "commands": "uuuluuludlllurururrrruurluruurrudrrddddddrrddrdrdlurrrrrrrrdrduu             ulruruudrruuuurrudddddldddlllluurlllu                                  ulllllllddddluuuuurluuulldduld ",
    "outcome": "game-over",
    "score": 11,
    "diamonds_collected": 1,
    "butterflies_killed": 1,
    "streaks": 0,
    "longest_streak": 0,
    "duration_frames": 179,
    "duration_time": 17.9,
    "ai_perf": {
        "processed": 179,
        "init_ms": 7,
        "total_ms": 414,
        "max_ms": 18,
        "dropped": 0,
        "avg_ms": 2
    }
}
