{
    "cave_source": "generated",
    "seed": 87289870,
    "geometry": {
        "w": 40,
        "h": 22
    },
    "butterflies": 3,
    "ingredients": {
        " ": 25,
        ":": 50,
        "+": 10,
        "O": 10,
        "*": 5
    },
    "cave": [
        "########################################",
        "# :+ +O: :+O :OOA::::::+: +:O   :: : ::#",
        "#:: : : O:::+O:::O:+ :  O:O:::  :: ::++#",
        "#:: ++::  :++O::+ :: *OO   :: :*::::O+ #",
        "#::::O: O: + :+ :::::  : ::::: ::: :: :#",
        "#+O +  :*:O : *  O :::O: O :+:   +:: ::#",
        "#:O  * OO O:::*::*:: :::O:O  +O :O::+: #",
        "#:OO  O:*:::::::: O:+::O O:O::  +: +:*:#",
        "#:: :O :+::::*: +O:::O+:::::: :::: :++:#",
        "#: ::::O::: *O  :O:: * :OO::: :+ ++:+::#",
        "# : : :::: :+  +: :O :::+:O::::  O +: +#",
        "#::::: ::+::OO::O::::O ++: +::O :::*: :#",
        "#:*:+ :: +:+  O + : ::+::O: :::::::O*:+#",
        "#  +:  : +  ::*::: : O : : +  :: : +: :#",
        "#:O +: :O:O* :*  :  :: :: ::: *:::: :: #",
        "#:    +: +*::O+:*::  +:O:::+ : O: +:/ :#",
        "#:* : :::: :/   O:+:+: ::+*O +: :: :  *#",
        "#   :+:O: ::  :O +O*:::: ::+::: :+:::OO#",
        "# :+ :::: :+ O::::: :O/ : :::+:*:*O:::*#",
        "#  +::+: +*   ::++:  :  +:*O:O: :+:::::#",
        "#O:+:+:::+: *++::::O :::: : O  ::: :: :#",
        "########################################"
    ],
    "controller": "script",
    "script": "599626a13cc1d6947da0b8b2/solution.js",
    "limit_frames": 1200,
    "limit_time": 120,
    "interval": 100,
    "fps": 10,
    "commands": "dlddddrrlrrrrrrrururrdrdrdrddddddddrddddrlllllluuruullddudrdddlrllllluuuluulldlruullllllrdudddulllddrdudrrllrluulldlluulllldduuuuuuuuurrrrdddluluuruurrrruudllulddddddddruuururrrrrdruuuulurrldddrlllllldrrrrrddrduluuurururrrddllq",
    "outcome": "quit",
    "score": 68,
    "diamonds_collected": 21,
    "butterflies_killed": 0,
    "streaks": 2,
    "longest_streak": 13,
    "duration_frames": 227,
    "duration_time": 22.7,
    "ai_perf": {
        "processed": 227,
        "init_ms": 6,
        "total_ms": 116,
        "max_ms": 5,
        "dropped": 0,
        "avg_ms": 1
    }
}
