{
    "cave_source": "generated",
    "seed": 1010559526,
    "geometry": {
        "w": 40,
        "h": 22
    },
    "butterflies": 3,
    "ingredients": {
        " ": 25,
        ":": 50,
        "+": 10,
        "O": 10,
        "*": 5
    },
    "cave": [
        "########################################",
        "#:  ::: +:+: +:O  ::O::::O::O ::::*::::#",
        "#:*:::  O::: :O::O*O::: :: O: * +:*::: #",
        "# :::  ::*O:+O: +O: ::: *  **:*   :: O #",
        "#*: : : +:+:::++:: O::  : +: O+:O*:::O #",
        "#+*::+:  :   :O: :: ::+  :  +O+ :O:::::#",
        "#:OO ::::O O :A  :::::  +::::::: + :O  #",
        "# ::O+:/ :O:+:::O:  ::::O::+  :::::::::#",
        "# : : :  O+:/ ::::::O:::+:   ::O:+ O ::#",
        "#+:+: + : O       : :O: +*::: :O:::::++#",
        "#:* O :+:::: :+:++: :: :+*::: ::::: ::+#",
        "# :  O::O::*:::+::O:+:  :*: :+::+::::/ #",
        "#O ::  *O+:+::*:*O :*:::  *:::O* :  :  #",
        "#:  ::O +:::: :  +::: ::+  :::::: ::  :#",
        "#O::: :: :::O+ OO::   :   :*::::::::::+#",
        "#::+:OO::+::*:*+: ::::O: O:O+ O:+:O:O +#",
        "#: :: :+ :O:::*O:::::   :O*::+:: +**OO:#",
        "#:  : :: O:O:   :::: :: O :::::O*   *:+#",
        "#O : : +  :::: O:: :::: : :: + : O:: +:#",
        "# +:O ::+ :O*:::O+: :::   * OO :O:: :::#",
        "#::: :O:+OO:::::::O:+: O:* : +++: + :: #",
        "########################################"
    ],
    "controller": "script",
    "script": "59957e743cc1d6947da0b894/solution.js",
    "limit_frames": 1200,
    "limit_time": 120,
    "interval": 100,
    "fps": 10,
    "commands": " drduuduurlr rruurrdrddlrddrddlllldlldlllldlluululuuuulldruurlrrrdlrrdddddrrrdrrurrrddrrrrurrrrdrruluurrdrurrddrurdruulurddrddllllddrlddlllduuluurrdrrdddr lllulullrulluulllrdlddluuuuuuuuuuuluurrrrdurrrrrduruuddddddddddddrrrlllullllllllddllddldddrrdr rulllluuuullulluullruuruuudddldlldlldddlddrddlluuuuluulrruuuurrrrrrrdddddrrdduulluuuuuuulddlllllllddldululluuddrrdrdulullddd dlllulluuurrruuruullullulruudrrrrrrrddrrrdrrrrrdr dldlu  dl lulu ru  druludduud ludu lrrlrrr ldrurdllu l ludllduurdr ul  luuurlrl dldu  dulldu dlduuudlrlu d rllludlr rddlr ludldr lruduu rd  lr luuddullrrruudlrullrduddurrudul   d d luurrdurlllrrdudru dlul rdldrdrur lur dudululll llr   rrdu rrdr du rldu dl dlrd ldurl  ru uuld rurru dlr rdrllulrlludddld dduuur uud u ullrdd u udld drl rd dlrudllr   ruu rd u lu druldd  rlu rld  rduduuudur ru dludrud ud  uud lrr druur   lrd lllll  d uu ll dddurluru rdul  d ru dr  d  u   l rll l d r r urdrdulrlrrurl llr u  d llullrldrdu ddlrru rll d r lrl lrduulr rlrllrl r duul  rlru llr  rll rr r   d   dlrudlrudlduu lurldrl  duddldu lldr udlrrl u lruddrlrll ruludrrll rr r  ll rdduulldr  lr ruluu rududllul du    d u drlud dudurlrrlrlrur rdu r lr rd l  uldlrlrdudrddulu r u ludld  ldd    u",
    "outcome": "game-over",
    "score": 591,
    "diamonds_collected": 62,
    "butterflies_killed": 3,
    "streaks": 1,
    "longest_streak": 61,
    "duration_frames": 1200,
    "duration_time": 120,
    "ai_perf": {
        "processed": 1199,
        "init_ms": 8,
        "total_ms": 16608,
        "max_ms": 86,
        "dropped": 1,
        "avg_ms": 14
    }
}
