{
    "cave_source": "generated",
    "seed": 130052943,
    "geometry": {
        "w": 40,
        "h": 22
    },
    "butterflies": 3,
    "ingredients": {
        " ": 25,
        ":": 50,
        "+": 10,
        "O": 10,
        "*": 5
    },
    "cave": [
        "########################################",
        "#O   *::::: : ::::::+ : +::+ *+:: O  : #",
        "#::: O:+:: : ::/ ::::O::::::::+:::  : O#",
        "#::*: O :*++ ::  O:*O::: :+*::OO*+::::*#",
        "#::O:  ++ :::A :O +::  : +:O:  ::OO/  :#",
        "#+:::+ :O:::+:+ : :* :  ::: :::  :O  : #",
        "#*::::: : :   :  ::O+:: :::: :::::::  O#",
        "#::O:::  ::+:OOO:*O: : O:: ::/ ::: :O::#",
        "#::::: ::*:::++  ::+:+:  : +:  ::O::O::#",
        "#::O:*+::+::::::: : :  + ::::: :::O:  :#",
        "#* **:::* O: :::   +:++ O+:*:+ :+ + * :#",
        "#* : :+   + O:OOO+*:O: *:::::: +*:::::+#",
        "#:  +::O  ::  :: ::+*:+   ++ ::: +:: +:#",
        "# *  *:  : O::::: O:+::+   O:::  ::O:: #",
        "# :  : : ::  O: O :: +:++:::+ :+ +:::OO#",
        "#:::::::+:::+ +: :: :::  : :O::+: + *::#",
        "# :+:::O :::+:: ::  *:O:: :::  :+:* + :#",
        "#*O *::+::O:  ::::O::+* O::::: : :::O::#",
        "#: : : +::+O:O+ O:   ::::: ::    +::OO:#",
        "#  +:+O *::O: :*::O:O :O:::*:OO: :+:  :#",
        "#:*:*O : O:+::O :+:   ::O: ::OO:+: +:: #",
        "########################################"
    ],
    "controller": "script",
    "script": "59957e743cc1d6947da0b894/solution.js",
    "limit_frames": 1200,
    "limit_time": 120,
    "interval": 100,
    "fps": 10,
    "commands": " durr rluurllrrrrddld dddddrrurrrdrrrdrddrrluurrd duddddrruuruuuuuuddr dddlllluruurrruurrldldddlddddrldrdulllduuluulrurruurrrrruuurrrudllldddrrulddlddrdddddldlldldlllldlruruuuuuuluuuuuuuulrruuuldllldldllllluddldldlllddlldlllldddduuuuuuuruuudddldllldlddlddrdddddddllluuuuuuurrrdddddrrdrrduuuuruuluuuurrrrurrrurldlldddddrrdddddduuuurrrrrddrruruurruulululldlrduulllulllllllllldldlldllduluuluuuuuruuurrudlldddlddddddddddddddru ul uuduu  ddrrd ruudllrd  rl luu dlrul drrduluuudrrlu u rrl druddrlulrrulddldrullld   urudl dld ruldurd u  uddr du r uduurrlld rl dr ludrr u luurrddl  dl udlll ulduu    r  udurdr urddrruuu  ududllrlrrd u ru dd ulr   dlr lurlurduurlurlrlrdld dd ld  l  rudldl rudu rluduru  udrlddl uurlldurd rdu  rrddudrll rruldruu  uruudr lu  ud ru  ll udlruur r dlurdrrur uuddu rld dulul rd dd r rl rrllrl l llll uulllr ruurud  u lr ul rd ld urlddu ldrru llud  l  u  d d uu dl ddru  durl dur drlrr  lr rddd udd udrr rrdddddluldlluduu   dlulr d ru dull du r r d ullrrlu ududrlrr   ruu ld rddurru u drdrrr udududu  dr   lr ddrrrlduul rrr rdu l   r  rldr uddl uduullllllrrr dru llrrr dlrlrurduldrlrurdd uurr drd urlddrl llud  lull lr rldul rulrl d  urlrlu  rrrulu  rll  uur ru  uulru lu dlu lulud",
    "outcome": "game-over",
    "score": 592,
    "diamonds_collected": 63,
    "butterflies_killed": 3,
    "streaks": 1,
    "longest_streak": 61,
    "duration_frames": 1200,
    "duration_time": 120,
    "ai_perf": {
        "processed": 1199,
        "init_ms": 8,
        "total_ms": 13864,
        "max_ms": 85,
        "dropped": 1,
        "avg_ms": 12
    }
}
