{
    "cave_source": "generated",
    "seed": 2456400543,
    "geometry": {
        "w": 40,
        "h": 22
    },
    "butterflies": 3,
    "ingredients": {
        " ": 25,
        ":": 50,
        "+": 10,
        "O": 10,
        "*": 5
    },
    "cave": [
        "########################################",
        "#OOO:O:+O :O: : O: : : +  +:+: ::::::::#",
        "#:O::+ :O::::: ::*+:::  +:::O *+::+:  O#",
        "# O:: ::  O::: :+:: O:*   :*: *+  *:+::#",
        "#*O:++:: O::*+:: ::::::* :: :  ::+++  :#",
        "#O::::::::+:+ :O:::::O+::+*:OO  ::+ :  #",
        "# :   :O+: :::::+::: +:::::+: *:+  O+::#",
        "#::+::  *::O:O:::::+:   :::+:+:+::+: ::#",
        "#:::::  :::++:::+/   : : :::::: : :::O:#",
        "# ::: :O  O::*:      :+++::::*:::*::O::#",
        "# */  : :: O::::: :*::: ::::: :O+O:O:: #",
        "#:   :::+    : :*+*O+:::+   : +::::+ *O#",
        "#+ ::+:::O:: : ::::: +:: :  :::OO +O O #",
        "#::: ::+ :OO::O++:+:::O: *:+ O: :+O +++#",
        "# ::+:::::: :::+ : :: O ::::: ::O::::+ #",
        "#:  ::: :: :  : : +::+ :  :::OO: : :O::#",
        "#:: ::O::: ::: * O++::: :++:A::*::* :::#",
        "# :::O:O+::O:: :  ::: O:::: ::/ :*::O:O#",
        "#O+: ::+:: :*:: :::::O::  *:::   ::    #",
        "#+ :O OO + +  ::   ::::+:O:O:: ::   :: #",
        "# :::::::::++  ::OO  *:   O::O+::O+O+::#",
        "########################################"
    ],
    "controller": "script",
    "script": "59957e743cc1d6947da0b894/solution.js",
    "limit_frames": 1200,
    "limit_time": 120,
    "interval": 100,
    "fps": 10,
    "commands": " luluuulllluluuullruuuuldllddlldldddlluulludrdrddddrddlllrrllrlllrddrrrrrdrrullrllulllrrururrrdddlluduulllrrrddrrrrrruurrrddrurrrrrlrdudlullldduuluuulrluuululuuuluuurrldlddr rdrrrddruuullulldllllllllulllllddlll rullldrdldrlduulrr r urluuduurr rdrdurdurrrdrrrrrrrrllllluuuuullldlrddddddddrrlllldddddrdrdddlululuurrrrururuuruuruulldlllllllulllrdulllddllldduuuuuuul      rdrrrrurrurrrrurrdrrrrrrrrrrrrrrrrrrurrrurrdddrddddddlldurruuuullldlldullluuululllddddlddddldddddluluurruurudldddddduuuuurllluuluulrddrdddddldrrrdrdldllllluullldurrrurrrrrrdrrrrrrrururluullluluu uulrldrldr lduddr  lu lud rruududd d u   rr urrl   rl lrrl rrllrudl luduuddd lrllu dlr rl ldddd ld dudlruudrur lduuduru ldr   ddr llrrl luur lllrlrr ulludd u  r rrldrdu ulr ldld d u ull ulldudduludud dr drrllru lddr urdurr dlrl urldr uru r ullu ddddlurdulld r  duludud lul  urdlrlududd r lr llur ulldrudrdr  llullr l  llllldlduuu rluu lu ruud lr dllrl r l udrldurrl lu  d uldrr rd dd lrd uul l dl duu  dldduudru ldud duu lll   ul rudrrrlru r r rduduul ld duudddr u rlludld rdlr rll ululuu  ddrludrlll lrl dlldludrddl dudl  rur l   ruuddd l u   rdr rr  rrulrdr rl    lr   l ullr  ruru rdr l rl uudurl dd  rr udulllrdu  ruuurlr  dlruddldul",
    "outcome": "game-over",
    "score": 283,
    "diamonds_collected": 51,
    "butterflies_killed": 3,
    "streaks": 2,
    "longest_streak": 30,
    "duration_frames": 1200,
    "duration_time": 120,
    "ai_perf": {
        "processed": 1199,
        "init_ms": 8,
        "total_ms": 18376,
        "max_ms": 83,
        "dropped": 1,
        "avg_ms": 15
    }
}
