{
    "cave_source": "generated",
    "seed": 2578140513,
    "geometry": {
        "w": 40,
        "h": 22
    },
    "butterflies": 3,
    "ingredients": {
        " ": 25,
        ":": 50,
        "+": 10,
        "O": 10,
        "*": 5
    },
    "cave": [
        "########################################",
        "#+::O :::O+:: : :+::O ::O+::O:::::   ::#",
        "#:+  ::+: O :*::O : ::: :::AO::O::  :::#",
        "#::+ :O:*:+++::O::++OO: :  ::::: :O  :*#",
        "#::*:::*O::O O:: +:: :+:O:::: : :: :+  #",
        "#::O:+: ::::::::::: :::   ::::::* ::+: #",
        "#/ *  :*: :  OO :  :     +:::::+:::::::#",
        "#  ::::+:::*+ O  +  :: :::*: ::+:+ : ::#",
        "#:  ::  :  :+:: : :*::O :O   *+: : +:::#",
        "#  + *  *:O ::::*+O:*:::::::*: ::+O:+::#",
        "#  :  +:  ::+::+: :O+: ::::++:::::O:O+ #",
        "#O +O:::*O O: : :O : :*:::: O+:+ : + ::#",
        "#   *+:+:::+*:+ : ::+O:O:+:: : ::O:*+: #",
        "#: O:O  :OO:::+: O:O: *::::::: O::O+:*:#",
        "#+::O: : :/  +::  :: :O*:::::: ::: :+*:#",
        "#:::::::    ::::+:: ::: * ::+O+: O:+:+:#",
        "# :: :::+::*:+: +* O:::O:: ::O+:*: OO*:#",
        "#++: *::++  :*:: : O: O: : *:+:+:  +:  #",
        "#O+O :::  O:O :::  +::: ::::*: + O: :O #",
        "#:: :+/ :: ::  O:::*  O: ::::  :++  +::#",
        "#+:  :   :+:OO: :::: : :*:O*:: + :::::*#",
        "########################################"
    ],
    "controller": "script",
    "script": "59957e743cc1d6947da0b894/solution.js",
    "limit_frames": 1200,
    "limit_time": 120,
    "interval": 100,
    "fps": 10,
    "commands": " lldllddllddddddlldldllldldl luuruuurdluullulldlldullululrudddrrrddlddddrrlddllrrduuuuudurdldluuuuluulldldlrddddrrllurrrruuurrurrdurrdddddddrddrrrrrrrruullluldlllldullldllulldddrulduuuuuulluulluuuuuurrrrruuurrdrrdrrruluuddrddrdrddurrrdddrrrldrdrddrdddddrurrduuudrluuuurrrrdrduururur   luuuuuuulllldlddldullrrurururrrruurrrdrddddddddlddrddddddluruluru lrudu dl ddduul r rd uduudd   llllrruu ddl ludludrl u l  ru rr lrlduddr  rrduu d urdu duududulrd   uudlr lddllrrul ull u ludull rrurudl llru dr urr   lr  lduud dul ul  dd udrullludldr   ld  u l  r l  lldlr ulrdldd lddrul uu urlrudl lurrdu ruur    r    lr dldl u ul uuruul  rdu   llllru  uru u  drd  rrulllrduulr urrul   dl  dd uul rru d  ldurldd u urllr dl ud ludlrddd u udld rdur  urll uuudrull  u rdrdlru rll r drrdrluldruuu  dd ud ul r ur  lrrrdrdr ld udlur uurlrd  dr lldd lrrudlulrulll llurrd uu lrrdu rddlu lu lrdludududrldrd rurr  d  rd ll  d uudruuudr l rlluurlrrr  ldrlud lrrd rr ldur rd llllud   rl  dr dddrllr r   ruduuu uu l dr ud u ru drl rrdrluuud ur dllul lrl lr rlddludruduulrddldu rd rull  lrlr  r rulld  duuurdduudrluld uld uddldlu dr rdulrl l urudur  lrrdlurdrlldllrrud dudd rlu dud uluu uududrdu ulrlrrdlurdr duldlrrud lrl rllluu",
    "outcome": "game-over",
    "score": 592,
    "diamonds_collected": 63,
    "butterflies_killed": 3,
    "streaks": 1,
    "longest_streak": 63,
    "duration_frames": 1200,
    "duration_time": 120,
    "ai_perf": {
        "processed": 1199,
        "init_ms": 8,
        "total_ms": 11040,
        "max_ms": 96,
        "dropped": 1,
        "avg_ms": 9
    }
}
