{
    "cave_source": "generated",
    "seed": 3449802441,
    "geometry": {
        "w": 40,
        "h": 22
    },
    "butterflies": 3,
    "ingredients": {
        " ": 25,
        ":": 50,
        "+": 10,
        "O": 10,
        "*": 5
    },
    "cave": [
        "########################################",
        "# ::: +::  :*:::*:::* :: *:::::+:+::: :#",
        "#   + : :O:*:::O O  :*:::O:++ ::: +*O+:#",
        "#:OO::::::O : :::+:::+ *O:+:O::   *: ::#",
        "#: : O::/ *O*O:*:::  +:+:*:: ::: OO  : #",
        "#*O::::+  :+ ::  ::O:: : :::: ::O::: ::#",
        "#:*O*:O+:: O: :::+:*   O++ :::O+::: O::#",
        "# :OO:*:O*::: O :+:++:  O:OO OO:O:+::O:#",
        "#:: :+O:+O:* +::: OO+:::  : ::   +::: :#",
        "# : ::::: ::::+:++ : :+::::::::O:::: ::#",
        "#: ::+ A: :::O : :+:+:  +  * O::*O ::  #",
        "# :+++  : :O:::::  :: : O: ::O++O:  :OO#",
        "#:  :::O: * :/ : :::::+::: O:+: :::::::#",
        "#OO : :::::::   :+::+:::::  : :   ::O::#",
        "#O*:  O:+::+ OO :: ::+O :::  :::*+:::::#",
        "#::  :   :::::   : :O:::::: : +::+:::+ #",
        "# + :::+::O O++*+::   O:: O+*+:  O+:++:#",
        "#   :+::: :::::::* :::  : : :: :::::::*#",
        "#: : :  :::*+:O: +:::: :::+:::::: :O:::#",
        "#:::*   ::+::::::  :::O:+::: :/ :O:*::O#",
        "#+::::O : :O::*   : *:O  :*:O   ::::+ O#",
        "########################################"
    ],
    "controller": "script",
    "script": "59957e743cc1d6947da0b894/solution.js",
    "limit_frames": 1200,
    "limit_time": 120,
    "interval": 100,
    "fps": 10,
    "commands": " r rrdrrr rrddrduuuluuuulullldllurlluuduurddruluurrdrrrddddrdddrrddrdrddrrddrrdrrdrrurrrullllldl u uduuldduulldddllululurlluuduululuruuruulrurrlllluddddddruuullulrrddddldddddrrrrdrrrrrrrrrdrdrdllruulllllllllluullulluuullld uulruldrdrrrddddllddddrruullururuuuullluluuurrdullllllulldulludddddddrrddlrddddrdrrrururrrrrdddrruuuuulrdddddrrrrruuurrrrrrrrrrruruuuruurullrruuruuuuuudlllllllldlldllluurlululrrrrrllllllllldullllrrdddrdrrrdrrrrdrdrdrdr         rddddrdddlddldururrurrrrrrrrrllddlld r luuu  ddrlrlurllrd rrruldr r llrru uu udd   dd ll rrulrlrdud ulllld    rl  ru uddud rrru ulrud ddul rduu dlurudlldrruddludulll lulldudlr ddlrrrluu r  rulr  rl rrddlrurulr ld d l r  ur u ruddd lruu lru u   ullrrd duud    ud ddddud   ul   du dud  rududlrl rulud r dlr  lr  ludu rdl ll llrrl luluu dur ld uul ru l dd rlrld uruuul  d d r   d  llddrdu ruddrlrlrlu uur lll rld dl rruul dldud rudrrl rrld ulrdulrud r dl lrduurllud  rrrrll rurrddlu dludrrud  lrluldrr l rrr ludul lurr rd uddlll  rrrl ru d lrlududurudlurlruddld rl   lurdu druu dlllrd lu l urdrrdu dulr d r udu lr  dudlr lulllurldduud r  rdrruu  udd lr llduurdll uu  d   r   luurlddrrll ldduurdurrrudud  dd u du uldur ll  luudddlduldru lllullludu ud d d",
    "outcome": "game-over",
    "score": 473,
    "diamonds_collected": 61,
    "butterflies_killed": 3,
    "streaks": 2,
    "longest_streak": 53,
    "duration_frames": 1200,
    "duration_time": 120,
    "ai_perf": {
        "processed": 1199,
        "init_ms": 8,
        "total_ms": 13526,
        "max_ms": 95,
        "dropped": 1,
        "avg_ms": 11
    }
}
