{
    "cave_source": "generated",
    "seed": 4254894498,
    "geometry": {
        "w": 40,
        "h": 22
    },
    "butterflies": 3,
    "ingredients": {
        " ": 25,
        ":": 50,
        "+": 10,
        "O": 10,
        "*": 5
    },
    "cave": [
        "########################################",
        "#:*: :: +:OOO :   : ::  + *OO:O :  :: :#",
        "#::::O::    : : : :: :: : :*::*O::O*:  #",
        "#:: :::::O  :: O+:::: :+::::::+ :::::  #",
        "#: O::::::O *:*O:O   +: :::::::+:::: O:#",
        "# : :+:: :O   :: :::: * O ::::+:O O:O:+#",
        "#*+ :* O:::::O++ O:O  +::: O+:O::+ :AO:#",
        "#O*:: O:OO: ::O:   O:*:::: ::::*  :: +:#",
        "# OO O::  *::/  O:::O:*  :: +: O:+::  +#",
        "# :  ::  O:+:  +:O  *O  : :*:  :::::O+ #",
        "#: +::::::::::O:: +:++ O::O:  + :+:::::#",
        "#:+::**:+:::::+::+ ::  :::::::O :+:: ::#",
        "#+:+ ::++:+O+:   ::O::+O+ *  :  : :   :#",
        "#:+  ::::: :O:::: +  :::::::O: :: +:::O#",
        "#: +O:+ ++:/ :+O:: *:::: O: ::: :: :: :#",
        "#*:: +  :::  O++::O : : :+:: O:::+ O: O#",
        "# ::+: ::: ::: :: :++:  :+  O+::  : +::#",
        "#::: : ::::   ::O:    :: :::O::::: + * #",
        "#   ::: :::O::: * ::::::+/ :+ :: : ::O #",
        "#::: O:: :O::: :: ::O O:   ::OO:++::  :#",
        "#:: O:: O:*::::+:*::::: :*+:O*  : : :+:#",
        "########################################"
    ],
    "controller": "script",
    "script": "59957e743cc1d6947da0b894/solution.js",
    "limit_frames": 1200,
    "limit_time": 120,
    "interval": 100,
    "fps": 10,
    "commands": "lddldllllluulllllluulllllddldllu lllldldddlddllddrdruruudurrdrurrrdrddddrrrrrrurrluuluurrdrdddlddl ulrllurrrddlulluuulllrrddddurrrrddllllllllluullullllllrrruudldllrdddrluulllllllluuddrrrrruuuruuluuluulurllullduuuruuuurrrrrdrrrrdrddrddrddllurdruluuurudrrdrrrrrdddllddrrrrrrdrrrrruruuuurrrruuuuuullllldlllluddddddddrdddddldddddrrrdrluurrrrrrrrrdl      rlrdulul ududu dlldrdu lurrudu  rrudllr l rl rud l  rddruu ldr dulrd lul  lld uul udrl ldrr  lrududddrl  lrl rlrrlr  lrr     lll rru   udrrrudlrlrlu rd lurdlrlr llrr lurlur d l rlu ldru  ud  rdu dulruul d dru lrddlu u dl drdlr lrr uld  rlrlu d  ru u u dll d rd ud l   u  lrud rd ur  uduulr ud dll ddlu drld lrlurulullr d lld      ull rr urrrd rdrrlrudluu    rrudu lr udldlrdlll ddurudlurdul rddlllr  l  rlrlrrlrlrrl rudurrud rud llrrud lrl ruulldrdl lu   l du u udul lllru ull   u drdu rulurlud rl lr ur  dudluldu  rd  druul ll rrrlrrdll ur   r dluu r lr d lruuu ll d l ddrllru llrrud dl  drdur r d d llud ur lld dllud urldr urlruuud uulurrldlrlrrur u  lrrdddru lddd  r lrur ruurd dl rrulurdddldr drd duulrrul lrdluurrl l dul dll ld u rlll d u rlduduud ulurrldruudrrdduldduurul lrdrlurdu d urldulrlu dud rdu  ll rr ldddullud lrr du ududdlrruulldluu d",
    "outcome": "game-over",
    "score": 464,
    "diamonds_collected": 55,
    "butterflies_killed": 3,
    "streaks": 1,
    "longest_streak": 54,
    "duration_frames": 1200,
    "duration_time": 120,
    "ai_perf": {
        "processed": 1200,
        "init_ms": 8,
        "total_ms": 10784,
        "max_ms": 74,
        "dropped": 0,
        "avg_ms": 9
    }
}
