{
    "cave_source": "generated",
    "seed": 660888768,
    "geometry": {
        "w": 40,
        "h": 22
    },
    "butterflies": 3,
    "ingredients": {
        " ": 25,
        ":": 50,
        "+": 10,
        "O": 10,
        "*": 5
    },
    "cave": [
        "########################################",
        "#*: + :O: ::::*::+:+::+: ::  ::+:+:   :#",
        "#::: ::*: O:++::::+  +: : :::O * ::*: +#",
        "#OO*+ ::O:O ::+OO O   O+::::+:+:O:  :::#",
        "#:/ : ::    ::OO+::   :+:::OO::::O::/ :#",
        "#:  :::O::   : :O  : :: :*+:::+:O::   :#",
        "#O:: :* ::  :O::+:::*:: +:+:::::*:: O::#",
        "#:::::+:: : : :A:OO :+::::: ::::::: ::+#",
        "#::O: *+::+:*  : : : ::*:: :  : +:::* *#",
        "#O:*::+* ::* ::::: O: O*O:O::::::  ::::#",
        "#O::O::: ::* :/ :: O::+:O::+: +::  * ::#",
        "#: +O:::::::O:  +:*:: O : :O  O : ::: :#",
        "#:: :O: *:O:::: O:+:O::: :::++  +:*:+:+#",
        "#  :: O  ::  O:+O  O::O:*O::: ++::O+:O:#",
        "#+  :O   :    +*  :::: : :+O: :+:::O:  #",
        "#::   : ::  :: : ::  :*: *:*: +OO: +*O:#",
        "#*::+  O:OO:+* ::::+::*:::   ::O::: :::#",
        "#:::    : :* O :  :+:: :: O*+    : +O::#",
        "# +*:+ O : *:O::*::O ::: ::O:O+::** :+ #",
        "# * : :*: :+  ::*:*:: ::*:::::: ::::++*#",
        "#:::: :+ O:*  :O:O:: : ::+:+*: : :+ : :#",
        "########################################"
    ],
    "controller": "script",
    "script": "59957e743cc1d6947da0b894/solution.js",
    "limit_frames": 1200,
    "limit_time": 120,
    "interval": 100,
    "fps": 10,
    "commands": " lrddldlrrrrllldddllluuluuldddurruulrruurrrrrruruurldrrrddrrrrrrrrrurrruuulull drddlullddlldllllldllulllllullllulllllllurldu rruulllllrur dddddddluurrrrrlddddlddr luulululluddrddddrrrddurrurrrdrdddrddrrrudlddllldlddrluuruuluddddllllllllluuururrrurrrrrrdddduuurrrddlurrrrrurrurrrrdulllldlldlddldrruuuurrurrrrdrrdrdluulluuuuluuuurrrrrrrrrrrrdrrrlllullulldddrruurrdddlddlddrddddrddrrrudlllulluururrudlldllldddlllullllululululuuluulluuuuuuuuullludrrrdrrrrddrrr      rlldlddllr dr lluu  ud llrld udu dlul l lrl dl r    d  rlddrullululruuru  u l ur l rduldddd lllurluu dud  rdlrrlrrddduuuurr  dd  l d udllr udldddd llrl ldu rr u  rulurd uudurrdddludlrl d uddrdrlrd rd dlu  rdd rudl duuduuddll r   u udrlr l  uddu u r ldl  ru  dllududrrurlr  ldurl   dr  rlrrllrldl    ul l  uud  llr rlud ud ulldl rl lrl  drl  llld rddl urlurduu  lrlr rru rl durdluuud uulrrdldlu urud  u lll   r rduu l u dd rl  drlddrur ldu d ddruuurldlrurl dur drlrrd ur ud rururrld d rdlrldu rdrudl urdrludul  rudrrl   drruddulr u  d    dddrru  ull uuuulllrld d lu rr ul druurdl rdlrld u d rdd d u  ruuulu drluu rl  r lludrldrr  udduu llududul ld lr uud lurlrdlrrl rrd url l u    lduddur rddldrludu  durldu rlrud dudru r rr llud rurl rd l",
    "outcome": "game-over",
    "score": 667,
    "diamonds_collected": 71,
    "butterflies_killed": 3,
    "streaks": 1,
    "longest_streak": 67,
    "duration_frames": 1200,
    "duration_time": 120,
    "ai_perf": {
        "processed": 1199,
        "init_ms": 8,
        "total_ms": 17084,
        "max_ms": 79,
        "dropped": 1,
        "avg_ms": 14
    }
}
