{
    "cave_source": "generated",
    "seed": 928333886,
    "geometry": {
        "w": 40,
        "h": 22
    },
    "butterflies": 3,
    "ingredients": {
        " ": 25,
        ":": 50,
        "+": 10,
        "O": 10,
        "*": 5
    },
    "cave": [
        "########################################",
        "# O:: ::: :: +/ :::OA:+O**::O : : :::::#",
        "#:: : *O:   +   :O O::+ *  O::O++::: : #",
        "# :* : :+:+: O:+ :::  :::::::O:OO ++O :#",
        "#O :::::OO+::::+:OO++:::+:O:+ :O *OO: :#",
        "#:+:: :O:O::  O::: +* O: :*:::+::: ::O*#",
        "#*  :::*+::::: O::+:O* ::+:   : +::::: #",
        "#::::::O:*:: O::O ::: : :::*:+ :::: O:O#",
        "#::+:OO:: :O:/  O:: ::+::: :::: :::: O:#",
        "#: ++ :+:O+:   :O:::O+OO::: :: O ::::O #",
        "#:+::+:+   :::O:: :::  :* :::::::/  *:O#",
        "# ::+:: *:: : O::+:O:: + :  :::+:  :  :#",
        "#:     O:: +++::+ : + :O::O:+  +:::  :+#",
        "#O :+ :: :  :*: +*:+     O:: +::* :O :+#",
        "# ::: : *::: O:+ :O::O::::::OO+::  ::O #",
        "#: : :  :::::O+: :O::   :  + :*:O:O::: #",
        "#:O O*:+O ::O :::+ ::: * O::  *O:O O   #",
        "#: +   :   +:*::+O : :::::::::+* :O  : #",
        "#:O+:+::: ::+  + :  :  +  O+:::: ::::+:#",
        "#O::::+:: : ::  :+O+: * ::::*:O+::: : :#",
        "# :  :+  :O:+:OO + :O*+::* :: ::+ ::*: #",
        "########################################"
    ],
    "controller": "script",
    "script": "59957e743cc1d6947da0b894/solution.js",
    "limit_frames": 1200,
    "limit_time": 120,
    "interval": 100,
    "fps": 10,
    "commands": " dldrrdrrddrdllldllll rduulululllllddurruulldlddurruudlurrruurrddr lrduldddudrddrrurrrrdrdrrdrrruurrrrrrldrrldldduuuullllllulddddddrddrdddldlldlurrruuruurrurrrrururdldllllldllddldulldlluuluruuurruuuuuuudddddddddddddlldlllulluluulldldldldllluuuuuuuururuurdrurrrrddrdrrddrdddddldduulluluuluudlddllluuurruururulllldlllluddldddldldldrrrrurrrdrduuuuururururuurrrruuuurruruudrrddddrddrrrrrrrddddrrdduuuuuuururulullddlluuddrdddddddddrdrddddlullululrulllluuuluululluluulllllllllllllldlllurluuuullldddllu   drddlddddud rurdr rlrl rrurrdll l ududd rud lrurrlrlrdrddrrlrlr   ur ul   drdddrdulu   dur ul rdrrdulr urur urddrdldr rldrluuduuurrlud u  dur  dr duuudllr rr ull  rlu dduudur uurrdrlluduldllrrrud ul ruuul  lllru  rdlrddlulr r rru lu luurd  d ru   u ddr l rll l d r r urdul   ldrl lludru  uulr rlu llul  lrr drl u rlrr ldu lrdulllldl udr  llrlddldl lld duldl  ddd dlllrlddrrdl rrl  rrl lrllr r uu  lddd  rrldrr  lududdlldudu lludrr dul r dlrulluru r rdr lr ldru uurdll rudruudlddlduu  rrul lr lrlll rrurlrurd  dudldd rr rr l d  rl ruudrdl uluru uddulud l l luuuu dru rl rlrlrdrlludrrru u rdl rldllluluuruludr rluld drlrlulr lllur d r rdrld  u ld ruddul drlrl dudud uurudu uldu ru  ul llrllld uddd  u ull",
    "outcome": "game-over",
    "score": 420,
    "diamonds_collected": 58,
    "butterflies_killed": 3,
    "streaks": 3,
    "longest_streak": 50,
    "duration_frames": 1200,
    "duration_time": 120,
    "ai_perf": {
        "processed": 1199,
        "init_ms": 8,
        "total_ms": 12667,
        "max_ms": 84,
        "dropped": 1,
        "avg_ms": 11
    }
}
