{
    "cave_source": "generated",
    "seed": 2133591509,
    "geometry": {
        "w": 40,
        "h": 22
    },
    "butterflies": 3,
    "ingredients": {
        " ": 25,
        ":": 50,
        "+": 10,
        "O": 10,
        "*": 5
    },
    "cave": [
        "########################################",
        "#::::O: O : ::  :::  *O+ :: : +*  O *::#",
        "#::O::+  :  :O:::O::::++O::+:O:+ +:O:::#",
        "#:   :O+:: +  : :O:  :O O: :+:: :   :::#",
        "#  ::+:++ :::* :::O:::+:+O: :+ :O+ :: O#",
        "# : :::+:::O+:O:: +: O*::++ :: :+ : :O:#",
        "#::*  :: *:: *  ::+ *:::A:O*: +*:  O : #",
        "#: ::: ::: :::::*:::::::*: :+O O+:  :::#",
        "# O ::: ::  :::: : :  :::+:/ :::O+ ::::#",
        "# :O+  :: :::+: :::::*O :O*  +O   : :O:#",
        "# +O *::::*+::::O:: : : :*:  *::    :: #",
        "#: ::+ :O ::O:  :  *: **:O ::+: +::+ ::#",
        "#*: ::O*  +::::::  :+::::+:: :O*+OO::++#",
        "#O :::+::O : ::  +O * :::+:: +::: :+  :#",
        "#::::::::   :*+*:+*:O : O/   +:::++: ::#",
        "#:::+::  :::O::+:  :: ::   ::O*::::: O:#",
        "#:   :: :: :+::::O: O  : *:  ::+:::::::#",
        "#:    : ++:::: ::O:+:O:*:O:::OO O*:O ::#",
        "#::O::*O+:: :  ::::+::: ::  :+ ::::::::#",
        "#:: *O :O: :O O:+*::+: + O: ::++:: ::/ #",
        "#::  + + O:* :: O   *+: : : :*+:*O :+  #",
        "########################################"
    ],
    "controller": "script",
    "script": "599590de3cc1d6947da0b895/solution.js",
    "limit_frames": 1200,
    "limit_time": 120,
    "interval": 100,
    "fps": 10,
    "commands": " dlluuldldlllldlllluulllllllllddrrrdldrrrdrurdlllddddrrrruururrrrrrurdllllddulldddrrrurrrrruluruurrrdddrrdldrdrrrruuruluruuu l                                                                                                                                                                                                                                                                                                                                                                                                                                                                                                                                                                                                                                                                                                                                                                                                                                                                                                                                                                                                                                                                                                                  ",
    "outcome": "game-over",
    "score": 104,
    "diamonds_collected": 19,
    "butterflies_killed": 1,
    "streaks": 1,
    "longest_streak": 19,
    "duration_frames": 1200,
    "duration_time": 120,
    "ai_perf": {
        "processed": 124,
        "init_ms": 9,
        "total_ms": 4262,
        "max_ms": 102,
        "dropped": 2,
        "avg_ms": 34
    }
}
