{
    "cave_source": "generated",
    "seed": 202266532,
    "geometry": {
        "w": 40,
        "h": 22
    },
    "butterflies": 3,
    "ingredients": {
        " ": 25,
        ":": 50,
        "+": 10,
        "O": 10,
        "*": 5
    },
    "cave": [
        "########################################",
        "#: :+::/ +O::+ :: : O: : :*  :: +O:: + #",
        "#::+: :  O*::*:O:::: ::   ::     +:::O:#",
        "#+O ++::O + O:::O+::O:::  O:OO:: :*+O+ #",
        "# *::::+:O  ::::     :O+O*:+O:+:::+:O::#",
        "#:: ::*::::O: :  *O +O:+:+: ::::  O *::#",
        "#::+:  :O:+ : :+OO: :O  OO+: + :::* : :#",
        "#: +:: :: ::*:+O:::: ::: + OO::   :::  #",
        "#::+ O *+O ::O:O*:++ :::*    :O +O:*OO #",
        "#:::+ +++  ::::: *: +:  :O*: ::: :OO ::#",
        "#  : ::::::::  :  : :  ::  :*::::  +*::#",
        "#::A:* :  ::: +: : : ::::*:::+ :O  :+ :#",
        "#  ::++ :* O +O:+:O ::O::O*  :::*::+::+#",
        "#::+::: :: *:O:OO  *:O:+::O +::: O+:*O #",
        "#:+*: :O/ ::::::: : :::O +  ::O::OO+:::#",
        "#:+++:::  :O :::O: :::*: ::+ : : : OO::#",
        "# :+:::::+O::O::: :++O:*:+::: :::::: ::#",
        "#:::::::O:::O:*:+  :: :*::  : :: :: ::*#",
        "#:: ::: +:  ::  O: ::::O*+:::::::::::: #",
        "# *O: :* :O  :*::O::: ::O  O /   :O::::#",
        "#O  O :O O+::+:+O:::::O : O+    :: O::O#",
        "########################################"
    ],
    "controller": "script",
    "script": "598cedab3cc1d6947da0b86d/solution.js",
    "limit_frames": 1200,
    "limit_time": 120,
    "interval": 100,
    "fps": 10,
    "commands": "rddrrrruuudddllruuduurdlllurrrrruuuluullluuuududurrdrrddrruuur dlllddrruullddrruullddrruulldddddrrdrdrrrrrrrdrrrrrdddddrrddrurrrrrduddddllullllu  ruuluuuuulullllllullulllluuuulluuduurdlllddrruullddrruullddrruullrrurdrrdrrdrduruuurrrrrrrrdlddrdrddldddrrrrrrrruuuuuluurlddrrrrrdddddllrddlddrrddddulllulluluudddddlllllddluurdldluuluulurrrdddlduullllddrlruuuuullluuuurruurrrddllllllldllululldddddrrddddduuuuuulllulldluullllulddrddl rrulduuuuruurruuululllldddddddddldddrddddurrrrrrd      u   rurrrruruuuulluuuuuuuuluuullddrruullddrruullddrruu   ur dlllddrruullddrruullddrruull   ddrruuur dlllddrruullddrruullddrruull   ddrruuur dlllddrruullddrruullddrruull   ddrruuur dlllddrruullddrruullddrruull   ddrruuur dlllddrruullddrruullddrruull   ddrruuur dlllddrruullddrruullddrruull   ddrruuur dlllddrruullddrruullddrruull   ddrruuur dlllddrruullddrruullddrruull   ddrruuur dlllddrruullddrruullddrruull   ddrruuur dlllddrruullddrruullddrruull   ddrruuur dlllddrruullddrruullddrruull   ddrruuur dlllddrruullddrruullddrruull   ddrruuur dlllddrruullddrruullddrruull   ddrruuur dlllddrruullddrruullddrruull   ddrruuur dlllddrruullddrruullddrruull   ddrruuur dlllddrruullddrruullddrruull   ddrruuur dlllddrruull     ",
    "outcome": "game-over",
    "score": 270,
    "diamonds_collected": 54,
    "butterflies_killed": 2,
    "streaks": 2,
    "longest_streak": 27,
    "duration_frames": 1200,
    "duration_time": 120,
    "ai_perf": {
        "processed": 1200,
        "init_ms": 11,
        "total_ms": 18866,
        "max_ms": 50,
        "dropped": 0,
        "avg_ms": 16
    }
}
