{
    "cave_source": "generated",
    "seed": 304070271,
    "geometry": {
        "w": 40,
        "h": 22
    },
    "butterflies": 3,
    "ingredients": {
        " ": 25,
        ":": 50,
        "+": 10,
        "O": 10,
        "*": 5
    },
    "cave": [
        "########################################",
        "#OO  :+:: :+ :::::::  ::++ : +::::: :::#",
        "# :+::: ::::: *:+:  ::+ : :: : ::O:: O #",
        "#:::::+  + ::O::++: ::::+*:::     :  : #",
        "#::O+:+:*:  +::::*:::  :O *+::: + :O +:#",
        "#: * O:::O::O: :O  +::O:O: O :*:+ +: :O#",
        "# :::O :  *:+: O:O:O:::::+::::/ ::::+ :#",
        "#  :::   ::O :: :+::: :*::O+::  +:O**+:#",
        "# ::::: : ::++* O/ O :+ :::::+:*O::*:::#",
        "#O+:::::: :::::::   ::O: / *:O:     : :#",
        "#::::  ::::::O::   :+: :      * O +:O::#",
        "#::   ++: + :*OO:: :   : ::*:::* :+O:: #",
        "#O::O::::: :::::  ::O:   +:+::O:::+:   #",
        "#  :+ :: :++ ::O :: : :: ::+::: :O: :: #",
        "#  ::+O  : *:: +:: :A+ *: ::  ::: :++:*#",
        "# O : + : :::: ::: : OO*:*::: O+::O :+O#",
        "#:: + O : :::: ::: : ::+++::*:+: :: :::#",
        "#::: :  : :O::::::OO*::+:++ :: : ::::  #",
        "# :O::+:O:::: +O: + O+: :O: +: +:OO:OO #",
        "#:::   :::::: :+::++*+: ::O: :: : +O:::#",
        "#O  :: ::    ::::O*:::+ +O::O+O+:: :OO #",
        "########################################"
    ],
    "controller": "script",
    "script": "598cedab3cc1d6947da0b86d/solution.js",
    "limit_frames": 1200,
    "limit_time": 120,
    "interval": 100,
    "fps": 10,
    "commands": "uruuuuudl lurrdrrdduuurrudduudduudduudrrrdrru ruudllldldlluurdduudduudduuddrdl luuuruuulrddrrrrdddrddullrrurrrruurdrrddddddullllluuullllldlldldddruldruldruldulldrrrrrdullllluulllddluuullurrddddddrrlullduulllllulllruuurluurruuuuuuurddrrdulluullldldddluulldddlllluul                                                                                                                                                                                                                                                                                                                                                                                                                                                                                                                                                                                                                                                                                                                                                                                                                                                                                                                                                                        ",
    "outcome": "game-over",
    "score": 405,
    "diamonds_collected": 49,
    "butterflies_killed": 3,
    "streaks": 1,
    "longest_streak": 48,
    "duration_frames": 1200,
    "duration_time": 120,
    "ai_perf": {
        "processed": 1200,
        "init_ms": 10,
        "total_ms": 6332,
        "max_ms": 46,
        "dropped": 0,
        "avg_ms": 5
    }
}
