{
    "cave_source": "generated",
    "seed": 3364251185,
    "geometry": {
        "w": 40,
        "h": 22
    },
    "butterflies": 3,
    "ingredients": {
        " ": 25,
        ":": 50,
        "+": 10,
        "O": 10,
        "*": 5
    },
    "cave": [
        "########################################",
        "#   :O:::: O ::: ::: :::*: ::O : +:O :*#",
        "#::::O:*++O:O:::*++   :O+  ::  :::: :::#",
        "#O:* +:O::::+  +: *:*: :OO::O::  ::: ::#",
        "# * :O :**:/ :::  :O ::: :::::+::/ O:::#",
        "#:+O:::* ++  O:::+ : : +* : */ :O    ::#",
        "#::: ::*O +++ + ::::   +:+: :  : : O:+:#",
        "# ::*O:     *::::::::O:::O:: *::: O  : #",
        "#:*:::O::::::*: :*:*:++: *:: :O +  ::O:#",
        "#+::    *OO+:O :+  : :  :  ::O:*: * O +#",
        "# ::O:* O:::  ::+:  :: +:::*:* :::: : :#",
        "#: OO::::::O:*:::+::+  ::::+::::O : :OO#",
        "#:*:+:::::  :O:O:: : :++:*+ O :++:O  O #",
        "#O::O:::O: +:::+:+:O+  ::   +O: :::+::+#",
        "#+O:OO : ::::  +:O+::+::+:O: O:  : : ::#",
        "#+O::+O* O:: *++ :: +:::O+::::  :*:+:: #",
        "#:  :++::::: :*+ :AO: O:+ :O:O:+ +* O+ #",
        "#:   : O: :::  :: :+* *::::  O :*::: : #",
        "#:*  ::::+*::: **O::::+*: :OO::::+ +: *#",
        "#   : :*:O+::O : :::::::::::*+:::::  O:#",
        "#*O: O::: ++ O:: ::::::O::    : : :::: #",
        "########################################"
    ],
    "controller": "script",
    "script": "598cedab3cc1d6947da0b86d/solution.js",
    "limit_frames": 1200,
    "limit_time": 120,
    "interval": 100,
    "fps": 10,
    "commands": "ulluuuuluuuuuuududlluduuuurrllrrllrrllrrrrrrrrrddddddrrrrurrduuururuurrdrdddduuududuurdllllldududdludluuuurrdllurrrrrdrrlrurrrdrduddddddluduludrruuddlluludlduuuudduuuuddllldududdlllluduuuurdlurdurrrrdrrurrrlrrdddddddluduludrruuddlluludlduuuuddllllllluduuuurdlurdurrrrdrrurrrlrrdddddddluduludrruuddlluludlduuuuddlrrrdddlddlllldllluuldllluuulluuluuuulllllldlulrrllrrllrrllrrrddrrrrdddddldllulldlluullllullddddddddddrrrddurrrlllllddlululllllddrlduuuuruuuuuuuuurruuullrrdrruuurlulldlddddrlrddrrddddurrrrrrrrdddldu ulrurrddldddrdrdlruulullddrrrrddurrurruurrdrduuuuurruuuruuuuuuuuullrrddddllrrrrddddrdlddrrurlllduurrrrrrrrddddlldlrddlldddllllrrurrrrrrurrullulluuulllluuuuluuuuuluuullllllllllllduldlulrrllrrllrrllrrllrrllrrllrrllrrllrrllrrllrrllrrllrrllrrllrrllrrllrrllrrllrrllrrllrrllrrllrrllrrllrrllrrllrrllrrllrrllrrllrrllrrllrrllrrllrrllrrllrrllrrllrrllrrllrrllrrllrrllrrllrrllrrllrrllrrllrrllrrllrrllrrllrrllrrllrrllrrllrrllrrllrrllrrllrrllrrllrrllrrllrrllrrllrrllrrllrrllrrllrrllrrllrrllrrllrrllrrllrrllrrllrrllrrllrrllrrllrrllrrllrrllrrllrrllrrllrrllrrllrrllrrllrrllrrllrrllrrllrrllrrllrrllrrllrrllrrllrrllrrllrrllrrllrrllrrllrrllrrllrrllrrllrrllrrllrrllrrllrrllrrllrrllrrllrrllrrllrrllrrllrrllr  ",
    "outcome": "game-over",
    "score": 584,
    "diamonds_collected": 65,
    "butterflies_killed": 2,
    "streaks": 1,
    "longest_streak": 63,
    "duration_frames": 1197,
    "duration_time": 119.7,
    "ai_perf": {
        "processed": 1197,
        "init_ms": 11,
        "total_ms": 16357,
        "max_ms": 62,
        "dropped": 0,
        "avg_ms": 14
    }
}
