{
    "cave_source": "generated",
    "seed": 760324575,
    "geometry": {
        "w": 40,
        "h": 22
    },
    "butterflies": 3,
    "ingredients": {
        " ": 25,
        ":": 50,
        "+": 10,
        "O": 10,
        "*": 5
    },
    "cave": [
        "########################################",
        "#:OO:*: O* ::+ O:: ::::::  O  : + :O+O+#",
        "#:O :::: ::: : +:+: +  ::::::+::::O :: #",
        "#::: O ::O*: :+::+O ::: O:+  *::*:::/ :#",
        "# :: *O*** :+: :+ :+:::::: :* :::::    #",
        "#++: ::::: :O+  ::::+O*::::: ::::+ ::*:#",
        "# :+::+  O:  +::O +  ::+ * +:: ::::  :+#",
        "#   **:::::: ::+O :::::::::*:::++:   ::#",
        "#*::*::+ :+:O*:O:+:+:+ :O +:+/ ::+O*: :#",
        "#O::+ :::O::O:O: :::++:::O::+   :+: : O#",
        "#+:::: +:: O :O: +:  :*:: : :::O+:OO:: #",
        "#O:::: : :+:: O:: +:O:: O :::++::::  ::#",
        "#O:O:*::+ : ::: :::+:  ::: :::O:OOO:+:+#",
        "# O**::::+:O  :: :A::+O: + OO ::O:: * O#",
        "#:O :: : :* : O:O*::+::OO+::O::* :  :+ #",
        "#:::: :*::+::::::::::::+:   :+:::: :O*:#",
        "#::: * +::O:::+O: : :*:    : :+:: ::: :#",
        "#+::  + :*:::: :O:+:+::: :::O:: + :*:+:#",
        "# O:*   :+  O:::+: : + ::::::  O *O+O+:#",
        "#:+:+:  ::::  : :*: : *: *: +O:::/ *:::#",
        "# : :: O::   ::      : :*  ::O::   +*::#",
        "########################################"
    ],
    "controller": "script",
    "script": "598cedab3cc1d6947da0b86d/solution.js",
    "limit_frames": 1200,
    "limit_time": 120,
    "interval": 100,
    "fps": 10,
    "commands": "rrururrurrrrrruurududduddllllllldlududulruuululluddlddrdrrrrrrrrrddrdrddrrrrdd uuuullulllluuruuuuururrrrurrur              dddlddlurullulldllllddlluldddlllduullulllulllddluluulllulluuurrllllddddddldlllrrrrdddddldlrddddruuurrurrrldddrruurrrrrruddddddrrrrrrrruuuullllrrrurruuurrrdrrdddrrdrdrdlluddluurrrdrdruruuullluuurruuulluuuullllldlllddlllldduuuullllldurrrrdddddludlq",
    "outcome": "quit",
    "score": 596,
    "diamonds_collected": 67,
    "butterflies_killed": 3,
    "streaks": 1,
    "longest_streak": 66,
    "duration_frames": 369,
    "duration_time": 36.9,
    "ai_perf": {
        "processed": 369,
        "init_ms": 11,
        "total_ms": 4146,
        "max_ms": 45,
        "dropped": 0,
        "avg_ms": 11
    }
}
