{
    "cave_source": "generated",
    "seed": 2167963732,
    "geometry": {
        "w": 40,
        "h": 22
    },
    "butterflies": 3,
    "ingredients": {
        " ": 25,
        ":": 50,
        "+": 10,
        "O": 10,
        "*": 5
    },
    "cave": [
        "########################################",
        "#::   :OO::O:A:+ : :::+::O:: / +:O:::: #",
        "#:: :: ::* *   :::::: :+ :: :   ::+: ::#",
        "#:::O: O+OO::OO: * +O:   +:*OOOO:: +  O#",
        "#O: :: :*:+:  OO: :::O :O:  ::: +:O:: :#",
        "# :: :: : *::+O  :*O::O::::::O  : O::+:#",
        "#::O:: :::: :: : :   ::: :*::: :O::+ ::#",
        "#OOO::: +: :: ::::::+/ *+:+:  :: ::O :O#",
        "#:::**:: O:+::::+  ::  OOO: : :::O : ::#",
        "# :O:O *+:+:++O:O:: :::O+   : +:: +*:+:#",
        "# O:O:: ::: :: + :+    :::: O:O + :*O*:#",
        "# ::O::::::: + :O:+ :O::: +:  +::::+ O:#",
        "#O +*O*O:::O  O  ::O: :::O + :O  :::OO+#",
        "#:::*::+::: :  : :::   : * :    ::::  :#",
        "#+::+:::+:+::O  :*:::++*:  :::: :O*:  O#",
        "#/   :O O: :+ :   ::: : :: +:*O: ::O:::#",
        "#  *+:  :*: O+O+::: O+O:::::  : ::+::OO#",
        "#::++:: *:*:*: :: :+   ::  *+ :  :O+:: #",
        "#:  :+  : O*:O :+:O  : ::*:  : O*:+:   #",
        "#:  : :  *::O:O::: :: :: *++O +:*+: O::#",
        "#O:::+:O+ :::* ::: :O:  ::*: ::O*O ::::#",
        "########################################"
    ],
    "controller": "script",
    "script": "599411023cc1d6947da0b882/solution.js",
    "limit_frames": 1200,
    "limit_time": 120,
    "interval": 100,
    "fps": 10,
    "commands": "rdrrrrrrrdrlrrd lrddl rrlullllrurrlllrrud rulullllllllrrrrrrrrrlud dldur ulurllrr drlul d durr drrurrr rllrrrulllllrr lll   r ddllud  ullu l l rdl urlllr rl rdll l dlrudl ll rrr rrrudu rurr d drdruruurrrrr rlr ll lll dl ulr",
    "outcome": "game-over",
    "score": 0,
    "diamonds_collected": 0,
    "butterflies_killed": 0,
    "streaks": 0,
    "longest_streak": 0,
    "duration_frames": 223,
    "duration_time": 22.3,
    "ai_perf": {
        "processed": 223,
        "init_ms": 6,
        "total_ms": 836,
        "max_ms": 17,
        "dropped": 0,
        "avg_ms": 4
    }
}
