{
    "cave_source": "generated",
    "seed": 3158701205,
    "geometry": {
        "w": 40,
        "h": 22
    },
    "butterflies": 3,
    "ingredients": {
        " ": 25,
        ":": 50,
        "+": 10,
        "O": 10,
        "*": 5
    },
    "cave": [
        "########################################",
        "#:: +:+ :  ::: :+ :: :*:::+ * : ::OO:::#",
        "#:::+::O::*  ++:O+: :: ::++::O: O: O::O#",
        "#:O: O::O::::::+ O:: :: : ::O:: O : :++#",
        "# :O : :+O: O::+:  :+:O O O: : ::O:O:  #",
        "#+ O::**::: :  : :  OO     O+ :  :O: ::#",
        "#:+::: :  ::+ : ::+ : O:  ::O  :OO:: ::#",
        "#O  :: :OO:+:O: :+:   ::::+:::::::: :: #",
        "#++O ::::O: OO: :O::  +:: / ::   : :  :#",
        "#: :O: A :+ :O* : : ::OO :    :OO:::O: #",
        "#O::: :O: *:: ::*:  : :  ::+:::::::::: #",
        "# / + : O:   ::   :+ O:::*+:::*: ::::  #",
        "#+  OO::::::::::: O::  OO OO::: *:: :::#",
        "# O:  : ::+*: :O ::+::OO  :: O:::+:  + #",
        "#+*O  ::+:O : :O: +:  :  :::::::::O::::#",
        "#O  +: *:+::*:: ++:: : :+ :::::: : ::::#",
        "# :: ::O::::::+O::+*::+O+ ::O+ :+:: :O+#",
        "#  ::::::  + :::* + ::::*O O :O: :  :  #",
        "#:+O /  ::: ::+*:+::: :::O::::+:+:::: :#",
        "#:+::  : :::::+:::O +  ::  ::*: : +O:  #",
        "#  +  :    : :: O :::: O::O:*+ *OO: O :#",
        "########################################"
    ],
    "controller": "script",
    "script": "599411023cc1d6947da0b882/solution.js",
    "limit_frames": 1200,
    "limit_time": 120,
    "interval": 100,
    "fps": 10,
    "commands": "lldrlurrr r   ",
    "outcome": "game-over",
    "score": 0,
    "diamonds_collected": 0,
    "butterflies_killed": 0,
    "streaks": 0,
    "longest_streak": 0,
    "duration_frames": 14,
    "duration_time": 1.4,
    "ai_perf": {
        "processed": 14,
        "init_ms": 6,
        "total_ms": 67,
        "max_ms": 17,
        "dropped": 0,
        "avg_ms": 5
    }
}
