{
    "cave_source": "generated",
    "seed": 3208952544,
    "geometry": {
        "w": 40,
        "h": 22
    },
    "butterflies": 3,
    "ingredients": {
        " ": 25,
        ":": 50,
        "+": 10,
        "O": 10,
        "*": 5
    },
    "cave": [
        "########################################",
        "#O  :+::  O :::::::::: : O::++: ::: :  #",
        "#:O * ::O:  :/ : :::  :: ::: *+  O ::O*#",
        "#: ::::+::: :  : :*  :::::+:::::: :: ::#",
        "#O  O:+O::  ::+O*  +:+::: :+::+:*:+ ::O#",
        "#:+ :O++::+:+:::: :/ : :: O*:: ::::+:: #",
        "#: ::+::OO::O :+:O:  O:   ++  : :: ::::#",
        "#:   :::   OO:+:  :::* :: :O ++: *  +: #",
        "#   : : :*::+O :+O* :*:O:+ O+ * :: ::::#",
        "# *::O+ ::*:::*::O ::O:*:O:   ::*OO::+:#",
        "# :O*O+:::+ :*O:++:  :+::+ O*:  +*:::  #",
        "#+:::  :  :  : ++:::*::+::+:+:::::O:: :#",
        "#:: *+:O+:  O::O*::+::: O::  *: : :::O:#",
        "#*::O: :O  :::*: O: ::O :+::O:::+: +::+#",
        "#: +*+:*+:::+:*:::* :: :::::*   :: :+::#",
        "#::: +O:: ::O: : :::O:+  O*: *:: ::OO+ #",
        "#+:::: :  *::O:OO:::O::::: : : :: +:+ :#",
        "#:::O::A  :/ ::::::   O+O OO::: :::::::#",
        "#::*:::: +:  +:+ O+:  :::::O+:  :O: ::*#",
        "# : :*  :::++:O::::::: :+:  + :O  :O:* #",
        "#: :*:O O:  :   :: :O:: ::*O : : :: +:O#",
        "########################################"
    ],
    "controller": "script",
    "script": "599411023cc1d6947da0b882/solution.js",
    "limit_frames": 1200,
    "limit_time": 120,
    "interval": 100,
    "fps": 10,
    "commands": "rurrrulruulldrulllrrrrrruuuruurldlrrluldur lrdlu ddru dlu lrrul durrl l ddlr duu lrrrllurd d rllu druururlddu l lrruruuru rurrll lrrr llurrrl l l rrudlurlrrl ld llrur lr rrlddrlurl uldullr ddrurrrl url dldrrllurdud l rrddrdllddlllddrrdddllddllllurruurudldllurrlduldruluuru dldllllluurrluldlddrrddddlllulddddrrurlllrud lddrrrllduullddlluurruululluulrrrddddlrrddrllluuuruuuuuuulllrurruuu                    ddllurldurruuuuudrrrurrrrr l r r rrrrdrrrdduuldulllr urddduu urdd r ddrrrrrrrrruuulrdrrrddrdddldllurrrrrddll rrulllllldrddddddllllrudllllldllddrrrrdrrurdl llulrurrrrurrrrrrrrrrddruuuuululuurruuuuuluuruuulldllllldllllulll ldddddlddrrulluulldrrrluuldrdlr llddrurull lrrur ru urrlllrlurrullll url lrdrrrrrlull l rll rrr ldll r urlllrr  r rrld uld uld ull lrrdl u llr rdlrrurdllur dr ur rrrl ddllllrulul lllr r drrdll lrrllllllllllulllllrllrddddruuddddlddddddddddldlrurrdrdrlulllruulluuuuuuuurrrurrrrrurrllluurlurrrrrrrrr u lrurd ldrrruullr rd llu lldrr lrrdururddllrulll llr urdurddrdddrddr lu ldr luu llrrrullddrrrulldluurrrur u urlllr r u dlul   llrd d uurddrurr r rlulll rrdd rlll  rrdullduuur dd ullurddll lu u dd rdddllurrrllllrr r drddduuu  rdrulllddrrru rldllllru ldrdrul drlurul rrduuuldrrd",
    "outcome": "game-over",
    "score": 248,
    "diamonds_collected": 60,
    "butterflies_killed": 2,
    "streaks": 3,
    "longest_streak": 29,
    "duration_frames": 1200,
    "duration_time": 120,
    "ai_perf": {
        "processed": 1200,
        "init_ms": 6,
        "total_ms": 2606,
        "max_ms": 17,
        "dropped": 0,
        "avg_ms": 2
    }
}
