{
    "cave_source": "generated",
    "seed": 3549037290,
    "geometry": {
        "w": 40,
        "h": 22
    },
    "butterflies": 3,
    "ingredients": {
        " ": 25,
        ":": 50,
        "+": 10,
        "O": 10,
        "*": 5
    },
    "cave": [
        "########################################",
        "#:+ :*:O O::O::::+::: O : ::::*   + ++:#",
        "#::  * :::*:: :: +: : O::* *O::::::* ::#",
        "#:*: *::::A:+ :::+O:: :::  O: * : :++::#",
        "#:**:  ::+:   :: / :: :: ::::  :+ :O: +#",
        "#:: : *::: *: ::O  *+ :: +*::+::+:: ::O#",
        "#: :::O  :::::::+ :::::* +::O::+  +  O:#",
        "#   :::++:/  O:+ :+  :O::+: *+: :O :O::#",
        "#:  O ::+:  :::O : :  :  :::*::O :   O:#",
        "# O:OO::::::::  :*::::*+O: **+*  *:+O:O#",
        "#:O ::    :::::   :+::: +::*/ ::   O:++#",
        "#::*O: : O:O::::   : :  ::::  :+:  *: :#",
        "# ::*+::  ::O::+::O:  :+: :O::+:::O:+:*#",
        "# : *::: :+: : +:::O ::::O::  +O :*+:::#",
        "# +::::*:: : :: :++O :O :O:*:*: :  :  :#",
        "# :::: :::+:::O:O+O::O: :::O+: :::::  +#",
        "#:::O:::::  :::+:::  :O:++: : :::+::O:+#",
        "#::+::::::: ::O + + ::  ::: O++O OO: ::#",
        "#O+  : +: *::+OO:::::O + :O :::: ::: + #",
        "#:::+ O +O:+ :::+:: O:::O:+ +::+  :*:::#",
        "#*+:O+O::*::+ :: O:O O+O   O::: O:::::*#",
        "########################################"
    ],
    "controller": "script",
    "script": "599411023cc1d6947da0b882/solution.js",
    "limit_frames": 1200,
    "limit_time": 120,
    "interval": 100,
    "fps": 10,
    "commands": "rdrrrurrllrrulr ulrdl rdlulrur d ullr dd l ur rdulllr urr ll lrddlrd lrruuu d r u ddllrdldl rlll l rrrull lrullrrurldddlllrrrurl lud ru lur ld lrrurrlluld lrrruldd dluuurrl dld drr r ud rrdldrl lrddrrrrrrrrrrrrrdl urr ll lrurrdrlulrurllrrl udd ddlur rll uurrrl llururlrrll llulrdddrlrdluurd ldu rr ulddldllluuululllurld ddrrrdrdlddrdrrr rllrdur lur dlllrurdlllllllllllllurrrrrullllrurrdrrrrrddrr dur rrrrruuurrrrdddllurrrddurrrddlldlllluddllluullrdrlulddlddrldldlllllllurrurrrrrrurrrrrrddrrrddrrrullluuuuururuulluluuuluuruuurrllllllurr ddrdrrrruuddllllullllllllllllllldlll lluul llllllldddrlllluurrrlddddldrudlddddr   lldururrrddllldrrrrrrrrddlddddll rrl rud l ruulrdd l ru rlulullllrddrullldllrrdul rd u udl rd u url dl rd u urrlud rurrrrrrruluullllurrlurrulrurrrlll ldlrururrrrurrudlldllullurllulu luuuuurdrrdduurdl rdddllllulllruruuuldlldldddddlddddddurlurldd u rluud dd u rrl lur urrrrrrrrurrrulurldlur ruldururdlllrrdlru rdldurl luurddrulrulddulddr duu drlldu u lurlurdrr dddlldlllllllllldlurlurdddrdddldldu d urlurdu rrrrrrrrrrul uruurluru rurl luldrddlu u lrdur luruurrllddr ldu lu  d lrdllurddu rdldrrlururuul  lldldldllldlldlldurdlul ddddurdl rlud rul uddurr rrrrrr llurrrrrrulurudllru dd lr",
    "outcome": "game-over",
    "score": 142,
    "diamonds_collected": 47,
    "butterflies_killed": 2,
    "streaks": 5,
    "longest_streak": 13,
    "duration_frames": 1200,
    "duration_time": 120,
    "ai_perf": {
        "processed": 1200,
        "init_ms": 6,
        "total_ms": 2426,
        "max_ms": 19,
        "dropped": 0,
        "avg_ms": 2
    }
}
