{
    "cave_source": "generated",
    "seed": 1363855861,
    "geometry": {
        "w": 40,
        "h": 22
    },
    "butterflies": 3,
    "ingredients": {
        " ": 25,
        ":": 50,
        "+": 10,
        "O": 10,
        "*": 5
    },
    "cave": [
        "########################################",
        "#:  :::  +O:/  :::: ::::::  +: ::+ :: :#",
        "#  O :O:::    :+: : ::O:: *+ :::: : ::*#",
        "#: ::::O:*:O*:*:: :*:::O:::::  ::::::O:#",
        "#+ + O++* : ::O: :::O+:+: :: ::: : O :+#",
        "#:  *:O+:+: ::*+::O::+*:::::::+  :::+:O#",
        "#::: : :O : :+:: +:   O ::*::     :O* :#",
        "# O :::+::O:::**:O ::*:: +:*:O :*  ::+:#",
        "#:::OO*:* :  O:: A: :++::++ :: :::  : :#",
        "#*:: :   : :::  :::::: :: *::O:  :: *O:#",
        "#O+: ::*O: *::::*++ ::+*::O :++: ::  :O#",
        "#: O  ::::+:::+: ::::  O::::+ O::+ O ::#",
        "#: O::O:O   :+:***:: :+:::::: : O :::**#",
        "#*:+:::::::+  :O:+ :*/ :::O::OO::::::* #",
        "# :::+O  *::: :::*::   ::::/ O:*O*:: : #",
        "#: +:: :O :  O+:O:O *+ :+::   O:+:: ++ #",
        "# :::::O ::::+ : : *O:*: :::OO ::  ::  #",
        "#:::: +:::: :*::: *:*:::O : O+: :::   :#",
        "#+ :: : :  :O: +   ::+:+ :  O:O::O  :+:#",
        "#:O::::   *::+ :+:++ :: :::::::+::  ::*#",
        "#:: :+::*+::*:* :   :*::+::+ +::O::::O:#",
        "########################################"
    ],
    "controller": "script",
    "script": "59959ab03cc1d6947da0b896/solution.js",
    "limit_frames": 1200,
    "limit_time": 120,
    "interval": 100,
    "fps": 10,
    "commands": "     rdllllrduluurrdldluulldrduddrrduuudrlrdddurlrllrlrdurlrrdrdlddlllurldrrudlrddrldruu",
    "outcome": "game-over",
    "score": 24,
    "diamonds_collected": 9,
    "butterflies_killed": 0,
    "streaks": 1,
    "longest_streak": 7,
    "duration_frames": 88,
    "duration_time": 8.8,
    "ai_perf": {
        "processed": 83,
        "init_ms": 505,
        "total_ms": 34,
        "max_ms": 2,
        "dropped": 5,
        "avg_ms": 0
    }
}
