{
    "cave_source": "generated",
    "seed": 1554516302,
    "geometry": {
        "w": 40,
        "h": 22
    },
    "butterflies": 3,
    "ingredients": {
        " ": 25,
        ":": 50,
        "+": 10,
        "O": 10,
        "*": 5
    },
    "cave": [
        "########################################",
        "#*:: :::  OO  ::O::: :+O : :OO:O:: ::O:#",
        "#: :  :: ::: :: ::  : +::+*:* :::+: ::+#",
        "#:::+*::: ::O*+::O :+: :*O::A*O: O: :: #",
        "# +O:O: :O : +::* + O:*:+::+: : ++ ::: #",
        "#: O:  : :O:: :O : ::::O+:/ : +O*:+:*::#",
        "#:: ::::::::::::::  : : ::  ::O ::O:  O#",
        "# :::::  : O  :*: *:::::::::::: :+: + O#",
        "#O  * : : ::::: :O::O  :::++O::+  O::::#",
        "#   :::*: :O: :+   OO:*: +::::O :::+:/ #",
        "#:O+*: *::+ ::: :   :::: O* ::: ::: :  #",
        "#:: : ::O: ::O :::: :: :: :::: ::::: ::#",
        "#: :O:O :: :*:::    : :+: ::O :::: O:::#",
        "#:: :+: O ::: +:::  O:: ::::+* : :+: *:#",
        "#: :O:+:: O:: ::: +  ::+: +:::: :  :::+#",
        "#: O* :::::::O*++ :::: :  ::::OO : O+::#",
        "# +O:::::+:+:+:O::*::: :+:  O   : :::::#",
        "#:**:  +:O::::+OO* / :  :: :::::+::: ::#",
        "#: :  : +::::::OO*    : :::::::::*:::OO#",
        "#* :  +::  :   ::::O::+::O+: O::O:: :: #",
        "#: :*: :::OO::::  O:   : O:  : O+::  + #",
        "########################################"
    ],
    "controller": "script",
    "script": "59959ab03cc1d6947da0b896/solution.js",
    "limit_frames": 1200,
    "limit_time": 120,
    "interval": 100,
    "fps": 10,
    "commands": "     ulduluddduduurd",
    "outcome": "game-over",
    "score": 2,
    "diamonds_collected": 2,
    "butterflies_killed": 0,
    "streaks": 0,
    "longest_streak": 0,
    "duration_frames": 20,
    "duration_time": 2,
    "ai_perf": {
        "processed": 15,
        "init_ms": 505,
        "total_ms": 11,
        "max_ms": 2,
        "dropped": 5,
        "avg_ms": 1
    }
}
