{
    "cave_source": "generated",
    "seed": 1322062095,
    "geometry": {
        "w": 40,
        "h": 22
    },
    "butterflies": 3,
    "ingredients": {
        " ": 25,
        ":": 50,
        "+": 10,
        "O": 10,
        "*": 5
    },
    "cave": [
        "########################################",
        "# O:O:::: +:: :   :::+OO*:::  :::: :+::#",
        "# ::::+ :  *:: ::+ :O++:::/  :+:  : O :#",
        "#:+:::::+  *+O::O:O:::  **  ::::: *:OO:#",
        "#  :+  + ::O :::::O+:::O:::+:*+  : ::+ #",
        "#  *: :O*::::+O :: :::+O: ::*::+::::: :#",
        "#::+: / :  O*:  : : :O  +O+::  ::O+:++:#",
        "#:: :+       ::::::O*+   :+::::::O::+:O#",
        "#::O * +* :: :O:* ::*: + : *::+:  O::::#",
        "#: ::*: :O:: : :: O::* + O:O:::: O::O::#",
        "#O:::+: ::::O  :+:+  :: O*: :  :* : +: #",
        "#+ :: O::::::::*::O: :::O:: ::+::*:::: #",
        "# :: +/ ::::::+OO +*:: :: : O :: :+O:::#",
        "#*:*    :  *::: :  : +*:: ::+OO : :*+: #",
        "#: +: : :::: ::  :: :O:+:+:+:  :: :OO :#",
        "#::O :: O:*:+O  ::+: :O*+::OO++:* : :: #",
        "# : :O  :AO:   :O::+O:: :+::O::   ++:: #",
        "#:*: :+::: ::::+O+::: O O:::::::: :: +:#",
        "#:::::::O:*: *+: + ::O:::: ++:*::::::::#",
        "# ::+OO O    : : : : :O::::*:::::: ::: #",
        "# +    *:O:   OO:O::O*O:O+:*:: :+O +O:O#",
        "########################################"
    ],
    "controller": "script",
    "script": "5992d39d3cc1d6947da0b87a/solution.js",
    "limit_frames": 1200,
    "limit_time": 120,
    "interval": 100,
    "fps": 10,
    "commands": "uruuruuuururrrrrrrruddrdddrdulllddllllldddlddlllluuldlddulluullluuuurlluruuurrruluuulrrrrrddduuuururrurrrdrdrrurrrrrruru ddrddrrrruurrdrrrdrddddddlllullldllulldddrddddddrdurruruurruurrrllllulullulldlllllldddrdrrduullullllddrdddrrrd  ",
    "outcome": "game-over",
    "score": 235,
    "diamonds_collected": 40,
    "butterflies_killed": 0,
    "streaks": 1,
    "longest_streak": 38,
    "duration_frames": 233,
    "duration_time": 23.3,
    "ai_perf": {
        "processed": 233,
        "init_ms": 5,
        "total_ms": 1195,
        "max_ms": 39,
        "dropped": 0,
        "avg_ms": 5
    }
}
