{
    "cave_source": "generated",
    "seed": 3449802441,
    "geometry": {
        "w": 40,
        "h": 22
    },
    "butterflies": 3,
    "ingredients": {
        " ": 25,
        ":": 50,
        "+": 10,
        "O": 10,
        "*": 5
    },
    "cave": [
        "########################################",
        "# ::: +::  :*:::*:::* :: *:::::+:+::: :#",
        "#   + : :O:*:::O O  :*:::O:++ ::: +*O+:#",
        "#:OO::::::O : :::+:::+ *O:+:O::   *: ::#",
        "#: : O::/ *O*O:*:::  +:+:*:: ::: OO  : #",
        "#*O::::+  :+ ::  ::O:: : :::: ::O::: ::#",
        "#:*O*:O+:: O: :::+:*   O++ :::O+::: O::#",
        "# :OO:*:O*::: O :+:++:  O:OO OO:O:+::O:#",
        "#:: :+O:+O:* +::: OO+:::  : ::   +::: :#",
        "# : ::::: ::::+:++ : :+::::::::O:::: ::#",
        "#: ::+ A: :::O : :+:+:  +  * O::*O ::  #",
        "# :+++  : :O:::::  :: : O: ::O++O:  :OO#",
        "#:  :::O: * :/ : :::::+::: O:+: :::::::#",
        "#OO : :::::::   :+::+:::::  : :   ::O::#",
        "#O*:  O:+::+ OO :: ::+O :::  :::*+:::::#",
        "#::  :   :::::   : :O:::::: : +::+:::+ #",
        "# + :::+::O O++*+::   O:: O+*+:  O+:++:#",
        "#   :+::: :::::::* :::  : : :: :::::::*#",
        "#: : :  :::*+:O: +:::: :::+:::::: :O:::#",
        "#:::*   ::+::::::  :::O:+::: :/ :O:*::O#",
        "#+::::O : :O::*   : *:O  :*:O   ::::+ O#",
        "########################################"
    ],
    "controller": "script",
    "script": "5992d39d3cc1d6947da0b87a/solution.js",
    "limit_frames": 1200,
    "limit_time": 120,
    "interval": 100,
    "fps": 10,
    "commands": "uuullulldulludddddddrrddldrddddrurrrrrrrdrdrrururluu ",
    "outcome": "game-over",
    "score": 24,
    "diamonds_collected": 9,
    "butterflies_killed": 0,
    "streaks": 1,
    "longest_streak": 9,
    "duration_frames": 53,
    "duration_time": 5.3,
    "ai_perf": {
        "processed": 53,
        "init_ms": 6,
        "total_ms": 483,
        "max_ms": 33,
        "dropped": 0,
        "avg_ms": 9
    }
}
