{
    "cave_source": "generated",
    "seed": 3137516419,
    "geometry": {
        "w": 40,
        "h": 22
    },
    "butterflies": 3,
    "ingredients": {
        " ": 25,
        ":": 50,
        "+": 10,
        "O": 10,
        "*": 5
    },
    "cave": [
        "########################################",
        "#::: ::  :::::::: :*::+ + :+ ::/ +O::::#",
        "#::::: :: O : O:::O::OO: O: :*:  :*O:+:#",
        "#::*: OO+O* :::  +:::+*O*::O +:  ::::: #",
        "# O +: : : :::::: :+:*::: +::+O:O+  : :#",
        "#    : :::: :: : O+::O ::O**O:  *:  :::#",
        "# :+:::   : :  +: :OO+ O :::**:O+::::::#",
        "# O:  :::  :+:  *::  :  :  *::*::  :O: #",
        "#:::+* :::O: O::O*: :::*:::+:O::::O :::#",
        "#  * ::* :: :::+: ::  :: *:::O:: +*:+ :#",
        "# ::O::: : :::  ::::: +:::::*:* ::O+:::#",
        "#+ :+::::O :::::+:O ::O:: :::: : :OO*::#",
        "#:O +: : :::/  ::+:::+: *: : ::O +  O:*#",
        "#+ : :::OO    *+*: ::  :::::+::::::O  *#",
        "#*:::*O   + +: :OA :::: :O:::O:+:::*+::#",
        "#:  :O : ::+:::OO*+ :O: O ::::::*:::::O#",
        "# : + O+O::    :::::O:: :+O:O :+O: *:::#",
        "#:     :::*:: ++ :O:O+ O: O:+ :: :: :/ #",
        "#:  ++::  O +++ ::O+O+:::::*O:* + : :  #",
        "#+: :* : : +O : :: : +::O  * :* :* ::::#",
        "#::::::O:+OO   O*+:O:::  :+::::::  +: :#",
        "########################################"
    ],
    "controller": "script",
    "script": "5995d6203cc1d6947da0b89c/solution.js",
    "limit_frames": 1200,
    "limit_time": 120,
    "interval": 100,
    "fps": 10,
    "commands": "duulrruruuulluuluruururuuddrdrrudddrrddldrrdddluurrrrdrruuuuulldluulrruuurllldlldddrrrrrrurrrrdduurduuuluddddddllddrrldldddddruurrdddddldlulllulllddrrurrrruurrluuuurrrrudlllllllllulldlllllllllldlllddldlldlldlllllluuuuullddrrurrduuuuuuuudllrrrruuuuurrrdlllulldllrdrrddrrddrrdddrrrdddrrrddddlul rurruurrduuurdurrddlrdddrurrrruuurulldrrrrrlddrdddr  ullduuuuuuuuruuuuurrudrrdrruuuluurruullduldlldldluluuldlddldrrdddldllullllludlruddrlddlduulllludlddrdddlduuldlldllulddlldlddlllllrurulluuuurrruluuuluuluurdrdddrrrrdddluurrdrrrurrruuurlululuurduurdrrdluuurrurrrrdrrrddldlllldldldllldlldlrrluluuulllddrdrruuuuuruuullldllulldldluulldrdldddddddrddlrdddrrrrrrruuurrrrurrurlddrdrruulrdrrdrruruudrrrrurrrrrrrurlddrrrurduuuuuudlluurrddddddllddrddrulllddrdurllllrdullllulllllllddrdluuuuuuuuuuuuuuulllulllllllrrrrrrrrdrrrrur   dd      rd      dr      dd      dd      dr      rd      dr      dr      rd      dd      rr      rrr l",
    "outcome": "game-over",
    "score": 218,
    "diamonds_collected": 45,
    "butterflies_killed": 0,
    "streaks": 2,
    "longest_streak": 34,
    "duration_frames": 913,
    "duration_time": 91.3,
    "ai_perf": {
        "processed": 913,
        "init_ms": 6,
        "total_ms": 21446,
        "max_ms": 91,
        "dropped": 0,
        "avg_ms": 23
    }
}
