{
    "cave_source": "generated",
    "seed": 2735849386,
    "geometry": {
        "w": 40,
        "h": 22
    },
    "butterflies": 3,
    "ingredients": {
        " ": 25,
        ":": 50,
        "+": 10,
        "O": 10,
        "*": 5
    },
    "cave": [
        "########################################",
        "#:::::O::OO: O+::::    O: +: ::+:*: :: #",
        "# *:  O:::: *::+  +O :  +::A::: : +:O:+#",
        "#* :: :O/  ::: :::::::  + :O :: O :: + #",
        "# O::::*  ::*O : : *:: O:: +::+  +:O::*#",
        "#: ::: :O: : :O :O:+::++::*:::+: ::  O #",
        "#O::::O:+:O : O:+: ++*O:+:+: :: :*O: +:#",
        "# : :O::: : O:: ::+:+:  ::::::+:O::+*O:#",
        "#::::: :++ ::*+* ::: O+:::+/ : :::     #",
        "#:  *O:::O*:: :O:O: ::O: :   :*::::::: #",
        "#O:+ ::: :+++*:+ : ::  ++ :O:O::  : :::#",
        "# :+ +:*: ::OO:+*:::+* : O+ ::O :+: :::#",
        "#O+*:+:+::O:* *: : :: ++:+:   :+:O:  ++#",
        "#:O  :::+::*:: + O:::O  ::: +:: :+:: + #",
        "#:+ ::::+: :: :: :::O:+:  ::: : :  +:::#",
        "#+:O :O :O::: : :::*+:+: : ::O+:*::+: :#",
        "#:   / ::O : OO ::O: ::::*: ::+ :::O:::#",
        "#:::+  ** : +: :: :: :::::*   : :: :*::#",
        "#:*O:+*::::+:O: :::: : : :O:+:+:: : +++#",
        "#:::::+: ::O   ::O:*:::: ::O*:OO+:   ::#",
        "#+:: ::::::  :::+O OO*:: :::+: :O O:: :#",
        "########################################"
    ],
    "controller": "script",
    "script": "5994d8713cc1d6947da0b88a/solution.js",
    "limit_frames": 1200,
    "limit_time": 120,
    "interval": 100,
    "fps": 10,
    "commands": "lddldddllulrddurdrdlllll llullullllululuulurrrdddrdlul",
    "outcome": "game-over",
    "score": 21,
    "diamonds_collected": 1,
    "butterflies_killed": 2,
    "streaks": 0,
    "longest_streak": 0,
    "duration_frames": 54,
    "duration_time": 5.4,
    "ai_perf": {
        "processed": 53,
        "init_ms": 12,
        "total_ms": 4753,
        "max_ms": 92,
        "dropped": 1,
        "avg_ms": 90
    }
}
