{
    "cave_source": "generated",
    "seed": 3845481085,
    "geometry": {
        "w": 40,
        "h": 22
    },
    "butterflies": 3,
    "ingredients": {
        " ": 25,
        ":": 50,
        "+": 10,
        "O": 10,
        "*": 5
    },
    "cave": [
        "########################################",
        "#:: *+::   OO::: O:: O:+O:::::::O: O :O#",
        "#:O::: O::+:::::::   O :::: +/  : *OO::#",
        "#:O: :+*O  :::+ : :::::O+*  :  :  +:+  #",
        "# :O: *: :::::::: :+: :  O :  ::O : *::#",
        "#:::O+::OOO::: :::: :::::: +O::O::+:O+:#",
        "#:: O+:: :: :: +*::  +  + : :  O +::::*#",
        "#::+*:+:: :  OO:::  ::::::*::   ::++:: #",
        "#  :   :::: O:+O :O+:: :O  :::O:+::::::#",
        "#:::+:O: +::: : :::::::OO:+:: : ::::O *#",
        "#OO*  O+::::: : +:O:O::O:: : :: :+*:O *#",
        "#:::: ::+ :::::+  :  :::O: : ::: ::: +:#",
        "#   :*::  + + :OO:*::+:::O:: :  :: ::::#",
        "#:::+ ::**  *+ +:::::::::::  +O O: ::::#",
        "#:OOO ::: :O*:+O O+ ::::  :::: ::::::+:#",
        "#:O: O*:   :O *:::: ++: :::O: +O:+: +O+#",
        "#:: *: ::: / :: :: : ::  *AO::::O: ::*:#",
        "#:  +O: ::O  O +* ::::O :::  :+:+ ::O  #",
        "#::::::::  :O:O O ::: :+::: :O:+ O:+:+ #",
        "# ::+: ::O:::  ::  O: :  O+:O::::/ :+OO#",
        "#: O+:::+::  *:::::+O*:  :*:OOO:    +O #",
        "########################################"
    ],
    "controller": "script",
    "script": "5994d8713cc1d6947da0b88a/solution.js",
    "limit_frames": 1200,
    "limit_time": 120,
    "interval": 100,
    "fps": 10,
    "commands": " urruullururrrrruuruuludrddrrurudllluluulldldddlldruuuururrurduuruurrrrddrddduulrluullrllddddrrddrddddllllulldulurllllllludrrdlddllllldrrrdrrururduuurdllllddrrdrduurluuuuuuuuuruurrdduruddrlddld ",
    "outcome": "game-over",
    "score": 2,
    "diamonds_collected": 2,
    "butterflies_killed": 0,
    "streaks": 0,
    "longest_streak": 0,
    "duration_frames": 194,
    "duration_time": 19.4,
    "ai_perf": {
        "processed": 194,
        "init_ms": 11,
        "total_ms": 17250,
        "max_ms": 93,
        "dropped": 0,
        "avg_ms": 89
    }
}
