{
    "cave_source": "generated",
    "seed": 1793380290,
    "geometry": {
        "w": 40,
        "h": 22
    },
    "butterflies": 3,
    "ingredients": {
        " ": 25,
        ":": 50,
        "+": 10,
        "O": 10,
        "*": 5
    },
    "cave": [
        "########################################",
        "#**   +::::::*:*O  : *:  *  :::: : :::*#",
        "#:+: *: O:+:: :: : *:+O*:::::::::+:: ::#",
        "#::O: +::+::: :+ :*+O::O:*: :+O:*OO+*  #",
        "#  O  :O::+  +O*O :+ ::+:::O:::*O:O :O #",
        "#:: :+:+:O:  :::+::+O:O+: :: :++:::::::#",
        "# +: :: ::: :O :O ::::++::*: O OO:: :* #",
        "# :: : :::+:::: :: :+*+::    : ::*::  :#",
        "#O::O:: :O ++: :O:   ::: ::   ::::+  ::#",
        "#O O :::O+: :O:: :+OO *O+O::::*O*:::O: #",
        "#O: :: :/ :+: :::::::::::  ::+::O::++ :#",
        "#O+ ::::   ::O+ ::::+:::O:+*: / : ::::A#",
        "#::+: :O : ::+: : :O   ++:::::  :*::: O#",
        "#::O::+   :: +::O    ::+O: : ::O:+: :+O#",
        "#:*  :: :O:: ::*:::: O:O::O:O* : O +:: #",
        "# O:OO: O::: ::::::* :  :O+    :*O*+ :+#",
        "# : : O*: :O: :*: :  :: ::O:: +: +:O  O#",
        "#:::::O: :: :*: :++O O::++:/ *    :: :O#",
        "#:O:   + :: O :: :::  :::O+   :: :::+::#",
        "#: : ::+::   ::  :: :   *:: ::+:O:+ +::#",
        "#*:::::O**+: :::++:::: : : :  :O:: : ::#",
        "########################################"
    ],
    "controller": "script",
    "script": "59953ebb3cc1d6947da0b88c/solution.js",
    "limit_frames": 1200,
    "limit_time": 120,
    "interval": 100,
    "fps": 10,
    "commands": "luruluullllddlrrrurdrddldllrdlrrddddllldlllururuurdrddllldlllddllllullullllllluldluurruulldr   dddldllulllulurrdruulllulllulldlddddddrrrrrullurr ",
    "outcome": "game-over",
    "score": 37,
    "diamonds_collected": 16,
    "butterflies_killed": 0,
    "streaks": 3,
    "longest_streak": 10,
    "duration_frames": 145,
    "duration_time": 14.5,
    "ai_perf": {
        "processed": 145,
        "init_ms": 5,
        "total_ms": 56,
        "max_ms": 4,
        "dropped": 0,
        "avg_ms": 0
    }
}
