{
    "cave_source": "generated",
    "seed": 2393939099,
    "geometry": {
        "w": 40,
        "h": 22
    },
    "butterflies": 3,
    "ingredients": {
        " ": 25,
        ":": 50,
        "+": 10,
        "O": 10,
        "*": 5
    },
    "cave": [
        "########################################",
        "#:+:+:* : O:+:+:: :*::O:O:::O: *O:OO ::#",
        "# ::O O::::::O+:+: :O:O+: ++:::* : :: :#",
        "#::/ ::::+::: :+: ::::  :::+/ *: ::  +O#",
        "# :  :O :: : :+::O++ : +   :  O ::O :::#",
        "#::::O: +  :::::O: +  ::::O::::*:::::: #",
        "#+: *::O: :+: O + :* :/ :O+  ::::*: O :#",
        "#::++ :O: :::: : ::O:+   :O:: ::::::: :#",
        "#:: :*:: :::O:+:+O ::::+O  O ::  ::O  :#",
        "#  *: ::+: : +::: :+OO::O ::*: * :*:  :#",
        "#:::+*:::: *OOO::: +O::+ :::O*:: :O+  :#",
        "# :::O::O*:::*:::::*++:O:::O : : O:  ::#",
        "#: O:O :O::::  :: ::::  :+: O: ::O*::: #",
        "#*  *  :+: :+O    :::+ :+::* +  OO ::*:#",
        "#  :::*::O :: :*::OO*:::::: +:: O O::: #",
        "#*::O::  ::::  ::: : :::::::::  :+:+:: #",
        "#  ::O::+O : :++:::: :* :++O+:: :+ :O::#",
        "#:O:O::O:::  :::::O *: O::: A:::O  :O::#",
        "#  : ::O+ O O*::::+O : *:    :::: : :::#",
        "# :   :  ::  ::   +O*::+  O+O :: +::::*#",
        "# + ::::::+O::::OO ::::+ ::O*:+O +:::+:#",
        "########################################"
    ],
    "controller": "script",
    "script": "59953ebb3cc1d6947da0b88c/solution.js",
    "limit_frames": 1200,
    "limit_time": 120,
    "interval": 100,
    "fps": 10,
    "commands": "drddl         r uruluuullullurr ",
    "outcome": "game-over",
    "score": 2,
    "diamonds_collected": 2,
    "butterflies_killed": 0,
    "streaks": 0,
    "longest_streak": 0,
    "duration_frames": 32,
    "duration_time": 3.2,
    "ai_perf": {
        "processed": 32,
        "init_ms": 5,
        "total_ms": 25,
        "max_ms": 3,
        "dropped": 0,
        "avg_ms": 1
    }
}
