{
    "cave_source": "generated",
    "seed": 3549037290,
    "geometry": {
        "w": 40,
        "h": 22
    },
    "butterflies": 3,
    "ingredients": {
        " ": 25,
        ":": 50,
        "+": 10,
        "O": 10,
        "*": 5
    },
    "cave": [
        "########################################",
        "#:+ :*:O O::O::::+::: O : ::::*   + ++:#",
        "#::  * :::*:: :: +: : O::* *O::::::* ::#",
        "#:*: *::::A:+ :::+O:: :::  O: * : :++::#",
        "#:**:  ::+:   :: / :: :: ::::  :+ :O: +#",
        "#:: : *::: *: ::O  *+ :: +*::+::+:: ::O#",
        "#: :::O  :::::::+ :::::* +::O::+  +  O:#",
        "#   :::++:/  O:+ :+  :O::+: *+: :O :O::#",
        "#:  O ::+:  :::O : :  :  :::*::O :   O:#",
        "# O:OO::::::::  :*::::*+O: **+*  *:+O:O#",
        "#:O ::    :::::   :+::: +::*/ ::   O:++#",
        "#::*O: : O:O::::   : :  ::::  :+:  *: :#",
        "# ::*+::  ::O::+::O:  :+: :O::+:::O:+:*#",
        "# : *::: :+: : +:::O ::::O::  +O :*+:::#",
        "# +::::*:: : :: :++O :O :O:*:*: :  :  :#",
        "# :::: :::+:::O:O+O::O: :::O+: :::::  +#",
        "#:::O:::::  :::+:::  :O:++: : :::+::O:+#",
        "#::+::::::: ::O + + ::  ::: O++O OO: ::#",
        "#O+  : +: *::+OO:::::O + :O :::: ::: + #",
        "#:::+ O +O:+ :::+:: O:::O:+ +::+  :*:::#",
        "#*+:O+O::*::+ :: O:O O+O   O::: O:::::*#",
        "########################################"
    ],
    "controller": "script",
    "script": "59953ebb3cc1d6947da0b88c/solution.js",
    "limit_frames": 1200,
    "limit_time": 120,
    "interval": 100,
    "fps": 10,
    "commands": "urddlulldlduulddlllluurrdrrrddruuurrdurddlllllllldddddddr  drrdrrrddrddluld       rurdddlll         rruruurrrrullurrruruuruuruudrrrrurruluruurrrrrruuulddllldddddllulllldldrrurruuuldllddlrdllururururddldldludlulddrdrrurrrdrrurl  rdldrddrrrddlldluur urlddrruurdrrrrulludruuurrdlddrrrruulululllulrrulllululldldluurur dddllldddlluluululdlrrdlllulrdddrrrrrululluulrruurddruurddddrrldrldrdll         rrdlllllllllluurruuurdruuruurdddldluldludddrruuuudlurruurdrurddddrdrldrllluluuuuuldlldrdddrurddru       lulddrrrrrdldrdrdllllddrrddlu      urd       lurrruuuldluldl r       rruuuruurluruurrlurrrduuruururrrrrddllllddddlurrddlluuururrrdddddllllruluuldrurdrdllrdlrdldrdlrruuululrrulluurdrrrdddldd lullrulrulrrddrurur         ldlllldrdlddlldluuldlddrrrrr dddrrrdrrrull   llul ddl                                                                                                                                                                                                                                                                                                                                                                                                                                               ",
    "outcome": "game-over",
    "score": 93,
    "diamonds_collected": 33,
    "butterflies_killed": 0,
    "streaks": 4,
    "longest_streak": 15,
    "duration_frames": 1200,
    "duration_time": 120,
    "ai_perf": {
        "processed": 1200,
        "init_ms": 5,
        "total_ms": 533,
        "max_ms": 3,
        "dropped": 0,
        "avg_ms": 0
    }
}
