{
    "cave_source": "generated",
    "seed": 3992073686,
    "geometry": {
        "w": 40,
        "h": 22
    },
    "butterflies": 3,
    "ingredients": {
        " ": 25,
        ":": 50,
        "+": 10,
        "O": 10,
        "*": 5
    },
    "cave": [
        "########################################",
        "#:: :   ::/ ::: O**OO :: +::    O :    #",
        "#  :+ :: :  O+O:O:+: :::::::O::::::O+::#",
        "#: ::+O*:: ::::: :+O:::: ** +:*:OO:*: :#",
        "#+O *:::+  :O:: :: O  O  ::::::  : O::O#",
        "#:*  :O::O::+: :  ::*  :*OO:: :+:+: :::#",
        "# O:+++::O: :::::: O :: : O :::::::+:O:#",
        "#:::   :+ ::::::::::::::O:OO:::O::: :*:#",
        "#*::::: :::*::::: O: :::::+O+:::: ::: O#",
        "#:::::: :::+: +: ::O::::*+:  ++O:::  :+#",
        "#:::::::+:OO O :O: ::* +: :+: :*::O::+:#",
        "#:::O::+  ::  :::::+:: : :O:::  ::OO:::#",
        "#  :::+:  O::O*:O /   ::: : A:: :::::: #",
        "#: +  :: :+*::O +O   :: : :+O*:::::::: #",
        "# ::*:: :: :*:: :*:   :*:+ :::*+O: :O: #",
        "#: +::::*+ :  +: +:: : : *+:+:::::::+ :#",
        "#+::O  :::+::::O::::: *: ::   :::: ::: #",
        "#/ :++O:: O::::OO :+  ::O+: :+::::::O::#",
        "#  :  :+: :::::   :::  : :*:: :O::: :+ #",
        "#:::::O:O: :::+O ::+:O::::*:*:::O: ::  #",
        "#: ::OO::O :::::::+ :*::::::O: :::O++:O#",
        "########################################"
    ],
    "controller": "script",
    "script": "59953ebb3cc1d6947da0b88c/solution.js",
    "limit_frames": 1200,
    "limit_time": 120,
    "interval": 100,
    "fps": 10,
    "commands": "rdrrul ulldrdrddldldllddrrul   ulululldddllrrdldlll         rruururddrrrdlll rrr ulllldll         ruullluuludluulldlulurrrrdrlrdldlllldrrrdll rdlllulluuuullllllrrruulllluuuururrrrrlddlullluur         ldddrrrullurrrruddrrdr urulullulullldrruurullullddlddddddrrldlddddulddrdrrurrdrdrdrurdrrrruuluululdu  rrrrldluuuurrlruuururrdrrrrurruurrrrrrul       ddlldrrrdldrrrruurdrdrr         ldr          ",
    "outcome": "game-over",
    "score": 63,
    "diamonds_collected": 23,
    "butterflies_killed": 1,
    "streaks": 2,
    "longest_streak": 9,
    "duration_frames": 394,
    "duration_time": 39.4,
    "ai_perf": {
        "processed": 394,
        "init_ms": 6,
        "total_ms": 202,
        "max_ms": 4,
        "dropped": 0,
        "avg_ms": 1
    }
}
