{
    "cave_source": "generated",
    "seed": 1433207342,
    "geometry": {
        "w": 40,
        "h": 22
    },
    "butterflies": 3,
    "ingredients": {
        " ": 25,
        ":": 50,
        "+": 10,
        "O": 10,
        "*": 5
    },
    "cave": [
        "########################################",
        "#:  / :: : :   O:O+: ::: ::O::::::  *+O#",
        "#: :  ::::::::: :*: :::O:+O: +:::::::::#",
        "#:: :+ ::  O:::*:::  ::+  OO:: +:::O:+ #",
        "#  :+::+ : ::+ :::+ :::: +  :  O +::+ +#",
        "#+:*: :  :O   :O :  O  *+::::+:::: +O*O#",
        "#O*O:::::+ O*::::: *:  O:*  / :: :: O :#",
        "#: :O :+O :O : :::O::::::: :   * O::+++#",
        "#:O:: +::::::O::O*:  :: ::::O:   :: *::#",
        "#O *O*+:O:+:+ :::* OO *: :+O:* +: :O:: #",
        "#OO+:::::::::::::::::: ::::O::: :O: :*:#",
        "#:O:   ::::O::O : :+ ::   :O: +::+: O:*#",
        "#+: O:O*:: ::::: *::::: :+  OO+ :::+:: #",
        "#*: :: :::::: : :O: : :::*:: ::   :: O:#",
        "#:::: O ::: :::++::::: *+ +   : ::O::::#",
        "#*: :::O::*O+: +:+:: +::: ::O:: ::::/  #",
        "#:::+::::: ::O:+ : : :::: O::+::: :   :#",
        "# +++:+:  ++:O :: ::+:::+ :**:+: O+: ++#",
        "# :::: :* O *  :*: :+O A:+:   :: ::*   #",
        "#: :::: :::  : :::+:: O ::::  :: O:+:::#",
        "# :::+:: : :O:: *::   : O:: ++ ::  O + #",
        "########################################"
    ],
    "controller": "script",
    "script": "59944c4c3cc1d6947da0b883/solution.js",
    "limit_frames": 1200,
    "limit_time": 120,
    "interval": 100,
    "fps": 10,
    "commands": " uuuuuu uu l uu u ullllldddddd l l lll lll l l l l uu uullluuurrdlddduuuurrrrrrrrrdduuuurrrrruddddddrrrrrrruurrrddluu udrrrdddrllllrlluldurrrdurrrrr rrrrddrddrllddrrullllrddddrrddllulllldlllluullulllllldllldddlllullllluuurrlddlllllllluuuuurdrrurdddrrruurulluuurrrrrrrurdrrrddrrrurddrrrrrrrrrr urruuuuuu uuuurrulllllldrrdruldddlldrrruld d d dd  l l l l l l l l  l uuull lllllld l l l lll l ldd lll r drrrrrddrrdrddldrrrdddududrruurrdrruuruurrrrrdrdrddudududuuddrururulluurrdrudllllluuuulllldld l dlllldrruuruuu lll l  dllllllrru  u u u u r rruulruuudlllllllldlulurrrrrdrrrrrrrdurudrd ruurd ddllluuurrrrrrrdduduulrddlrddrrddu d u uuurluurl ldddudrrruurrrrrrrrlldlduuldddd rd u l uuddrrrrlll d drrdu r dd ddddddllllulluuulurdlurdrruu  l l  l l  l  l  l  l  l  uu u u ud l l u u ",
    "outcome": "game-over",
    "score": 396,
    "diamonds_collected": 50,
    "butterflies_killed": 2,
    "streaks": 1,
    "longest_streak": 48,
    "duration_frames": 775,
    "duration_time": 77.5,
    "ai_perf": {
        "processed": 677,
        "init_ms": 6,
        "total_ms": 34165,
        "max_ms": 248,
        "dropped": 98,
        "avg_ms": 50
    }
}
