{
    "cave_source": "generated",
    "seed": 3327473774,
    "geometry": {
        "w": 40,
        "h": 22
    },
    "butterflies": 3,
    "ingredients": {
        " ": 25,
        ":": 50,
        "+": 10,
        "O": 10,
        "*": 5
    },
    "cave": [
        "########################################",
        "#::  :  O::  :::  :::+:::::++::::O +:/ #",
        "#+   :  ::O*+:  : : + : :/ ** *::+O+   #",
        "#:::+:   :O::  :++::+O:::  *:+ O::  ++ #",
        "#+:+ O:*: *O :+:+:* + ::  : :* +:::+*: #",
        "#:::O+::OO:  +::O:::+  O ::**::::::*:::#",
        "#:::*:: :::::+ +:: : ::+OOO   :O::O :::#",
        "#:+::+ ::: :::*+O*::*  O : :+: :+:::O::#",
        "#::: :O ::OO: +  :  :::::+:: :*:::::  :#",
        "#:O: ::+ :+*  :+::   :O* :/ :O:::  :::+#",
        "#:::: O :+* :O: : ::+::O::   ::::+::++ #",
        "#O::+:+O::* :  :OO O::+:: :*:::O::    :#",
        "#:::+::   ::+::* :: : : : ::O: +:++:  O#",
        "#+++ +:O+:+ :O:+ O: O: +:: :O:O :::: +*#",
        "#: :: +:: O:+:::*:*::::::+ : :* +:::O: #",
        "#:O+::+A:O+ + ::+:+: +:::::+:O: :+O:O:O#",
        "#* O: ::*::O    :O+: ::::O:  : :: :::::#",
        "#:+*:+:*:+:: *::O:  ::O:O+: : ::*O:  +:#",
        "#:::  :::O :+  : O:*:O : :   :::::  +::#",
        "#::::O::O:O :+O+::::O:+ ::*  ::+*:: +:O#",
        "#O:: :: : :+*: ::+O:::  ::: :O ::: : ::#",
        "########################################"
    ],
    "controller": "script",
    "script": "59944c4c3cc1d6947da0b883/solution.js",
    "limit_frames": 1200,
    "limit_time": 120,
    "interval": 100,
    "fps": 10,
    "commands": "ddurrrruuuuuludurrrrddrlrrrrrrrrrrrruuuuruuuddd ddddddddrullluurdduuurrrrdddddddduuuuuuuuuuuurdddllddrdddddddullldlururrrrrdulluuuuuuuuuuuuuulluulldlllldddldlluuulldddrdddddddllllddddduurrrrdrddrrrrrrruuuuulluuu uuulrrrrrurrrrrrruuruurdddruulllddllululllddulrrrddllrrrrdrdlldrrllddlldddddduruurrrrrluurrrlddlllddldrdrrruududdlru                                                                                                                                                                                                                                                                                                                                                                                                                                                                                                                                                                                                                                                                                                                                                                                                                                                                                                        ",
    "outcome": "game-over",
    "score": 308,
    "diamonds_collected": 57,
    "butterflies_killed": 3,
    "streaks": 4,
    "longest_streak": 38,
    "duration_frames": 1200,
    "duration_time": 120,
    "ai_perf": {
        "processed": 1198,
        "init_ms": 6,
        "total_ms": 12047,
        "max_ms": 108,
        "dropped": 2,
        "avg_ms": 10
    }
}
