{
    "cave_source": "generated",
    "seed": 3666979231,
    "geometry": {
        "w": 40,
        "h": 22
    },
    "butterflies": 3,
    "ingredients": {
        " ": 25,
        ":": 50,
        "+": 10,
        "O": 10,
        "*": 5
    },
    "cave": [
        "########################################",
        "#:::+:: : ::*:O::::*+:: O+ O  O :+:: : #",
        "#::O:::::  ::/ : + ::/ + + O ::  ::: O:#",
        "# : :::: ::**    O::O  :  ::::  :::O:  #",
        "#::: :O :::O:::*:  ***: + ::::*OO :::::#",
        "#    / :+:::: ::+::OO::::O::O:+*+:  :::#",
        "#::::   +:::::++: *O:  *+ ::+ *O:::: * #",
        "#:::::: :+: ::O :O:O:::O +:::OO+:  O: :#",
        "#O: :: :: +*:+  :::::: *::: : *O:O:::+*#",
        "# ::: :*O ::::+*:O :+:  O:  : O:O    * #",
        "#: +::::::::::O: : :::*:*:O:+:  OO:::::#",
        "#: O:O*::+ :::+:OO: : ::: :::::O:  O  :#",
        "#: O::: ::   ::: : ::::  :::: O :O:  ::#",
        "#+:  ::* + : + :O:+:O:O:::::+ ::: :: :+#",
        "#  +:+  : :::+::: :    :++  ::::O: :+:O#",
        "#:+::O :O ::*OO::::O:::::  :: +*:+  : :#",
        "#:::+::  ::: O O :::::+    OO:: +:  :::#",
        "#::+: : : :++:  +::+O ::: +::O:O  +:++:#",
        "#*+:+  ::O+::   +:::*: :: ::::::::** :O#",
        "#:: :::: :::* : : + :: :  : +::: :* O:+#",
        "# A   +:: ::* ::+::*:O*::O:: O+:::::*+O#",
        "########################################"
    ],
    "controller": "script",
    "script": "59944c4c3cc1d6947da0b883/solution.js",
    "limit_frames": 1200,
    "limit_time": 120,
    "interval": 100,
    "fps": 10,
    "commands": "uludrrrrrruuuuulrrrrrruuuuuuuuuuuulllldrrrrldrrdrruurllllllllllllrrrrrrrrrrrrrrrdlddddrddrrrruurllllddllrrrdddddduuuuuuuuuuulluu uuddddddddrrrrrddllldddddddlddlurrrduurrrrrrrrrrrrdrdrlllulldrulllruluuuuuuurrulrurrrrrrruulldllllllllllllllllllddrllluldddlllddddrddddllullllluuuuuuuuruudrrrruuurrrrrdrrrrrrrrrdddrrdrrllddrrrrddllrdruuuur l ",
    "outcome": "game-over",
    "score": 230,
    "diamonds_collected": 60,
    "butterflies_killed": 3,
    "streaks": 6,
    "longest_streak": 18,
    "duration_frames": 337,
    "duration_time": 33.7,
    "ai_perf": {
        "processed": 336,
        "init_ms": 6,
        "total_ms": 10203,
        "max_ms": 116,
        "dropped": 1,
        "avg_ms": 30
    }
}
