{
    "cave_source": "generated",
    "seed": 4254894498,
    "geometry": {
        "w": 40,
        "h": 22
    },
    "butterflies": 3,
    "ingredients": {
        " ": 25,
        ":": 50,
        "+": 10,
        "O": 10,
        "*": 5
    },
    "cave": [
        "########################################",
        "#:*: :: +:OOO :   : ::  + *OO:O :  :: :#",
        "#::::O::    : : : :: :: : :*::*O::O*:  #",
        "#:: :::::O  :: O+:::: :+::::::+ :::::  #",
        "#: O::::::O *:*O:O   +: :::::::+:::: O:#",
        "# : :+:: :O   :: :::: * O ::::+:O O:O:+#",
        "#*+ :* O:::::O++ O:O  +::: O+:O::+ :AO:#",
        "#O*:: O:OO: ::O:   O:*:::: ::::*  :: +:#",
        "# OO O::  *::/  O:::O:*  :: +: O:+::  +#",
        "# :  ::  O:+:  +:O  *O  : :*:  :::::O+ #",
        "#: +::::::::::O:: +:++ O::O:  + :+:::::#",
        "#:+::**:+:::::+::+ ::  :::::::O :+:: ::#",
        "#+:+ ::++:+O+:   ::O::+O+ *  :  : :   :#",
        "#:+  ::::: :O:::: +  :::::::O: :: +:::O#",
        "#: +O:+ ++:/ :+O:: *:::: O: ::: :: :: :#",
        "#*:: +  :::  O++::O : : :+:: O:::+ O: O#",
        "# ::+: ::: ::: :: :++:  :+  O+::  : +::#",
        "#::: : ::::   ::O:    :: :::O::::: + * #",
        "#   ::: :::O::: * ::::::+/ :+ :: : ::O #",
        "#::: O:: :O::: :: ::O O:   ::OO:++::  :#",
        "#:: O:: O:*::::+:*::::: :*+:O*  : : :+:#",
        "########################################"
    ],
    "controller": "script",
    "script": "59944c4c3cc1d6947da0b883/solution.js",
    "limit_frames": 1200,
    "limit_time": 120,
    "interval": 100,
    "fps": 10,
    "commands": "dlllllllllddddddddddddlldullrrruurrddllldllllllllluullldrrruu  uuuulllllrrrrllduuuuuuuluurruldddddlddlddddldurrdrrrrddldldllllluuu lluuuuluuluurulullllduuuuuuurrrrrdrrrrrrrrrrrrdddrrrddddllddrrrrrrdrruuuuuuuuuuludrrrrurrrrrddddddlllddddddddddrdrrrrrlllllllllllldlllllllllrrrruuuullrurullullluulllllluuuuluulllllurrrrdddlddududuuuldlluuuulrrldllurrrrrrrurrrrrddllddrrrrrrdddrrdruurrurdddruuuuulurrddrrruuldrrlddrrururulu r drdrdddddlddrurrdddlldlllldddluuuluuulllddllldldddrdldllulluuddlullllulldllllllllulldrdddlurrrurrddlruruurud druuldrrddluuldrurulllllrdllluululdrrruruurdrrruurlddudllluuurrldllldruurlrludududuulluuulurrrrrrrdr rdddlddlruulrurrdurrrldurrrdldruuuuuurru r r r ddullrlrlrrdrruu r ddrddd ddrrrudrrrrrurddrrrdulddrllllldllddddrurrdlllrlrlrludrludrlrlrlrludllluuudddlllrudllrllrrlrrlrlrrllrlrlrlluuuurdrdruuulluuldlddldllrlllldrulluululurluurru uuuldrdd r r r r r r ddllluu l r ud l l l dlrrru uuuuuudrrurdrrrrurrrrldududullld ud l r ddddudld l l l r r r r r r rr uuluuudul l l r r ud drldduldldd ll lr r r r r rl du dlu uuuluru du r l l l r ud ud dddllrlrdrlld rr du lr dludlu lldlrlrrudddurrllrrruu ud r r l l ddudu dulllru llrdddrdrllldllluruurrlrrrudruuudururlduuddlrrd l l l lr r ",
    "outcome": "game-over",
    "score": 236,
    "diamonds_collected": 54,
    "butterflies_killed": 3,
    "streaks": 3,
    "longest_streak": 26,
    "duration_frames": 1200,
    "duration_time": 120,
    "ai_perf": {
        "processed": 1111,
        "init_ms": 6,
        "total_ms": 41324,
        "max_ms": 272,
        "dropped": 88,
        "avg_ms": 37
    }
}
