{
    "cave_source": "generated",
    "seed": 3208952544,
    "geometry": {
        "w": 40,
        "h": 22
    },
    "butterflies": 3,
    "ingredients": {
        " ": 25,
        ":": 50,
        "+": 10,
        "O": 10,
        "*": 5
    },
    "cave": [
        "########################################",
        "#O  :+::  O :::::::::: : O::++: ::: :  #",
        "#:O * ::O:  :/ : :::  :: ::: *+  O ::O*#",
        "#: ::::+::: :  : :*  :::::+:::::: :: ::#",
        "#O  O:+O::  ::+O*  +:+::: :+::+:*:+ ::O#",
        "#:+ :O++::+:+:::: :/ : :: O*:: ::::+:: #",
        "#: ::+::OO::O :+:O:  O:   ++  : :: ::::#",
        "#:   :::   OO:+:  :::* :: :O ++: *  +: #",
        "#   : : :*::+O :+O* :*:O:+ O+ * :: ::::#",
        "# *::O+ ::*:::*::O ::O:*:O:   ::*OO::+:#",
        "# :O*O+:::+ :*O:++:  :+::+ O*:  +*:::  #",
        "#+:::  :  :  : ++:::*::+::+:+:::::O:: :#",
        "#:: *+:O+:  O::O*::+::: O::  *: : :::O:#",
        "#*::O: :O  :::*: O: ::O :+::O:::+: +::+#",
        "#: +*+:*+:::+:*:::* :: :::::*   :: :+::#",
        "#::: +O:: ::O: : :::O:+  O*: *:: ::OO+ #",
        "#+:::: :  *::O:OO:::O::::: : : :: +:+ :#",
        "#:::O::A  :/ ::::::   O+O OO::: :::::::#",
        "#::*:::: +:  +:+ O+:  :::::O+:  :O: ::*#",
        "# : :*  :::++:O::::::: :+:  + :O  :O:* #",
        "#: :*:O O:  :   :: :O:: ::*O : : :: +:O#",
        "########################################"
    ],
    "controller": "script",
    "script": "597a333cd1c5e44f74358078/solution.js",
    "limit_frames": 1200,
    "limit_time": 120,
    "interval": 100,
    "fps": 10,
    "commands": " dllddlulluuruurllluuuruuurrddl dldruuldddrrrdrruuuluuururrurrrdrrruuuruluurruurullllddlll",
    "outcome": "game-over",
    "score": 36,
    "diamonds_collected": 13,
    "butterflies_killed": 0,
    "streaks": 2,
    "longest_streak": 7,
    "duration_frames": 90,
    "duration_time": 9,
    "ai_perf": {
        "processed": 88,
        "init_ms": 6,
        "total_ms": 1202,
        "max_ms": 123,
        "dropped": 2,
        "avg_ms": 14
    }
}
