{
    "cave_source": "generated",
    "seed": 770780866,
    "geometry": {
        "w": 40,
        "h": 22
    },
    "butterflies": 3,
    "ingredients": {
        " ": 25,
        ":": 50,
        "+": 10,
        "O": 10,
        "*": 5
    },
    "cave": [
        "########################################",
        "#  ::O *::O::O:+*O::*:::::::: : O:  : :#",
        "# ++ ::+:O:  +  : :O:+ ::: : O: OO :+ :#",
        "# :::+::::O: +:::** :::: : : *+:O:: + :#",
        "#::::+:   : : ::::::::::: :O::O::   +  #",
        "#:+O+ :: :::: : :O:::O/  + O:::+::::O* #",
        "#:: : ::    O ::O+ *:   :: : :O::::::: #",
        "#:OO+*:::O:::O:::+O+:*O:*+:::::/ *:  O:#",
        "# :  ::+:: :*+ +++O :::: +:::::  :: O: #",
        "# : :   : :::::+*::*:: ::::O  :: :: O::#",
        "#:O++::  *:+:O:+::::: :* O ::O :  *::::#",
        "#:   + ::*: :+:**::  O::+::: : ::::::+:#",
        "# : :: +:*:::  : :::: ::::**::::: :   :#",
        "#:: :  +: +    : :+* :: : ::+: + O++*: #",
        "#: +:*:O:::: :  :: A :::  : :O* :: :  :#",
        "#: ::: ::::: :+ : :::::*::: ::O  +O::O:#",
        "#  O*:: ::*::O: ::+::O: O:+ O::::+:::  #",
        "#: *:: O: :  +:: :   O:::::+*: ::::*:::#",
        "#+:O:* ::O :+: :::: O: + :: ::O* +*:  :#",
        "#:+::+:++::::  :::::  : ::O:+::: :/  ::#",
        "#O:::: *: :+*::+:: :O:::::+ :O::::  : +#",
        "########################################"
    ],
    "controller": "script",
    "script": "597a333cd1c5e44f74358078/solution.js",
    "limit_frames": 1200,
    "limit_time": 120,
    "interval": 100,
    "fps": 10,
    "commands": " uuuuuldlulddlddrdrrrdrrruuuruuuurdrrdddrdlddlddllulddddrrruurrrururrddurrrruruulllldd",
    "outcome": "game-over",
    "score": 55,
    "diamonds_collected": 16,
    "butterflies_killed": 0,
    "streaks": 1,
    "longest_streak": 16,
    "duration_frames": 86,
    "duration_time": 8.6,
    "ai_perf": {
        "processed": 85,
        "init_ms": 5,
        "total_ms": 1025,
        "max_ms": 105,
        "dropped": 1,
        "avg_ms": 12
    }
}
