{
    "cave_source": "generated",
    "seed": 3287234924,
    "geometry": {
        "w": 40,
        "h": 22
    },
    "butterflies": 3,
    "ingredients": {
        " ": 25,
        ":": 50,
        "+": 10,
        "O": 10,
        "*": 5
    },
    "cave": [
        "########################################",
        "#::O::*::::O*:  ::::: ::  ::*:::: ::+:+#",
        "#::+::  ::: :O+: +: :+ :O+:*   *:::+ ::#",
        "# O:O * :  :  : ::::+:O   :+:+ : : O:: #",
        "#:::  :+ : :O+:  :+ : ::  ::O   :*:::: #",
        "#::+::O :+O++:+  ::O*: *OO::  :O:::: ::#",
        "# O:*:::O*:: +::: :: *::::  O:::  :::+:#",
        "# O:*:* ::: :O +:O::O+O++O::::+  :/ O*O#",
        "#: +  : : :::O: :: O:: : : :O:::::    +#",
        "# + :O :+O :: : O: +::  O : +*:/ :: :: #",
        "# ::+ *O: ::+:*   :+ :::+ ::::   : : O #",
        "# :::O+: O::::*:: ++:: +:  O:::::::+O :#",
        "#:+:*:O::::::: : :O   : O+  ::O+:::+: :#",
        "# :::: O:::++ ::::::O  O :: : :++**O* :#",
        "# ::  +O  O:   ::* O:: O+: *: :  *O::+ #",
        "#: :+:+: ::+::: : O:+:O  *+:O::*:: :*::#",
        "#: : / :O  : :::::+ ++: :++::::OOO ::::#",
        "#::    :: : ::+ :::+**:: :+::: : :::++:#",
        "# :+O+O: :O::  :+::::::    : ::+  :+  :#",
        "#:::+:::+  :: :*:O:  ::::  O:::O ::+   #",
        "# :  + :+::::: : :+O*+:   +::OO*:OA: +:#",
        "########################################"
    ],
    "controller": "script",
    "script": "5995a2c23cc1d6947da0b897/solution.js",
    "limit_frames": 1200,
    "limit_time": 120,
    "interval": 100,
    "fps": 10,
    "commands": "uuull ll  dl l lll l l l l l llulll dl l u l  l l l llu  lllludrludrludrludrludrludrldurluu u r rurrrrr rr r u ur u u r r rrrrrrrrrr u r rrdr ruu  ll   u  r  d  r  r  r   r u  lu u d d  l  l  d  l  l  l l l lllluurur uullllllllllldldllulllllldrrrrddldldl l d urrrrruluuuurrrrdluurrrrdddddrrrrrrrddrdulllulrdrrrrrrlrrddr r uru drdlur lr d dllluluuu r u u uuulrrrr  d d d d r d d d d u  r r rrru drddddddlluudllld rdddduullllduu ululllldlddldllldduullluuul l lulruu d ddrdddddlul u u l lluluuruu llldldllllddddr lurrrrrrrrrrrurr r u u rrrurrddrrddrdrdrrrr  uldr               u udd  l lldllllruuurulrrlldd lddrrrrlllllduurrrrrrrrr         uldr            ldr           uud       r           uu dd               uu dd    d           ud        u           dl           ldur           rl      r           uud           uu dd           uu dd    l           rl        ud           ludr              r d             ud        u           ld           ur        d           ud       l           uud           ud       r           ud           uld      d           ldlr  ur         ru           uu dd           uld           du           rud      d           ul        ud               d u              dr     ",
    "outcome": "game-over",
    "score": 430,
    "diamonds_collected": 59,
    "butterflies_killed": 3,
    "streaks": 2,
    "longest_streak": 47,
    "duration_frames": 1200,
    "duration_time": 120,
    "ai_perf": {
        "processed": 1053,
        "init_ms": 6,
        "total_ms": 70871,
        "max_ms": 320,
        "dropped": 147,
        "avg_ms": 67
    }
}
