{
    "cave_source": "generated",
    "seed": 87289870,
    "geometry": {
        "w": 40,
        "h": 22
    },
    "butterflies": 3,
    "ingredients": {
        " ": 25,
        ":": 50,
        "+": 10,
        "O": 10,
        "*": 5
    },
    "cave": [
        "########################################",
        "# :+ +O: :+O :OOA::::::+: +:O   :: : ::#",
        "#:: : : O:::+O:::O:+ :  O:O:::  :: ::++#",
        "#:: ++::  :++O::+ :: *OO   :: :*::::O+ #",
        "#::::O: O: + :+ :::::  : ::::: ::: :: :#",
        "#+O +  :*:O : *  O :::O: O :+:   +:: ::#",
        "#:O  * OO O:::*::*:: :::O:O  +O :O::+: #",
        "#:OO  O:*:::::::: O:+::O O:O::  +: +:*:#",
        "#:: :O :+::::*: +O:::O+:::::: :::: :++:#",
        "#: ::::O::: *O  :O:: * :OO::: :+ ++:+::#",
        "# : : :::: :+  +: :O :::+:O::::  O +: +#",
        "#::::: ::+::OO::O::::O ++: +::O :::*: :#",
        "#:*:+ :: +:+  O + : ::+::O: :::::::O*:+#",
        "#  +:  : +  ::*::: : O : : +  :: : +: :#",
        "#:O +: :O:O* :*  :  :: :: ::: *:::: :: #",
        "#:    +: +*::O+:*::  +:O:::+ : O: +:/ :#",
        "#:* : :::: :/   O:+:+: ::+*O +: :: :  *#",
        "#   :+:O: ::  :O +O*:::: ::+::: :+:::OO#",
        "# :+ :::: :+ O::::: :O/ : :::+:*:*O:::*#",
        "#  +::+: +*   ::++:  :  +:*O:O: :+:::::#",
        "#O:+:+:::+: *++::::O :::: : O  ::: :: :#",
        "########################################"
    ],
    "controller": "script",
    "script": "5995a2c23cc1d6947da0b897/solution.js",
    "limit_frames": 1200,
    "limit_time": 120,
    "interval": 100,
    "fps": 10,
    "commands": "rdrdd  d  d r dddrdd d d d rrddrdrrrdlddllllulu l lllllu l u u uu llluuu drrdr du r d d r r r r r r r r r r r rrr r r  r  r  r rr  lrruruulururuuuuulllllll l lllllldldllllllldll l l llluuuuullllllddrrddd rrrulu durrrrrrd r d   u ururrrr r r ddllddllr rrdrr rrurrrrr rrruludrdrddrdd drrrrdlddrrllludlludlddrlddrrururrrldllulllldllllllll dr llurrruuurrurru dddddllllllldlulldulldlllulrururllullddrldlluuurulr dlllllllll d u rrddrrrrurrrrrdrd         ul          l           ulrd      r           rud               lr       ud           rudl           lud           rud           rudl             l u d           uudd           lr           lr       l           uludld           lr           ud       ud           uudd           ud      l r           llrr           uudd           uldr           uldr    lr           uudd           ur    ud ud rd     rl           u  r  d            rl           rrl           uudd           uudd    ud           lr           lud           lud           rr       ud           rudl           lu d               u rd           rudl           rrll           uudd           ud      rl           ud      ud           lud           lud           rud      ud           lr      ",
    "outcome": "game-over",
    "score": 410,
    "diamonds_collected": 54,
    "butterflies_killed": 3,
    "streaks": 1,
    "longest_streak": 52,
    "duration_frames": 1200,
    "duration_time": 120,
    "ai_perf": {
        "processed": 1118,
        "init_ms": 7,
        "total_ms": 61525,
        "max_ms": 240,
        "dropped": 82,
        "avg_ms": 55
    }
}
