{
    "cave_source": "generated",
    "seed": 1433207342,
    "geometry": {
        "w": 40,
        "h": 22
    },
    "butterflies": 3,
    "ingredients": {
        " ": 25,
        ":": 50,
        "+": 10,
        "O": 10,
        "*": 5
    },
    "cave": [
        "########################################",
        "#:  / :: : :   O:O+: ::: ::O::::::  *+O#",
        "#: :  ::::::::: :*: :::O:+O: +:::::::::#",
        "#:: :+ ::  O:::*:::  ::+  OO:: +:::O:+ #",
        "#  :+::+ : ::+ :::+ :::: +  :  O +::+ +#",
        "#+:*: :  :O   :O :  O  *+::::+:::: +O*O#",
        "#O*O:::::+ O*::::: *:  O:*  / :: :: O :#",
        "#: :O :+O :O : :::O::::::: :   * O::+++#",
        "#:O:: +::::::O::O*:  :: ::::O:   :: *::#",
        "#O *O*+:O:+:+ :::* OO *: :+O:* +: :O:: #",
        "#OO+:::::::::::::::::: ::::O::: :O: :*:#",
        "#:O:   ::::O::O : :+ ::   :O: +::+: O:*#",
        "#+: O:O*:: ::::: *::::: :+  OO+ :::+:: #",
        "#*: :: :::::: : :O: : :::*:: ::   :: O:#",
        "#:::: O ::: :::++::::: *+ +   : ::O::::#",
        "#*: :::O::*O+: +:+:: +::: ::O:: ::::/  #",
        "#:::+::::: ::O:+ : : :::: O::+::: :   :#",
        "# +++:+:  ++:O :: ::+:::+ :**:+: O+: ++#",
        "# :::: :* O *  :*: :+O A:+:   :: ::*   #",
        "#: :::: :::  : :::+:: O ::::  :: O:+:::#",
        "# :::+:: : :O:: *::   : O:: ++ ::  O + #",
        "########################################"
    ],
    "controller": "script",
    "script": "599626403cc1d6947da0b8b1/solution.js",
    "limit_frames": 1200,
    "limit_time": 120,
    "interval": 100,
    "fps": 10,
    "commands": "lruulururdrllurddlrdrlrddduurudrrrlrrdrdludurdrddurrudururuuuudruurururdruddudrrdrruuurrruludruudruuuuluurrururlrrludddrdudddurrdrrurduuddlrrrdruldulllllurdrurrruuullrlr",
    "outcome": "game-over",
    "score": 4,
    "diamonds_collected": 4,
    "butterflies_killed": 0,
    "streaks": 0,
    "longest_streak": 0,
    "duration_frames": 169,
    "duration_time": 16.9,
    "ai_perf": {
        "processed": 169,
        "init_ms": 28,
        "total_ms": 1377,
        "max_ms": 50,
        "dropped": 0,
        "avg_ms": 8
    }
}
