{
    "cave_source": "generated",
    "seed": 2445352202,
    "geometry": {
        "w": 40,
        "h": 22
    },
    "butterflies": 3,
    "ingredients": {
        " ": 25,
        ":": 50,
        "+": 10,
        "O": 10,
        "*": 5
    },
    "cave": [
        "########################################",
        "#::O **O: +:: +::O*: ::+::::*: :::++OO:#",
        "# :+::O:+: O*+ : :: O::O : :O  :::  :  #",
        "# +O::    : :::+:*:::: ::::: :::*O+::: #",
        "# ::    :* :: : *+:: : :O:*: :/ :  O*: #",
        "#+::O* ::: :  +:::::::O::+*: :  +::*:::#",
        "#::O+: :::::: O:* O  : O::  :::*:::+ O #",
        "#:  +:O::::O : +::::::: O :: :: :* :+ :#",
        "#+ :O:: : O ++:: :  O :*+::::+ :: OO:O:#",
        "#: ::  : O::+ :*:::: O:::::  :O:+* * O:#",
        "# ::+:: + O: ::+ :+::: +:O+*O:::O *::*:#",
        "#::+*   ::O+ : :::   +:::+: ::O::** O::#",
        "#:*  : O::::*:+O::  :  : ::*:+::::   : #",
        "#:: :+ :: :O ::: : : :::::+ O :*: : +:*#",
        "#: ++::::: :+O:   :AO::+:: : ::   :::::#",
        "#:O :   :  :: :::  ::  O:::: :O+ ::* ::#",
        "#:O:  O:+ +:::::::  ::   : ::  : : ::+O#",
        "#::  O:: : : +:OO+ + * :*:: O:+:++ :: :#",
        "#O::      ::+:: :  ::+ :/ :::/ ::+O :: #",
        "#: ::O O+ ::::: :: *:+:+   *:  * ++: + #",
        "#: :+::+ ::  O+ *:::::++::::    :   :  #",
        "########################################"
    ],
    "controller": "script",
    "script": "599626403cc1d6947da0b8b1/solution.js",
    "limit_frames": 1200,
    "limit_time": 120,
    "interval": 100,
    "fps": 10,
    "commands": "rlrrlurrrrurddrllrudrlrlduduruurduudrlrurduuullruururludlurrrurudrrrrrrlurdrurururudruuurduddudddduuudurrlrrluluurdrlrurruulrrudlrllrlruud",
    "outcome": "game-over",
    "score": 7,
    "diamonds_collected": 4,
    "butterflies_killed": 0,
    "streaks": 1,
    "longest_streak": 3,
    "duration_frames": 138,
    "duration_time": 13.8,
    "ai_perf": {
        "processed": 138,
        "init_ms": 27,
        "total_ms": 994,
        "max_ms": 47,
        "dropped": 0,
        "avg_ms": 7
    }
}
