{
    "cave_source": "generated",
    "seed": 3042814269,
    "geometry": {
        "w": 40,
        "h": 22
    },
    "butterflies": 3,
    "ingredients": {
        " ": 25,
        ":": 50,
        "+": 10,
        "O": 10,
        "*": 5
    },
    "cave": [
        "########################################",
        "#::++* O:+:: ::: : O::O O:::::O:*: :O: #",
        "#:   :::  :+:: ::* ::*O:+O:: :+  :* :: #",
        "#::  :::: O  :: :  * :+  ::: ::  ::+:: #",
        "#:: :  :+:O+:O : *O  O+::   :::  :   O #",
        "#O::*:: O++O: OO*O:O */  :::O:::OO: :+:#",
        "#:::::+:: ::O:::O :: :  O: + +*  **O+ +#",
        "#+::+O:::: O  : : :::+ :*O:: ::: O ::::#",
        "#:O+::O::O+:   ::::::*:O:::+:: +*::::+O#",
        "# O*+ :: :*:  O::::::: ::O:O: :  :O: +:#",
        "# :::+  ::: ::  :: ::::: :O::+O::: :: :#",
        "#+ **O+ O:+ ::: ::+ O *:O:::::  :: OO :#",
        "#:::O+: :::+ *::*:: ::::*+:: :+O:++++::#",
        "#:/ +: ::O:: :: O:  :::*: O O+ O:+: :/ #",
        "#+  +:::O:  **: ::: O:  ::: *  + : ::  #",
        "#:::++  ::: ::::: ::::: :+*: : O: +:+::#",
        "#::  :::+:::O+::::+:::O +  AO  :*O*::O:#",
        "#:  +:: : :: +:*:+:: : :O:*::+: +O*O:::#",
        "#   O:+: ++:+::O: ::+:::::*:: : +*::   #",
        "#: :: :: : :::+ ::*  :: :: : O::OO:+ ::#",
        "#O:: O: ::*:::: + :::::::::+:*O: :O :O #",
        "########################################"
    ],
    "controller": "script",
    "script": "599626403cc1d6947da0b8b1/solution.js",
    "limit_frames": 1200,
    "limit_time": 120,
    "interval": 100,
    "fps": 10,
    "commands": " ud",
    "outcome": "game-over",
    "score": 0,
    "diamonds_collected": 0,
    "butterflies_killed": 0,
    "streaks": 0,
    "longest_streak": 0,
    "duration_frames": 3,
    "duration_time": 0.3,
    "ai_perf": {
        "processed": 2,
        "init_ms": 28,
        "total_ms": 70,
        "max_ms": 51,
        "dropped": 1,
        "avg_ms": 35
    }
}
