{
    "cave_source": "generated",
    "seed": 266017032,
    "geometry": {
        "w": 40,
        "h": 22
    },
    "butterflies": 3,
    "ingredients": {
        " ": 25,
        ":": 50,
        "+": 10,
        "O": 10,
        "*": 5
    },
    "cave": [
        "########################################",
        "#O:::: O  : : * ::+::O O:O+* O+O::O:  :#",
        "#O *:++::O:::::::*: :O :+:::::::::: O::#",
        "#:O: O::*:+ *+O O :*: :::+: :  :O   :::#",
        "#:O ::+::::+:: :O :O+::+:::   O::O::O :#",
        "#:O::::*:: + +O::+O: ::  ::: + :::::+::#",
        "# :   :::: O:::: *  : :+*: O+ O:::/ :* #",
        "#:: :+::+:O  :::   ::+::O :::::* +   : #",
        "#+:O:O::::O :+:O :::::/ :*:   : : +* +:#",
        "#*:::O: :*: :+ *+::: :   :*::O:: :O :: #",
        "#: :: +  : :::::O/ ::*: * OO  :*O+  :  #",
        "#:    :+: :++O+::   :: :::OOO::::: : O #",
        "#:: +   :++O:+++ :::+:+::::::    : :: :#",
        "#::::OO :+::*: ++ +   ::: :O:+: :::+:O:#",
        "# O  ::O++*   :*O   :O+O ::+: :: :::  :#",
        "#:*OO  ::  :::O +:::OO:::+  :: O*+:*: :#",
        "# :O O::  :::*::*  *:*::O::*:: :* : :*:#",
        "#  :: O   :   A:: : :++:: :O:::::: +: :#",
        "#:+:  + ::*O++::+:::O:+O +:O+::+*+:*:  #",
        "#  +: *  :O::*: O * O O : :O*::: ::  ::#",
        "#::  :: +:O::  ::::: :O+  *:::  O: ** :#",
        "########################################"
    ],
    "controller": "script",
    "script": "598ae6e33cc1d6947da0b86b/solution.js",
    "limit_frames": 1200,
    "limit_time": 120,
    "interval": 100,
    "fps": 10,
    "commands": "urrruuuululurrrrrrrdrdrrrrrrurrrrddlllrdudlddrrudrrrrddrddrulullddrlullllllldlluuuurdddllluulullldlulllluullldlldddurrruurdrddddllrrrrurllluuuuurruuuuuuuuruulurrullullldlldlulullddddlrrddddllllllllrddddlddrddrrdddrruluuuuululuuuruuuuuuuuuldrddrdrrrrrdrrrrdlluuurrrdrdrrrrrrurrdrddddlrruurrrrrrrdrrduuuurrllluuuullllllulddddldddldduullllluulllruu ludlluldllddllrrrrrrrdddruruuurrrrrrurrurlullrrduldrrrrrlduurrrdrrlurdrrullrdldldlrdllddudddllrrduduuluuldlullluuddddrrdd r",
    "outcome": "game-over",
    "score": 233,
    "diamonds_collected": 47,
    "butterflies_killed": 1,
    "streaks": 3,
    "longest_streak": 35,
    "duration_frames": 469,
    "duration_time": 46.9,
    "ai_perf": {
        "processed": 469,
        "init_ms": 10,
        "total_ms": 384,
        "max_ms": 15,
        "dropped": 0,
        "avg_ms": 1
    }
}
