{
    "cave_source": "generated",
    "seed": 130052943,
    "geometry": {
        "w": 40,
        "h": 22
    },
    "butterflies": 3,
    "ingredients": {
        " ": 25,
        ":": 50,
        "+": 10,
        "O": 10,
        "*": 5
    },
    "cave": [
        "########################################",
        "#O   *::::: : ::::::+ : +::+ *+:: O  : #",
        "#::: O:+:: : ::/ ::::O::::::::+:::  : O#",
        "#::*: O :*++ ::  O:*O::: :+*::OO*+::::*#",
        "#::O:  ++ :::A :O +::  : +:O:  ::OO/  :#",
        "#+:::+ :O:::+:+ : :* :  ::: :::  :O  : #",
        "#*::::: : :   :  ::O+:: :::: :::::::  O#",
        "#::O:::  ::+:OOO:*O: : O:: ::/ ::: :O::#",
        "#::::: ::*:::++  ::+:+:  : +:  ::O::O::#",
        "#::O:*+::+::::::: : :  + ::::: :::O:  :#",
        "#* **:::* O: :::   +:++ O+:*:+ :+ + * :#",
        "#* : :+   + O:OOO+*:O: *:::::: +*:::::+#",
        "#:  +::O  ::  :: ::+*:+   ++ ::: +:: +:#",
        "# *  *:  : O::::: O:+::+   O:::  ::O:: #",
        "# :  : : ::  O: O :: +:++:::+ :+ +:::OO#",
        "#:::::::+:::+ +: :: :::  : :O::+: + *::#",
        "# :+:::O :::+:: ::  *:O:: :::  :+:* + :#",
        "#*O *::+::O:  ::::O::+* O::::: : :::O::#",
        "#: : : +::+O:O+ O:   ::::: ::    +::OO:#",
        "#  +:+O *::O: :*::O:O :O:::*:OO: :+:  :#",
        "#:*:*O : O:+::O :+:   ::O: ::OO:+: +:: #",
        "########################################"
    ],
    "controller": "script",
    "script": "5960f8d3aca619c038372cd1/solution.js",
    "limit_frames": 1200,
    "limit_time": 120,
    "interval": 100,
    "fps": 10,
    "commands": "udllllddddllllddlldlldrr ddrrurdrrrllldlddldddllluuudrrrrrdrrduruuurrdrrrrdddurruurrruddrruruurruulurururuduluuuuururuurddddrrruuururrrddrrdd l",
    "outcome": "game-over",
    "score": 122,
    "diamonds_collected": 24,
    "butterflies_killed": 0,
    "streaks": 1,
    "longest_streak": 24,
    "duration_frames": 143,
    "duration_time": 14.3,
    "ai_perf": {
        "processed": 143,
        "init_ms": 6,
        "total_ms": 87,
        "max_ms": 7,
        "dropped": 0,
        "avg_ms": 1
    }
}
