{
    "cave_source": "generated",
    "seed": 2578140513,
    "geometry": {
        "w": 40,
        "h": 22
    },
    "butterflies": 3,
    "ingredients": {
        " ": 25,
        ":": 50,
        "+": 10,
        "O": 10,
        "*": 5
    },
    "cave": [
        "########################################",
        "#+::O :::O+:: : :+::O ::O+::O:::::   ::#",
        "#:+  ::+: O :*::O : ::: :::AO::O::  :::#",
        "#::+ :O:*:+++::O::++OO: :  ::::: :O  :*#",
        "#::*:::*O::O O:: +:: :+:O:::: : :: :+  #",
        "#::O:+: ::::::::::: :::   ::::::* ::+: #",
        "#/ *  :*: :  OO :  :     +:::::+:::::::#",
        "#  ::::+:::*+ O  +  :: :::*: ::+:+ : ::#",
        "#:  ::  :  :+:: : :*::O :O   *+: : +:::#",
        "#  + *  *:O ::::*+O:*:::::::*: ::+O:+::#",
        "#  :  +:  ::+::+: :O+: ::::++:::::O:O+ #",
        "#O +O:::*O O: : :O : :*:::: O+:+ : + ::#",
        "#   *+:+:::+*:+ : ::+O:O:+:: : ::O:*+: #",
        "#: O:O  :OO:::+: O:O: *::::::: O::O+:*:#",
        "#+::O: : :/  +::  :: :O*:::::: ::: :+*:#",
        "#:::::::    ::::+:: ::: * ::+O+: O:+:+:#",
        "# :: :::+::*:+: +* O:::O:: ::O+:*: OO*:#",
        "#++: *::++  :*:: : O: O: : *:+:+:  +:  #",
        "#O+O :::  O:O :::  +::: ::::*: + O: :O #",
        "#:: :+/ :: ::  O:::*  O: ::::  :++  +::#",
        "#+:  :   :+:OO: :::: : :*:O*:: + :::::*#",
        "########################################"
    ],
    "controller": "script",
    "script": "597b997fd1c5e44f7435807a/solution.js",
    "limit_frames": 1200,
    "limit_time": 120,
    "interval": 100,
    "fps": 10,
    "commands": "drrrrrdddddldlluldlulddlllldluululdullldlllurrullullddddllldluullddrddudrdllrdllldddurruluuuulluurruuuruluulldrrrrrrddruruuurrlurudullldlurdldrrdludluluuldrdrrrruulrrdrllduulldluldludurrdrurrrdudldlddrrrrrrruluulurrddldllrddlldddrulddlulrulllldddldllddddludrruurrddrdurddlurdrrrudldlurddlluldrurrrrudrrullduurulll uurrururduurrdrdrrddlrdlrrrurullrurrrrddlllddlrddlldrrurrrdruuurrdrddluurrrduddluudrdlrlulduuuuludluldldllurrrrdddrlululdrrurruruduurrrddrruluruur    luuruluuuurdrrurddlddrdddlddrddddddlurululrulrlrddlllrddlllrlr l r l r l r l r l r  l  r  l  r  l  r  l   r   l   r   l   r    l    r    l    r     l     r     l      r      l      r       l       u       l       l       l       l       l       u       l       u       u       u       u       l       u       u       u       l       u       u       u       u       u       u       u       u       u       u       l       u       u       u       u       u       l       u       u       u       u       u       l       l       l       l       u       u       u       u       l       u       u       l       l       l       l       l       l       u       l       u       u       u       u       l       l       u       l       u       l  ",
    "outcome": "game-over",
    "score": 141,
    "diamonds_collected": 45,
    "butterflies_killed": 1,
    "streaks": 4,
    "longest_streak": 12,
    "duration_frames": 1200,
    "duration_time": 120,
    "ai_perf": {
        "processed": 1200,
        "init_ms": 5,
        "total_ms": 2107,
        "max_ms": 30,
        "dropped": 0,
        "avg_ms": 2
    }
}
