{
    "cave_source": "generated",
    "seed": 3485957785,
    "geometry": {
        "w": 40,
        "h": 22
    },
    "butterflies": 3,
    "ingredients": {
        " ": 25,
        ":": 50,
        "+": 10,
        "O": 10,
        "*": 5
    },
    "cave": [
        "########################################",
        "# * ::O:::: :**   :: *:::+:O +O ::O+::+#",
        "# :: :* *+::: O  ::::: O:+:  :O *++: :O#",
        "#: :: ::::*:: ::+ *+ O:::/ OO::::  :O++#",
        "#OO:  :::: :O:: *:O : :::  O:: : ::::+:#",
        "#::: O:/ ::O::OO*+: +  O   ::O: ::::  :#",
        "#:: O :  ::: OO::::+:: : ::  :*::*O:+O:#",
        "# O:  :::  :   :: O *  :+: :O  ::O :O :#",
        "#:O::: O++::O::++ O+:O: :O+:O:+::O:O+: #",
        "#:: O  ::::   *+:::: +::* :+ :O+::O +::#",
        "#::O::+: +O : +++ :  :::O::+O    O *:::#",
        "#  :: :  :* :+:: :*:  ::+:O :: :OO::O+:#",
        "# ::++O:::::*+:  :O+::*::::  ::+:: ::::#",
        "#:  : :O::O:+:+:O : :: : *: :::: :::   #",
        "#A*::+:  :: *+O :+:::: ::::OO+O:   :O +#",
        "#:  O: : O::::+O:::O  +:  + O ::OOO:O::#",
        "#O::  O+:+++O : :: :   :+O++O O: ::  ::#",
        "#O: +  O OO+: :  +O :*:O :O+*+::+:+ O::#",
        "#O :O*::::* ::  :+++::: O::: : :::   ::#",
        "#++::*O::O:: O:*O ::/ : : :  :::::+++ :#",
        "#O: :+:::+:O:::+: :+  *: :O:::O*:* +:O:#",
        "########################################"
    ],
    "controller": "script",
    "script": "597b997fd1c5e44f7435807a/solution.js",
    "limit_frames": 1200,
    "limit_time": 120,
    "interval": 100,
    "fps": 10,
    "commands": "rrdrdrrlurdurrdddrrrrrrddllururrrlululululuuruurullddluuuuurluuullulllulllddrrrrldrlluurrurrrrdrdrrrrurrdrullulrrrrrrdllldldldddrrrrdddldluldddrrdrrrrurrulluuurullurdulldrddldddrllurrddldddrdddrrrurrrrdlrurrdrruuuurruuuuuurruuruluulldllldllururuuuulrlrddllldlrulllldruuurdlurddruudrrdlllldlurlllldllldlrulllllldllurldlluulldddlllrurlldlddrrrdrrdlrdddldlullddrdlldddrrurr  dr  dll       u       u       u       u       u       u       u       u       u       u       u       u       u       u       u       u       u       u       u       u       u       u       u       u       u       u       u       u       u       u       u       u       u       u       u       u       u       u       u       u       u       u       u       u       u       u       u       u       u       u       u       u       u       u       u       u       u       u       u       u       u       u       u       u       u       u       u       u       u       u       u       u       u       u       u       u       u       u       u       u       u       u       u       u       u       u       u       u       u       u       u       u       u       u       u       u       u       u       u       u       u       u     ",
    "outcome": "game-over",
    "score": 88,
    "diamonds_collected": 32,
    "butterflies_killed": 0,
    "streaks": 3,
    "longest_streak": 11,
    "duration_frames": 1200,
    "duration_time": 120,
    "ai_perf": {
        "processed": 1200,
        "init_ms": 5,
        "total_ms": 1015,
        "max_ms": 35,
        "dropped": 0,
        "avg_ms": 1
    }
}
