{
    "cave_source": "generated",
    "seed": 4087932631,
    "geometry": {
        "w": 40,
        "h": 22
    },
    "butterflies": 3,
    "ingredients": {
        " ": 25,
        ":": 50,
        "+": 10,
        "O": 10,
        "*": 5
    },
    "cave": [
        "########################################",
        "#+O ::*   ::::: *:::+:::::::::++::O:O+ #",
        "#: : ::+ ::  O::: :::O ++:::*   :+ :: O#",
        "#+ +::+:: :+::  + + : : :+ : ::: : : : #",
        "#::+:*O:+:+::::+:  O:::O: + :* : : :+:+#",
        "# *::::*::   *::  ++  ::O  :O::: ::*O+:#",
        "#: :++O* :  : :: O::::  :::: O::+::::: #",
        "#: +: + O:+:O:: +:O ::+O*:O *+: : ::: :#",
        "#    : ::O +O:O:**:: O:*::::: O:O+: :  #",
        "#:+: O:+  :: ::O: :O: O ::+O::+::::   :#",
        "#::O::+  *::O::: :::O*:: *+: O :: *:+O #",
        "#:O: :::: :*:: +O+ O +:*: O:: : +* O::*#",
        "#::::: :: O +O :: : O ::   ::: + ::::: #",
        "#::::OO:+:::+::O:*::::::+ O::::*:++:::+#",
        "# *:::OA::: : +: * :O  O* O:::O:::  : :#",
        "# :+:*: : : *:+:+:  O:::::O:::O:/ ::::O#",
        "#:/ :::+ :::::++ *:: :/ ::::*::*   O: :#",
        "#:  :::: ::: :::*O*: :  :+:O O    ::  +#",
        "#:O::O+:: ::+ :+:::  :   ::++::+ :  :O:#",
        "#+:    : ::   :::+:OO:: + +O* ::++::++:#",
        "#O:**:::::::O::     :  ::O: OO :O:::O::#",
        "########################################"
    ],
    "controller": "script",
    "script": "597b997fd1c5e44f7435807a/solution.js",
    "limit_frames": 1200,
    "limit_time": 120,
    "interval": 100,
    "fps": 10,
    "commands": "dllullluuluuuurrrrulrldddrlurruruuulluuururrrddddrdrrrdrrdrrddrrrrrruruuurrrdrldrrddrdrurrdrdlldlllllulllull rrddlddrrr lllldldluldllullduruuuldlrrrdrrruullldrldddddullulllulullluuulurrrdddllldddlddldlllurruuur  luldddrdrrrurrrurrdrdrruddlulllrururrrdudrururrruurrdddldldrdlluururrdrruurrdlrlururduulldlurdrdllllddldlullurdlurrrurrruulurrrrdrrlrdddlddrdu  ",
    "outcome": "game-over",
    "score": 219,
    "diamonds_collected": 40,
    "butterflies_killed": 1,
    "streaks": 3,
    "longest_streak": 31,
    "duration_frames": 356,
    "duration_time": 35.6,
    "ai_perf": {
        "processed": 356,
        "init_ms": 6,
        "total_ms": 471,
        "max_ms": 30,
        "dropped": 0,
        "avg_ms": 1
    }
}
