{
    "cave_source": "generated",
    "seed": 2033375063,
    "geometry": {
        "w": 40,
        "h": 22
    },
    "butterflies": 3,
    "ingredients": {
        " ": 25,
        ":": 50,
        "+": 10,
        "O": 10,
        "*": 5
    },
    "cave": [
        "########################################",
        "#:::::*+  O* +::: :  :+O O: :+ :O:O +::#",
        "#::: ::+: OOO:: :O:+:O: +   :: + :: :::#",
        "# ::O :::+ OO:O:: :+:: +  ::O:::+* :::O#",
        "#::+O::  ::+ O :::::+ ::::: ::+: : : ::#",
        "#:::  *::O *:+ ::O:*:::::+: :*O:::::+O:#",
        "#/ :++::: O:: : ::::    + : :: +::: ::+#",
        "#  / :O:+O:A: ::: +::O : +++ : : *:: ::#",
        "#:O  ::O::: :O :::   O   O:::::::+ :O:O#",
        "#::::::++: : :+ ::: :::+: :O ::::::+:::#",
        "#::::::: :O*: : O: :: + +:  : +   +:: *#",
        "#:: ::+:::: O   O:  ::O O:OO+::*:* :+ O#",
        "#  +O ::+:*: O+ + ::::::+ :*: ::+*  ::+#",
        "# ++*+ :: + O O::: ::::*::::+ ::+  :O::#",
        "#++: ::*::: +::::: ::: O O : O+ O+::  :#",
        "# ::::::: ::*+ : ::::::::* :+::+ / ::::#",
        "#:::O +:+::     +O:O*+:: ::*:  ::  O+O #",
        "#::::: ::*  +::::  +::: :: ::: : ::::::#",
        "#+: : : *:: ::::  :::O   + :++::O+  :O:#",
        "# :::: ::: :* :::::  :**:*::::+:O :::O #",
        "#O::::O:+ :O:* :+::::: O:::: ::: O**  :#",
        "########################################"
    ],
    "controller": "script",
    "script": "599627aa3cc1d6947da0b8b3/solution.js",
    "limit_frames": 1200,
    "limit_time": 120,
    "interval": 100,
    "fps": 10,
    "commands": "          ddlldllluulddddrrurruuu   lluuuulll lrrddl     r   rrdrrurrrrrrrrdrrrrdrrrdrrrrrdrdrdrrddrdlluruuuuddddddluluddrruruuuruuuuulllluuuuddllllddddddrrdllllddddlluuulllddlldddddrrurrrlllllllllldllululllluluuuuuuuulldduuulddrrrrrdrurudddlldddlllulldrdddrrrruuuuuuuurrrrrrurrrruuuuuluullllllulldullddlluudddddddddrdddddrrdddldrrrrrrrrrrrrrrrrdrruruurrrrrrrdddrq",
    "outcome": "quit",
    "score": 465,
    "diamonds_collected": 56,
    "butterflies_killed": 3,
    "streaks": 1,
    "longest_streak": 53,
    "duration_frames": 364,
    "duration_time": 36.4,
    "ai_perf": {
        "processed": 364,
        "init_ms": 8,
        "total_ms": 2525,
        "max_ms": 67,
        "dropped": 0,
        "avg_ms": 7
    }
}
