{
    "cave_source": "generated",
    "seed": 3881048043,
    "geometry": {
        "w": 40,
        "h": 22
    },
    "butterflies": 3,
    "ingredients": {
        " ": 25,
        ":": 50,
        "+": 10,
        "O": 10,
        "*": 5
    },
    "cave": [
        "########################################",
        "#: :::+:::::: ::+::: ::: :::+ ::+O     #",
        "#   ::+:::: ::+::::: +::::+:::  ::: :: #",
        "#:   : ::OO: O:+::::: ::**OO: :  ::+:::#",
        "#O :O:: :O*::O::::O:: :  O : +  :* : ::#",
        "#: :::::+::+  : :+:O : :O  :::OO:::: / #",
        "#OO:+O: :*:+ :   ::::: ::  ::+::::*O:  #",
        "#OO*++::  ::::::::/ *:: ::::: :::: ::: #",
        "# :: +:+::::: :::O  +:: :O :::O: O:*:::#",
        "#::: : :*: +:  :  ::::*++::::::*   O* :#",
        "#O :::+: ::: ::+: :: : O :::::  :: *O  #",
        "#:O+ :O*::  O O O :: ::  O: ::+::  :*  #",
        "#:O  :O   O+:: +O ::*: :+:: :+ :: + *: #",
        "#*::*+:+ :: * ::::O::: :++:: : ::::  :O#",
        "#:O::::OO:*+:O: :::A*O :::::: : :OO +*:#",
        "#:::* : :+ :+::O ::::O ::::O O::O::::: #",
        "#++ :::: *:::   ::+++: :::: :: +:::+:+:#",
        "#::+:  :*:::::::O :O: :  :: *  ::+:O+::#",
        "#: ::::++:::+   : :  +*:+O:+:O:  ::+ ::#",
        "#:::  : ::  ::+:+::  +: / + :::O::O:  O#",
        "#::  ::*:*: :O:::  :**O+    ::: *O  ::O#",
        "########################################"
    ],
    "controller": "script",
    "script": "599627aa3cc1d6947da0b8b3/solution.js",
    "limit_frames": 1200,
    "limit_time": 120,
    "interval": 100,
    "fps": 10,
    "commands": "          uuuuurruulllrrrddlluuu  lurddddrrdddddrdrddrrrdluuuuruuuuuuurrrrurrurrrudluuuuddudlururdrudllllddrdrddulludddddldddrrrrrrduuruulllllldddrrrddlddddllduuulllllldllddluulddrrllllrrrruuuuuullllluuruurrddlllddllullllllldddldlrdddlluluuuulluuuuuuuluddrrrrdrddduuuuuuruurudddddddddrrrrddrrrrruururrrdduuuurrrrrrrdduullllulllllllldllllldlllldldllluudrrrurrrrrrrrrrrrurrrrrrrrdrdrduuuuuuuurrrrdq",
    "outcome": "quit",
    "score": 468,
    "diamonds_collected": 59,
    "butterflies_killed": 3,
    "streaks": 1,
    "longest_streak": 54,
    "duration_frames": 396,
    "duration_time": 39.6,
    "ai_perf": {
        "processed": 396,
        "init_ms": 8,
        "total_ms": 5742,
        "max_ms": 67,
        "dropped": 0,
        "avg_ms": 15
    }
}
