{
    "cave_source": "generated",
    "seed": 2191609002,
    "geometry": {
        "w": 40,
        "h": 22
    },
    "butterflies": 3,
    "ingredients": {
        " ": 25,
        ":": 50,
        "+": 10,
        "O": 10,
        "*": 5
    },
    "cave": [
        "########################################",
        "#:    :*:::**:  ::+O :+O::::O::/  ::  :#",
        "# :*O* : *OO*+O ::: :*:+ +: : :   ::O  #",
        "#: :+: ::+ :+O+:: ::*::::O::*: :*:::: O#",
        "# ::: :O::::: ::::: :::: : : ::::+O::  #",
        "#   ::::: ++  ::O:* ::*::O* :::::*: :: #",
        "#:  :: :O+:::: :*:+::::+ :::  O:::   ::#",
        "# :+:::: / :::*::: : +: : ::*: :: :O :O#",
        "#:::A +:+   +: +:  ::+:*:: ++ + :+* :::#",
        "#OO:: :O:+   ::+ :O:  :+: :  :O: +:::O #",
        "#::O  +O*:: O: ::::O: :: : :+:::::: :::#",
        "#::* :+::::+: ::+ :: ::O:::: ::O:::*+ :#",
        "#/ + +O  :O: :::O::: ::::O :: +: :: * +#",
        "#   +:O  O+ :+ +O: :+ ::::*: :*:::: ++O#",
        "#+  : OO O: O: :::    : :*:::*::: ::+ +#",
        "#:  :: ::O+: :+::+:::: :  ::+:*  :+*+::#",
        "#  ::*: :* :::::: O+O:+::+O  : +:+:O* :#",
        "#:+O *:::*::: :O::::O : ::  O:::  *: ::#",
        "#:  + :++:: :::: : ::O *:+: O  +*O ::O:#",
        "#:  +::+*O  :+: :::+O:: O:: ::+ + *O: :#",
        "# +: *   :*:*O::+::+   :*::* :O::: + ::#",
        "########################################"
    ],
    "controller": "script",
    "script": "59954b5f3cc1d6947da0b88e/solution.js",
    "limit_frames": 1200,
    "limit_time": 120,
    "interval": 100,
    "fps": 10,
    "commands": "     rduurruu        lurrrrrrlrdddlrrdddrrruuu                                                            luudldlddllululllludldlrurrrrrdlulllldlddldlururruurrrrrrrrrrrruuulrrrrrdlrdrdrruudrrrurruullldllurrrlllllldddlldddrdrulrldruddddruudrrruuruuuruurrddddllddddddluldldldlddllulllrrlu                                    lluuuddrruuurururrrrruuruduurruuruuddrrrululdddldrllluuurrdrddrru                                                                                                                                                                                                                                                                                urrdddddlllllulldllululululldldllllluuuullllllluuuldlulldrrrrrrrurrdlddrddlddddllldldldldddddddrrrrruluuuddrddrruuuuruuruuuruurrldlddrddrrddddrduulldldrruurruddrdrruuuululrrurrudlddddlldrrdduldddllurrddrrrrrurululrdduruurluururrrrrurldddulllddddrrdduuurrud d u dlrrulruudrllruudrlrddulddrudddlrudlurulrdulludlludlludrluudllrldurlldlrurrruudddrlrurrlrlrllrudlrudrrururddlurluududrdluudrludududududrlrlududrduddudllrdduurdudldullrrdrlrdlruluruuduludrddulrulrulrlrldrldrdddudulrdluululrdlldururruurlududdrdulllrrlluddrllrrdrluldlurluddlrdurrrld",
    "outcome": "game-over",
    "score": 666,
    "diamonds_collected": 70,
    "butterflies_killed": 3,
    "streaks": 1,
    "longest_streak": 69,
    "duration_frames": 1200,
    "duration_time": 120,
    "ai_perf": {
        "processed": 1197,
        "init_ms": 6,
        "total_ms": 4074,
        "max_ms": 169,
        "dropped": 3,
        "avg_ms": 3
    }
}
