{
    "cave_source": "generated",
    "seed": 3963071711,
    "geometry": {
        "w": 40,
        "h": 22
    },
    "butterflies": 3,
    "ingredients": {
        " ": 25,
        ":": 50,
        "+": 10,
        "O": 10,
        "*": 5
    },
    "cave": [
        "########################################",
        "#  :O ::+:O::O:O: O::::::::::O *: :::+:#",
        "#+:: :::::* +::::++ :  ::*+:   :O ::O :#",
        "#::*++:*: ++:*:O+ :*:: :+ : :   :+O::: #",
        "#:+:  *:: :+O  : :::+O :::O::+   +O :  #",
        "# *:+:::O ::::   *: : OO+   +:::    + :#",
        "#:  :* : OO: :::: +::+ ::O :::::+::::  #",
        "# :: ::::*++: ++::+::::: +O::  *:O+*:::#",
        "# ::  :::O:::: :*:::::  :+::::+/   ::O:#",
        "# ::+ :: : : ::*++*/ *:  :O::O+  +O:A+O#",
        "#+::::::O +:O :  O:  :: OO : :O+O: ::O #",
        "#+::::::::::+:+ :::::*:::::+ :  O :O::O#",
        "#:: O  ::+  +O+ : O:::O :::O+: :O: ::::#",
        "# +: ++O:O+:::::+: ::::O:+ :: :::O O ::#",
        "#  O *::: ::+ + *::::+::  O+::   + ::O:#",
        "#:  ::::O:+:OO   ::: O:: O* O :O +::+ :#",
        "# :OO: :*:: +:::::O*:O*:: ::::::O:*  : #",
        "#::::+: :::::::+ :::+: :+O  ::::::*:+: #",
        "#: +++**+/ : :*+O: :::+ : + :+O:::+::+:#",
        "#::  O:O+  :+O:::: O :: ::::::::O+:: **#",
        "#++ O:*::: :  O+O: ::*::+ + :    O* O: #",
        "########################################"
    ],
    "controller": "script",
    "script": "59954b5f3cc1d6947da0b88e/solution.js",
    "limit_frames": 1200,
    "limit_time": 120,
    "interval": 100,
    "fps": 10,
    "commands": "     ddduuudulurulu               rruulllurudullurdddurrdrrlllludrlddlulllrrrrdudrlldldudurllllldduddrrdlddllrdullrldlrurududulllddduduldllrrlruruurlldurddrlullllrlulrlrlddlldrrrrldlululldluuuuuuuruurllluludlllllllullluddldrrrruuruurrrldldldddrr   ldlddddrddllldrdddrurudlldddllulluuuuurruurrrrdddrdrrdrrdrdrrrrruuuudduuuuurdruudrrddduuddddlldddllurruuurururuuddrrdrddrrrrrrruruurruuuddrddddddllldlurrrdrlulluulullrrduruurruluuuluullldluullluluulluullllldlrrrullldrrurllldrrrrllllrrurlldlrrurlldlrrrrllllrrrullldrrrrllllrrrrllllrrrrllllurrrldllrrrrllllrrurdlllrrurldllrurrllldrrrrllllrrurllldrrurldllrruullddrrrurrrurrrrrrddrddrdrddrdrddddrdrdulllddrrdr                                                                                                                                                                                                                                                                                                                                                                                                                                                                                                                                                                   ",
    "outcome": "game-over",
    "score": 148,
    "diamonds_collected": 40,
    "butterflies_killed": 1,
    "streaks": 3,
    "longest_streak": 18,
    "duration_frames": 1200,
    "duration_time": 120,
    "ai_perf": {
        "processed": 1200,
        "init_ms": 6,
        "total_ms": 2816,
        "max_ms": 98,
        "dropped": 0,
        "avg_ms": 2
    }
}
