{
    "cave_source": "generated",
    "seed": 554079237,
    "geometry": {
        "w": 40,
        "h": 22
    },
    "butterflies": 3,
    "ingredients": {
        " ": 25,
        ":": 50,
        "+": 10,
        "O": 10,
        "*": 5
    },
    "cave": [
        "########################################",
        "#:OO:+:::: : :::::::::O :O::: :::+:::O:#",
        "#::   O: O: ::::+ :* :::O:*O*:*::::: O #",
        "#:+*: ::+/ ::: +:+ :: ::*:*: ::+::: :  #",
        "#++::::::   ::::: * +::::::    :*O:*+ O#",
        "# ::  ::::   :+*OO  ::::::+: :O::::::::#",
        "#O::  :*++::::::  :  : :: +:::: :: ::::#",
        "# :::: ::+::O *: ::: ::  +:O  :+: ::::O#",
        "# ::  :: :  :::: ::: :  :: ::::O: ::  O#",
        "#+::::: :::: O:*O :* :::O + :   :O* :::#",
        "#::+:::::+::: :+:+ + ::: :+::*O ::**::*#",
        "#:::+  O* ::: ::::: *: : : O::O: *  O:+#",
        "# :::+*::++*+ ++:: +:: + :::*+::O:: :::#",
        "# ::  O: :+O::O :+::O:: O:::: : :O+  O #",
        "#:::: :+*OO:::: O:::  :::::A :+  O: :++#",
        "# : O:: :O: +: +::*  :+:+: OO+ :::::O: #",
        "#::O  : ::::+ :+:+:++:::: O : :::::::  #",
        "#: :::*: :  + :/ ::/ ::: ::::  :++:OO: #",
        "# ::: : : +:: :  :   : : :OOO:* : ::::*#",
        "#: O:*:O :::++ :: ++:O::+O:::O::O::: : #",
        "# ::+   ::  O ::: *::::: ::: OOO:::OO :#",
        "########################################"
    ],
    "controller": "script",
    "script": "59954b5f3cc1d6947da0b88e/solution.js",
    "limit_frames": 1200,
    "limit_time": 120,
    "interval": 100,
    "fps": 10,
    "commands": "     uudlluullululddddllluuuuuulluuullllldddrurrrruurrurrrlrru        rru",
    "outcome": "game-over",
    "score": 0,
    "diamonds_collected": 0,
    "butterflies_killed": 0,
    "streaks": 0,
    "longest_streak": 0,
    "duration_frames": 73,
    "duration_time": 7.3,
    "ai_perf": {
        "processed": 73,
        "init_ms": 6,
        "total_ms": 515,
        "max_ms": 83,
        "dropped": 0,
        "avg_ms": 7
    }
}
