{
    "cave_source": "generated",
    "seed": 3542511784,
    "geometry": {
        "w": 40,
        "h": 22
    },
    "butterflies": 3,
    "ingredients": {
        " ": 25,
        ":": 50,
        "+": 10,
        "O": 10,
        "*": 5
    },
    "cave": [
        "########################################",
        "# ::  :* ::: :::O:+ : + O  ++::*::+*O:+#",
        "# O:O::   *::: :   :  :  :* :+: :: ::O:#",
        "#:: :::+::O + +:  : : +: :: +:*:+ + :O #",
        "#+:::::*+:::::::  :*:::*::+::*:  :*::  #",
        "#  :O:::::: :: :OO:::::::/ :: ::: O::::#",
        "#: : OO:O :*::    ::::::   O :O:+   :::#",
        "#: :  * :  :O  ::::: O+: :*O::: : :::::#",
        "#+: +: ::  ::O:+::*+ :::::O: : ++::O:: #",
        "#:+* :O: O: : O ::::O::  +*:*:::   OO :#",
        "#  O::O   ::  :: :  :+:::: :: ::: : ::O#",
        "# :::  :  O*:  :: :+ :+::::O+::+  :*:**#",
        "#:/ O:: :::*::::O:O::::::+++  : +:O : :#",
        "#O   O::O :: :*:::+:*: : : : ::::: :O::#",
        "#:+:: +O :::: +: ::::  ::   :::O :  ::O#",
        "# *: :+:+ :O:: :: :+ O::  +::::O :+ :::#",
        "#+: :::: ::O+::O  ::  :*   :+:::: ::: +#",
        "#:::AO:: OO: ::O:: :: : : ::O::OOO/ :::#",
        "#+: ::O  :+ :+* *:   : : ::+:: :O:  :OO#",
        "#O+: : ::O:  O:+:* : : O:: : :O:::: :::#",
        "#:O O:: ::*:+: :++::O  *:::  ::::* :  +#",
        "########################################"
    ],
    "controller": "script",
    "script": "597cfc6ed1c5e44f7435807c/solution.js",
    "limit_frames": 1200,
    "limit_time": 120,
    "interval": 100,
    "fps": 10,
    "commands": "lluurudddddrrdrrrrrruruurrduurdrddrrrrrrrduuulu ll uuu u uulluuu ruuu r rrr r ruru d r dd rr ruuru r r rrud d d d d dll d d d d drrrrrul l uddrdd d l",
    "outcome": "game-over",
    "score": 95,
    "diamonds_collected": 20,
    "butterflies_killed": 0,
    "streaks": 1,
    "longest_streak": 20,
    "duration_frames": 149,
    "duration_time": 14.9,
    "ai_perf": {
        "processed": 118,
        "init_ms": 5,
        "total_ms": 7166,
        "max_ms": 159,
        "dropped": 31,
        "avg_ms": 61
    }
}
