{
    "cave_source": "generated",
    "seed": 3769099723,
    "geometry": {
        "w": 40,
        "h": 22
    },
    "butterflies": 3,
    "ingredients": {
        " ": 25,
        ":": 50,
        "+": 10,
        "O": 10,
        "*": 5
    },
    "cave": [
        "########################################",
        "# ::  :*::+O  :::++O::  ::::+ :: ::*:: #",
        "#::::::+:/  ::::O:O +:::::   :::+ O: ::#",
        "# :O:::+:  :O : : :O  ::+OOO:+OO :::::+#",
        "#::::::  + + :*: :: :O::O::: :O :O:  +O#",
        "#::::+ O*:::O::  : :  ::  : :+:::::*:: #",
        "# ::: :O* +::    +::   : ::O +::  :* ::#",
        "#  ::::O: +:::+ ::: ::::*:: : +::: : O:#",
        "#:::+ :::*: :::::: :: : :::O+ ::::O * +#",
        "# : O:::::  O  ::::   *: ::+:O:O*:O*:: #",
        "#O*+  ::::O::::OO ::::O::::++:O ::O+O: #",
        "#::+  :O:::::  : :  : :  *: : :::O::::*#",
        "# ::O::O:*+:O:  : ::*O:+ :::O ::O:O:O::#",
        "# : :::: :++::       :O:+:::::   +  O::#",
        "#::: ::   ::+:*:O:: :::+:/ : +O::: :::+#",
        "#::::::::OO+O: :::::::+O:   :+::O ::*++#",
        "#:* :::::*: :*:::O+ *:+  O:+:O   :O:: :#",
        "#:+:+ : :OO:+ :  :::O++::O++ :::OO:::+:#",
        "#:::  O:+:+:::: ::+O :++:O: OO::O O+AO #",
        "#/ :  +:: :+:::::::::::OO  :   : :::   #",
        "#   :O O  :: O::O    +*: :*:++O+: :::+:#",
        "########################################"
    ],
    "controller": "script",
    "script": "597cfc6ed1c5e44f7435807c/solution.js",
    "limit_frames": 1200,
    "limit_time": 120,
    "interval": 100,
    "fps": 10,
    "commands": "uuuururuuluuludluuuuuuuudddddddlldlddllllllllluul r ruul d dddlllddddddlllllllruu d l lllllu ruuu u uuu l uuud u uu u ulr d d r r  r r r dr  d  d l  d d  l l  d lr l l  l l  l  l l lldd d  d  d dd r  du d dud r r r r drdr r rru rr r rrrrrrrdulluuu u u u uu ru rr dr dr dduuuuu d d d dd d r rrdddlddlq",
    "outcome": "quit",
    "score": 101,
    "diamonds_collected": 26,
    "butterflies_killed": 0,
    "streaks": 1,
    "longest_streak": 22,
    "duration_frames": 300,
    "duration_time": 30,
    "ai_perf": {
        "processed": 213,
        "init_ms": 5,
        "total_ms": 17091,
        "max_ms": 217,
        "dropped": 87,
        "avg_ms": 80
    }
}
