{
    "cave_source": "generated",
    "seed": 4081869093,
    "geometry": {
        "w": 40,
        "h": 22
    },
    "butterflies": 3,
    "ingredients": {
        " ": 25,
        ":": 50,
        "+": 10,
        "O": 10,
        "*": 5
    },
    "cave": [
        "########################################",
        "#: O :: +:*O::O:: ::O:::+::+:OO:  +:O/ #",
        "# : O:*:: ::::+: : :: :+ :  *:O+ :++:  #",
        "#*++: O: :+O  *+ :  : :*    :+  : O::::#",
        "# : ::+:::::  ::O:+O: :: O:: :::::O::::#",
        "#:  *+: O  ::: O:::::: : :: : :::::::::#",
        "#: :::++  :  ++ :O:+: + +: :::O::: OO++#",
        "#: OO   ::: :::: O :+:O::: ::+:::::::::#",
        "#::::: :+: O+: :  :: :  O:::: :+:::*O::#",
        "#O:: :: +::  ::O:+ : ::::O:+:::+:O+  : #",
        "#:*::  ::O:::+:: :O::+:::  ::*O::::++::#",
        "#:::: :A:::::  :::::* /  ::  :::: :*:: #",
        "#OO  : ::+*+:O :: :  :  ::O  :* :  :: :#",
        "#O ::  ::: :::*:: ::+:O /   :  :O  *:O:#",
        "#:+ +O O: : :+: ::+ +     ::+ :+:+:  O #",
        "# ::::O::+:  : ::::  ::O :::::  :: +:*:#",
        "#+: +:*::+:: : : :+: ::: : ::+ O  O*:O:#",
        "# ::   ::* : O:* ::: +:O:O ::O::::O:  :#",
        "#: +::::*++::* :::* :*:OO::: : ::++ :* #",
        "# : :*:: : ::OO *: ::  O:+* :::O :: ++:#",
        "#::: + :  ::::: :::::: : +::: : +O:::::#",
        "########################################"
    ],
    "controller": "script",
    "script": "597cfc6ed1c5e44f7435807c/solution.js",
    "limit_frames": 1200,
    "limit_time": 120,
    "interval": 100,
    "fps": 10,
    "commands": " rddrrrrrrddddrddrrrrrrlllllulllllullllllddrdrrllu ll uuluu uuu l ulu u uluuuudrrr uruur r r rrudrrdrrd d r r r r rr r r r uu r r r rrud d d d d d ddrd ddr ru r rrru d dd rddl drldrru l u  u u  u u  u u u u ldlu  l l l dd d  d l  l l  l  d l d d d d ddluuu llll lu uuulq",
    "outcome": "quit",
    "score": 78,
    "diamonds_collected": 29,
    "butterflies_killed": 0,
    "streaks": 3,
    "longest_streak": 11,
    "duration_frames": 270,
    "duration_time": 27,
    "ai_perf": {
        "processed": 192,
        "init_ms": 5,
        "total_ms": 17002,
        "max_ms": 236,
        "dropped": 78,
        "avg_ms": 89
    }
}
