{
    "cave_source": "generated",
    "seed": 2574036056,
    "geometry": {
        "w": 40,
        "h": 22
    },
    "butterflies": 3,
    "ingredients": {
        " ": 25,
        ":": 50,
        "+": 10,
        "O": 10,
        "*": 5
    },
    "cave": [
        "########################################",
        "#O::O:+:: O O::O :O :+: :O :+::+ O*::: #",
        "# ::  +:O:: ++: ::: ::::OO O::::*::/ ::#",
        "# +*:  :+:O : :: O:  :::::O*:O:::+:  *+#",
        "#+::::O :*:::+: :: :O::/ ::O     :+::::#",
        "#:  +O : O+*+:: +:::*::   *O + +:O::* :#",
        "#:    *   : :+ O :+::+:+: ::::: : O :::#",
        "# O :*:O::::    :O O :++  ::*::O  O** :#",
        "# :O:   :+::+::: :::O  *OO : +::::: +::#",
        "# :*+::+:::::+ :::+:: : :: * ::+ : :: :#",
        "# : ::: OO:O+ +   : :+:::*+::: ::O +:+:#",
        "#:: ::   :::::+: OO: :O:O::: : /   : O #",
        "#:::::    :O+*:::: :+ :O+:+: ::   :    #",
        "# +: +:+: :+:::+:+O:::  : *: * :    : :#",
        "#:  ::  :  :+ : O: ::: : +  :::+ * +:: #",
        "#O::::::+: : ++:: +   +::O: ::::::+::: #",
        "#: :+:O  : :+ : +:::: :O+ O::::+:::+: :#",
        "# ++: : +   :: :   :O: :: +: ::  +O: : #",
        "#+:: *: ::: : ++ +: O::::*:+::: +O:::: #",
        "#::: : ::O :*::O::*:::+ ::+: :::O::O:::#",
        "#:   ::: : ::*+: :  ::+: :O :   :O+:A+ #",
        "########################################"
    ],
    "controller": "script",
    "script": "5995eaae3cc1d6947da0b8a2/solution.js",
    "limit_frames": 1200,
    "limit_time": 120,
    "interval": 100,
    "fps": 10,
    "commands": "uuuuuuulldlullllldlluluuuurrrudrrurrrrrdrruullddldldddruluudddddddrrudlrrdddddduuuuuluuuruuullruuruulllluuudurlddlllllldllllllddrdrrddddlddldddrrdrrllllddllllluuullldddulllullllluuulluuuurruuuruurrdrrrudddlddrrrdrruuuluullllullllllluuurrrdrrrrrrurrrrurrrrrrdrrrrrrrrrrururlldrrudullr",
    "outcome": "game-over",
    "score": 131,
    "diamonds_collected": 35,
    "butterflies_killed": 1,
    "streaks": 3,
    "longest_streak": 17,
    "duration_frames": 283,
    "duration_time": 28.3,
    "ai_perf": {
        "processed": 283,
        "init_ms": 5,
        "total_ms": 206,
        "max_ms": 9,
        "dropped": 0,
        "avg_ms": 1
    }
}
