{
    "cave_source": "generated",
    "seed": 4147105045,
    "geometry": {
        "w": 40,
        "h": 22
    },
    "butterflies": 3,
    "ingredients": {
        " ": 25,
        ":": 50,
        "+": 10,
        "O": 10,
        "*": 5
    },
    "cave": [
        "########################################",
        "#::::: :: :: O +:*: ++:*: :+ ::::  O   #",
        "#::: ::+:::*:::::: : :: O: +: : ::+:+O*#",
        "#::*::O:O:*:::O:O: : O: OO: O::::  + :O#",
        "# +* O::O:: :  :+:O:: O::::: *::::::::O#",
        "#O:O::/ *  :::O:    + ::: * :O::O::*:O:#",
        "#::*:+  ::  O+:+++:::::::O: O:  :O :O:+#",
        "#::::::O:O:: :O+:+*:: ::+::O: ::A:  :++#",
        "#++: ::O*O :::O::   :++::O:    + ::+:O:#",
        "#+: ::+::: *::: O: + ::  +: :*:*:O:::: #",
        "#  ::::++ +:::::::::::O:: OO:::: :::: :#",
        "#::::  :+: ::OO  ::O:O:: ::O+::*:O+:: :#",
        "# * *:* :* ::*OO: ::: +  :  ::: :O::: :#",
        "#+::::+ + :  ::::O ::: O+:  ++::::O::O #",
        "#+*:: :O+  :: ::O :++: ::: ::::+:*::/ :#",
        "#:  : ::+:: : + ::O+::O+ +:: :::+:    O#",
        "# ::O :+*+ : :::: :O :O:::  ::  :: :*+ #",
        "#*O ::+: * ::::O: + O + ::+: :+:::::O :#",
        "#:  :*::: :O   :O: O  O:*  O:O O O::: :#",
        "#O::::::+: : +:: : *: : +:::O::::O/ O::#",
        "#:+ O::::: :  ::::O :O: : : :O: O:  O* #",
        "########################################"
    ],
    "controller": "script",
    "script": "5995eaae3cc1d6947da0b8a2/solution.js",
    "limit_frames": 1200,
    "limit_time": 120,
    "interval": 100,
    "fps": 10,
    "commands": "ddlllrrddddrdrrrddrul",
    "outcome": "game-over",
    "score": 13,
    "diamonds_collected": 5,
    "butterflies_killed": 0,
    "streaks": 1,
    "longest_streak": 5,
    "duration_frames": 21,
    "duration_time": 2.1,
    "ai_perf": {
        "processed": 21,
        "init_ms": 6,
        "total_ms": 20,
        "max_ms": 10,
        "dropped": 0,
        "avg_ms": 1
    }
}
