{
    "cave_source": "generated",
    "seed": 501422866,
    "geometry": {
        "w": 40,
        "h": 22
    },
    "butterflies": 3,
    "ingredients": {
        " ": 25,
        ":": 50,
        "+": 10,
        "O": 10,
        "*": 5
    },
    "cave": [
        "########################################",
        "# +::*+:: : ++: ::O+O * ++O:: : +:*::::#",
        "#O:*O+ : ::  +O:+   :: :::*/ *O  O:::::#",
        "#:O+::: O :O: : :  O:O:   :  ::+*+: :OO#",
        "#:  +::: +::::+ :O+:::::*::O : O : :: *#",
        "#::O+:  :: : ::: O :*O+O:  +: :::    ::#",
        "#*:  +:* ::  ::  : :: ::+:  :::::::::::#",
        "#:: O+:   ++:: :O:::    :*:O O ::+ / ::#",
        "#::*:: : O:+:O**O:  :O:::O::  *:O:O  : #",
        "#O:::O::: : OO: : *  ::: * :::O:::+:O :#",
        "#:: :**:::: O::+: :OOO*+::*:++: + :::: #",
        "#+:O::::: :::*::+O :: ::* :: +: :*+    #",
        "#   ::+:::::::/ O:::: *:O   :+:: ::O ::#",
        "#:: :::  :+O:     : ::::+: : ::::: ::: #",
        "#  + :+ :*::: :  *+ O:    O: O* :: : :O#",
        "#OO::+:::: : *:+::: : O::    *: + ::+*:#",
        "#: +::  :** +O::: ::: :*: :: : +::: :  #",
        "#:* :: :::O++::+:::: ::::::: :: :O:::: #",
        "#::+:::O+: OO OO+: :O +: ::::++O:   :O:#",
        "# O::OO:+:O  *::+OO::: *O::::  O+O:+O::#",
        "#+:::    O::: :  :*:: ::O :  : O ::::OA#",
        "########################################"
    ],
    "controller": "script",
    "script": "599603853cc1d6947da0b8aa/solution.js",
    "limit_frames": 1200,
    "limit_time": 120,
    "interval": 100,
    "fps": 10,
    "commands": "     uuuullllluuuuulluuulruruuurruuu     dlllullddd",
    "outcome": "game-over",
    "score": 14,
    "diamonds_collected": 6,
    "butterflies_killed": 0,
    "streaks": 1,
    "longest_streak": 6,
    "duration_frames": 51,
    "duration_time": 5.1,
    "ai_perf": {
        "processed": 50,
        "init_ms": 6,
        "total_ms": 156,
        "max_ms": 147,
        "dropped": 1,
        "avg_ms": 3
    }
}
