{
    "cave_source": "generated",
    "seed": 1653062359,
    "geometry": {
        "w": 40,
        "h": 22
    },
    "butterflies": 3,
    "ingredients": {
        " ": 25,
        ":": 50,
        "+": 10,
        "O": 10,
        "*": 5
    },
    "cave": [
        "########################################",
        "#: :  O::: O :+O::::O*AO : +* : :+:*:::#",
        "#:::::::::O  :+*::+* O:*:O::::+ :::**:O#",
        "#::  ::  ::   : ::+:O: +  +:O+ : O:  :O#",
        "# ::: :+  :O ::*::O  ::*O:+ :: :+ O::::#",
        "#: *: ::  :O : ::::*::+ :::::::: :::O: #",
        "#:+:*+::::: ::   :+ ::: :*:O+::: ::::+ #",
        "#O: : O +:*:: *+ O:+ ::O*+O::+::  :   :#",
        "#:::+*::+:O: ::: ::  :::+:  :+/ ::*+:: #",
        "#+ * : ++   O::++:+::  :+ :* +  O :+*O:#",
        "#::O:++ ::: : :: : :::O+: : O: : :*::: #",
        "#O: +:*:  :O+ O::: : :::+O:: :: :O :O::#",
        "#:: +O::  ::: +**O :: :  :+* : ::::O*::#",
        "#OO:++ *O O:  :O*::O::::  ::O O : :O:O+#",
        "#:: +: *:  *:::::+*:/ ::::*:    :O: O:O#",
        "#:  ::O:O::  :O::+    +O +::::**: :: ::#",
        "#  +O:  :O  +:*  : :O : :    :: :*  :  #",
        "#:+:: :++: : :O : :::::O:O:+*O: +:* +::#",
        "#:::O:+:O::::  ::O  :::*:: ::/ :+:O:++ #",
        "#::  ::: O:   ::::: O::+:: O:  :O  :: :#",
        "#:::::: :: O: :   :+::::++ :+::O :O :*:#",
        "########################################"
    ],
    "controller": "script",
    "script": "5961ca29aca619c038372cd2/solution.js",
    "limit_frames": 1200,
    "limit_time": 120,
    "interval": 100,
    "fps": 10,
    "commands": "lrdrrrrrrurrrrdrrrdrdldddlddddrdrluuruddldlddddld d",
    "outcome": "game-over",
    "score": 37,
    "diamonds_collected": 11,
    "butterflies_killed": 0,
    "streaks": 1,
    "longest_streak": 11,
    "duration_frames": 51,
    "duration_time": 5.1,
    "ai_perf": {
        "processed": 51,
        "init_ms": 7,
        "total_ms": 350,
        "max_ms": 36,
        "dropped": 0,
        "avg_ms": 7
    }
}
