{
    "cave_source": "generated",
    "seed": 3806693609,
    "geometry": {
        "w": 40,
        "h": 22
    },
    "butterflies": 3,
    "ingredients": {
        " ": 25,
        ":": 50,
        "+": 10,
        "O": 10,
        "*": 5
    },
    "cave": [
        "########################################",
        "# O+  ::O:*+:::::*:::::::::::OO*+  : : #",
        "# :O :: O:+::: + +O:: O::O :  +   ::: :#",
        "#OO:++::O:++::::O: :**: *:OO:+:  +A*:::#",
        "#:+::: :: O* :::  *::::::::::+: ::O: O #",
        "#:: O* *: :O**+:O * O :::+:::*+:  O :::#",
        "#+ ::O:+:::O:: :  : +: : O/ + *:+::+: :#",
        "#:: : ::: ::+  +O:: :::::      :O::::::#",
        "#:O +:::::+:  :::: :*O:: ::*:+:* ::O::+#",
        "#O +O::::::: +: : +: ::::::::  O*+:: O #",
        "#O  :OO* :+:* ::::*OO:::::+:O::  *:O:::#",
        "# : ::: +: :*  :   :  :::+O:: ::O***O O#",
        "#+O **O:OO:  +:::++:: : O : + O +:  +::#",
        "#:O*/ :: :::::::::O :: :O:O+::*:*: O+::#",
        "#++   + :+ O: :O:: O::::O::::+++ O :*+:#",
        "#:: :*:::+ : :++ :::::::::::::  :::: * #",
        "#  +::  O :+ :O::*:+:*: :  : ::: :O* ::#",
        "# : : :+  O::::::  +::+O :  :+: :OO:::+#",
        "#: +++  : :: :O/  :O: :O:::  O: :O::+::#",
        "#:::+:O:  +  :   :O : ::::: ::::O:: ::+#",
        "#:++:O::::+: :: : ::+O: ::O*:::::::+ ::#",
        "########################################"
    ],
    "controller": "script",
    "script": "5961ca29aca619c038372cd2/solution.js",
    "limit_frames": 1200,
    "limit_time": 120,
    "interval": 100,
    "fps": 10,
    "commands": "rlullddlddlddullldrdrrrurrrddldulrrdrdlldldullllddddddldulululullldldllluuuuurruullrlrrlllllllduuuuruuululrrrrrrrddlrurururrrrlulllllulldddlddldldllullulullldrdddrddddddlluldlruuururrulddddlldddrdrdrlululluuururuuruuurruruuurlddldrdrrrdrdurrurrrrrrddrdrrrddldlddddrrrrrrrrrrrudrdrru                                                                                                                                                                                                                                                                                                                                                                                                                                                                                                                                                                                                                                                                                                                                                                                                                                                                                                                                                      ",
    "outcome": "game-over",
    "score": 199,
    "diamonds_collected": 49,
    "butterflies_killed": 1,
    "streaks": 3,
    "longest_streak": 28,
    "duration_frames": 1200,
    "duration_time": 120,
    "ai_perf": {
        "processed": 1200,
        "init_ms": 7,
        "total_ms": 5460,
        "max_ms": 40,
        "dropped": 0,
        "avg_ms": 5
    }
}
