{
    "cave_source": "generated",
    "seed": 1322062095,
    "geometry": {
        "w": 40,
        "h": 22
    },
    "butterflies": 3,
    "ingredients": {
        " ": 25,
        ":": 50,
        "+": 10,
        "O": 10,
        "*": 5
    },
    "cave": [
        "########################################",
        "# O:O:::: +:: :   :::+OO*:::  :::: :+::#",
        "# ::::+ :  *:: ::+ :O++:::/  :+:  : O :#",
        "#:+:::::+  *+O::O:O:::  **  ::::: *:OO:#",
        "#  :+  + ::O :::::O+:::O:::+:*+  : ::+ #",
        "#  *: :O*::::+O :: :::+O: ::*::+::::: :#",
        "#::+: / :  O*:  : : :O  +O+::  ::O+:++:#",
        "#:: :+       ::::::O*+   :+::::::O::+:O#",
        "#::O * +* :: :O:* ::*: + : *::+:  O::::#",
        "#: ::*: :O:: : :: O::* + O:O:::: O::O::#",
        "#O:::+: ::::O  :+:+  :: O*: :  :* : +: #",
        "#+ :: O::::::::*::O: :::O:: ::+::*:::: #",
        "# :: +/ ::::::+OO +*:: :: : O :: :+O:::#",
        "#*:*    :  *::: :  : +*:: ::+OO : :*+: #",
        "#: +: : :::: ::  :: :O:+:+:+:  :: :OO :#",
        "#::O :: O:*:+O  ::+: :O*+::OO++:* : :: #",
        "# : :O  :AO:   :O::+O:: :+::O::   ++:: #",
        "#:*: :+::: ::::+O+::: O O:::::::: :: +:#",
        "#:::::::O:*: *+: + ::O:::: ++:*::::::::#",
        "# ::+OO O    : : : : :O::::*:::::: ::: #",
        "# +    *:O:   OO:O::O*O:O+:*:: :+O +O:O#",
        "########################################"
    ],
    "controller": "script",
    "script": "5971af9da4e2889d0388f590/solution.js",
    "limit_frames": 1200,
    "limit_time": 120,
    "interval": 100,
    "fps": 10,
    "commands": " urddrrrdlluuuuuuuuurllulluuurruurlldldlllllrdddrdllddddllrddddrrrdrrddul",
    "outcome": "game-over",
    "score": 54,
    "diamonds_collected": 15,
    "butterflies_killed": 0,
    "streaks": 1,
    "longest_streak": 15,
    "duration_frames": 73,
    "duration_time": 7.3,
    "ai_perf": {
        "processed": 72,
        "init_ms": 5,
        "total_ms": 5004,
        "max_ms": 115,
        "dropped": 1,
        "avg_ms": 70
    }
}
