{
    "cave_source": "generated",
    "seed": 1769413216,
    "geometry": {
        "w": 40,
        "h": 22
    },
    "butterflies": 3,
    "ingredients": {
        " ": 25,
        ":": 50,
        "+": 10,
        "O": 10,
        "*": 5
    },
    "cave": [
        "########################################",
        "# ::+::  :+:O ::O:::O ::: *: +: :::* : #",
        "#OO::: :+:  :: : : :::::::::  + O:O:+::#",
        "#:  :* +O+::O:::  :O:+:+OO:: O::+:::+:+#",
        "#  :::O :  ::O *: :::O:+: ::+::+::O:*++#",
        "#:::::+:*   ++::::+::  :O:+::::+:O::+::#",
        "# :+::O:  : A: :  ::O O+ +  : +::O::  *#",
        "#: :  +: O  * :: :: :O::*: +: :O:::::: #",
        "#::+  :::+:O::  :   +   ::: ::::: :O ::#",
        "#::: : : *:O+: **O ::: ++O :O*: ::+ :::#",
        "#:: ++::::::: +::: :::O::: :++O:*::: ::#",
        "# :::+ :+:: :   :++:  : ::::: :: :O :+:#",
        "#:O:O+:+ ::*  +: * *+:OOO /  ::::*O:O +#",
        "#: : O OO: +: ::::  O +:::  : :::    +:#",
        "#+:O::* +:::*+ ::+: : :::+:: ::O  :::  #",
        "#: :/ O OO: :: :* :::::::O**:: :: :::::#",
        "#: :   :::+OO O:: OO:::O +::*:: :*:+ ::#",
        "#:::::::::: :+  +: O:  O O:O :+:*O: O/ #",
        "# :+ :    O:::: +OOO:: O: +::O O  *    #",
        "#: +:+:::: :+ :+::*: :O:::  +   :  :::+#",
        "#:O::O* O: ::::*:: OO: +::O::+ +::  :O:#",
        "########################################"
    ],
    "controller": "script",
    "script": "5971af9da4e2889d0388f590/solution.js",
    "limit_frames": 1200,
    "limit_time": 120,
    "interval": 100,
    "fps": 10,
    "commands": "dllddlluuddrdrrddrdddrrrruuruluuuluuuuurrrrrrruurrrrurddddrrddddrrrdddddddddlllluululrrrrrrrddduururrllddddduuuuuruuuruurruuulluluurluuullllddldldlldlddddllldlllldddldllldddlddr r u  d    ur lr drrl                                                                                                                                                                                                                                                                                                                                                                                                                                                                                                                                                                                                                                                                                                                                                                                                                                                                                                                                                                                                                                          ",
    "outcome": "game-over",
    "score": 124,
    "diamonds_collected": 26,
    "butterflies_killed": 0,
    "streaks": 1,
    "longest_streak": 23,
    "duration_frames": 1200,
    "duration_time": 120,
    "ai_perf": {
        "processed": 1200,
        "init_ms": 5,
        "total_ms": 6749,
        "max_ms": 73,
        "dropped": 0,
        "avg_ms": 6
    }
}
