{
    "cave_source": "generated",
    "seed": 202266532,
    "geometry": {
        "w": 40,
        "h": 22
    },
    "butterflies": 3,
    "ingredients": {
        " ": 25,
        ":": 50,
        "+": 10,
        "O": 10,
        "*": 5
    },
    "cave": [
        "########################################",
        "#: :+::/ +O::+ :: : O: : :*  :: +O:: + #",
        "#::+: :  O*::*:O:::: ::   ::     +:::O:#",
        "#+O ++::O + O:::O+::O:::  O:OO:: :*+O+ #",
        "# *::::+:O  ::::     :O+O*:+O:+:::+:O::#",
        "#:: ::*::::O: :  *O +O:+:+: ::::  O *::#",
        "#::+:  :O:+ : :+OO: :O  OO+: + :::* : :#",
        "#: +:: :: ::*:+O:::: ::: + OO::   :::  #",
        "#::+ O *+O ::O:O*:++ :::*    :O +O:*OO #",
        "#:::+ +++  ::::: *: +:  :O*: ::: :OO ::#",
        "#  : ::::::::  :  : :  ::  :*::::  +*::#",
        "#::A:* :  ::: +: : : ::::*:::+ :O  :+ :#",
        "#  ::++ :* O +O:+:O ::O::O*  :::*::+::+#",
        "#::+::: :: *:O:OO  *:O:+::O +::: O+:*O #",
        "#:+*: :O/ ::::::: : :::O +  ::O::OO+:::#",
        "#:+++:::  :O :::O: :::*: ::+ : : : OO::#",
        "# :+:::::+O::O::: :++O:*:+::: :::::: ::#",
        "#:::::::O:::O:*:+  :: :*::  : :: :: ::*#",
        "#:: ::: +:  ::  O: ::::O*+:::::::::::: #",
        "# *O: :* :O  :*::O::: ::O  O /   :O::::#",
        "#O  O :O O+::+:+O:::::O : O+    :: O::O#",
        "########################################"
    ],
    "controller": "script",
    "script": "5971af9da4e2889d0388f590/solution.js",
    "limit_frames": 1200,
    "limit_time": 120,
    "interval": 100,
    "fps": 10,
    "commands": " rrrrrrdrrd ruuuuuuruuuuurdrrdrdurrrrurrrrduururrrrrdrdrrlddrdddddllllddllldduluuudddlluurddlululllllluldrrrdddrrrdrddrdurrrrrrrrrrrrrrdluuluuudddlllllllllldlllldllllluullldddlllulldldullllllduruururuullrrruruuurrruluulldllrrlul ududruduu d rdrl  l ldu  dlr r lrllud ruurdlrldr uru d l duldu  du l d u  r ud dudlr udlrlr lrrruur u dl   drl  ruduldu lrul ldlduuddrr u  ludr l rdlrrd ll uulrd  uru  ull r dllrdrrdrr lrldlu uuddrrru duldururul lu",
    "outcome": "game-over",
    "score": 143,
    "diamonds_collected": 30,
    "butterflies_killed": 0,
    "streaks": 2,
    "longest_streak": 23,
    "duration_frames": 443,
    "duration_time": 44.3,
    "ai_perf": {
        "processed": 441,
        "init_ms": 5,
        "total_ms": 23347,
        "max_ms": 141,
        "dropped": 2,
        "avg_ms": 53
    }
}
