{
    "cave_source": "generated",
    "seed": 501422866,
    "geometry": {
        "w": 40,
        "h": 22
    },
    "butterflies": 3,
    "ingredients": {
        " ": 25,
        ":": 50,
        "+": 10,
        "O": 10,
        "*": 5
    },
    "cave": [
        "########################################",
        "# +::*+:: : ++: ::O+O * ++O:: : +:*::::#",
        "#O:*O+ : ::  +O:+   :: :::*/ *O  O:::::#",
        "#:O+::: O :O: : :  O:O:   :  ::+*+: :OO#",
        "#:  +::: +::::+ :O+:::::*::O : O : :: *#",
        "#::O+:  :: : ::: O :*O+O:  +: :::    ::#",
        "#*:  +:* ::  ::  : :: ::+:  :::::::::::#",
        "#:: O+:   ++:: :O:::    :*:O O ::+ / ::#",
        "#::*:: : O:+:O**O:  :O:::O::  *:O:O  : #",
        "#O:::O::: : OO: : *  ::: * :::O:::+:O :#",
        "#:: :**:::: O::+: :OOO*+::*:++: + :::: #",
        "#+:O::::: :::*::+O :: ::* :: +: :*+    #",
        "#   ::+:::::::/ O:::: *:O   :+:: ::O ::#",
        "#:: :::  :+O:     : ::::+: : ::::: ::: #",
        "#  + :+ :*::: :  *+ O:    O: O* :: : :O#",
        "#OO::+:::: : *:+::: : O::    *: + ::+*:#",
        "#: +::  :** +O::: ::: :*: :: : +::: :  #",
        "#:* :: :::O++::+:::: ::::::: :: :O:::: #",
        "#::+:::O+: OO OO+: :O +: ::::++O:   :O:#",
        "# O::OO:+:O  *::+OO::: *O::::  O+O:+O::#",
        "#+:::    O::: :  :*:: ::O :  : O ::::OA#",
        "########################################"
    ],
    "controller": "script",
    "script": "5971af9da4e2889d0388f590/solution.js",
    "limit_frames": 1200,
    "limit_time": 120,
    "interval": 100,
    "fps": 10,
    "commands": " u u u l ulll luuuuulluuuluuuudluuuu",
    "outcome": "game-over",
    "score": 7,
    "diamonds_collected": 4,
    "butterflies_killed": 0,
    "streaks": 1,
    "longest_streak": 4,
    "duration_frames": 36,
    "duration_time": 3.6,
    "ai_perf": {
        "processed": 30,
        "init_ms": 5,
        "total_ms": 2756,
        "max_ms": 129,
        "dropped": 6,
        "avg_ms": 92
    }
}
