{
    "cave_source": "generated",
    "seed": 4081869093,
    "geometry": {
        "w": 40,
        "h": 22
    },
    "butterflies": 3,
    "ingredients": {
        " ": 25,
        ":": 50,
        "+": 10,
        "O": 10,
        "*": 5
    },
    "cave": [
        "########################################",
        "#: O :: +:*O::O:: ::O:::+::+:OO:  +:O/ #",
        "# : O:*:: ::::+: : :: :+ :  *:O+ :++:  #",
        "#*++: O: :+O  *+ :  : :*    :+  : O::::#",
        "# : ::+:::::  ::O:+O: :: O:: :::::O::::#",
        "#:  *+: O  ::: O:::::: : :: : :::::::::#",
        "#: :::++  :  ++ :O:+: + +: :::O::: OO++#",
        "#: OO   ::: :::: O :+:O::: ::+:::::::::#",
        "#::::: :+: O+: :  :: :  O:::: :+:::*O::#",
        "#O:: :: +::  ::O:+ : ::::O:+:::+:O+  : #",
        "#:*::  ::O:::+:: :O::+:::  ::*O::::++::#",
        "#:::: :A:::::  :::::* /  ::  :::: :*:: #",
        "#OO  : ::+*+:O :: :  :  ::O  :* :  :: :#",
        "#O ::  ::: :::*:: ::+:O /   :  :O  *:O:#",
        "#:+ +O O: : :+: ::+ +     ::+ :+:+:  O #",
        "# ::::O::+:  : ::::  ::O :::::  :: +:*:#",
        "#+: +:*::+:: : : :+: ::: : ::+ O  O*:O:#",
        "# ::   ::* : O:* ::: +:O:O ::O::::O:  :#",
        "#: +::::*++::* :::* :*:OO::: : ::++ :* #",
        "# : :*:: : ::OO *: ::  O:+* :::O :: ++:#",
        "#::: + :  ::::: :::::: : +::: : +O:::::#",
        "########################################"
    ],
    "controller": "script",
    "script": "5966383703505ef27e5c0a8a/solution.js",
    "limit_frames": 1200,
    "limit_time": 120,
    "interval": 100,
    "fps": 10,
    "commands": "rrrd d rrrr rdddd rdd rr rrr llllllull llull lll ldd rrrd llulluuluuuuuluu uuluuuu rrrd uruur rrrru drrrdr drdrrrrrrrruu rrrrru ddddddrdd drdd r",
    "outcome": "game-over",
    "score": 96,
    "diamonds_collected": 21,
    "butterflies_killed": 0,
    "streaks": 1,
    "longest_streak": 21,
    "duration_frames": 144,
    "duration_time": 14.4,
    "ai_perf": {
        "processed": 144,
        "init_ms": 5,
        "total_ms": 45,
        "max_ms": 2,
        "dropped": 0,
        "avg_ms": 0
    }
}
