{
    "cave_source": "generated",
    "seed": 3442529895,
    "geometry": {
        "w": 40,
        "h": 22
    },
    "butterflies": 3,
    "ingredients": {
        " ": 25,
        ":": 50,
        "+": 10,
        "O": 10,
        "*": 5
    },
    "cave": [
        "########################################",
        "#++:  ::: :: :/ :  :+: :*:+O:  :: :+O::#",
        "# O::::: : :::   : +: :O:::O:: : :O:::+#",
        "#+ * ::::O:: O+:: ::*:O+O/ ::   :::O::+#",
        "#O::O*: ::::O+:*:::    ::  O:::::O:: ::#",
        "#::::: ::O::: : :O OOO: :+:*:  :O+ :::+#",
        "#O:::::: +:: O :: : : :*::* :O:::  ::  #",
        "#:  O: ::  +:+: ::::O +:O:::: O ::    :#",
        "#O:   ::  ::O :  :: + O O::::+::+:: :::#",
        "#:::::::+::::*::O:+:+O   +:::::+::+:O::#",
        "#*: +::: *:O  ::O::O+::O:+: ::::O :O: :#",
        "#:::*A+::O  *::::::: O:O:: :O:: + +O +*#",
        "#:::O :::OO: : / ::: O :  :O+: :::::O:O#",
        "#O:: :+ : OO: :  OO:OO::+OO+ :::+::: :+#",
        "#::::: + ::  ::::::+: :+: +::::     +::#",
        "#::: O+**: ::O: O:++ ::O:*:::+: : O::+:#",
        "#:::O:::::::: O+:O+O  +  :*+*::: *+OO::#",
        "# ::+::+++ O+*: + :::  :: :*::: O:+: O+#",
        "#  O:*O  +:O:: +:::OO::: O +::: +::: ::#",
        "#: ::   ::+:  O:++O:+*O ::   :::+O: :::#",
        "# +:::  :::::*O O:::: : +:O++ +:::::+:+#",
        "########################################"
    ],
    "controller": "script",
    "script": "59774613a4e2889d0388f5a0/solution.js",
    "limit_frames": 1200,
    "limit_time": 120,
    "interval": 100,
    "fps": 10,
    "commands": "llullruuuuurrruullrrrrrdrrrdrrrrrrrrurrdrrdrrrrlllulurrl",
    "outcome": "game-over",
    "score": 24,
    "diamonds_collected": 9,
    "butterflies_killed": 0,
    "streaks": 1,
    "longest_streak": 9,
    "duration_frames": 56,
    "duration_time": 5.6,
    "ai_perf": {
        "processed": 56,
        "init_ms": 5,
        "total_ms": 138,
        "max_ms": 8,
        "dropped": 0,
        "avg_ms": 2
    }
}
