{
    "cave_source": "generated",
    "seed": 905997651,
    "geometry": {
        "w": 40,
        "h": 22
    },
    "butterflies": 3,
    "ingredients": {
        " ": 25,
        ":": 50,
        "+": 10,
        "O": 10,
        "*": 5
    },
    "cave": [
        "########################################",
        "#  O:O : :: + *:  : :++:::::::::  / :*:#",
        "#O:: :  :O +  *:*:O:::O+ O+:* :::O  :::#",
        "#  ::O : * O: +::O :::  ::::: +:: *::::#",
        "#+:::* : :+ :::/ ::::::O:*+:O+ :: : *:+#",
        "#  :O*:+  ::::O   :::*O+:O::+O::*:: +  #",
        "#: +:   :::+:: :*::: ::::OO*: ::  +O: O#",
        "#+* *: *   +:+:::O::*:::::O:::O: +:+:+:#",
        "#:+ :  :  :: :O: ::*O::O++O+::  :: :+::#",
        "#:A: :O  :::: :* ::: :: :+:OO:: O  ++:+#",
        "#  :+: ::::+O:::: O : ::::  ::O:::* :O*#",
        "#  ++ :+*:*: : +:  ::+::::O:::+OO:  :::#",
        "#:+:: : :: : O::::+: :** O  +O:O::+:::O#",
        "#:+:+:O+ : *:::::+*+:: :O+:::: ::+*O:*:#",
        "# :+ :O::::O: :O: :   +:: *: *+* + : : #",
        "# *: +:: : +*::::*:+: :  O:: : ::::+O:*#",
        "#:: :::+O:+::O: :::::  ::+:+O: O::::: O#",
        "#+: : :::O: : O ::::: ::::*:O: O+  :::*#",
        "#::::O::::: ::OO * : :+:O: +: : + + :O #",
        "# + ::+:+/ +: :+*:::::::+  : +O: :::  :#",
        "#+O:  :::   O : ::*++: :O:*+:::::++:+:O#",
        "########################################"
    ],
    "controller": "script",
    "script": "59774613a4e2889d0388f5a0/solution.js",
    "limit_frames": 1200,
    "limit_time": 120,
    "interval": 100,
    "fps": 10,
    "commands": "rrluurrrruldldrrrdddrrddrrddrrrrrurudrrurrurddrrrrrrdrrurdrrurrurrdddlddr l                                                                                                                                                                                                                                                                                                                                                                                                                                                                                                                                                                                                                                                                                                                                                                                                                                                                                                                                                                                                                                                                                                                                                                     ",
    "outcome": "game-over",
    "score": 95,
    "diamonds_collected": 20,
    "butterflies_killed": 0,
    "streaks": 1,
    "longest_streak": 20,
    "duration_frames": 1200,
    "duration_time": 120,
    "ai_perf": {
        "processed": 1200,
        "init_ms": 5,
        "total_ms": 604,
        "max_ms": 5,
        "dropped": 0,
        "avg_ms": 1
    }
}
