{
    "cave_source": "generated",
    "seed": 3242294718,
    "geometry": {
        "w": 40,
        "h": 22
    },
    "butterflies": 3,
    "ingredients": {
        " ": 25,
        ":": 50,
        "+": 10,
        "O": 10,
        "*": 5
    },
    "cave": [
        "########################################",
        "#:::O+::*: O: :*:  +: ::: :*: : O++: : #",
        "#O+:  +:  +O:::O::: :: ::  ::+:::::::  #",
        "#O::O:::+:O:+ :O:::+::OO: ::O+: :::::  #",
        "#:::: ::O:O  ::* :: +*::: ::O:::O :+:O:#",
        "#: : :::O:::: :+::::::: :: ::OO:::O  ::#",
        "#OO::::OO+  +::O   O+ O:: O+:::::*  ::+#",
        "#:O:O :::+ +OO::+: :::  +::  :: *:+ : :#",
        "# : O::++:::++:+ *:  O:::: :  :O:A:+:::#",
        "#:+:+*+O:::  :O :+: *::: O:*:: * :::+: #",
        "#: :::/ : ::O::: OO +::::* :O:::   O : #",
        "#::O:O  :     ::+O:::++O ::/  ::OO+*O  #",
        "#+::   ::++  O  ::**::: :::  : O* : O+:#",
        "#:++::*O*/ ::: *O O: ++:O :: : :+  : O:#",
        "# ++:::*   ::OO :+*O ::O:::: O: :::::++#",
        "#OO+  :: :O::: *+    :O+: ::: : +O :: :#",
        "# : +: +:::*O::O:+ :  ::O:   ::+: O:+ O#",
        "# ::  : ::  O ::O:+: :O:  O:O: O  :::::#",
        "#:::O: O:    :::*::+ ::::: +OO :: * :::#",
        "#::O+* O+ ::: :::     : +: O :::O O+  O#",
        "#::::+::::O*: +::::  *: *+::+:  : :: O #",
        "########################################"
    ],
    "controller": "script",
    "script": "59962df63cc1d6947da0b8b5/solution.js",
    "limit_frames": 1200,
    "limit_time": 120,
    "interval": 100,
    "fps": 10,
    "commands": " lrdulrullldddluuduudlruurrrlllullllrlrrlluurddlllllllluuurrrrrrddrrruddrrrrrllddrdddururllldldlrlrllluuldldllldr r",
    "outcome": "game-over",
    "score": 2,
    "diamonds_collected": 2,
    "butterflies_killed": 0,
    "streaks": 0,
    "longest_streak": 0,
    "duration_frames": 115,
    "duration_time": 11.5,
    "ai_perf": {
        "processed": 114,
        "init_ms": 7,
        "total_ms": 8968,
        "max_ms": 124,
        "dropped": 1,
        "avg_ms": 79
    }
}
