{
    "cave_source": "generated",
    "seed": 113691004,
    "geometry": {
        "w": 40,
        "h": 22
    },
    "butterflies": 3,
    "ingredients": {
        " ": 25,
        ":": 50,
        "+": 10,
        "O": 10,
        "*": 5
    },
    "cave": [
        "########################################",
        "# ::O::+ O : * O::::: *:  O::O+:+: : ::#",
        "#:::: :: A :: : : :OO  :*: :::::*O: :::#",
        "#::: +:::: ::* + :: :::  *:*::   + : : #",
        "#::O::*O:*+*::*::: +* :  :* :::  +* ::*#",
        "#*OOOO  :O +++::::: :: : :+:+:OO +: :*:#",
        "#::: :   +O::+::::+O  :O:* ::*:: :O    #",
        "# : : : ::: +:*:::::: + :*::: : ::: O: #",
        "# :::* :O:+:+::+* :O*OO:::+:O: :*:::::O#",
        "#::+:  O: :::::::+:+:+:::O+:: *:O O:::O#",
        "# : ::+++:+::O:O *::*:*:  : : *:++:::::#",
        "#+:OO :*+*+/ :::::OO::: O  *+O:+**::: :#",
        "#/ :*O::: :  +: O:::+::::: :::+ * : *: #",
        "#  ::O :+:: O:: + :::O* +O:::O+*O:+ :::#",
        "#: +O +:: *::+:::  O::: :+ :  O:::+::::#",
        "#+ ::: ::::  :: :O O::O  :*+O::: : O *:#",
        "#:: :*:::* : :   :::O++:::: +O::::O:+O #",
        "#O:  :: + *::O+ :::  O  +: ::::::: O:: #",
        "#O::::::*  :O:::: :: :+::::: + ::O: / :#",
        "#:+:  +:: :*:: O:::  : ::::+:: :::::  :#",
        "#::: +::::::    ::::  ::: O*:O::O: :*:+#",
        "########################################"
    ],
    "controller": "script",
    "script": "597855bdd1c5e44f74358074/solution.js",
    "limit_frames": 1200,
    "limit_time": 120,
    "interval": 100,
    "fps": 10,
    "commands": " d d",
    "outcome": "game-over",
    "score": 0,
    "diamonds_collected": 0,
    "butterflies_killed": 0,
    "streaks": 0,
    "longest_streak": 0,
    "duration_frames": 4,
    "duration_time": 0.4,
    "ai_perf": {
        "processed": 2,
        "init_ms": 5,
        "total_ms": 218,
        "max_ms": 119,
        "dropped": 2,
        "avg_ms": 109
    }
}
