{
    "cave_source": "generated",
    "seed": 3034793830,
    "geometry": {
        "w": 40,
        "h": 22
    },
    "butterflies": 3,
    "ingredients": {
        " ": 25,
        ":": 50,
        "+": 10,
        "O": 10,
        "*": 5
    },
    "cave": [
        "########################################",
        "#+  * :+:::+:O: :O: :+*::*::::* +O:   :#",
        "#  :: ::  :OO: :O:  +::::*:  :+:++:  : #",
        "# O:::O : + ::O:: :: +::::::::: :*: : :#",
        "#OO:*+:: ::: +:::*:: O: / +:: +:O:  +::#",
        "#: :: +O:O::::  ::++O::+  *:::: : O:O::#",
        "# O* O+O: : :::::+::*:: :: O:O::  ::* :#",
        "#  :+:*::  : ::::+:  :::::::O+: :: ::: #",
        "#O:  O::+ ::::::O:::*++ :O O: :: O::: :#",
        "#:::::: +::: : :::: +::+:* +: :: O::::O#",
        "#: * O::::O: :::::: :::+:OO:+O: O   :::#",
        "#   +/  ::::+:::::: : :::::O:    O ::O*#",
        "# : :  ::::+ * :::: :  : :::  *::: :  :#",
        "#: :O+  :+*:+::+AO::::OOOO  O::+O+:O+: #",
        "# ::+:::+:: ::O:::*:/ :OO:O::O :: OO:: #",
        "# ::O+:  : *  ++O:O:    :+:   :OO:OO:O:#",
        "#:  +::*+*:::: :::*: :**   ++ +:: ::::+#",
        "#: :   ::::::*  * +  :+:::+:: :::*  : +#",
        "# :::+O::O :  :  O O:::::::+:+:  ::::: #",
        "#  O+::+O:O::O: *::+::O ::O: O*  :: ::+#",
        "#O: OO:    :OOO +*OO::::::: +O :*: O:::#",
        "########################################"
    ],
    "controller": "script",
    "script": "5975a195a4e2889d0388f59c/solution.js",
    "limit_frames": 1200,
    "limit_time": 120,
    "interval": 100,
    "fps": 10,
    "commands": "ulllddldluuldldddlludrdrrrrrrdrrlduurururluuluruuuruuurrrrllduuuullllldddllllllllddddrrlruurulullldurudldllrdruuruuuuulluldddlddrululdrdd        ",
    "outcome": "game-over",
    "score": 45,
    "diamonds_collected": 16,
    "butterflies_killed": 0,
    "streaks": 2,
    "longest_streak": 12,
    "duration_frames": 145,
    "duration_time": 14.5,
    "ai_perf": {
        "processed": 145,
        "init_ms": 6,
        "total_ms": 164,
        "max_ms": 8,
        "dropped": 0,
        "avg_ms": 1
    }
}
