{
    "cave_source": "generated",
    "seed": 3137516419,
    "geometry": {
        "w": 40,
        "h": 22
    },
    "butterflies": 3,
    "ingredients": {
        " ": 25,
        ":": 50,
        "+": 10,
        "O": 10,
        "*": 5
    },
    "cave": [
        "########################################",
        "#::: ::  :::::::: :*::+ + :+ ::/ +O::::#",
        "#::::: :: O : O:::O::OO: O: :*:  :*O:+:#",
        "#::*: OO+O* :::  +:::+*O*::O +:  ::::: #",
        "# O +: : : :::::: :+:*::: +::+O:O+  : :#",
        "#    : :::: :: : O+::O ::O**O:  *:  :::#",
        "# :+:::   : :  +: :OO+ O :::**:O+::::::#",
        "# O:  :::  :+:  *::  :  :  *::*::  :O: #",
        "#:::+* :::O: O::O*: :::*:::+:O::::O :::#",
        "#  * ::* :: :::+: ::  :: *:::O:: +*:+ :#",
        "# ::O::: : :::  ::::: +:::::*:* ::O+:::#",
        "#+ :+::::O :::::+:O ::O:: :::: : :OO*::#",
        "#:O +: : :::/  ::+:::+: *: : ::O +  O:*#",
        "#+ : :::OO    *+*: ::  :::::+::::::O  *#",
        "#*:::*O   + +: :OA :::: :O:::O:+:::*+::#",
        "#:  :O : ::+:::OO*+ :O: O ::::::*:::::O#",
        "# : + O+O::    :::::O:: :+O:O :+O: *:::#",
        "#:     :::*:: ++ :O:O+ O: O:+ :: :: :/ #",
        "#:  ++::  O +++ ::O+O+:::::*O:* + : :  #",
        "#+: :* : : +O : :: : +::O  * :* :* ::::#",
        "#::::::O:+OO   O*+:O:::  :+::::::  +: :#",
        "########################################"
    ],
    "controller": "script",
    "script": "5975a195a4e2889d0388f59c/solution.js",
    "limit_frames": 1200,
    "limit_time": 120,
    "interval": 100,
    "fps": 10,
    "commands": "ddrdrllrruldlddlduuruullluuuuuurrruuuddruuldrdrddrruurruddrurllrdddrururrrluuuudluuldrrrdrddddrrrruldldddddururrllddrrur    rlrl    rlrl    rlrl    rlrl    rlrl    rlrl    rlrl    rlrl    rlrl    rlrl    rlrl    rlrl    rlrl    rlrl    rlrl    rlrl    rlrl    rlrl    rlrl    rlrl    rlrl    rlrl    rlrl    rlrl    rlrl    rlrl    rlrl    rlrl    rlrl    rlrl    rlrl    rlrl    rlrl    rlrl    rlrl    rlrl    rlrl    rlrl    rlrl    rlrl    rlrl    rlrl    rlrl    rlrl    rlrl    rlrl    rlrl    rlrl    rlrl    rlrl    rlrl    rlrl    rlrl    rlrl    rlrl    rlrl    rlrl    rlrl    rlrl    rlrl    rlrl    rlrl    rlrl    rlrl    rlrl    rlrl    rlrl    rlrl    rlrl    rlrl    rlrl    rlrl    rlrl    rlrl    rlrl    rlrl    rlrl    rlrl    rlrl    rlrl    rlrl    rlrl    rlrl    rlrl    rlrl    rlrl    rlrl    rlrl    rlrl    rlrl    rlrl    rlrl    rlrl    rlrl    rlrl    rlrl    rlrl    rlrl    rlrl    rlrl    rlrl    rlrl    rlrl    rlrl    rlrl    rlrl    rlrl    rlrl    rlrl    rlrl    rlrl    rlrl    rlrl    rlrl    rlrl    rlrl    rlrl    rlrl    rlrl    rlrl    rlrl    rlrl    rlrl    rlrl    rlrl    rlrl    rlrl    rlrl    rlrl    rlrl    rlrl    rlrl    rlrl    rlrl    rlrl",
    "outcome": "game-over",
    "score": 96,
    "diamonds_collected": 21,
    "butterflies_killed": 0,
    "streaks": 1,
    "longest_streak": 21,
    "duration_frames": 1200,
    "duration_time": 120,
    "ai_perf": {
        "processed": 1200,
        "init_ms": 5,
        "total_ms": 424,
        "max_ms": 5,
        "dropped": 0,
        "avg_ms": 0
    }
}
