{
    "cave_source": "generated",
    "seed": 3497398320,
    "geometry": {
        "w": 40,
        "h": 22
    },
    "butterflies": 3,
    "ingredients": {
        " ": 25,
        ":": 50,
        "+": 10,
        "O": 10,
        "*": 5
    },
    "cave": [
        "########################################",
        "#:+:: ::O:   :*:  :: : +: :::      :* :#",
        "#* +:::::+ :O* O: +  *:  *** :O : :::: #",
        "#: :::::::O:+ ::+:: +: O:  ::   O:::: O#",
        "# O   O::: : +:::O:  :+ : : ::::::: :::#",
        "#O: ::::*::+O::::::+::O::: ::  ::: :::*#",
        "#: +::/ :::: +::*O+ :: O:  ::OO  :: :::#",
        "#: :*:  : ::: O: ::+:::  :::::::   :  O#",
        "#::O: + ++:    +:::: :+:*: O: O :   +::#",
        "# ::+ * ::+O :+  :::  +:+:  ::: :::::::#",
        "# +O  ::O:: : ::: :: OO  ::O  : :::::::#",
        "#O:+: ::::::* ::*:::::: : +:*::+:::::+:#",
        "# +*O:O:*::+ :O:OO+::::   :O*:  +: O: :#",
        "#  :  :* :O O OOO::/ : : + O:O  : *::::#",
        "#: ::*O:O:: **:::::  ::++:+:  :+::O:: +#",
        "#:: :::*O :   :::::+: :::+:::  O/  :  O#",
        "#::++  : *:: +O :+ :+ :  : :**::   O: :#",
        "#::+: +: *:+:::O: :+ ::::: :: :*+::A:* #",
        "#:O: * :: : ::  ::::* + + ::: ::::::+: #",
        "#  :::+ **:::: O:::: O:OO::::::::  ::*:#",
        "# :+* + +:+: :::+: + ::::+::O:: :: :+ :#",
        "########################################"
    ],
    "controller": "script",
    "script": "59955b6d3cc1d6947da0b890/solution.js",
    "limit_frames": 1200,
    "limit_time": 120,
    "interval": 100,
    "fps": 10,
    "commands": "rrdddulllllluudllluuruuluuuuruulllullduruuuururllllllllullllldldrdrdrddddddlllldddddurlullldddddllduullldduuruuuuurrdduullullrruuuuluuuluululrdrdrrurrrdduullldlddddrddddrdrrrrrrrddrrddrrrdrrdduuruurrrrrrrruuuluuurrruurrrrurruruluuuul                                                                                                                                                                                                                                                                                                                                                                                                                                                                                                                                                                                                                                                                                                                                                                                                                                                                                                                                                                                                       ",
    "outcome": "game-over",
    "score": 194,
    "diamonds_collected": 36,
    "butterflies_killed": 0,
    "streaks": 1,
    "longest_streak": 33,
    "duration_frames": 1200,
    "duration_time": 120,
    "ai_perf": {
        "processed": 1200,
        "init_ms": 6,
        "total_ms": 1454,
        "max_ms": 9,
        "dropped": 0,
        "avg_ms": 1
    }
}
