{
    "cave_source": "generated",
    "seed": 784285562,
    "geometry": {
        "w": 40,
        "h": 22
    },
    "butterflies": 3,
    "ingredients": {
        " ": 25,
        ":": 50,
        "+": 10,
        "O": 10,
        "*": 5
    },
    "cave": [
        "########################################",
        "# :+  : O O:O  + +O   : :::  ::*: +++  #",
        "#:++: O+:::: ::::O ::O::O:::     +  ::+#",
        "# +:O: :  : ::: :  ::::: O:O+ :+::  : *#",
        "#:*:   O:  :++::O*+:+ ::+:::: ::+ *  : #",
        "#:::::O::   : :O:+  :: +O*: +* O:*:::O #",
        "#: : :    +:  :*::  ::::: : :  ::*::+++#",
        "#  ::::: ::*+:  :O:*::: +O+: +:O :::+: #",
        "# : : +   :::::+*::+::O:::*: ::  :: O::#",
        "#+ :OO: : +O:: :* *:    ::O::: ::: ::+O#",
        "#:::::: ::  O::*:O:+::OO*::O::::*::::* #",
        "#::   :::O: ::O:O::O: +::+ : +*::: ::::#",
        "#*:O::*:::::    ::::+: :O ::*O: :O::O: #",
        "#:+ :: ::: + *:   :::*:: ::O  +::: / ::#",
        "#O* :::  :+++*AO*::::+: :O +O:::++O / :#",
        "#::: :OO :  ::::+ :*OOO: O::::+ :::   :#",
        "#**:: :::*  ++:::O::+/ :::::::::::**:::#",
        "#: ::::+:*::  : :  ::  :::O::*++::O::::#",
        "#::::O:::+*::O::*+ : :::: O:: :::O :* O#",
        "#+O:::::+: :  O+:: O:O :: : : O*: O: ::#",
        "#  +: : :+::: O+:O:: ::O::::: :O :+::OO#",
        "########################################"
    ],
    "controller": "script",
    "script": "59955b6d3cc1d6947da0b890/solution.js",
    "limit_frames": 1200,
    "limit_time": 120,
    "interval": 100,
    "fps": 10,
    "commands": "lurrrdrrrurrrurruuuurrrururrdrrruuurlululllddddlllldulllllldlddlluulrddlduluulullddddldddlddddrddrrruurrrdulllddllluuluuluuulldulullllduruuuuuuudddddddrddrdddlldulruuddrruuurrurrdrddrddddrrruurrrrrdrrrrrrr    ",
    "outcome": "game-over",
    "score": 135,
    "diamonds_collected": 29,
    "butterflies_killed": 0,
    "streaks": 2,
    "longest_streak": 23,
    "duration_frames": 209,
    "duration_time": 20.9,
    "ai_perf": {
        "processed": 209,
        "init_ms": 6,
        "total_ms": 201,
        "max_ms": 9,
        "dropped": 0,
        "avg_ms": 1
    }
}
