{
    "cave_source": "generated",
    "seed": 130052943,
    "geometry": {
        "w": 40,
        "h": 22
    },
    "butterflies": 3,
    "ingredients": {
        " ": 25,
        ":": 50,
        "+": 10,
        "O": 10,
        "*": 5
    },
    "cave": [
        "########################################",
        "#O   *::::: : ::::::+ : +::+ *+:: O  : #",
        "#::: O:+:: : ::/ ::::O::::::::+:::  : O#",
        "#::*: O :*++ ::  O:*O::: :+*::OO*+::::*#",
        "#::O:  ++ :::A :O +::  : +:O:  ::OO/  :#",
        "#+:::+ :O:::+:+ : :* :  ::: :::  :O  : #",
        "#*::::: : :   :  ::O+:: :::: :::::::  O#",
        "#::O:::  ::+:OOO:*O: : O:: ::/ ::: :O::#",
        "#::::: ::*:::++  ::+:+:  : +:  ::O::O::#",
        "#::O:*+::+::::::: : :  + ::::: :::O:  :#",
        "#* **:::* O: :::   +:++ O+:*:+ :+ + * :#",
        "#* : :+   + O:OOO+*:O: *:::::: +*:::::+#",
        "#:  +::O  ::  :: ::+*:+   ++ ::: +:: +:#",
        "# *  *:  : O::::: O:+::+   O:::  ::O:: #",
        "# :  : : ::  O: O :: +:++:::+ :+ +:::OO#",
        "#:::::::+:::+ +: :: :::  : :O::+: + *::#",
        "# :+:::O :::+:: ::  *:O:: :::  :+:* + :#",
        "#*O *::+::O:  ::::O::+* O::::: : :::O::#",
        "#: : : +::+O:O+ O:   ::::: ::    +::OO:#",
        "#  +:+O *::O: :*::O:O :O:::*:OO: :+:  :#",
        "#:*:*O : O:+::O :+:   ::O: ::OO:+: +:: #",
        "########################################"
    ],
    "controller": "script",
    "script": "5995f0f83cc1d6947da0b8a5/solution.js",
    "limit_frames": 1200,
    "limit_time": 120,
    "interval": 100,
    "fps": 10,
    "commands": "  lldllddldddrruuddlllllduluuuuuuurullldddddldddrdr luururrrrrrrdrrrrrrruluurruruuuull  ",
    "outcome": "error",
    "error": [
        "5995f0f83cc1d6947da0b8a5/solution.js:864",
        "            if (grid[ay][ax] === WALL || grid[by][bx] === WALL) {",
        "                        ^",
        "",
        "TypeError: Cannot read property 'null' of undefined",
        "    at lee (5995f0f83cc1d6947da0b8a5/solution.js:864:25)",
        "    at World.getMovesTo (5995f0f83cc1d6947da0b8a5/solution.js:920:16)",
        "    at allTargets.map.diamond (5995f0f83cc1d6947da0b8a5/solution.js:810:52)",
        "    at Array.map (native)",
        "    at World.selectCurrentFallen (5995f0f83cc1d6947da0b8a5/solution.js:810:32)",
        "    at World.mapCleanup (5995f0f83cc1d6947da0b8a5/solution.js:728:18)",
        "    at Object.exports.play (5995f0f83cc1d6947da0b8a5/solution.js:1365:19)",
        "    at exports.play.next (<anonymous>)",
        "    at screen (5995f0f83cc1d6947da0b8a5/solution.js:1389:20)",
        "    at evalmachine.<anonymous>:1:16"
    ]
}
