{
    "cave_source": "generated",
    "seed": 1530412198,
    "geometry": {
        "w": 40,
        "h": 22
    },
    "butterflies": 3,
    "ingredients": {
        " ": 25,
        ":": 50,
        "+": 10,
        "O": 10,
        "*": 5
    },
    "cave": [
        "########################################",
        "#O::    :O+: ++ OO:: : ::+::+:::+:: O::#",
        "#: : ::+:::O :: *O: + O +  :+O:*:+ : ::#",
        "#:::*: O::*::::*::::  :+ ::  ::* : ::::#",
        "#::OO:::: :: / : ++::+   O O:::O +:  +*#",
        "#: :: ::*:::O  *:: ::: :: O+:   ::*::::#",
        "#+:+:: :O :::  ::::  :  :*:: :O:+++::: #",
        "#*: O  ::::+: *:+: +O  ::+ ::*:*O : :::#",
        "#OO:O: +**  + * :+:: :O:/ :: +:O::+:::+#",
        "#O::+*:: O: :: :O: *+ ::  ::: O:+O:::O:#",
        "#O:*:O   :+:::::O+: * :: :O::O:O    :::#",
        "#:::*::O:*O::O::A O::O: : :/ ::::::O : #",
        "#::::: +:*+O: :: ::: *+::*   ::::: :   #",
        "#  :::O::: * : O:::: + :*+:: O*::: :O :#",
        "#:: :O+:+:+ O::*O++:*+  : :: O: O* ::  #",
        "#:::::::::+:*O: *: *:+ :::+:: O  : + ::#",
        "#+::O ::::::   :   +::O:*::::O++::O : +#",
        "#: O:::O::: O :: +:  : +O*: +:::* *O+:O#",
        "# : : +:::+ +:::+OO::OO::::   : :: O+:O#",
        "#::: *:O:++:  ::+: ::: ::+: ::+++ O:: O#",
        "#: +:::: :O :: O:: ::: O:  O:++ ::::: :#",
        "########################################"
    ],
    "controller": "script",
    "script": "5995f0f83cc1d6947da0b8a5/solution.js",
    "limit_frames": 1200,
    "limit_time": 120,
    "interval": 100,
    "fps": 10,
    "commands": "  lulluddrru  uu",
    "outcome": "game-over",
    "score": 0,
    "diamonds_collected": 0,
    "butterflies_killed": 0,
    "streaks": 0,
    "longest_streak": 0,
    "duration_frames": 16,
    "duration_time": 1.6,
    "ai_perf": {
        "processed": 15,
        "init_ms": 8,
        "total_ms": 702,
        "max_ms": 122,
        "dropped": 1,
        "avg_ms": 47
    }
}
