{
    "cave_source": "generated",
    "seed": 202266532,
    "geometry": {
        "w": 40,
        "h": 22
    },
    "butterflies": 3,
    "ingredients": {
        " ": 25,
        ":": 50,
        "+": 10,
        "O": 10,
        "*": 5
    },
    "cave": [
        "########################################",
        "#: :+::/ +O::+ :: : O: : :*  :: +O:: + #",
        "#::+: :  O*::*:O:::: ::   ::     +:::O:#",
        "#+O ++::O + O:::O+::O:::  O:OO:: :*+O+ #",
        "# *::::+:O  ::::     :O+O*:+O:+:::+:O::#",
        "#:: ::*::::O: :  *O +O:+:+: ::::  O *::#",
        "#::+:  :O:+ : :+OO: :O  OO+: + :::* : :#",
        "#: +:: :: ::*:+O:::: ::: + OO::   :::  #",
        "#::+ O *+O ::O:O*:++ :::*    :O +O:*OO #",
        "#:::+ +++  ::::: *: +:  :O*: ::: :OO ::#",
        "#  : ::::::::  :  : :  ::  :*::::  +*::#",
        "#::A:* :  ::: +: : : ::::*:::+ :O  :+ :#",
        "#  ::++ :* O +O:+:O ::O::O*  :::*::+::+#",
        "#::+::: :: *:O:OO  *:O:+::O +::: O+:*O #",
        "#:+*: :O/ ::::::: : :::O +  ::O::OO+:::#",
        "#:+++:::  :O :::O: :::*: ::+ : : : OO::#",
        "# :+:::::+O::O::: :++O:*:+::: :::::: ::#",
        "#:::::::O:::O:*:+  :: :*::  : :: :: ::*#",
        "#:: ::: +:  ::  O: ::::O*+:::::::::::: #",
        "# *O: :* :O  :*::O::: ::O  O /   :O::::#",
        "#O  O :O O+::+:+O:::::O : O+    :: O::O#",
        "########################################"
    ],
    "controller": "script",
    "script": "5995f0f83cc1d6947da0b8a5/solution.js",
    "limit_frames": 1200,
    "limit_time": 120,
    "interval": 100,
    "fps": 10,
    "commands": "  rululuuuurrrrrrrrruudrrurrrurrrrrrrrrrrrrrdrrrddddrrrududdllruurdrrdddlruuulllllllddrrdldldlllullruulllddlllllllrulllduulllurullllll uududdrrdrrddrdllllddllllullurrrrrd uur ddddrrrrrrrrruurrrrurruurrrdldlddrrrdrrrrrullurruuurdruurrurrddddldldddrdddrudu ddlluullllllllllllluululllllulllddlldlddrrrdruuurrddrdrrrrrdr   ",
    "outcome": "game-over",
    "score": 63,
    "diamonds_collected": 22,
    "butterflies_killed": 0,
    "streaks": 2,
    "longest_streak": 12,
    "duration_frames": 319,
    "duration_time": 31.9,
    "ai_perf": {
        "processed": 318,
        "init_ms": 8,
        "total_ms": 8819,
        "max_ms": 110,
        "dropped": 1,
        "avg_ms": 28
    }
}
