{
    "cave_source": "generated",
    "seed": 3246098410,
    "geometry": {
        "w": 40,
        "h": 22
    },
    "butterflies": 3,
    "ingredients": {
        " ": 25,
        ":": 50,
        "+": 10,
        "O": 10,
        "*": 5
    },
    "cave": [
        "########################################",
        "# : O *:O+ :O:: ::::++*: : +O: : :O+: :#",
        "#  O: O*:  ::  :: : : :O:+ :+:: :O::  :#",
        "#::::+: +:: :::+: +:: +OO + :::++ :  ::#",
        "#::O:*::: ::  ::::O:+:+ :: : O::O::: ::#",
        "#: : + :+  ::O :::++:O :O:: :*+ :O:::::#",
        "#:+:::+::: :::::: ::+: +:+: :::: *  O :#",
        "#:+*+ +: :: /   O::::+: :: :::    *:O :#",
        "#  +:O: *+::  O :+:O:: +:::+::: :+    :#",
        "#:+ O :O::   :OO+:::O:   :::++::  :+O::#",
        "#:+:*:+++*:O:::    :O: O: : :O+ : *:*+:#",
        "# : : +OO*::O:::::* :++:O:+::: O +:: +*#",
        "#:: *:    *::::: :::  ::  ::/ ::::+: ++#",
        "#:: + ::::: A:O*:O:::::+* ::  ::::  :O #",
        "#/ +:: ::+:   ++ ::::  + :++ :::*::: O #",
        "#   +::  ::::: ::O:::::: :: O+:::: :O::#",
        "#:: *:  :::+ :: * ::  :O :+:  ::O +:O+:#",
        "#  : :: *  :: :: + **+:: O :+ ::::*OOO:#",
        "#:O :::: * :::+O : :::O::: : ::O : OO  #",
        "#::+   O : :O : ::: *:  :+     :      :#",
        "#++O*: : :::::+: :::*OO:: : :+:: +::::O#",
        "########################################"
    ],
    "controller": "script",
    "script": "5995f0f83cc1d6947da0b8a5/solution.js",
    "limit_frames": 1200,
    "limit_time": 120,
    "interval": 100,
    "fps": 10,
    "commands": " ululuullrruuuuulllldrdddlluuluuuudddlllddddddrrrllluuuuuururulurrrurrdrrrrrrrrrrrrrrrrrurrdrddddrrddrdrrrrldldddrrruul    u    u    u    u    u    u    u    u    u    r    r    u    r    r    d    u  dddddddddduulldddullrrdddlllluddrddddruulddlllulllllludllllulddrduullllluruuuulrurrudllllllllluddrrrrdddddllllddllllluuuruuuuulullddrlu uluuuuuururrrrrrrrrrrrrrruurrdrr    u    r    u    r    r    r    r    d    u    d    udr dr ruurr rrrdr rurr dd ddddddll    uu    u    u    u    u    u    u    r    r    d    u  dd ddddddll    uu    u    u    u    u    u    u    r    ddddddddldddddddldllllldldlrrruddllu    u    u    u    r    u    u    u    u    u    r    u    u    u    u    u    u    u    d    u    d    u    d    u    d    u    d    u    d    u    d    u    d    u    d    u    d    u    d    u    d    u    d    u    d    u    d    u    d    u    d    u    d    u    d    u    d    u    d    u    d    u    d    u    d    u    d    u    d    u    d    u    d    u    d    u    d    u    d    u    d    u    d    u    d    u    d    u    d    u    d    u    d    u    d    u    d    u    d    u    d    u    d    u    d    u    d    u    d    u    d    u    d    u    d    u    d    u       ",
    "outcome": "game-over",
    "score": 185,
    "diamonds_collected": 41,
    "butterflies_killed": 2,
    "streaks": 2,
    "longest_streak": 27,
    "duration_frames": 1200,
    "duration_time": 120,
    "ai_perf": {
        "processed": 1200,
        "init_ms": 8,
        "total_ms": 38499,
        "max_ms": 95,
        "dropped": 0,
        "avg_ms": 32
    }
}
