{
    "cave_source": "generated",
    "seed": 375607565,
    "geometry": {
        "w": 40,
        "h": 22
    },
    "butterflies": 3,
    "ingredients": {
        " ": 25,
        ":": 50,
        "+": 10,
        "O": 10,
        "*": 5
    },
    "cave": [
        "########################################",
        "#O:O :  ::::++O::::::: : :  ::*  *::O:O#",
        "#::::  : :O+: :* O::  :+O:: :  +::O +: #",
        "# / : O:+::::+::++:+:O: :+: ::+:::O::::#",
        "#   : :::++  ::+:+/  O++::*::: +::O+  O#",
        "#* ::    ::  :*::+  : +: ::  :::O:*:O+O#",
        "#::O:*:::O::  :+: ::*::::  ::::::::   :#",
        "#: :: :: + :O::: O::: :+++:+:: O + : :O#",
        "# :OO::::* O : :: +: :O::: +  O:    +:O#",
        "#:   : :*:::O:O*::O+:::+O::: ::: ::::::#",
        "#: O O*:::A+:: : +: ::O O:::::: ::+/ ::#",
        "#:+++O:::  O: *::O:::  : ::+ :::O::  +:#",
        "# ::::::  *:++ +: : :: :::**:: :: +O  :#",
        "#:O:::+* *: :  +:::*:++ :: O::::O:: +::#",
        "#::O+O  :::OO: :+:::+: :::: :    * O:* #",
        "# :O  *:+::O:O*:+:: : : ::: ::+O:  O:O:#",
        "#:::+ ::*: * : :+::: ::: O+:O :O*:  :::#",
        "#:  : O:+:O:+:: :+:+:::: : * ::::: : ::#",
        "#O :: :+:* +O*::*   +  :::O:++::+:  ::O#",
        "#::  +:::::::+O+*::O *O: :::+:  ::::O  #",
        "#+: ::::OO:O:::::   : :: *  ::::  ::+ :#",
        "########################################"
    ],
    "controller": "script",
    "script": "5995f0f83cc1d6947da0b8a5/solution.js",
    "limit_frames": 1200,
    "limit_time": 120,
    "interval": 100,
    "fps": 10,
    "commands": "  uldldllruuulllullulddrrrdrlulldlrurrrrrrrrurrrruddddrruuurrrrrrurrrrurrruuuurrrdrddddrllllldddllluudddrrrrrrrur rllllddlldllludllluulullddlllllluuuuuuuurlddddllllddddlldllllllluu   u    u    u    u   dddrrrrdrddurrdrrdlllddldrrrrrrrruluruuurrrrrrddldddlddlldulllrrrdrrrrdrrrrrrruuuuruuurudlllddrdddurrrrrurururrrllldldllldlllllddllllllldllllllullluuuuulluddlldurruuuuuuuuuuuuuru r    r    r    l    r    l    r    l    r    l    r    l    r    l    r    l    r    l    r    l    r    l    r    l    r    l    r    l    r    l    r    l    r    l    r    l    r    l    r    l    r    l    r    l    r    l    r    l    r    l    r    l    r    l    r    l    r    l    r    l    r    l    r    l    r    l    r    l    r    l    r    l    r    l    r    l    r    l    r    l    r    l    r    l    r    l    r    l    r    l    r    l    r    l    r    l    r    l    r    l    r    l    r    l    r    l    r    l    r    l    r    l    r    l    r    l    r    l    r    l    r    l    r    l    r    l    r    l    r    l    r    l    r    l    r    l    r    l    r    l    r    l    r    l    r    l    r    l    r    l    r    l    r    l    r    l    r    l    r    l    r    l    r    l   ",
    "outcome": "game-over",
    "score": 204,
    "diamonds_collected": 42,
    "butterflies_killed": 2,
    "streaks": 2,
    "longest_streak": 30,
    "duration_frames": 1200,
    "duration_time": 120,
    "ai_perf": {
        "processed": 1199,
        "init_ms": 8,
        "total_ms": 29242,
        "max_ms": 111,
        "dropped": 1,
        "avg_ms": 24
    }
}
