{
    "cave_source": "generated",
    "seed": 3925147649,
    "geometry": {
        "w": 40,
        "h": 22
    },
    "butterflies": 3,
    "ingredients": {
        " ": 25,
        ":": 50,
        "+": 10,
        "O": 10,
        "*": 5
    },
    "cave": [
        "########################################",
        "#  :: :  : OO:  : AO:  ++::::: ::O::/ :#",
        "#: ::+ ::O+O::::: :  ::+::O*O*: O:::  +#",
        "#:  :: ++ ::O::+::O  : +:  ::O ::::O :*#",
        "# :: :+::::::: ::  O:::: : : :  :+ :OO #",
        "#::::::* : :O::   O *O:O::::O::O : ::::#",
        "#::: O:*  :+ :+ O::O:::   O:::: : :+: :#",
        "#OO  :: : + OO::*::: +  :OO+::  +:+::: #",
        "#+*:: :  ::: :O* +**+ O::+O :::::O O:O:#",
        "#: : :    ::+:: ::O:O+::O+ ::::+  ::O::#",
        "#: ::::::::::  O :: : *::+:/ O: :::::::#",
        "#+: O/ :::::: :+ O*::::: :   :: : :O: :#",
        "# :+   *:::: :O   : :: ::: ::*++:*O OO #",
        "#: ::+:+::::*: :: +:  :*:: :+O+::: +:O:#",
        "#: O:* O:::::: :  O::O::*** :*:::::::::#",
        "#O:+ :O::::: :: :: + +::::OO:+:::::O:+:#",
        "# :+::::O :O O::O::*:::::  ::  ::  O  :#",
        "# +O:  :::O :: * O  O  ::: :O  ::::::O #",
        "#+:O   : ::O: + +::::::: +::O:  :+: + :#",
        "#:++:::: *::: :+:  ::O  :::::O:::::+ :+#",
        "#::O  ::+*:++: O:+ : *  :+::: ::  ++ :O#",
        "########################################"
    ],
    "controller": "script",
    "script": "5995f0f83cc1d6947da0b8a5/solution.js",
    "limit_frames": 1200,
    "limit_time": 120,
    "interval": 100,
    "fps": 10,
    "commands": " ddrrdrrddll durrrrrrruuudrrrudddlldddddlllllllulludlluldlldddrdddrrrrruuuuul duuulllldllllllllruuuddddl ll uuuu dru lllddddlddrrdddrrrurrrrrrrrrrrurrruuurrrrrurrurrurrruururrrrdddddlllllllldrrdddrrrrrruuuudllldllulllldllulldddlululur rrrdrddrrlddllldlddlllduullu u ruuuuulldldddldldduuuuullluullllludlldlddrdlrruuurlllddllrrdrrrrrddddd  u    u    u    u  rrrd    rr    u    r    u    u    u    u    r    u    u    u    u    u    u    u    u    u    u    u    rr    r  rrrdd drruuru rr rrrrdd rr    u    r    u    r    r    r    r    l    r    l    r    l    r    l    r    l    r    l    r    l    r    l    r    l r    l    r    ldd    rdd dddddddll    uu u   uuuru    uddllddrrdddldrru    u    u    u    u    u    u    u    u    d    u    d    u    d    u    d    u    d    u    d    u    d    u    d    u    d    u    d    u    d    u    d    u    d    u    d    u    d    u    d    u    d   d dddddddll uu u    u    u    u    u    u    u    u    u    r    r    l    r    l    r    l    r    l    r    l    r    l    r    l    r    l    r    l    r    l    r    l    r    l    r    l    r    l    r    l    r    l    r    l    r    l   dd    rdd dddddddll uu u    u    u    u    u    u    u      ",
    "outcome": "game-over",
    "score": 239,
    "diamonds_collected": 46,
    "butterflies_killed": 2,
    "streaks": 2,
    "longest_streak": 35,
    "duration_frames": 1200,
    "duration_time": 120,
    "ai_perf": {
        "processed": 1200,
        "init_ms": 7,
        "total_ms": 29855,
        "max_ms": 94,
        "dropped": 0,
        "avg_ms": 25
    }
}
