########################################
# : :+  :*++:  *+::   :::O::O : :O :*O #
#+  :O:::** **:O: :::+:::+: :: ::+ ::::#
#::  ::O: : :: :O:+:* ::::+: *:+::  +::#
#::O :  O+::: */ :+O:::+::: :* *O:::O :#
#  +::+::+  :     ::: : :  ++:  O   :  #
#: +: :O:+  O:::::+::O:::O::: +O:  ::::#
#O:: :::::O:::O:O::  +::O :: :::O::: OO#
#*+O+*/ :::::O+O :: *::++ : +:: :: ::::#
#*: ::  ::  ::  **::  ::+ :::O::O::   O#
# :+::** :   +O   : ::::*:::   O:+ :: :#
#  :    : *O::O:+:*  : OO::::  :: :::::#
#  *+::  :: :OOA:::+:::*:: ::+: :* +::+#
# O: :::: O+:: :O:++:*O :  : ::  : ::::#
#: :   : ::::::* * O*: ::::OO::: : O:::#
#::::O+: ::: ::: +O:O:+:::::* :O:+:+: :#
#:    ::: :: :::+ :: ::::+ + :O:: O:: :#
#:: ::O:O*:::::+::: : O::  ::: :O:++:: #
# ::++::OO +++:O:+:++:::: +  :::  +::: #
#::::+::: O O    : : +::: : O+:: :*:/ :#
#O :O :*:::O: :+:::O  :+*:::  +:::+O  :#
########################################
