########################################
# :  O:O+ ::*OO: *: ::O:+ :O: ::: :::::#
#::::  + ::::::::  ::*:+O : *  + :O::O #
#::O:+ +:O : :: :+ *:::   +:: O * : :: #
#: :/ :O: :+::O+  ::::::OO+ :O::*+:::+ #
#:    : O+O:O  :* OO: :::: :   ++ :*:: #
#::+:*+ ::: :O:OO+OO:::: + +: O :::OO::#
# ::::++O*: :: : :O::*:::O  : : O+O:: :#
#:O*O:+:+: O:    : + :OO: O:O+: + ::   #
#+:::+  O *O+ : : O +O :+O::+ : :::O++ #
#::::O::O O+:*:::++: * ::: +++ : O/ +::#
#   * :::+:: : ::::**  ::*:+: O:::  :  #
# O:O  ::*  O O:+  :::+*+:::O*O:+:::: +#
#:: :O::+:  *O:: :::* ++O::  :: :O:::::#
#::::::O:::O    :::*+O: :: O:OO *:::*:O#
# ::: /  O    *O:*:O::   :+**::  :+::O:#
#+ O::  ::: *  :+O:: *::+:*+++ +:O:: ::#
#::++:O:+:  +O   ::: +:+ :O   :::O *:: #
#:: :O::+:::+*: :::: :  :+  ::O:*O:*:+ #
#::+::AO::O: ::* :+::: ::  O: : :O  :: #
#::::: O::  :: :::::  :O: ::O+ :     : #
########################################
