########################################
#: : + :: ::+: :  O :: :+:: +:::  : :*O#
#  :O :::O ::: :   ::**:: :::O:: :+:  :#
#:O*+:O: ::O+O:+::::  ::+ : ::+: OO*+ :#
#  O:O:::: : O O:OO :O: O:O::::O:+:O::*#
#O++*:*OO: :+::*O:+ ::::::: :::::  : ::#
#  : : :::+:+ : OO::::/ :*::: :::::: +:#
#*::OOO::::*:+::*:*+:+  :::* + * O::*O:#
#O     +O : +*::O:::: : O + *+:  ::O++:#
#:O+:: ::: :O::*::*O:OO:::* :+:::: +::O#
# :::::*:::::: : :  : :+:++::A:: OO : :#
#   :: :::O::  ::*::   +: ::+:::+::O::O#
#:::O+*::: :+: O*:O:::O:::  :+::  :+O*+#
# :::+:* : ::::::  + O : : +::+:: O::  #
#+: : :::O: :O:::: O*:: ::O:O : +::::  #
#  +*O::::: :/ :O:+:: : :::::::  +::  :#
#: : :::::O:O  O ::+:O:::: :::::: O:*: #
#  ::::::::O:+:: : *O: ::+ : O+  + + +O#
#::::::::::::::+: O: : ::*O::+O:  ::::+#
#**O O +:O:O:+*O:*::+ :O  ::   +: / ::O#
# +  ++:+*: O*+ ::+:: ::++O::*:+:   :::#
########################################
