########################################
#: O::++: :: ::+:     :: : ::**:O:::: :#
#*:OOO:*  :O:+OO::::::+:   : + *O: O*+:#
#:: : O::  : :: ::OO::::::: :++::::: O #
#O*:O :OO::O ::: : :::*::::OA::O:+::O*O#
#:  OO:: +     ::+:*:O+:::: :::: :::O++#
#+ :   :O::::+:O+*::: : :: :::::*::::::#
# :::O+:::+:::*:+*: * + : :   :*:O  :: #
#:O:: :   +O :::O: +: :::::::  :+:**:: #
#:: ::+:* :: :: :  ::O::+:::  :::O+::+:#
#+: :/ ::  :: :::::  : :+:/ :O : ::*:+:#
#*: :   ::  :*: *O:++:::+:  :O: ::OOO :#
# +O:+*:: OO:::+ :::OO+::: :O::::+:: :O#
#:/ :+:::OO:OO+:::OO::::+O: O ::::::+  #
#   :::::OO: :::: ::+:*O*O:: O O  : :::#
# :  O  :+O: :::*O+: :: : O::::::+O OO #
#: ::*:::::::+O+:**::: :O+::+O:::+:*:: #
# +O:: :  :: O:*::*:+O: :OO*::: :: ::: #
#::::O: :  *::*:::+O ::O: +:O :: :O::::#
#* OO:O : : ::*: :: :::+O ::*::::::: :+#
#  :++O*:::O+: :O:+  :: :::+::*::::O :+#
########################################
