########################################
#: ::: : O O  :O*+ ::  *   + O: *:   O*#
#: :+   * *  ::O:: :O*:O : :::O+:::: +:#
# :: ++:::  : ::: ::O **:   : ::::  :::#
#:O:::+ :*::OO* :*:::: + :: ::::: :: ::#
#  :+:: * O     : : O::* :+:  * :::O:  #
#:::::*: :*O ::+:: :: *:::*+::   +: :*:#
#:::: *::+   ::: ::: *:+O*++O:O:OO:: O:#
#:+ :: ::::: O :::O::: + : : : :O::   +#
#:   ::::* :: +:::::::  :OO: : :  ::O::#
#+ +::* +O::++ +O:+:: O+:O    O  O: * :#
#  :::::::+**O: :*:O : :* :::*: :+ + ::#
#:::  :::O:+:+::: ::::+:++::O::OO: ::::#
#:: O:: :O*O:+:    :+   +:::::::O:OOO+ #
#/ :/ :O: +:::+**  :::O :+ O:O::::::::*#
#     O:::: : :O::::: +:*: : O* *: :: O#
#*O::: O:O+   :: ::O:** : :  :O::*:: ::#
#/ : *::+::+++::* ::   +++  * ::* :::::#
#  ::: :: : O:  O:O:+  :AO+ **  ::OO*: #
#:*:*: ::: :: :+::::+ ::++  *O: :: ::  #
#+:: * ::* +:+::::::  :  *:O::O::::: :O#
########################################
