########################################
#:: +::+:+O:: +: ::O*+::::+++:+::+:::+O#
#: :: / +  * ::: : ::O::*: :: :::::::::#
#::+OO   ::+: O: *:  +:::  ++::+ :+:O:+#
#+::::::: : ++O::: +* ::: :::: :: :+ O:#
#::O+O O:O :: :: ::O:+*::O :  :+ ::* :O#
#:O+:O:::O:O+::::::*+::::*  :O*::  :+::#
#O :*: ::*:: ::O O::+::+:::::+:     : O#
# ::::: ::::::: O ::: * : +::::::::::*:#
#O:+:+ : ::: O*++:  +  :+:: :*:::::  *:#
#::O::  : ::::O+:: ::: :::  :: : +O:   #
#O*::: ::::+:::::: +O +:+* :::: **:+:::#
# ::*   :++:: :: :+:+::O:+:::::::: ::+:#
#:: :   :O O:  :  :: / O*:O:O: +:O: :::#
#::  : :  :/ :   ::::   :::  ::: : :O::#
#:++ O::::   :: :::::: O: :::+::+:* +::#
#::::::::   : +O:::*:: :+:O::+: +OOO:  #
#::: ::: O+ : : +:  :+  OO:+ ::O:: A:: #
#:::+:+ *:*O  : :OO : : +: : **+::O**+O#
#**  +O::::::::::+  :+:  ++    +::::  O#
#+:**:::+ :::::: :::O::O:::: :*: :::+ :#
########################################
