########################################
#:::+::::O: :::O :+ :* :+:::++:: O: *O:#
# :*:  : :::::::::+   ::+ +:::::+:O:O::#
#::++::*: : + ::+:O :::++*::: O:+: :: :#
#:OOO : :: ::+::+:* ::::*: :: +:  **+++#
#* :::::::  :::OO:::+*:  ::+:::O O:::: #
#:*AO:O::*O+  :: :: ::   ::: + O: / :::#
#:: *:+::  :O ::: :  :::OO  + :* :  / *#
#:  *  O :  : O ::::::O +O::O  O: *:  :#
#O::::* ::   :*:::  +++:::: :  :: O : O#
#::: :::+::* *::::::::: ::::: : ::* O: #
#: :+ :+* : *+: *+ ::: : :O* +:::: :+::#
#:+:O O:   **:O+ *:  O: :O::+: ++:::::*#
#  :+ :+::*:O:+*: :O: ::+: :+ ::O:: :: #
#:  +: ::::O::O:O::  *:O  O:: +:: ::/ O#
#  ::+: :O+::+:* ::+O :+  O*::::: ::   #
#:: :::O:**  *: :O:::  +*::+ :O++ :::::#
# :::  :* ::+ ::::+ + :  : :O : :+  :* #
#:*:::: +:  O : :O O ++  *:*:O::::::  O#
#:: *::*O*: ::  :: :::OO+:OO  :O::: :: #
# ::O:++ :::::: *:++:+ ++: :   :*++:: :#
########################################
