########################################
#: : :: : : : :+: :    :OO O ::::   O: #
#:*+*::+:* :::: : :::: OO +:OO:::::::::#
# ::+ :::+  : :*::::: : ::+:: :+* : :*:#
#::**:O::O::::::::: :+: ::: :OO*:+:::: #
#:: ::  + +: / :::::+   :::::::A :::::O#
# ::::  ::::: :::::+: ::+*::   ++O:::+:#
#O*:+*::O+: ::/  +OO :O: : ::*: :: :: *#
#:: OO :::::*O  :  ::: :::  :+ :::: : +#
#++:: :    : : :O:O::::: :: :O :  :::O #
# : *O::+:O::O: : : : O:+: :: :::::::  #
# : :::  ::OO OO:  ::+  : :* ::::*:+:*:#
#::::: ::O:O: :+OO:  ::: :+  +O  ::*O: #
#:  :O+ :   :::: :+:::: : O:* ::::::OO:#
#: +O/ ::: :* +:OOO:::OOO ::O::+:*:*::+#
#: ::  :  ::  +: ::*::+O  O::: :+  ::O*#
#:++O:::O :+:OO ::* ::: :::   * O  O+ :#
#::: :: + ::  : :  :O:O+::O:+   :::: ::#
#+ :+::::O+:: O O::: O:O:: : :: ::: : :#
#+:+  +  O: :* O:::+: +  OO:: :+O: O:+:#
#:*:: :: ::+::  O :+O*::::: ::::::*: ::#
########################################
