########################################
#::::::O:O++ :O::*O : : :O:::::O++::*+O#
# :: + ::O+  +:O+::O O:OO:+:*:++ ::   :#
# : ::::O:::O: :::::O: :O OO:+: ::O: ::#
#O::*  ::O    *:+ O  O::*:+ O O  + :: :#
#::+O::::+*:::O  :::::::: +:::: ::*:: O#
#:O: OO::: :O+:O +*+::: :::/ :: ::+:: :#
#:++:OO*:+::+ : O::O:::*  :    :: :A+::#
#::: ::O:O: ::*: +:O: +:O+:: ::::: :: :#
#O+::+* :  +::: ::: :O O/ :O ::++:O:+OO#
#O::O:  : + :::::  ::+ O  O:O:  +:+O*+ #
#  O:+ :O::*:  ::O:: : O::/  :: ::+:O:+#
#::::O O:: O :::O+ :  +:    O * :::::::#
#+:: :::::+:::: ::O +:: :**OO::+:::: : #
#:+ :O+:::::::+O*+ O +:: OO       + :  #
#: :::: :: + :+OO:::+*:*::::O+:: :*:* :#
#::::::* :  :::++ : :+:::+ +:::: :    :#
#: O::: +    :::*: :O ::+ :   *O::::  :#
#::+::::++: O :::: :+:: O::OO: +:: ::  #
#:*  O::*:::: :O:::::O+ ::  :::O:::*: :#
# + ::O:+::* ::O: ::: +:O+::+ :+*:::: :#
########################################
