########################################
#:O: :: O   :+::**:::+ : :O:+:::::O::+:#
#O* :: **::::+:::: ++:+: :: +::::*  : :#
#+::::::O*  +::*::OO::+:::  :*:: ::::  #
# ::A:  O::+::+::O::+ :*O *: :::OO:: ::#
# :::  :O O:: ::O: :::*+:* ::: : :::  O#
#::+:::O+::::*:: :+O::  ::: O:+ :  ::::#
#+ :::: +::+:+*: : +: + :O+ : :+:+:+:: #
# :  :O:O: :/   : ::::::::::::: : :   +#
#O:O :O::O :  *:::  O**O::++ +:+ +:::::#
#O +: :::O* :::: *:+: : * :::+:+:   ::+#
#::+ ::++O*+O:::::O::::  * O: :+ :::+::#
#::::O :O:*::* :*:O:::::::O  :O:  / :+:#
#::::: +:+:::::::: ::  : ::O O:  :  : :#
#OO O:   :::*++OOOO+O:O:  ::O:O   ::*+:#
#:: :+:O*: :OO : +*:+*::*O:: ::: +: :::#
# + : ++: : : ::O ::  +/ ::O:: O::: :: #
#:::+: O: O :::::::O::O  :*O+ ::::+::::#
#  ::+:::::OOO:::O:+::::O:O  ::+ :::+*O#
#:::+::O ::::: :O+O::+:* ::::  ::: :+::#
# : :+:+:::O : O: :::::  :O::: O+::: ::#
########################################
