########################################
#O  : :+   ::*::O:  : +:::::+: :  :::  #
#O::::::: :::: :+: +:: *: :O  ::O : :+:#
#:: ::::: +** * / :O: :+O::+:OO*:::    #
#:: *: ::O:::: :  + ::::O::OOOOO:+*  :O#
#O:+O*::::O+O+:  O:: : :+:+O*: :::: :*+#
#:+ ::  :O:::+::  ::O::OO:+:::: :+: :+ #
#:   ::::::+ ::A :+:+O *: :: :::+O*:: +#
#O::: O :::+ O:::: :::O ::*:+     O::::#
#  ::::: :*:::  :OO *:++: ::O  ::::: *O#
# :: : ::OOO: : *:::::::  O O:O/ :++:  #
# : ::+:O O:::::O: O :*:  :::::   O O: #
#::  :*: :++ :O:::O:+::* ::::: ::::: O:#
#:  *:* +  :O :: ::  :O  :  : :O+/ ::  #
#: ::+:*  :O:+O:   *+:: : :+:::::  O:OO#
#*O O:*:::+ +*:  O :  *  +O:  :O::::+ O#
#::::::::+O+: ::::  :+::+:*::::  : :   #
#:   :::O  :+:  ::  +: :*:O+ :  :::*+: #
#O ::+: *::   :   :::::: ::: O:+::O:O +#
# :: :::* : :   +O ::  :+:: : : O::OO:*#
#:O  +  :*: O+ :: ::: :O :::OO:*:O:: O+#
########################################
