########################################
#::O O +:  *::::*: * :  +: ::+++:*  :  #
#:+ +::  :* ++O::O O:::O: *  :::::: O::#
#::O :::O: :: +:++::++ O:::O::* :O  + +#
#:OO: +::::*:O+ ::*+::+O ::  :+ : :::+:#
# +:::::::+:::::+:++:::::::::::O::+ :+O#
#  * OO :*::::::O O:+::: :+::: : ::O:+:#
#::+:::: :+:/ ::O   :+:  + :*: :: :::::#
# :O:: ::::*  O:A  :: O*::O:: ::::: :: #
#:  +:O  :  *::OOO  OO:: : / ::::+::  *#
#::::*O :  :+:   : O*:O ::   :+ :+: :::#
#  :* :*O  *O::  ::::  ::+:  :+O:O:O: :#
#::: :::::: ::::: ::::: +::  + :+O:O:+ #
#+:::: ::: O:O: *::  +::+: +:: :::   ::#
#::+*O:O  :::: O+:  :  +   ::*:*   : +:#
#:O::::+: OO:::::O: O: ::::: : ::*:*   #
#:+::: +::::O+ O :: :O::+:  ::  +:::::*#
#:*: :+:::::+:::::::*::OO:: ::O:*::::  #
#:OO: : O * :O:O+ : O+::::*:O:::  O:O  #
#+ O:*O: +:  *++::::/ :+:+ :+ : ::::  O#
#*O : :+:* :::O+:     :: :  : :::** :++#
########################################
