########################################
#+: : ::/ ::::+::*::+*:+ ::+  :+:::::: #
#::: :::  O:   +::++::O  :  : : ::::+*:#
#O+:O: O::O:::  +:+ :+:O:: O::::+:::**:#
#: :::O::  : O :: ::+:::::*::* ::++::::#
#O :O: + +: : +::::O::+:+:+O:+:  O+:*::#
#O:* +: ++: :: +::* +:O::  :O   :: :: +#
# :O *:::: :+   :: O: : : ::: :: :O::  #
#:O::O:::O:/  :::: :: :O+O*:::: O::: :+#
#  ::::*  :   :+ OO:::+  ::  +O::O + ::#
#O ::+::::O: :::+ :: : :::::::: :O :::+#
#:::*: O *:::   :: ::: :::+ O:::+:O: O:#
#A:OO+:OO:* O  :::O:*:: :+:+::: : :O : #
#:O::::: ++::+:::::O:::O::::+: :::O :*O#
#::+:  : : :OO   :: :O:+OO*O:+ :OO O:O:#
#:+ +::::: :*:: :+:: :: :::: ::::::::* #
#: :::O/ : : :: :: :+:: :O:: : :*:: O :#
#+:O+ +  : ::  *O: O *:O*:++OO: *::::::#
#::::: :::: :**:::  : +::+  :O: :O:: +:#
#:++ O::: :+:O::: : O:::: : : :+:  :: :#
#::+O::  *    :::O+: :::OO O ::::++:**:#
########################################
