########################################
#:: ::*O::+:::: :: O: : ::: :: :   ::+O#
#O*+ ::O  :O::: :: +: ::::::: :+:::::::#
#:: *     *:+ +* : O: ::O:::::: +:+: ::#
#:++*::O :  *::: : + +:++ ::*: +: O : :#
#:: O:: ::+:::::::::O::::::::O   ::  : #
#:  :O ::::::O+:::O :O +: :*:::+ +:::::#
# :O+: :: **O:+::OOO+: :*++ +: +::*::::#
#::*::::: +O ::+: ::::O::O ::*::O:*: ::#
#* ::    +*:::::+::O::: +:: +:+::   +::#
#+: ++ + +: :O+O+::O :: ::::: : :: : ::#
#:O: :::::+: :+::O:::: : ::  :+::*::: *#
#: :O : + : ++*+: :+ :  O::::O:O::*OO:O#
#+  : ::+: :::::: : ::::: / */ :   O: +#
#O:: :   :+:  *: +:::O:::      : O *:::#
#: :: :OO*:: :: O:A :: ::::  *: : OO:::#
# : ::O  :::O  ::  + : :::OOO+*O ::**:*#
# :O:*O: :::+ : ::+ *:+:: O:O O:O:O:::*#
# / :::O ::+::: *+::*:::::+ : +:*  :++:#
#+  ::+: :*: : :*: :*:O  :: :O: :+O : :#
#+++:+O:  ::O: ::   : +:*+ ::: *:  :: O#
########################################
