########################################
#: :::O*::+::  +O+/   +:+ : +O ::   + :#
#*::::: :+O*: :::O  : * ::::OO+::+:O: *#
#  : **++::OO: :  :::++ * :::::::::: ::#
# : ::: ::*+**  O:::::::+:+    :::: ::*#
#:::O: : ::::: O:+:O+:  :+  :++  *::O:+#
#*:: : ::   :+::O : O+ :  :  :: :A : ::#
#::*::  :: ::+ ++::: :: +:+:*::: :::OOO#
#: + :: :::::*:::::+: :::: :O:+:: ::*:+#
# + O*+OO+ :+:+::::::++: : :: :::+ :*: #
#++O:::* :::OO::O/ : OO * O:: / ::+O+*:#
#+: O:+:::*:+ OO+  * +:::O: ::  :O::::+#
#  **+O O:: : ::::*:::+:::: ::  ::O: ::#
#O::: O:: +:*::+:+  ::   ::::: ++O::+  #
#*:O:: ++ :: :O++ :  +::**::    ++: :::#
#:::::::::+ :::::O:++++O: ::O O :+O** :#
#  : :: : :+:+ O:: O::O : :O  O*O::::*:#
#+ : * : +O::: +:  : :+*O::+  ::+::*:**#
# :O::+::: ::::::: :++:+: +O ::  :::  :#
#: + ::O:*::  :: ::+ O:  :: ::O:   :::+#
#:::::: +:::+ ::+:OOO:::+OO:   :O *: + #
########################################
