########################################
#O O ::::O: :     : :O:: ::+O::::::::O:#
#::: :*::*:++:+: *:O+ :+:: O:+ : ::++::#
#+:::O*+:O:++::: O O: :O ::: ::+:: :++ #
# +:+:: :::   OO:O::::+: :* +::+:::++:+#
#O:O*  ::::OO: :O:::: ::+:++: :   :*:::#
# +:++ ::: +: :O :+: +::  *:++:* :::: :#
#O +  :::O:::::::O:: :  +:+* + :+O: :: #
#:OO:O::::: : : OO:::::O::::+ : :O:::: #
#:*::/ : O::  OO   :: ::+::O+:+  O/ OO:#
#O OO  +:::: ::::+OO:O:: :++:++ +:   O:#
#* :+:+:::: ::::  :::: : ::+:+ :+:  :O #
#::: ++:: +*:+*A:: *:::::+ ::  :++: : :#
#O :** :OO+::::: :::*::*:+::::+::O     #
#:: :::O *:*:O  O*::+: :::: O: ::O:* + #
#:*O /  + O*+:O: +:++  :+: OO: ::*:::O+#
#++    ++: O:+:OO :    :: :++:::+: : ::#
# O  : O : :  ::*  *:+ :: +O+*:::::::*:#
#::::*:: :: ::*: :O :OO:: + *:O: :: O:+#
#+:  :::O::::::++OO :OOO ::*  ::  : :O #
# +: ::: O:::: OO:+O *:O:*::O+  :O+:   #
########################################
