########################################
#+ OO :: *O+O **O O:O :O+:  : *:+: : : #
#::: + ::  :::::  O:  : :: :O:++:: O:+:#
#*:O: :::::O +   :O::O:* :*: O:*:+:*:::#
#:: O O:O ::::::::::*+:::::::+:::: :: +#
#+:*:O:::O  *: ::O:+::+O::+::   : ::: O#
# :::::::*:*:: *O:+: :: : ::  + :::+   #
#O/  : /  :*:O::+   :: :: :+::*:O +:+::#
#*  : :  +::  :O::: ::::::   +:O: ::  O#
#*  O: ::::  ::: : :O::::: ::::+ :++ ::#
#: O*:::+O:O+::+ :*:::: OO::::AO:O::::+#
# O *  :+:::  +:O O: ::+::O+::O:: :: :+#
#:: ::::O:: : +:: :+::+ :O:  O : ::::*O#
#+: ::::: ::: O ::O+ + O / O ::**:: : +#
#: OO: + O  :::: O* :OOO   ::+:  :O::O #
#::::: :::+::: * *++: ::::::*+:: O:*:::#
#::*+::+O: +:::::    ::::O: :::O:  :O :#
#:O*  + ::O :::*O:  *::+ *:+O ::::::+O #
# :O*   +O::+  :O O O:+ :+ :+O:::  ::::#
# :+ :  :* O +: O: : + ::+O:::: :   :O #
#:*::+:*:O:  :*:+  ::::  :: ::::::  :*:#
########################################
