########################################
#:  : +:  :*+::O  :::: :O:O+*+ + ::O  :#
#:::**+:*O:+*: ::O::+::   :: O +::: ::O#
#::   :::+: :  : O::+:::O::::  / ::+/ *#
#:: :  +O :::::  : : : :::   ::  :*+  O#
#:: ::::+:+:::: :: ::+:+  +:*::  :++:::#
#:: :   ++:O :::: O:: : O   :: ::::::: #
# : :O :*+: ::: O+O+* ::: : ::O +*:::+ #
#::+:O:::O:::  +::* ::*  +  :*+::::O::+#
#:: ::: :: O::::+:   O::: :::: O::O O::#
#::+ *+:::O+::O: O: O:: *+ : : :::+O: +#
#:O:: : :*   ::+:+O*: : : :::+::   +O::#
# : :O:+:::+  ::: :: :+ O: :::::: +OO :#
#   :: O+:*:   :::O O: :: +   :+O+:*:::#
#O::::O++:O:*:*O:::+/  :+: ::::::::::::#
#OOA:O:+:  +: +::     : :::O: *:+:::::O#
# :::: :: ::: :: :    ::: ::O::: :::++O#
# ::  *+:: : :O:::O +::+ : ::+ * :: :::#
#OO :: O ::::: OOO:+:  ::O+:::  +++::::#
# ::O :+++: :  ::: : O :  :*::  ::+OO :#
#:::O:  * ::::::O  +O  :+ OO*:   ::+OO:#
########################################
