########################################
#:+  :+::/ +::+  ::+*+ : :O :*:  : : *:#
#::::++O+  O +::++  *::::: :: :: : ++ O#
#::::: : :::    +::: : :::+ :::OO  ::*+#
#:O: ::: :: +:*::*+ :+ :  :*:::::::::: #
#:* : *: :::+:: O :::: :::++   O   : +O#
#:++O::O: +::  :O:* :*+ : ++ +::+   +  #
#O::+OO:*:: ::*:O  :::  :::: ::+:::   :#
# O ::   ::O: O:+:O:::::+:: :+:* :*OO :#
#O: : :O  : :  :::::OO :O::::+:+:::O:::#
#:O+*::++ : ::*:+ O:O: O: :::O :O + ::*#
# :+O* :O:::  O::O : +***+++: :::O: :: #
#::  ::: :::: :OOO: O::O:+: :+:+:  ::O:#
#:::: :   :*::O:*:: ::AOO   +  O::+OO: #
#  /  : : *: O:O:OOO:::  O::::++ O:O:O:#
#::   +: O::   ::::*++ ::: * O *:   +O #
#  *O: + O  :+:: :+ :: O:+:O:::O+  :: :#
#:O::::O:O*O :: +O:+O ::: :*:: ::: OO  #
#+:+  ::::+:::::::O:     O:  :::++:::::#
#:  *::: :::   O  :    :  :: +/ :*+:: :#
#: O::+ :: ::O:+ :: :::::+::::  ::+ :  #
########################################
