########################################
#::::  :+*O ::/ ++: :::::* +::++:: ::::#
#+:  :::: +:::  : O:O::     :::  +: :::#
#O:O::+O:::::::::* +   * * :: :::::O*  #
# :+::O:: ::: + OOO*  :  :+: ::::::  ::#
# : : :::::::  :+::+: O O:+*::+O: +*: :#
# *+: :*:OO: *: :: :O:+:+:: :::++:: O: #
#+:O :::O: :: :O:+*:: ::+:* ::*:OO:   :#
#:O:O:: :  :O  + O* ::+:::O:::: :::*:::#
#::+:+: :::++O:: :+::: OO:+:O: :++ +:  #
#O ::::+:::  +:++: O:O *:  ::O :OO*: ++#
# : : : *:: *+O : : +:+ *:*::: :+*: +O #
#::O :::   :: : :* +:::O::::+: :+ *:OO:#
#/ OO:::+:+:::: ::: ::O+ ::O *O:+ : : +#
#   :: O   :: :O:*:::: : ::::  / + ::*:#
#:: : +  :+::::: :O*: O :+:  ::  :: :O:#
#:  :: *  OO:::: : +:**:: :+ ::::::::O:#
#:::+:::::+OO +::  :    :**OOO:O  :: ::#
#::O:O:  : :: *:  : :+:OO: :::: :+  +*:#
#   : +::* : ::  :: :+:O:::: :AO: : : :#
# :::: :  O:+ :*OO :O++::: :: : :O:: : #
########################################
