########################################
#: : : + : ::* :+O: : ::*::*:O+:::: O :#
#:::* +O*:O +: +:   +:::O:+ ::OO: :::+:#
# O:* :     +:: :+++:OO : ::O:: ::*++: #
#::  :*:: :::*:::: :   +::::::O: : ::::#
# ::::*O:  :/ +::  +:::::::+ +:::   * :#
#:: :::O:*::   : : :OO+: :: +:::: ::: :#
#:::: *:O:::  ::O+:::O:::: :O++*:+:+ *:#
#/ +::* :*:::::*:+ ::::*: :  ::O+::+ ::#
#   ::  ::  O  +:  :O: :O: ::  : : ::::#
#::+/ :+O:::+O: :+ +::O::   O: + ::   :#
#::+   : : ::*  * * ::O: : : O +:*::  :#
#:::O:*::*:O ::: :O:+O+:   : O::::: OO:#
# +::::: : ::+::::::: OA:*:++ *O::: O: #
#O:O O+ ::  :: :O:O:O+  : ::+:O::O: +*:#
#    :*O:: :: O :+ O:O   : ++  ::: :+ :#
#:: +OO:O:+:+: ::::OO ::   +:*  :  : OO#
#::O: ::O:: :O:  O  *:O:::O::   +:O:: :#
#:::::O:O: :*:  :: :::::  *::: : :* :O #
#: ::::*:::+O  O::O::::  ::::::: *:::+:#
#O :O:::O:: : ::O+:*: :O: ::*::OO O:+:O#
########################################
