########################################
#O :: :+ / ::  :OO:O*:::O:::+:*: : ::::#
#: :  ::+  :*O++:   ++:+:O:+:: +:*::O :#
#+O+: : *   :: O   :::: :O  :   :+:: ::#
#::/ :*+ : ++ ::: :  ::::  OOO  *:+ *O #
#O:  :::::+:: ::+OO :::::: O:O:+ *++::+#
#::::*::::  +:::O:::::: + O:++O   O: ::#
#:::O ::O  :: :::: + O::::::::O ::::OO #
#:: :: :   : :  :+:::O:O::*: : O+ :: :+#
# :::::+ ++ :::+::::* + : :::*O: +**O: #
#O:++: + :::O: : ::::: + :+:O :: O::::+#
#+: +::: *:O :*:+ *::: ::: :+  ::::    #
#:::+::::::O *O +:*::+O::OO:::::: :O :*#
#O + : :+:O :::: + +:O::OO:+O:O: :+:   #
#::::::  ::: *   :  :*:O:*+  ::O+O+::::#
#O+  +:::+:O:*::: : O:O ::+:  O  :+:O O#
#: ::** O: : ::  : :: :::   O:O + *::::#
#:: :::::+ :+ +:    +::: :::+: : :O /  #
#:+ : ::+: :::::OO:::*: +: ::*: ::::  :#
#::::::*::O+:::+:::::::O:::*  ++::::   #
#O*O+::: :O :::AO: : O:*:+ ::  :::: OO #
########################################
