########################################
#OO : ::* ::OO **OO::+: O:++:::OO:: O +#
#:::OOO:: O :::::  ::+ *  +:/ * : +:: :#
#*AO::* : OO::::::+ :: ::++:  ::O: : : #
# :OO:::::O::       : *::  O: :  : :OO*#
#+ :  O ::::*O ::: :::O::+::O::O:  O::+#
#:::: :  + ::+::::O::OO:: :: :   :  :+:#
# : +:  *:* / :++::::  +: : O:O::+::O*:#
# :::OO :::O  :+ :::  O::+ O:*+:+O:O:+ #
#:O::: :::: :  +O :O:  :   *: +O O:+O: #
#   :: :::+:  : ::: +    ::+:: +:O: :++#
#:O::: +O::: ::: +:::: ::: ++ :: +:: ::#
#::O:+::::::*O :+::::::O* ::::::::+  ::#
#:::  +:  :::: :* :   ::: :::::/ : :O  #
#+ :::: : :+*::+ : : :O * O  +:  :O::*+#
#O:O:: O+: :: O:  +:O::+::::::O::O +::+#
#: ::: :*::::+O  :::::+:  :+  ::: ::O: #
# :OO:  :+ :O:O:OO::O  :+::: :: :  :O+:#
# : O::::: +::: ::: +O:::  ::O:* :  :+:#
# *: : :O:O:O:** +::: O+::+:+ ::::::+ :#
# : + ::* :++:* :+::*:::O: :::  O::::+:#
########################################
