########################################
#:O:::: +: :*:: O:+:+:O: +:+:: ::: O:::#
#:O*::::::  :::::O: ::++: :++: :*  +:O:#
#: *::+ ::O: */  O+::  :: +:*++ O   :::#
# O+:::*+  ::+  :::O:+O :O: :::  ::*O :#
#:+ *O:+* : ::+O+O:+: ::+::::::::::::  #
#:::OO +:::OO+:::::::O  +:+OO:O: :O/ ::#
#: : ::+:  ::* :::::*: ::: :: : :O:  ::#
#+++:: : :O* ::::O:: :O::   :+O:: OO: :#
#::AO  O:+*::+OO::+:  :  + +OO*:+++: : #
#O:::::: +:::+: :  ::*::+:     :* : :::#
# :  :O::::::O::+ :::OO : ::: ++::O+:: #
#*O+ ::: :::::O:::::*:::::+++*+: +::/ :#
#*:*:::: +: :O: :O ::::::::OO: :::+:  +#
#:: *::: :O*  :::::: :::+:: :::::+  :::#
#::  : *:::* : O: :OO::*: :  :* O::: ::#
#O::   ::+: :OO+ *::::O:O: + *:  : *OO:#
#:  : :+: :::::O :O:O:O : ::O + :+::O::#
#*+: + :::O : :: :++::    O :::O::::+ *#
#:: :::+ +   *+  +:O::::+:::O   *: :OO #
#:::::+:: * ::: +: :: :  O :O:OO::: O +#
########################################
