########################################
#+  : O:::::::+  :::**   : ::: :: : :O:#
# ::*+  O: :: :: :: :+::O:::/ : :+:OO::#
#++::*O:: :+ +:+::  O:*:::+:  *::::::::#
#:::+*+::::  :  : :::::+::*O*:* :::+:: #
#*+:::*: :+:*::+::::::  +:O+:+:* OO:*O:#
#:OO+: :: *::O::++:::O* ::* OOO: :::   #
#::::O:   : O+:: :  :::+: : ::: : +: :*#
#::O::OO+O : :: : ::: ::  :O: O: :O::: #
#*  +*O ::: OO: *: ::::::*::O+*:  O::::#
#+O :::: O  ::: +::+:*::O::: :: ::::: :#
#:  :::::OOOOO +:: /  :::::: *: +:A:  *#
#O :+*:+:: :O: : O    O:::O : : :  :  :#
#:: * ::O::  O:::++OO: / +: : :: :*    #
#+ OO::O::: OO*  :+:O    OOO : O :+:  :#
#  : :: O:: :+: :O::::O*O O O: : ::O:+:#
#O:+:O*:::+ :O: : ::  *  *O :  O:  +::+#
#: :: : O :*OO::+ :: O:+::: ::::*+ : ::#
#:OOO::::::::+:O:: :O+ :::::::*+ ::O:: #
# :+:: * : O:+:O::O*: O: O :+O:+: :: : #
#OO: :::*:+ :+:: :O:*:* *::::+ ::::::* #
########################################
