########################################
#O: *:*:O+  O:::** :*:::O::* :*O : O: :#
#:  ::+:: : ::+::* : :O:+O: :::::: / *:#
#:O: +:::O ::  :*: :+:::::::::+O:*:  :O#
#:O*:O* O:+:: :  *:::::::*:O O:+:::::  #
#: :+ ::: :+:O ::O::  : :::OO: : :*+*::#
#: O::::+O::: ::::::  OOO+ +: :+ O: :::#
#:O :*:* :::+:+:::::O+::   :::::: +O+ :#
#:*:O::*:  ::::: ::O: *::*:OO :*::O:+:O#
#*::OO:+ :OO +*O* ::O *O + ++ :::O:::: #
#::+::+ :::OO*:O: :O :+ : :O* :  ::O:::#
#:OO/ :+: ::: ::::*  O::+:O: :::+ +*/ :#
#::   : * +:+:*:::O:: :O: ::+::  :::  :#
#:::++:*::  :*: ::+ ::O:: +*:O:+::* :::#
#::  +::* :::: :+ : ::O  O *::: +:+:**:#
#:::* * O+A: :::  :+O + :::+:  *:+  *:O#
#::O:  O: ::+::  :+:*:: :: :: :O:O ::++#
#: ::+:: :+::::  O +::: :++:+ :O:O* :::#
#:*: O: :O*:OO: OO ::+:: :+::OO:O:::O+:#
#O* ::O : :+: :*: + *++O: :::+:: :::+::#
#:O::::   ::OOO *::::O:*::+::  ::::O+ :#
########################################
