########################################
#: :O: ::::::+: :   :: ::   :O: :O:+O :#
# +:   ::+:: : ::+++:O O::::OO+:OO *: O#
#::*  *:+ ::+:::: O ::  /   : ::+::   *#
#   : +++++*+* : ::::O :  :+:: **:: :++#
# + :: ::::: +:: :: : :: :+:  ::*: :: :#
#: ::::+ / OO :*:::O  :+: :::+:O: O: :O#
# O  :::   : * O:O:    :OO:*:::::: :::*#
#:+:  O+ ::+:OO*:::::: :+ : : : :++*::+#
#    :::: +O:+:*:A:::+ ::*:::*: :  :::O#
#: O+/  :::  : : :  O::::::::::*O  ::::#
#:* O  OO::: :: : ::::+::::: :::: ::*: #
#: +++:O  :O: :::O:O::: +::+O:: *:*::: #
#O::  O:+ :::::   O::+::O: : :  ::+* * #
#::  :::: ::::+:: :::* O OOO++*:O:::*OO#
#+ O   O  :   ::*: *:::+  :: ::: O : :+#
# :: :+:::: :* O:OO :   : : +: :+  : ::#
#:++:: ::O*: + :++OO: : :*::::O :++  : #
#*: : : +:: : :: ::::: ::O::  *: :+ ::+#
#    :+ + :+::+: O:::::::*+:     :  :O*#
# :: O::: :+:+:+::::O::*:: :: : :+    :#
########################################
