########################################
#:+:  ::::   ::::::O*: * +* ::::::+:+ :#
#+:+::::::: :*+  ++:::: : :: : :::::O*:#
#: O OO: :   +::* + :     :+ A:+: ::+::#
#:: : *+ O:::O:+*+::++::::: +:O:*::OO :#
#:+:+::::: :OOO::: O :::::+::O :+  *:: #
# :+: :::::++:  :*::*/ : ::  +:  +::: :#
# ::+ :/ O  ++::: ::O  :O+ :::O:::::::+#
#+:: +    : :::OO+OO: ::  :::+ :OO:::::#
#: *    :::::: :::*::+::     :: : +O:::#
#:  : :O:::+: : ::  :O::::O :::O:O:::::#
#:: ::O:+:: +: ::+:::*/  ** O:  : *O:O:#
#O  :: + ++ :O   ::**:  :+:+O   : O *  #
#   :  :: O:::::OO:::+:: :*+:::+::OO:O+#
#O +:O:+:  : O + *::O:::::::::::::::+ *#
#++  +:OO:+::+: O+  O+:: ::  :   O: O+:#
#  ::: ::O+  : :: OO+ ::: + :*::::O::: #
#::+::: *:  ::: : ::O: ::   : :::  :O+ #
#::: : +   : + ::O:: :O::::*::::::O *::#
# : +::: *+: +:+ ::: O +:::**+*O:* :: :#
#:* ::: +  O::::+:  ::*O::: :: ::::: O:#
########################################
