########################################
#:::O :  : +:   :  :::  O::::+O:O::  O:#
# :::   ++: :: :: : ::OO+:::::O:::*  ::#
#OO : : :: +:::AO O*+ O +O+ ::O+::+:*::#
#:O: : :/ ::+ ::  : + O :  + ::::+::*::#
#:O::+::  +:**:::+: ::::::: +:* :+:::: #
# +:: :  O:: :+*:* :: ::::  :::::: ::O:#
#OO O* :::O:O O+::::: O: :O:    ::::O::#
#:::OO:::*++::::O+::  :::: +:: ::::: ::#
#:+ O   :  ::* ::::* ::::::: :O:: :+ :O#
# ++O*: : *:O: ::::++:/  :::: ::O+O::O:#
#:  :*:: ::   :::: ::*  O:::*O: :: +O::#
# :+: : : O::: +::: O :  :: :* :::O::::#
#:::++  O::::+: +:*+O:: : O::O : :::*  #
# :::O :/ ::: :+ :: *::: *:::::: :O : O#
#:  :O+*  +  *:+ : ::  +O  O+:O:O+ :: :#
#:::O:  +:++O : *:: ::::::  +:: ++:: :+#
#:*+ +:::O+:*::  ::**+ +:: :::::*+:*O  #
#::::+:::O : O+:O :    :O:: *:::  :  :O#
# O   ::+*++::O*: +*: : + : :O:: + O+::#
#::: :::  :::::::*:+:+:O:::: :O:*:+  + #
########################################
