########################################
# : O:: :O  :+O :::+ :O:O :+O: : : ::::#
# O :++::+:+ O::+::: ::: ::::  +: +::::#
#+: :+:+O::*:+: :*:: O::+:::::OO*+* O:O#
#::: : ::OOO: :  ::+::  + ::::+:   :+  #
#:::: :+:: O:OO:::* :+: :: +:O:+ *::::+#
#  +   : :O +  :+::::O  +::: *:+:::+ ::#
#:* *::  :O::: ::+: ::::::O ::   ++:::*#
#++:::* *::: :::::: :+:*: :*O:++:  :/  #
#:*:O:+:::*::OO  +::*::  O:+::: :O:O  :#
#::OO: O:: +O ::O:*O::::*: O:+O::O: :*:#
#: ::O   +::+::: :::  : ::O:O:++O:+: :+#
#::  :::O: O:+:+::+::::   O : *::O :*::#
#:OO+OO*O :O:+ : ::/ : :: :++O :OO  O::#
#: *:::+*: :+ :*:O    ::: O:+  :::: : :#
#:::::+::::  O:*A::+ ::OO+:::++:*+::  O#
#+: *:*:O O: ::*  :+:::::+O::::* *+:OO:#
#*:::: :*O :: : O  :O:  :/ ::  O::::::O#
#*:::*:O: :::::: +:::::*    O O :  + * #
#: ::: O:+**O : :: :::*:::::OO  :: ::+:#
#::+:O :    :*    :*:: O:: ::::O: :: ::#
########################################
