########################################
#:::: :::  ::   :::: *::O+::O+ :+::+:: #
#::  :: :: ::::::+ ::++::   :+::: : +::#
#+:::+++ : :   :+::: ::::::+::::: O::::#
#:: :: O: :++::O:+::O  :::::O: :::  :::#
#:* *: +:::+::O:+: +  :: +::::* + :O:: #
#O+::::O::: +::: O*:::+:* *O:  ::::+: :#
#: : / :OO+:/ ::::::: O:::::::O : :::OO#
#+ ::  :: O:  : :::: :: ::::+O :::+  :+#
# :*:: :: :+::* * ::: :::*:+  +O:O::O::#
#:::: O :: O: ::+* :  O:: :+  :+*:* :::#
#::    ::: O:  **O*  O:::O  : :*/ :  ::#
#O:*:+ *+::+: O :::+ ++:+ :** O:  : : O#
# :*:O +::: :: :::::::: :+: O*+:::+ O +#
#*:::::+:  :**:::: OO::: ::+:: :: :+:O:#
#A : : ::::  * OO +:+:::  :  :+: +::::+#
#O:::  : +*:*:   :  ::+   : ::O: :::: :#
#:: *:  :**::+ :::OO ++:::::: *O*::::::#
# :   + ::: :::OO+* :::::  O*::  O   ++#
#: + O + : +::OO:O::+O *: :::: :::* +::#
# + O*::: * *:::  :: +:::+::: +: :+:: :#
########################################
