########################################
#::*:+O::+::O:++:: *:: ::::+: :O ::OO :#
#::O:*::   +: :+::: : : *  OO O: : O  :#
#*::+: +:::::O+*:O :: O::O::  ::::+O::O#
# ::::  +* ::+O:::*O:  ::+ ::O: :+:/ ::#
#:+ : :  :: ::::++  :O+ O:  ::+  :+  :+#
#::  :: +: O::*++  *::   +::+:: :+O OO #
#:O:O*+ :::OOA:: ::O :O  :++: :   ++:+:#
#*::::O:::+OO+:::O:+: ::+:+:::::+::::: #
#:::::O::+ :/ : :: O : ::*:: :: +  ::* #
#:  O  *::O:  ::::+*:O: ::::: : :: : : #
# O::+: OO::+:*: + *  :  O:O*::O:OO: ::#
#O++: :: O*: ::: :::: ::+:::::O   +:: :#
#O:+:++:::: O::O+ :::    *OO:+:+:*:+ *O#
#O::O:O::*O *OO:O: :+   +::+::: :*: :::#
#O::::+O* O::+ :O: +::    ::: :* :: :: #
# ++:: :O::+:O:::    ::+:: :+   O::: : #
#:*:/ :*:  :::::: : O::+  ::* ::::O::::#
# ::     ::O  :   ::: :::++::: : ::O *+#
# +O: O :::::   :+ ::*: *:: :::  + : :+#
# :+:+:+:: : :O:::O+O:::O+:++    ::::::#
########################################
