########################################
#::O:  :  +: O:+:O:+ :::*:::  :  *   :O#
#  O::: *: : :  : :+:::::::::O: :O   : #
#  :+ +:::*O:    +:: :*: O O::::O::  +:#
#: O::O::: :*:O+O::::+:  :O::: :/     *#
#*:*:::::+:O:O*:  : :::: O:: :::  :OO::#
#: ::/ ::+:::::::::+::  : : : + ::::O+ #
#::::  ::::: ::::**  ::::: :::O::  *+ :#
#::: :*: O ::::*:: +O:: ::::+O::*:O::: #
#: OO:O: :: :   :+:OO::::O ::A  :: :+::#
# :: : ::O+: ::  :   + +:: :: OOO+ : O*#
#::+::::::::O+:::O*::::: ::: ::+:::: O:#
#::++ *::+OO::O ::::*:+O+:+: ::O+O:::O:#
#* *O O: +::::+::O+O  :: :::+ ::::+:: :#
#:   :: :   * :+: +:::+:::: :++ :+ :::O#
#O++ O  ::: :: * :  O : :+::O ::O:  +::#
#*+    :+:  ::::::::::: :O+:O : +:O:+ :#
# :::OO ::  : + ::: : + / +: **:::   ::#
#     **+: : : + *++O *O  :+ OO++ :::: #
#: : ::::::O:O : :* :::  + :: :+ :: * :#
#: : : ++::OO:: :* O:: +O::*: ::O :: : #
########################################
