########################################
#:*O:+ : O: :O  ::: + ++O::+::  ::: +/ #
#:::* :::+  :+  + :::+: :::::  ::+ ::  #
# ::: : +* : :::: :: +O:: O : O:O::OOO #
# :::O O  ::+:  O  ::* *  : ::::O++  : #
#::+ +::  + : : O: ::O*: O: :+:+ :::::+#
#: :   *: :+:::: :::::  :: :  :  : :*::#
#*:O++ ::*O  +*:O : +:::: :::: :O : :::#
#O:O : *:  O::  :: ::  O+::+O: :: :* :*#
#*:::   +::: :  ::: ++O:*::  :+: :   ::#
#O::+O*O::  :+O O:::: +   *::::O++  :::#
#:O:: : :::::*:::: *:: :  :+:*:O :+:+  #
#:O:::+:+ +:O+::::  +:: +O::: ::: O+   #
#  +  :  : ::::::OO ++:O :+:::* *O+:: :#
#:O :  :::::O:: + :::::  : ::+::::+  ::#
#O ::::+::: : :: :/  /   ::OA :+* : :  #
#:* :*:+O::::  +:   +  +* :::+::: +:OO:#
#O +++:: +  O: : O:+::O:+O:::::+O:     #
#O: :: ::O O:::::::O:  ::*+: O:::O::+:+#
# *:+ :+:+::: O: :::::O O:::O*O*:: ::::#
# ::::: ::+::: :+: ::O:  :O +::* : :::O#
########################################
