########################################
#::::  O:+   ::*::+::*  :O:: :+ : ::: :#
# ::::O : *::* O + : + :: ::  :: : *  :#
#: +:* : :   :::OO:+::   : :O+: *:+ :::#
#** +:O::O ++ :  ::*++:  ::O  :*:+::+*:#
#  *O::::::   O:::+ ::: O:: ::::::*:  +#
# O:+ +::+:: ::O +:*/  :: +:   ::: O: O#
#+/  +**:O:O :O::  :   +* + :: +O +  : #
#:   :::: :: +  O:::  O:O: ::O :* ::O: #
#: :  ::::*::  : :/  ::O :O+:+ *:::*O O#
#: +O: :: O+  : +:  ::O:::  +::  ::O:::#
#:++::::: O: : : :::::::+:::+::++:O: OO#
#: ::+*:: +  ::+OO  :OO  ::: O++:  :+A+#
#O+ :: +: :O+  :+::+*  :: :: ++ :OO O::#
#::O:+:::*: O+O: + *       * O:: + ::+ #
#   ::::: :O: :+:  + +:O:: +  ::O:: : :#
#: :+::O    :O:::::: ::: : :+ :::+: +O:#
#::+:: : *:::  +   :::++ ++: :O::+O:+::#
#: +  +::+:+ : :  ++:::  O**OO : ::O:+:#
#: *O:::*:  :*:O: :: O:: ::    :::  :::#
#+::: +:::*O:*:: : : ::*  ::* : :O:O:::#
########################################
