########################################
# : +: :* :OO  +:O ::::  ::O:+: :*::*O:#
# : ::::+O O :::: :+:::+ :::: O:+: O : #
#+* +: ::  ::  O::::O:::::O*:*:: : O: :#
# : ::: :::  ::O:::++:::O:: ++::::+:  :#
#+: ::::+: :O::: O  * : :O ::::: ::::+:#
#::*:O*:O:: ::::  ::::::  *::::  :::+: #
#:::: :O:::::::::: : OO: ::: ::*:::+  :#
#O+:+  :+:/ OOO+:O:**: :::: :: :*: ::::#
#::O :: ::   :O :+: ::: :*:  O ::: +:::#
#*::::*:: :*:O : +O: O:::: ::: :OO:::: #
# ::+:::*::: O+:+ :::O+ O:  +O: ::::/ :#
#  O   :::: :::+ : : :O::::O  : *O::  :#
#:+ *+  +:: O: +: O:+:: ++ ::+ : *:::::#
#:::::O*: :* : ::  :::::+: :O ::: :::::#
# : :/ : + :: +::::::::    +++ O+:O::O:#
#:*+:  O::::  OO::+: :: :+: ::+:::::: +#
#::    :: :OO   : :: :+ O   : *+:   +*:#
#  * :::  A::: ::O:: ::* :*+ ::+ : O: O#
#:: :::O:*OO:+ :+::: O+: +::::O  *  +::#
#::   * :+:::O::O ::::::O:O: : :::: ::O#
########################################
