########################################
# O: :*+: O ::O+:: O::***:::::O::++  * #
#O: :  :+** O::O:O: ::   :: ::: :/  + :#
#:++:+O +O::: +: ::  ::O :: O :::    :+#
#+ *:*::::*+: + :O+::O*++:O : *  O: :: #
#+ : : : O:O*::::::O :: ::  :::::  +O::#
# O :O ::* :: :*: O+::O: : ::  :+:::::O#
# ::+:::::  : :O:*: +O : OO:+: * *:+: :#
#::+::*:+*O **: :O :: ::: + ::: :::+++ #
#O::O:+  OO+: :+: O *  :+ ::*:+:* :O: :#
#O:::: :O  :O:O+:::::+    :::+ ::*:++::#
#O *+:*:   : :*O++:  :OO ::+ :  +:::*: #
# : :+ : +*::+: :* : :::   OO:OO  :::  #
#: + : : :  : ::OO*O+O  ::*  :: O:A :::#
#+::O :O OOO ::::O::::* * ::     : O:*:#
#++   :+ +:::O  ::O +*:+  O::*O   :::+:#
#::: O*+O  :+:+:: O: ::  +::::::*  : ::#
#:: O:+: :  :*/  OO::O:OO:O::**::O  :+:#
#: :+++ ::: :+   ::: ::: :  : ++ +:::O:#
#:* ::+ O  : :  ::/  * ::O  :: :::   * #
#:: : O:*+:::: :+:  ::::OO::: *: :::: O#
########################################
