########################################
#: ::/ :+:  :: : ::  : :: ::*::: O: O*:#
#::+:     : :O:::::::O*O :O:O: ::::   +#
#   OO: +:* : * O: *: :+::O  :  ::O::O:#
# :: :O+*: +  :  :  :*+*:/  : ::O *:  :#
#O ::O   :O:O::::O::: :::  ::*:: :OO:::#
#:* / :: *:  ::+ O :*  :    :::OO:  O: #
#::   ::+::O:::*O:+ :*: ::O:O: O:O: :*:#
# :::::O:::++:::+O +::: :: : O ::     O#
#+ * ::  +O::::OO  *: : :+::+O*::+OO:  #
# +*: :OO: *::: + ::::OO ::  +:++: : +:#
#:+::: ::O:O:+ : O:  :: :O:::::: :*+::O#
# ::: ::::+OO :::   :  +::O::+: :  ::::#
# :O:+ ::O::O:: ::O +O: : ::+:A : :** :#
#:: ::+: : :: : :: +::O:: + +:::OO::O: #
#:*:O:::: :: *:    :::+ +:::*O++O::::: #
#::  +:+*  ::::*+*:+::*::+O:::::   O  :#
# :: :  ::     ::*O*::  ::+:  :::::OO::#
#: ::*OO: : O::::: ::  :::*: +::O: :O: #
#*:O::+::: :: :::+: *: :::: : O::+:::: #
#:O::::: ::O:OO:O+ *O++O*:: ::++:::::+ #
########################################
