########################################
#::O::: ::O+O : *: O :: : :  +: ::  :O #
#*: :: :O :  O:+:  ::::: :+*  OO :+:*::#
# + : +:::::O :::+  O  :O::OO  :: ::+ :#
#:   ::+::+ ::O:::::: +: : O*: O +: O::#
#+O: :::+/ ::: + : ::: : O::::::+::: / #
#:  :::::  :::+:O:: * O :++:::***:::   #
#::: :::::O + * :  O:: :: :::O+ :+ O+ +#
#:::+O **::O*O+::::::+ OO:+:+ :  :: :::#
#O:   :  O :::::/ ::O::: :: ::O:+:: ++:#
#:* :*::: + O: :  :::*::  :O:::: ::  : #
# ::O: :*:* ::::O+ :+ ::+ :::+:::  :::+#
#+:+:++ :::  :::*:+ :+:O: :: ::+ +::+ :#
#  ::O+:: O:::::+  O:+:*: : :O ::::: : #
# *OO + : : ::: : : :::O::  : :+:::: + #
#: :+:  +::: :+: ++O*  ::* :* :*:::::O:#
#AOO: +:+ O ::::O::OO+: ::: : :+::::* :#
#:::  : O :+  :+    : ::OOO  :++* : *  #
#::O:  :::+:O+: :*O::+ ::*+O:+  :    *O#
#:+:: :O  : :: : ::: +:::+  + ::: :O: O#
# ++::+ :   :::: ::+O :::: ::::::: ::::#
########################################
