########################################
# ::::: +:OO: + :::*:OO:+::OOO::::O::O:#
#++*  +:: ::+ :::+ +O :O O:  :: :  + :O#
# :: +::O  +*:O:::O ::O*::*:O::::*+:  :#
#+:+ +:+  * * +:: ::O::::+::  :: : +:O:#
#:::::: :::O+:  +* A:: ::*  ::O :OOOO:+#
#::::::: :    : +: :*O+:::::+ *O ::::: #
#:   +:: O*:  ++ :++:  O+:O:*+:  O::* :#
#* *:O ::: : ::+ ::+O:: :/ ::+::  :*+:O#
#:: : : : *:O:+:O ::+ :O:  :*+:::: +:+O#
#:::: :: *:+ :  +  *OO: +O:::::::  ::::#
#O:::::: :O : : :O: : : +:O::O :: +:* :#
#O::  ::O:::: :::: *:: O:  ::* : :+**O #
# ::+: :+*::+:::::+:  O:::+*O O O::::  #
#:::::  :: O+:::::O:O:::+:*: :*:: O +: #
#::::*:: :*   :+::::: :  +O*+ : O +  +O#
# :: ::O: :*::::::::::O::  :  :: :O:: O#
#:  :O:O::*::   : ::++:+::* +O :O:: + :#
#:+ O/ ::O+: :O* :::O :*++:*:: : O::: :#
#::::  +:  +O:::  :  :: +:::::: ::O/  +#
#:::O::   O::+:+:*+::*: ::  :  + :   : #
########################################
