########################################
#::O:: :     *   : ::+*O+:   ::+O+ :  +#
#::*::+:+   ::O::*::::+:::   ::  :: +::#
#: :::::  +  :+::   + :O:: O :::+:+*:+:#
#*::: ::O::: : :    O:: :*::: ::: :::+:#
#* ::O*: *:  :O:+:  O:+  O +O    ::: :+#
#:*:O:::++:: O::::::::O ::   ++::O/ O::#
#: : :*:O :O:::+:::O: O: :: +:O+:   :: #
#O*::OO::O:*: :: :+ : :::+: :: :* +::: #
#+O: ::+  + :: :::O::O::++:**+: :::O  :#
# :+: : O :O  : +::O:::+:::::: */ +:O: #
#O +OO  :: :+:++::: :+::: : : *O  ::*::#
#:+: +  : O :::O*:*: +O ::+:: :  O+: +:#
#: O::::::+:::  :::::O:O ::: ::  O:O:/ #
#::: O O +: :::+O+: +O:::: : ::: + ::  #
#*  OO :   :*:+O: ::+  : *:+:::+O:O   :#
#++:  :O: ++O ::: :  ::O  ::     :+ :::#
#:: :*::+ : :::*:OO :+::+: O:  :O: + : #
#* :+ A++::  : + O+  + : O+OO::*:: ::*+#
#O::  ::::+:+::+:::::O +: ::: ++:*+ :++#
#::: :::  O:::::   : * +:O+ :O:+:O::*:O#
########################################
