########################################
#: :+: :: +   :::: O: :::::*  +O: O:::+#
#   ::++O :* O/ * O:: OO:+O+O:O:::  :::#
#  ::: :+:+::    *::: ::: :  O:*+:*+:+ #
#:::  O:O *::O::: :O: / O::: :+:::     #
#   * : :  :::O ::: :   ::::  : :::::::#
#O:: O: + ::::O:O: :*:+::::  O: :: : ++#
#:O:+O : ::: :O  :O :+ :: +O: :O::++:::#
#::::*  :O ::+::  :+ :: :*:+::::*O :  :#
# :O::+:: :O::: ::: :+  ::::: ::: ::   #
#:*O:: ::+:O ::::::*OO+:*  : : +: *A ::#
# ::O*::O:O: :: ::+::  *: +::   *  :+::#
#: OO  ::: :: : / :  **: : ::  *:O : O #
#OO*:::  *::::+:  :::OO : :::::::: :O+ #
#:O: :*:::*+ :: :OO::::+: :::  :+ : O: #
#O:O+ O::: :* : :: :O ++:  :O ::  O: : #
#+: *::::::  + O:*: :  ::::  :+:+:  O*:#
#O ::  :: :::O*:O   :*:::: ::+ :::: : :#
#: +:+::: +  :::O++ :O::+::+:::O::: :O:#
#*+::*:::O:OO*+ *:::  :++: : + :+ ::: O#
#::::O*:*: :O+:   ::: :+ :::: :O : ::O+#
########################################
