########################################
#OO:+::  :+ + :/ *O :: :::: :O :O:O:: :#
#::  :::: +:::   ::OO+ :  :: :*: O/ :OO#
# : OO+ :: +: ::::*:: :+ :::: +:*:  + :#
#::+   ::: :+O :::+A::: OO::::+: +  +: #
# :* ::::O: ++::*:+*  ::::: O:OO::++++ #
#O::+:  :: :O:/ : : O:+: :O +:  :::*+::#
#: *:+::::+O+   :+:OO+::+::::+ :: ::   #
#:: O+ :+O:+O *: +*:::+*::: : +: + :O* #
#:O:::*: ::: + :O:::: :*:: : :+ :O::  *#
#O::::O::O +: O  + ::  :: +:  ::+ :++:+#
#:+ O:*+::::O:O :O+ :: O+: O::++::O ::*#
#::::+++  +:+:  : : :+:O O :O:O +:   +:#
#::::*O:O:O+::::* :::::+: +: ::  *++:::#
#:O ::O+  ::::: ::: ::  :O O::::::::*O:#
#:::::  :::O** : +OO+: +*::O:*: +:::::O#
#:::::* :+ :  :   OO:::   O::+  :O:::::#
#:O::  + :O:::OO: :: : +  : OO:::::  OO#
#::O:*: :O  ++: ::::O:::+::: :::+ :: O #
#   :::  *+:O:  O :: ::::::::   ::::: *#
#::O:O : :: O:::O :  ::* O O* O:+:*+*::#
########################################
