########################################
#::O::: ::::   *  +  :   *:OO  ** :O:O:#
#     : *:*:O: O:*+:: : :+::::+ :+   ::#
#:O+:*+ : ::: :::::+ :::::::: : :::::: #
#:: +  :+:*::: ::+: :O+:::: O:+:: : OO #
#  ::O +:O::::O+OO::: ::::*: :*::::  : #
#::+:   O:+:+: * O::  ::: :+OO:: :O: :+#
#  :    :::O:::: +: * O+::+:::  OO:: O #
#: +:O+ ::::+ :*+:  +O+ O: O: +:*: :::*#
#::: +  :*: *+:+ O ::++::  :O+::*  :+::#
#:+:  O::   :: :: : ::*: :+ O  +:  :O: #
#: : +::: O: :: :+:+: :: :* ::*: ::  ::#
#  :+: :+::+  :::*:: ::++ ::+ :: :+  ::#
#++:+:+:: +:+*/ O ::+ O:  +: ::::  O:::#
# :: :::+:: +O   ::/ :::::  :: :::   / #
# :O:::::::::+:+  :  ::  ::*::+O:+ ::  #
#O: +:::::::+: :  : : +::+:++:::+ : : :#
# :OO::  +::: :*: *   ++*+::O::::+:::::#
#O:+OOO:: *:*::  :+ O ::+:O: : : ::*:::#
#::: :A:+O:OO:: O:O* O+O ::+:: :::: :  #
#  +:::: O:: +O::: ::: :O+:::+::: ::: :#
########################################
