########################################
#/ O:+ : +       ::+:O:: :: :++O:::O *:#
#  :  :+  +:::::   +:: ::  *:: ::: : ::#
#+OO::: :O::O:+:::+::+:::: :::: : :: ::#
#:: +:  : +: :: ::: :::::    ::: ::: +:#
# *  :+*  : :  :+ +::  O:O: *::* : :   #
# :O::: : :  * :O::O: O++::::O+::: ::::#
#::+: ++O:OO: :::+:O :  :OO :OO :+:::::#
#:::O :O::+::O+::::O::::: :O+:::+ ::  +#
#OA: :++ :*: : ::OO:+:+O ::* /   : :: O#
#: :+:O::  ::O*:++:::  :  OO    ::: :*O#
#::::++  ++ O: :*O+ *: : +:: +:::::O*::#
#+:+O:::: : :O +*+::::::O  :::: :O:  O:#
#::::/ : :*: :O O:::O:: : O: :O*+:: ++:#
# ::O  *:+O*: + ::: :OO : : ::* +O: :O #
#+O:::   :+:++:::+:O  :O:::::::::O::O  #
#:+ ::  O ::: :::*: :*::: : :O:::::O:: #
#: :*:::::: :: :  O +:+O: *::+O : ::::+#
# +::: :OOO::+*:::O:O:+:+ :: +:  O ::+ #
#+ :+::O O:O : O:::O ++::*:  :O O:  : :#
#O*::::  ::   +::+ ::::++  O   :+  :  *#
########################################
