########################################
#: O: O  *:O O ++:  :O::::: : O/  :: :*#
#    : :  *::::O:O  O  : :++:     :: :O#
#O:+::O: O: :O::::   :O::+   :+: :: :  #
#::+ : *::: :::+O:: : :O:: *::+ :: O** #
#: O: ::: +:: :* A ::*::O::  : : : : ::#
#::O :*::   : : *::: ::+O::+ : +: :: ::#
#: OO:: O: :: ::::: : :O:O:::O+:::+:O:+#
#O:   O+ ::  : *::::::::    ::::::: :+ #
#:::O +::+: :O:+:O + : ::O::* :::: O:  #
#: O +::+*:**O O::::*+:+:+ :::::O :::* #
#::O::::/   :O+: +   ::::+  :+: :  +:++#
#:::: :   O::::*+::: OO:OO :+ *:O:: OOO#
#+*+O:O+::::*:::O+O* ++O:: ::O+ *:::O::#
#::: :O::+*:   O:++*:::*: :::::::+/ :::#
# ::: *::: ::::*+ :+O+ O::O   :::   :::#
#:O : :: :  :::O  :+*:O:: ::: ::+: +  *#
#   :*::::::*: : :*:+  ::::O+  : :*::O:#
#::: ::+:::: + : O: ::: O::::+O O:: :::#
#: ++: ::++  +O+ ::  : :O:O::::: :*::: #
#::+: :O: *: :O*  ::*O :::+: ::::*:: :O#
########################################
