########################################
#O:: :: :: O O::OO ::::*:O::OO :O: ::::#
#+ ::::O :+::+ ::: : :+/ +::O+::+O+OO O#
#:+  ++* :+ O: :/ ::O::  :+:*:::O :  :+#
#::O::+ ::+*O O:  *: O: O ::  O*+:*:+::#
#+O++::O ::  : *:: :::: :OO: :+::  :+ O#
#:    ::+*:*::+::::*/ *:+:O:+::O:::: :*#
# : :O+:  :*:+::O:::  : +:O: ::: *: :+:#
#:  :O O::: + O O::*O:O : :   :: : +*:O#
#:::: :O: : ::+::  : :  O:  :: +++:::::#
#+ *::O: :  ::::++  : :    :::  : **:::#
#::::+*:  :O:::O+  :OO:*+:*::: *::: OO:#
#:::+: ::::OO ::+::: A*+ :: :++::: ::::#
#:+:: :O: : *::+: ::OO::O:: +:::*  :::O#
#:O **::: :::O:+:::O:**O+: :  :::  ::+ #
#+::::*O::::+ O:::+:+ +O::* :  :O :: ::#
#++::  :O:+O::: :   :: : OO ::O::::O+O:#
#+ +:*+O   ::O:+::: : :+:::+++ : :: :  #
#:::+::::*:*:+ :  ::+:: +:: :  ::: : : #
# + :  ::: ::*  **  :*::     : + ++: :*#
#: :O+  OO  :: :: : +::O  : O:+  +:::O #
########################################
