########################################
#:  +* :  ::: : O:+ :*::OO   ::::+:::::#
#:::*O::: :::  :::O::+: ::::*:O:+:+:/ :#
#:::: O: ::+ : ::+*::::: :::+:* ::    :#
#:::O*: :: : ::::  :OO:::::::O   O: :+*#
#*:O::::*::  +::::+O  O :O:  : O :: :: #
#: :O: : O:+ :O:  +::: O*::+OO *:::: :O#
#:  : :O O:++:::++:+ +:  :::::::*::::+:#
#+:+: :::  O: :O+:: ::*: :/ ::: +* : *:#
#: ::  :+: :: :*:+::O:::+   :: :::::++:#
#:+:O::* +:O OO :* +::::  :O:::+: ::++ #
#::AO:: OOO:::+:::    :O::O O::O ::::::#
#::: :   :: ::::::+: ::O:*::::::+: : :+#
#:O::  :::    :: ::O+:::+ :   :::  +*: #
#::+:: ::O:  :*:+: ::+: :: :*+ * :O:++:#
#::::+ *:*: :::::::::: :+ O : ::*:::O:+#
#::*:O+: +:: ::O : :: + :::: OO:: :::+O#
#::O*::O::   ::::O::::O:+OO::*:: :: :  #
# : ::O::: ::: ::/ :  O: : *OO+:*   :::#
#: ::::  : O:OO :   *++: + :+O:*O:: +  #
#O:  : :::: O: :: ::  ::* +:::*::: :* :#
########################################
