########################################
#** :**:**: O :*: :: * ::+::O: :O:::*+ #
#::::+:O +:   :  :: ::: : :::: :O+O*+: #
# O: O: ::::: +:O::  +*+ *O:::+ :+  :O:#
#::: +:*::: ::*:::: :: :O*:::  :   +OO:#
#:: ::*:::+::* ::*O+::O : ++ +::+O::O  #
#   :O:O OOO::OOO *:+ :O :+::::+: ::O :#
#++: O:: +O::::O :::::::+O:+ :+::+ :*::#
#:: * *:    +O:: :::*:: +  :: ::O: :* O#
#:::::  +:*:O + *:::*+*+: OO:: :O :: ::#
#: *::* ::::O::  O::/ +:: : ::::*:::O :#
#::+:+O: ::+*+:*++*:  :: ::+::O:::++:: #
#: +*::** :+O:::*: :  O:+: :O : :: +  :#
#:::O/ :: :: ::O ::: +::: O ::*::OO :::#
# +:   :+  ::::: O :+ *O::: :O*:: O::: #
#O:::::O: O :::::O+ +:::: ::::OOOO :+: #
#+::::: :OO:: : O ::*+   *A:+ *+: :+:O*#
#:*::O:+: :::O+O:* ++O : + :::*::+:O:::#
#:O::::::O*     :     :: ::*: :: +*:O::#
#:*::+  ::::O:::OO  ::::::OO +/   *::++#
#*:: O  +  + *: : : :O::: ::     +O:  :#
########################################
