########################################
#:+ O: ::+OO::*:O::O*O:*:*::O: :O :  ::#
#:::::+ ::::::::  +:::: *: :O:: :::+  O#
#O:: O  :OO*: +:*:++::: OO::++::O**::+ #
#::::+::+::  ::::O*: OO: :  :+::: :::: #
# : O+:O: :: O::+: :O ::: ::  :::  ::::#
#:O: : :::::*:*:::O: ::O::+*O  :::::: :#
#O:    ::O ::*: :**OO :+O: :: O: +::: :#
#:+:::: : +  *::   :+O::  ::+ ++::*: ::#
#:  ::*::  O  : :::  ::+:   ::: :: :::O#
#:::+: + : :*O:::O+: ::::+O: +::: O::  #
#:O  :O  :: * *:O: +  :O :/ :::::O:*:O #
#+:::: ::::::::: ::::::+ :  ::::  :*+::#
#::+ :::O: :::+ :: : :O:: :::+ :O   : :#
#::O:+: :  :*+::   OO::*:+:*::::::: :*:#
#:::O::O:*::+*:+:::::::  ::+:+: *:   : #
#/ *+ +:+::*::::+:::::+::O:+:*O  +**:: #
#   *   O:O:::::: *O:  :O  O*:O :: O:::#
#:*+*::O O:: ::/ : :: +:+::O+:: +:: +::#
# ::O::::: *:O   :::* OO A::  * :    ::#
#: OOO *:+:::: +:O: :  ::::::+ * +O: OO#
########################################
