########################################
#:+/ +:::* :*::+: : :O::* :::+:*:O :::O#
#:   :: :+O ::O + :  :+::: ::O  +: +O +#
# :*::+ *+:::::: :: ::/ ::+ :: :+O:::+:#
#OO  *: +: +:*+: :+***    ::: *O::* *::#
#: O ::: :    +:::O:OOO:   :: : :     :#
#:::: *::O+: :+:: ::+::    :*::+O:   ::#
#O::  ::*:+::*:: ::: O:*:: O/ :::::::O:#
#:*::  O :O+*  O*:   +: ::*   ::::: O:+#
#+:::   ::    *  O  ::O:  ::+  + :: O :#
#::::: ::: ::+:   :::O+: +:*+ ::    :+:#
# ::+::O  :::+:: ::: +: ::*+O : ::+*O :#
#:  ::++ :::*O::OO:O+:  O:::*: :O    ::#
#:::O+ :: :+:OO ::*   ::O : ::: :   : +#
#: :+:+:: ::  +*:::: :+*  ::::*: * O : #
# +::::::: ::: :O:: ::+:OO+O: :::: :+::#
#: :*: + ::O::+  :::* +  ::::+::+ OO :*#
#+  O:: +:: :O   *::A+OO:::::::* *::: :#
#O  : *: :* O+:::*:+: ::O: +O+O : :::::#
#* :  ++   O++::::O: :  : :  ::: ++::::#
#::::  :::O:: :: :O:+: : :+::O ::+::+O #
########################################
