########################################
#::O  :  ::: *:++: AO :OOO:OO::::: :: *#
#::: :+ ++O: :+*::O++:::*:::+:  ::*:O::#
#:O::  * :+:::O* O:::+ +::: : :: + :*  #
#:O::+:O:O: :: :  O+: :+::+ +:* :  +:::#
#:O: ::O+::::  * :*: : *:+:O ::O::::+: #
#+:::+O ::*::::O+: +:  O+: O*::::::O:O:#
#OO: : ::::::+ :O: +:*   ::: : :::+:O: #
#:::O  O:::::::   :: : :++:::::+:O   :+#
#+O  : :::O+:O:::+:::  + + : : O:O: :::#
# ::::+:::+:::+:::   : :O+ :  :::OO:::+#
#: :::::O::*:: :O::::::O+::O::+O:: +:  #
#:+:: :::O: +::O::::::/ + ::::::*+*: O:#
#+:   :: O+O::OO::+O :  O::::*: :*::+::#
# ::+ :::::  +   O : : :O+::::   +:/ * #
#:O+++ ::: O+:+: O : + ::O+:O +:O *   :#
#:: :O :O O O+: :   +: O :: :+: ++ O:O #
#+: +  ::   :: :::::::O*  ::: :: ::::+ #
#: ::::O: + +::   O : :O:+: ::O+O::+O::#
#:*:: : + +:*:O:::::+ / :::::::O:O:: ::#
# O :::*:   :O:::::::    ::+::O: O : O #
########################################
