########################################
# : +O:::+O: O :*+:: :: :::+:++O:::::::#
#:*:::O:: :O  :: : : ++ ::O:O:  :*:+:::#
# :+:++: :O:*::O:*: ::: : ::+ + ::+O: :#
#O: :::+  ::OO:: ::: :O::+O+:+O:: * +::#
#  O::* : ::: *::OO ::+: :++ :+  ::: OO#
#:*::::  +:   ::*:::+: ::  : :: O:+   O#
#:OOO:O: +   ::: ::OO::: O:   :::+ ++:*#
#:*OO:: :++:+*:  ++:+*:AO:: : :: O :  +#
#::::::O: :+: O::  :* ::O+::OO:+ O:: O:#
#O::  +::O :  ::*O +  +  :: :::::::+:  #
# :*:  *::O:  *: :O*:  : : *:+O::O:::OO#
#O   ::  ::+ :+: :+::: ++: :  : :* :: :#
#+:::O:  :+:O:O: : *::O:: :::::: +: : :#
#::+:O:*O   OO::::*: ::+  +O::/ :::: :*#
#+O:: :::O   :::: O  O :: :: O  :*::+::#
#:::: : ::O: + :: : : +::::*  O:::: :: #
#::+ *O::: :O::O:::::O: :: :+ :+O :::::#
#/ ::++:   +::  :O::::O::  *:: : : : *:#
#  O:::::O::/ :+:+ :+O : +:++ :O:::+  :#
#+  +++ ::::  +:: O: ::    ::: +O*: ::O#
########################################
