########################################
# :*O *O: OO: O : +:  O:++::::O:O *:+*:#
#:++::+:::O+ :*:+OO :+ ::++: ::+O ::  :#
# : +:*::O: : : :+O:   : O+:+:: ::::: :#
# O::::::O: :  * : + * :*:::/  +/ ::::O#
#:::  +OO::::: ::::: :O:::        +  +:#
#*O: : :::::::+:::::O:*::  ::: + + *:::#
#    +::: O:  + :+:* OO:+::**:*: ::: :O#
#O::::AO ::: :+ + :  ::O:O : :++: : ** #
# :::O:::::+:OO::: :O:O:+O :::*:+:**:::#
#: :: : :O:::  O:+*+: :+ + ::::::+ O:::#
#+   :O:*:::::+::OO: OO+*::::::: : :+O+#
#O::+ : :*: *:OO :*O: : ::::: :O:::  ::#
# :  ::::   ::+*::+:O:: :::O::: :: :O +#
#:O*::::::  ::: O O:::O:::::: +  ::::::#
#: ::::OOO O :+O : :   :*::+* :O * OOO #
#O+:: :::  ::::::  :*::: +O: ::+:+:+O::#
#+::  : *:O::::: :  ::: :O::: ::::* :::#
#+O:::: * :::+ : +: :  ::+: : ::+  : : #
#+: ::O:::+O:::+ :OO: :::/  ++O:+O : ::#
#::O: O+:+: O:+::+:: :O :   : *+:: +: O#
########################################
