########################################
# *:  : :::/ : + :* :: O: + :+++: ::*:O#
#+:*   + *O  *  +:::   : :  :+::*  O ::#
#+:O::*   ::OOO:O::*:+:   : : :::: :::+#
#:O::+:  : + :O:: :: : +:::O+O O+:+::O:#
#:: ::: :::OO: :  O: ::    ::: ::::+O::#
#:O ::  O*O:O  O:*:  ::::::+ *::++  *::#
#::+:::O:  :  :/  ::::+:::O::: :+: ::+:#
#::: : :: :::::  :::O :   :::::: ::*:::#
#: :::O::+:+::+ O: O:OO :  :::::::+:: +#
# +::*O O :::::OOO +::  : O:  +::+::O: #
#:: :: : ::  :::::: :: O  : : : ::+::::#
#: :  OO: ::: +:  * :::O:: ::+:: :  ::O#
# +:: :*:::*  :*:O::++:O/ ::O :*OOO  A:#
#+ :*:::: + ::O  O::O::   :: :+::++::: #
#:++:*:O : :: O+  :::  ::::::O:::: * ::#
# *  ::::O+:*::     :+ +:O:::: : ::::O:#
#*::++:*:  :: ::+::O ++O:::O:+:*::O  :*#
#*: :::   : +:  ::: O :*:: ::: *: :::O:#
#:O*:  ::  ::::: :+ +:  :*:*O:O+    :+*#
#::: O +  ::: ::O++O::::::OO :++ :O: O+#
########################################
