########################################
#:O :::: : O: :::+: :::+:*+O ::: ::  ::#
#O::: :::O+:::::: ::::+ +O+ + :: ::: ::#
#::: ::::+O++O::+O:O *:::  : ::  / O:::#
#+ :::+*:: +::::: : +  :::::O :::  :+ +#
#::+   :O +:  :O:: +:: :  :O+: *:+O::::#
# ::  :: O  *::: :O+O: ::::*:O:*:O* : :#
#O ::+ :*A + : ::::O  :::O: :: :+:O: * #
#: : :::: +::::+ : :::: :::O: ::: ::::+#
# :  + :O::::: :  O:*:: ::O  ::::::  / #
#:O:::::::::*::: :::  + OO :: : :: ::  #
#** ::  ++ :   :::: : :O  : : + +:* :::#
#O :::+:*:  :* :+:O:OOOO*+::O+:++ :+:+O#
#+::+O:  : ::++:::  ::+::::/ ::::::  *O#
#O::::: O:O*: O::::::O::* +  :+ :: + ::#
#:::::::O  : :::::+::  ::+::O :::+:  ::#
#:*  : ::O+::*::+:O*:: O:*O:::::: :O ::#
#::::::::O*::+O+::O:: *   :O : : :: O::#
#  ::: ::   :: :::* ::  :: O  ::: :OO +#
# :+*:  *:: :O: :* * : :* OO :+::*: :  #
#+ ::+::::: : ::*  :::::* : :+  :   :O:#
########################################
