########################################
#O :::::::: : :*::::::::O ::O:  +:O:O  #
#: :    +::*O::* ::::*O::++ ::  :::   +#
#:::::O*:::++: :O:::O  :: + +:O:O+::::+#
#:O :+  :::::: :: O+  :::::+::: : ++  :#
#:+ ::OO:O  * +:+:O+: *:+:: :::::  : ::#
# O :::: :*+O+O::::* :/ : :::*:::O++: +#
#*O :  O* ::: :: : :::  :   ::: O  : ++#
#+:*::::O:+:O::: + *::::::::: +: : :+::#
# *: ::::::O*:  +: +:  O::O:+::::::+ O+#
#::::O::O :::::O ::O* O: O: ::O: : *:::#
#O+::O*+:   :O*: O:::::: +:OO :::::++*:#
# :OOO+: :: :::++::OO*::*::: :: +*:  O:#
#::::O : ::O: :: :: : *: :: :::::::: ::#
#:+ *:OO::+ ::+O+:  +:O: : :O:/ :O::*::#
# ++:+::/  :OOO:+:+:  ::: * O:  ::::  O#
#:+O: :    : :+:: + :OOO:: O:+ O AO :O+#
#+   ::::::+O: ::O+:O O::  :: :O:: +:  #
# :+O*+  :::: +O:  ::+: *: :* :*:O : :O#
# :+++O: :::::  *::+ O++:::: :+*::+:O  #
#::::::::*:: :+::: +:+ : ::O:O:O : + * #
########################################
