########################################
#O:::+:: + *:::O::*:: :: :+O:+:*::O+O +#
#   +: O:::O::/ :: + ::+:: : O: : +:O :#
#:: ::O+*O  :+  ::::O+*::: + O::+O: :+*#
#:::::  : +::O:+  ::  +:::::+: :: ::: O#
#: +: O:::O: O : : O : ::+:::  **: :O :#
#:++ +O+ +::O : :: :: : :+:O  *O:: :: +#
#:: *::: +:: :   * :*::::+ ::: ::* O :O#
#: :: : :   :: : :: : :::::: :  :+ ::: #
#:::+:: +: : :   :O : +OO*O * ::O::::::#
#O::::+:*: :: : *:::O:  :: :: : :+   ::#
#: : ++ +    + :: *+O::+ ::: ::*:::::: #
#:O     *:::::*::: ::::O::: :::::+:  : #
#: :::: ::::O:::+  *::  O + *  :::O:OO:#
#A*+:*::  :::*:  :** : ::O*:+:::*  :: O#
#: :::::  :+:   ::OO+O:O : :  : O:O+:  #
#:  ::::+  O+: :: O: ::*+:O:+:::::::*::#
#: ::+/ ::+ :+  : :::::+ + :: O::O   : #
# O* :  ::O ::O::O:+::::+*:O::O:  *: *+#
#: :*+/ : O :*::::::  :+:: : O:::O+: ::#
#+ OO:  : ::O++O:+:O+ : : O:  :*::++:: #
########################################
