########################################
#O:::: *: :OO:: :O ::: :: O+ :*:: :::+:#
#+:: ::: + : :::O:O : :/ ::+: ++ ::::+ #
# :+:+:O+ :: ::+: :::+     +:::++O+ :++#
#:*:+O:::O: ::O:O++:+  :::::: +O::  + *#
#   :*:*: :+:::: ::+O:++:::*  *+  :+::O#
#:: * ::: + O:+:::::: O:++:::     :  :+#
#: :  O*:::: :: ::  ::+ : +:::  O:O *  #
#O ::::+: O::: :+O  :*::O:: :::O: O:: :#
#:+ ::::  : + * :O:::::O* : +:O:+:::: :#
#:: OO: :: :+ : *O+::: +::: : :   :: + #
# :  ::*:::*+O+ ::: ::OO:::*  O::::*:+ #
#: + : ::/ :+:+  :+  ::+  :+ :  +::: O*#
#:+::O:O:  : * :  O::* +OO O+: :O  +:+:#
#O:::::::O::: ::  O :      :  : +:::O*:#
#O : : ::: OO :: ::+ : :*: :+::::: :: O#
#:  +::::::::::::::O:+:: :: OO:  OO:::+#
#*:: +: ++O: + + :/ : O*:++:*O+  :OA: :#
#O :: O::::: :O::+  :  : O:  :   :::+:O#
#O: :+ :  :O: *O : :::OO *:  O:::O+ :::#
# :: +*+:::+::+:*OO:: + +:::O+ : :  :::#
########################################
