########################################
#  + :+: +:: :O:**:  O::O:+:OO:: :::+:+#
#: ::/ ::::  ::::O::: O: : :  :*+:O: :O#
#:: +  :*::+ : +:::* *O+::: ::::O:: :::#
#  +::::O  OO+:+:: :O :O  :: :::: :*::O#
#: ::O++OO:+:+:  **++:O O *:O+::++O* ::#
#  *O::::::::::: ++*::+::O :**+:+:+*   #
#:O::  : + : ++      : :::  :::: :O::*:#
#: :::  : +:OO:O ::+ O+*:OOO /  :: O: :#
#: ::O+ +: :::+O+:+ :::: * +O  : :  : :#
#::O/  : :  ::+ : O::+::   *::*::+:: +:#
# +O  :::+: :::O: :::O:+*:   +: :: : O:#
#O::+::OO   :+:::+: :: :: ::::::+O :O:O#
#: :::O : +OOO::+::::  :** O : : +:A:::#
#:O::+:: ++:O *: + ::++:   :: :: +:::+ #
#O *:::O   : :++: ::O+O:+::::::: ::  : #
# :O :   :O:::::+ ::O++:::O+O: :: :: O:#
# :O  O:+O+:: *:: :+::*: ::: +*:   :+O:#
# +:O+:::::::::::: ::+: ::O:  ::: :::::#
#*+:  :*  ::::   : ::::OO: *:::O ::::+:#
#:O+: * :::: :O::+::: O::::+::  :+*: :+#
########################################
