########################################
#O::: / :::*::: O: OOO:::O+  :: *:O:+  #
#OOO:O   :*:  O::: *   O:+ :  :::O:*:*:#
#:  *:::::+::   : :: :::+::::  ::::+: :#
#O: :O :   O::O +     ::::::: :: :::+::#
#:O:::+O:::*:O::::OO:+ :+:: +: +:   :OO#
#:  : :::OO+ ::::::O:::   :::  ::O::::O#
#:O : O :: ::: : ::+ :: ::  :+ : :::+::#
#: ::: *:::O ++ ::*+:: :*+:: :+:::::+: #
#:  **O:+::: :::::::+:::::: + :+::  :::#
#: :O ::+*::  : :O *O : :::: : :+: +O+ #
#::  +: :O: :+ :+* ::+ ::+:++::O ::::O #
# : :::::O* ::O::  : +O *::O +**::  *::#
# O:+::::::+OO:*: +O :O :O:O::O : O  :O#
# +::: ::+:::::: ::::  :O+::  :O +: ::+#
#::O::: :: + / ++::::::*:::O *O:OO*  O #
#:+:::O: :* O  OOO :::::::OO::/ ::OO : #
#  :  O:  :::O+ *: : :::A::  :  :O: ::O#
#: ::*O:O: O :+:+   :++ ::*:::::*: :::+#
#O::: +::  + :O:: ::::O::O::: :O: +:O: #
#::+O :+:: O::+O::::::: +++: OO::*: O*+#
########################################
