########################################
#+  +::   :*O:+ ::::: :+::  ::+:+O:/  :#
#::* : :O+  O ::::OO : *:  ::: :+ :  + #
#O : ::::: :+*  ::::O: :*+:: :::* ::O: #
#*:::::: :* O:O:  :+:O+:::::+ ::: :::::#
# :::::   :     ::::: : ::O   : *: :: :#
#:: O::: :  :O +:::::+:::+ + +::*O :: :#
#::: ::::::::+:::::  +:::+: ::+:+O  :+ #
# ::+:*O  : + ::O: :::  :O :: :/ O::: :#
# :::: O: ::+O :O::*::O+:*++::   + ::: #
#::::O  OO:O+ O::  * + ::*: :O:OO:O:OA #
#+  +:::+:O::+ :::: *::+++:::::: +*::: #
#:: +:  : +::OO:::   O::: ::O ::: :::::#
#::**::::O:+  :: O:: ::O+::+*:: +:::: +#
#*  * /  +*: +::+ : O ::O:OO : :O::+: :#
#:O:::   :: :+O ::   :+:::O O:O::::O:: #
#:: : ++:  + ::::: ::: ::+:++: O:: :O: #
#::::::O  : * ++ O: *::: + +:  O:   :::#
#: O ++:: ::: O ::::: :*::::O ::*::::++#
# O::::  : :+:::O:: ::::  ::::: :::: ::#
#O::+:+: *:::  :::+::::++++:O  O:+::: :#
########################################
