########################################
#O: :::: :/ +++ : O:: ::  + :::   O: ::#
#  +O::O:   +: O:++:  ::::++::::::+:::+#
#:O::::: O::::: O: : :O ::*:++::O:::  *#
#:: : ::O * :+ O:::::*:*: ::  :   : :: #
#:: + *+:::O+:::::::: O : ::+ ::: +::::#
#: ::   :+: ::  :   O:::::::*O::O+:::::#
#+  O::: :++:: :: ++::  ::: O:: :  O ::#
#  O: /  : : : O   : :::: O+ ::::::+:: #
# :::O  +O*:: +::+:::O: : +::* +::  : :#
#:: :: O:  :*::+::::::::     :+ O:O:*+ #
#O   O+O : :  : :::*  :: :: O:  O +: *:#
# :*:O  :::O :: : ::*:::+::: ++:::+ +: #
#::O::O:: *: :++::O O:::*+:+::: + :: *:#
#  :O *: :  :::   : + :O:  O:   :: ::O:#
#+  ::::: :*::O+ :::OOO *: :  :O*+ OO :#
#  :::::: + : ::: O: ++ :   ::+:::**: :#
# ::: : ::::  :::   + :::*O:::+:A: O::+#
#+ / :* O +:+:::::::*   :::: O:O ::O:  #
#:O  ::++  :: ::: +::   :O : :+:O:: :  #
#:O::+ *:*:::+ O:+: OOO +::   + ::  : :#
########################################
