########################################
# :: ::  *: O+:O + ::OO::++ : :O:*::*::#
#:: :/  ::O  +  : :OO:+ O:O ::O:::  :::#
#::+:  ::   *:::  O: O:::O+  +:O :::: :#
#  + :::+ :::: O :::: : ::O: : :  :: O:#
#  OO  :::  :O:   :+:+OO+:+:  :+::: + :#
#:::O:  :O:O::O::::: ::: / : ::::  : : #
# ::+:+::  : :::O  ::  *+  :: O *::O:O #
#: :+ + : +   : *:+ +: :  :: O:OO*:O: :#
# O:: :::::O::: :O ::::    :  O:++:::+:#
#::*:+:+:  :::O  O : :O +::::* ::: O ::#
#::+/ O:  :  :  ::  *:*+O*:  ::O::::: :#
#O:*  ::+O*: OO:+:: *+ ::  ::::O: :: + #
#: + O::  :+:::++ ::::*+:* :: :O   :O :#
#: :::   :::O+*: ::: :: +::::  *OO*:+ :#
#::: **:O :  +  O::O:OOOO:::+*  +:A ::O#
#::::+  :+:::::    +:::   : **::*:::+ :#
#: ::::::: :: :::+:+::*::::: :::+:+* +:#
#:::O *::::OO : : :+ O:+: :+:*::: : :O*#
#: ::+: ::::::O::O ++*:O:::*: :O:O++ :O#
#  O:: ::+::* +O  :::O : ::+ :++ :::O +#
########################################
