########################################
#    : *::::::: O::O : ::::::::  +*::::#
#O*:O:++:*+ O: : :+: :+::O +OO  :*+ +::#
#::::::::O:O:  :: ::* O:::::::::O     :#
#  O::O  +::: ::::::+:O:::: :*::::OOO  #
# :O :: :O:  :+O:+*:*   ::::+ :: +O:+O+#
#  :: O*   : :/ : :  ::+**:O*:::::*::O:#
#+:+O::+:  :::  ++::* :*::::: :+:::::::#
#:O :+ :::O::+ :::+:::  OO:::+ : :::O  #
#O:::*::+O*::   O:::O:::  O:+ O::*+ :::#
# ::  :*/ :+ +: ::: O: +:  :  ::+O:: +:#
#: O*:::    :O:O :  :::: :::O *:O: +:::#
#: :: +:+** O: : :::: :+*O::: :::: : * #
#:+:+:O+::  :+:O:: / ++ :O::O::: * :: :#
# :*+O ++::::::::::  :: O:OO:::::::AO :#
#*: +::: ::: ::::::+   :::*++::: ::O: :#
#: :   ::::*+: ::  ::::+*:::* ::O :::::#
#:*::::*: :  ::   :* ::: :::*+::+::::  #
#::: :::::*:+: :OO: : ::  O *::::    :+#
#:+:: :+O ::  ::+ *:::::  :::*: : ::::O#
#: :O+: :: + ::  :::  ::::O+::O:: O:*++#
########################################
