########################################
#O: O+: *: : :+ :+::::* : :O+ * OO *+:*#
# : :  :O ::::+  +::::::::+:O:: :: : ::#
#O  :  ::+::: :+O +*::: :: :+:O::::+:::#
# :+ :* *O:+ : +::* O:::::OOO::::::+O::#
#::: *::: :O::OA:  ::::+:::::::: * ::::#
#O :+ +:+:: O + **:OO+O*+:: :O:+::::+::#
#O O  O::O::: : :: : :+*+:+ : ::: :::::#
#:: : *  :::O:*:O:+:::::+::+O+::   : : #
# : : +:O:::::+: : ::: ::::::O:::O ::::#
#:   + :::O: ::O :*::  *O  :O   / : : O#
#::++  O:::::+:: *:O:::: :::+: :  O: O:#
#::++: ::+::::::*:  +: :O:*+: : ::  :: #
#:* +:O:: O:+:: : :+   ++*+: ::::O:*::O#
#   :::: ::+:: ::*+  : :O / :::+O*+::O #
# +O+ *::: ++:O :::O*  +:      +:::O+ :#
#+: :+:: :O :: +*O::  :::   :   : O :::#
#+*:::::  * :+  :++:  ::: O:: :::OO*:*O#
#:    O* :::O:O: + :O /  : O: O:::::   #
#+ : ::+O:  O+ +::O::O      *:O:::+O:: #
#:O::::+ : +:::O::::::  +:: : ::*: * : #
########################################
