########################################
# :+ :::O::: :  : ::O:*O+:::: : +:::::O#
#:O +:+: :: :::O  : :: ::O+: :::: :::::#
#O::+++O::::::++O::*:*O: :::: : :: : :+#
#:O::::O:: ::+::   *:::: : ::::::+  : :#
#: ::O::: :*+:+:+: *:::: ::::A * :O: : #
#: *:*:: :+ O: ::: ::::+::*:: O*:   *  #
#:+:O*:*::+:::: :::O: :O::*  *+O :::++ #
#O::     * :  : :::: ** * :    O +O+ ::#
#::::O :::OO:OO::::*::::OO:: O:O:::+:: #
#+::  :::::: : O *::::::::::: : + O* ::#
# + ::+:::/ :: : +:: +::: +O +::::O:+: #
#: : ::O:+  :+:*::::::::O::::: :: O ::+#
#: +:O:OO:+:+: :/ : : : :::+::::::* :O:#
#: :::+:O: :O::   :*: :: :O: ::::OO* ::#
#:+:::::+: O::+:::  +:O:+ :  : O :+:  :#
#:::/ O OO *:O:+:*OO: +:   ::  :+:+ :::#
# OO  *+++: : :*:: :::++:: :::   ::: :+#
#: +++O:O: :O:::O:OO+::+:   ::O:  :  :O#
# ::::   *:+::O:  +    ::::+: ::   : : #
#::: :: :::OO :+ :::::::++ ::O O++O: +:#
########################################
