########################################
#:: :::  + :+:   O::::+::::: O  : :+ *:#
#+:   :  : +O:  * ::+: :: : :  + ::: O:#
#  ::+:::O::*:  :*+:  ::++ : + ::::: * #
#:O*  *::::O+ ::+: :    *::: : ::*::O::#
# *: :O *OO*::+:O: O:O: :+O: :*:  + : :#
#::*+O: ::::: :::O:O*: +: : ::  : : : +#
#::: +::: :+:*:  :*:O: ::**   O: :O:: O#
#  :O + :*: : +::::*   :::+:*:+ OO::*+:#
#+  *  ::*:::::::::: :  ::  +::O:/ ::OO#
# :*:O: * : :+:OO::::*::: +:+ OO+    + #
#:*  :+*:: :::: :::A:++::: /    *   :::#
#::+*O : O ::O:  : : ::O+:   O: :*::: :#
#::+  :: O::: O:   :+ O  *::::*:::::  :#
#  O + : : ::: :+ ::: + :+:O  :**:::O::#
#O+::: ::: : ::O:::: ::  +*O :/ :::::  #
# :  O::*:::*+ O:::: ::*: + :     * :: #
#*+: :++:  OO+  :::O: ::++: +::: OO   *#
#: : :+ + ::::+: :O +O ::O::: : :  O:::#
#   :*:+ *O++ :O::OO:  + :O::O:  O::: +#
#::::  ::: O:+:::  : ::*:O *: OO: : O:+#
########################################
