{
    "cave_source": "generated",
    "seed": 2266120980,
    "geometry": {
        "w": 40,
        "h": 22
    },
    "butterflies": 3,
    "ingredients": {
        " ": 25,
        ":": 50,
        "+": 10,
        "O": 10,
        "*": 5
    },
    "cave": [
        "########################################",
        "# O:::++::+ :   +: O+:++ ::: : :O: ::::#",
        "# :: :/ : O: :**O: ::O::O *+O:: :   : +#",
        "#:* ++  : :O: ::: :::+ :  + ::::: O::: #",
        "# +++A:O::O: : ::: :: : :*O:+  + + : : #",
        "#:: : :  :::+: ::+O::O::O:::++:: +::: :#",
        "# : :::*:   ::::** ::::::O*:::* ::+:::*#",
        "#: :  O *::* *:+ :+ :O::: +:: ::O : :: #",
        "#:O::::::+ :  ::O::   + ::::::::::::: *#",
        "#O: :: + ++:::+  :+:: :::::::::::O ::::#",
        "#:   :: OO:++:    :  :: *::::: :::::+*O#",
        "#*+ +:: :::   :::**:*+ *OO ::: : O:+:/ #",
        "#:::: : O:::+: ::  : ::::  :+ *:** :*  #",
        "#:*+:O*:++/  : : : +*  +: O+:O::+ : : :#",
        "#+:: :  O:  : ::::::  +O: *::::: O::: :#",
        "#+:: :::+   +O:::   :+ :: O::*:: O:O: :#",
        "#O:::::::O  :: +OO + :::*  ::: :: :OO O#",
        "# ::+:::: ::  :::::: ::* ::: :::++ :*::#",
        "# O:::+:+:*:  :+:O ::::::+:  : : O :O  #",
        "# : O:+  +:+: +    O  O::+ : :O::* O:+O#",
        "#: +::OO:: *: : + :*::: +*+ +: :+:   ::#",
        "########################################"
    ],
    "controller": "script",
    "script": "59955c183cc1d6947da0b891/solution.js",
    "limit_frames": 1200,
    "limit_time": 120,
    "interval": 100,
    "fps": 10,
    "commands": "      rrr",
    "outcome": "game-over",
    "score": 0,
    "diamonds_collected": 0,
    "butterflies_killed": 0,
    "streaks": 0,
    "longest_streak": 0,
    "duration_frames": 9,
    "duration_time": 0.9,
    "ai_perf": {
        "processed": 9,
        "init_ms": 5,
        "total_ms": 4,
        "max_ms": 1,
        "dropped": 0,
        "avg_ms": 0
    }
}
