{
    "cave_source": "generated",
    "seed": 892433118,
    "geometry": {
        "w": 40,
        "h": 22
    },
    "butterflies": 3,
    "ingredients": {
        " ": 25,
        ":": 50,
        "+": 10,
        "O": 10,
        "*": 5
    },
    "cave": [
        "########################################",
        "#::: :  :+ : ::O:++:: :::O :   :+::O ::#",
        "#* *  O::+:O  ::+O+O::O:  ::*  O/ :::: #",
        "# :::+*O*O  :+:::+ +::  :O: : :O     O #",
        "#::: ::*: :++ *:  : :O  :::  :O:::::: :#",
        "# : :O  :  / :::+:O+:+:+:OOO::::O  :: :#",
        "#+  : ::::O  : ::  +: ::::::  O O+: ++:#",
        "# O::: / :+: : O :::::  ::: :::O  O ++O#",
        "#: : ::    ::: +::*   :**+:  : ::*:::+ #",
        "#O:O:::+ O +:::::AO:::*::O : :  :+:O:+:#",
        "# : ::+:O *:O ::  * +   :O : :::::+O:::#",
        "#:+:+:+::+::::::+:: : ::: :O:::O : ::: #",
        "# +*::::  :O:: O+::+:: :*:  : O:::*  + #",
        "#++:O:+ *O  :O ::::: ++++: ::::  :+O  *#",
        "#:::::O ::: O:::::: + *:+::::::O:::O:+ #",
        "# :   ::::::::O: +O+*:: :+ :: *: :O::::#",
        "#O::: : ::   OO OO::: ::::: ::+ O: :*  #",
        "#O::::: :OO O:  :O  ::::::: :  +:O:O:*+#",
        "#::O*O+:: :  : + :+ ::::::  :+: : *:+::#",
        "#+ O+:O +::  :: +:: :*:+:: :+:: :    :O#",
        "#:+ +::::*::  :: +O :O::::*::: :O+O: ::#",
        "########################################"
    ],
    "controller": "script",
    "script": "59955c183cc1d6947da0b891/solution.js",
    "limit_frames": 1200,
    "limit_time": 120,
    "interval": 100,
    "fps": 10,
    "commands": "      drruuldldurrrrdruurrddddrddrdrrrruururrrrrdddddruuruddldddlllulldldllllllllluluuuulrurddrrrrruuuruuuuurrrrrldlluuluuuuludlluuulullllddlllldlllllluulllldllllddrlluluuluuldllddrddrddrdrddllrrrrdrurruuddddddrddddlllluuullld   q",
    "outcome": "quit",
    "score": 94,
    "diamonds_collected": 29,
    "butterflies_killed": 0,
    "streaks": 2,
    "longest_streak": 16,
    "duration_frames": 230,
    "duration_time": 23,
    "ai_perf": {
        "processed": 227,
        "init_ms": 6,
        "total_ms": 374,
        "max_ms": 304,
        "dropped": 3,
        "avg_ms": 2
    }
}
