{
    "cave_source": "generated",
    "seed": 928333886,
    "geometry": {
        "w": 40,
        "h": 22
    },
    "butterflies": 3,
    "ingredients": {
        " ": 25,
        ":": 50,
        "+": 10,
        "O": 10,
        "*": 5
    },
    "cave": [
        "########################################",
        "# O:: ::: :: +/ :::OA:+O**::O : : :::::#",
        "#:: : *O:   +   :O O::+ *  O::O++::: : #",
        "# :* : :+:+: O:+ :::  :::::::O:OO ++O :#",
        "#O :::::OO+::::+:OO++:::+:O:+ :O *OO: :#",
        "#:+:: :O:O::  O::: +* O: :*:::+::: ::O*#",
        "#*  :::*+::::: O::+:O* ::+:   : +::::: #",
        "#::::::O:*:: O::O ::: : :::*:+ :::: O:O#",
        "#::+:OO:: :O:/  O:: ::+::: :::: :::: O:#",
        "#: ++ :+:O+:   :O:::O+OO::: :: O ::::O #",
        "#:+::+:+   :::O:: :::  :* :::::::/  *:O#",
        "# ::+:: *:: : O::+:O:: + :  :::+:  :  :#",
        "#:     O:: +++::+ : + :O::O:+  +:::  :+#",
        "#O :+ :: :  :*: +*:+     O:: +::* :O :+#",
        "# ::: : *::: O:+ :O::O::::::OO+::  ::O #",
        "#: : :  :::::O+: :O::   :  + :*:O:O::: #",
        "#:O O*:+O ::O :::+ ::: * O::  *O:O O   #",
        "#: +   :   +:*::+O : :::::::::+* :O  : #",
        "#:O+:+::: ::+  + :  :  +  O+:::: ::::+:#",
        "#O::::+:: : ::  :+O+: * ::::*:O+::: : :#",
        "# :  :+  :O:+:OO + :O*+::* :: ::+ ::*: #",
        "########################################"
    ],
    "controller": "script",
    "script": "59955c183cc1d6947da0b891/solution.js",
    "limit_frames": 1200,
    "limit_time": 120,
    "interval": 100,
    "fps": 10,
    "commands": "      ddrddddrrrrrruulluuuluddldddddrddddddddldlddldurrdrrurrruurururuururr",
    "outcome": "game-over",
    "score": 55,
    "diamonds_collected": 16,
    "butterflies_killed": 0,
    "streaks": 1,
    "longest_streak": 16,
    "duration_frames": 75,
    "duration_time": 7.5,
    "ai_perf": {
        "processed": 75,
        "init_ms": 5,
        "total_ms": 40,
        "max_ms": 8,
        "dropped": 0,
        "avg_ms": 1
    }
}
