{
    "cave_source": "generated",
    "seed": 130052943,
    "geometry": {
        "w": 40,
        "h": 22
    },
    "butterflies": 3,
    "ingredients": {
        " ": 25,
        ":": 50,
        "+": 10,
        "O": 10,
        "*": 5
    },
    "cave": [
        "########################################",
        "#O   *::::: : ::::::+ : +::+ *+:: O  : #",
        "#::: O:+:: : ::/ ::::O::::::::+:::  : O#",
        "#::*: O :*++ ::  O:*O::: :+*::OO*+::::*#",
        "#::O:  ++ :::A :O +::  : +:O:  ::OO/  :#",
        "#+:::+ :O:::+:+ : :* :  ::: :::  :O  : #",
        "#*::::: : :   :  ::O+:: :::: :::::::  O#",
        "#::O:::  ::+:OOO:*O: : O:: ::/ ::: :O::#",
        "#::::: ::*:::++  ::+:+:  : +:  ::O::O::#",
        "#::O:*+::+::::::: : :  + ::::: :::O:  :#",
        "#* **:::* O: :::   +:++ O+:*:+ :+ + * :#",
        "#* : :+   + O:OOO+*:O: *:::::: +*:::::+#",
        "#:  +::O  ::  :: ::+*:+   ++ ::: +:: +:#",
        "# *  *:  : O::::: O:+::+   O:::  ::O:: #",
        "# :  : : ::  O: O :: +:++:::+ :+ +:::OO#",
        "#:::::::+:::+ +: :: :::  : :O::+: + *::#",
        "# :+:::O :::+:: ::  *:O:: :::  :+:* + :#",
        "#*O *::+::O:  ::::O::+* O::::: : :::O::#",
        "#: : : +::+O:O+ O:   ::::: ::    +::OO:#",
        "#  +:+O *::O: :*::O:O :O:::*:OO: :+:  :#",
        "#:*:*O : O:+::O :+:   ::O: ::OO:+: +:: #",
        "########################################"
    ],
    "controller": "script",
    "script": "5995c8e13cc1d6947da0b89b/solution.js",
    "limit_frames": 1200,
    "limit_time": 120,
    "interval": 100,
    "fps": 10,
    "commands": "                                                                                                                                                                                                                                                                                                                                                                                                                                                                                                                                                                                                                           ddrrdrddrrrruururrrrrrrurrdrrulllllllllllddlddlllluuuluu     dddrddrrrruuruuuurddrrrrrrrdrrrrdrdr       uull   llddldddlluldrrruuuluulullllldddldlluuddrrlllldduulluurluluuurrrrllllllldlllddddllllddldullldddrdrurruuuuuuuluuulldddlruuurrdduulldddlddddddddddddddrrruurrdrdrulluluuuuuurrrddrruururrdddrrdddddduuurrurrrddrrururrdddrruuuuluulluullldlrurrrrrrrddrrrrddrdrruuruuuuuuulddludrddddddruuuuuuuuuuuurrluulllllddddlluulluur                                                                                                                                                                             ",
    "outcome": "game-over",
    "score": 593,
    "diamonds_collected": 64,
    "butterflies_killed": 3,
    "streaks": 1,
    "longest_streak": 64,
    "duration_frames": 1200,
    "duration_time": 120,
    "ai_perf": {
        "processed": 645,
        "init_ms": 8,
        "total_ms": 56112,
        "max_ms": 55756,
        "dropped": 555,
        "avg_ms": 87
    }
}
