{
    "cave_source": "generated",
    "seed": 1769413216,
    "geometry": {
        "w": 40,
        "h": 22
    },
    "butterflies": 3,
    "ingredients": {
        " ": 25,
        ":": 50,
        "+": 10,
        "O": 10,
        "*": 5
    },
    "cave": [
        "########################################",
        "# ::+::  :+:O ::O:::O ::: *: +: :::* : #",
        "#OO::: :+:  :: : : :::::::::  + O:O:+::#",
        "#:  :* +O+::O:::  :O:+:+OO:: O::+:::+:+#",
        "#  :::O :  ::O *: :::O:+: ::+::+::O:*++#",
        "#:::::+:*   ++::::+::  :O:+::::+:O::+::#",
        "# :+::O:  : A: :  ::O O+ +  : +::O::  *#",
        "#: :  +: O  * :: :: :O::*: +: :O:::::: #",
        "#::+  :::+:O::  :   +   ::: ::::: :O ::#",
        "#::: : : *:O+: **O ::: ++O :O*: ::+ :::#",
        "#:: ++::::::: +::: :::O::: :++O:*::: ::#",
        "# :::+ :+:: :   :++:  : ::::: :: :O :+:#",
        "#:O:O+:+ ::*  +: * *+:OOO /  ::::*O:O +#",
        "#: : O OO: +: ::::  O +:::  : :::    +:#",
        "#+:O::* +:::*+ ::+: : :::+:: ::O  :::  #",
        "#: :/ O OO: :: :* :::::::O**:: :: :::::#",
        "#: :   :::+OO O:: OO:::O +::*:: :*:+ ::#",
        "#:::::::::: :+  +: O:  O O:O :+:*O: O/ #",
        "# :+ :    O:::: +OOO:: O: +::O O  *    #",
        "#: +:+:::: :+ :+::*: :O:::  +   :  :::+#",
        "#:O::O* O: ::::*:: OO: +::O::+ +::  :O:#",
        "########################################"
    ],
    "controller": "script",
    "script": "5995c8e13cc1d6947da0b89b/solution.js",
    "limit_frames": 1200,
    "limit_time": 120,
    "interval": 100,
    "fps": 10,
    "commands": "                                                                                                                                                                                                                                                                                                                                                                                                                                                                                                                                                                                                                                 rddrrrrrddrdrrrrurrdllullllllllddddddddlllllullllllluururrr   ururuurrrrurrrrrdrrrrrrrrdrdrdrrrrdrrrrdl    lddrdrrrllluddldlluudrulllluluulluurllluuuruurrrrrrrurruururluuuddddddrrrllddddllllldllllldduuuuuuuuruuuuuldddrddrddrdulllulldrdddddrddruullldllldldlluurldlllddduuullluuullluuuruuurrrruurddddllullllldllluluuuurlddddddrrddddddddllluuuurrrrrururrrrrrurlddrrlldllldldddlllllllrrrrrrrrdrddrrrrrllllululullllddlld  ",
    "outcome": "game-over",
    "score": 466,
    "diamonds_collected": 57,
    "butterflies_killed": 3,
    "streaks": 1,
    "longest_streak": 57,
    "duration_frames": 1026,
    "duration_time": 102.6,
    "ai_perf": {
        "processed": 441,
        "init_ms": 8,
        "total_ms": 58920,
        "max_ms": 58687,
        "dropped": 585,
        "avg_ms": 134
    }
}
