{
    "cave_source": "generated",
    "seed": 2900022967,
    "geometry": {
        "w": 40,
        "h": 22
    },
    "butterflies": 3,
    "ingredients": {
        " ": 25,
        ":": 50,
        "+": 10,
        "O": 10,
        "*": 5
    },
    "cave": [
        "########################################",
        "# :: :O+:: : ::::::::: :: ::  O :+O:::*#",
        "#OO::*:::++* :    :*::: : O  ::+:+ O+::#",
        "#+:: : +:::: :O: * ::* +  ::::: :+:+:+ #",
        "#O+ *::  :::: ::+: :: :  :::/ : :::O+O:#",
        "#: :+*::: :: ++A :    O:  *:  : *O:::+:#",
        "#: O :+:*: : O::O:: :+:::: :::O::::::::#",
        "#  +   :*O::*:O+ :: :::::*: :++O  ::*::#",
        "# : O+: : ::::::::   O::+:::*O:::::++::#",
        "#::+:O + :O ::  ::+::O*:  / +:: :::O*::#",
        "# : O*: :::+::::::: O: :::  :: ::: : :+#",
        "#:::O:+:O *:O::: :O::    :OO:   + : *::#",
        "#:: :O: + :: ::O* ::  O: ::  : ++*O +::#",
        "#OO:::+::+::O::  ::: : ::* :: :: * *::+#",
        "# :O: +:O::::::::: : ::O::*:O: :::: ++:#",
        "# * :+:* :O::::OO:+: :** ::O*: *: :::: #",
        "#::O+ : :OOO+::: :*O O::O::+:    :: :: #",
        "#::+:: :  ::::: ::*:   : :::::O+:/ :   #",
        "#:  : :::::: *::::::::::::  :+:::  :::+#",
        "#::+ * :: :: :O::: :::: :+  :O:O::OO+:+#",
        "#:+: O::::: :::  +:OO: *:::O:O:*:::::::#",
        "########################################"
    ],
    "controller": "script",
    "script": "5995c8e13cc1d6947da0b89b/solution.js",
    "limit_frames": 1200,
    "limit_time": 120,
    "interval": 100,
    "fps": 10,
    "commands": "                                                                                                                                                                                                                                                                                                                                                                                                                                                                                                                                                                                                                        drrddddrrddrruruur  uuulddruuuurrrr   ulll urrrrdrdddlldddddrddrdrrrrrddrr      lddlluuuurrddddlllddlruurruulllulllrrullllullddlluluuuuu  rrddldddlldddlluluuulullddlddddllldllulluurllddldduulluuuuluuuuuuuurrrruuluurdddrrrdldldddlrrdrrrlullluuurrrrrruuuuulrrrrdrrurrdddrrrrrrdddddddddddddrddllluurrurrrurruuuuuullluuuuurrrrrdddlldldddddddruuuuuuuulluuuurrrrrrddrrdllllldllddlddddduuuuuluuuulurrrrrdrrrrrrruuuuu                                                                                                                                                                                               ",
    "outcome": "game-over",
    "score": 595,
    "diamonds_collected": 66,
    "butterflies_killed": 3,
    "streaks": 1,
    "longest_streak": 66,
    "duration_frames": 1200,
    "duration_time": 120,
    "ai_perf": {
        "processed": 615,
        "init_ms": 7,
        "total_ms": 59085,
        "max_ms": 58699,
        "dropped": 585,
        "avg_ms": 96
    }
}
