{
    "cave_source": "generated",
    "seed": 3242294718,
    "geometry": {
        "w": 40,
        "h": 22
    },
    "butterflies": 3,
    "ingredients": {
        " ": 25,
        ":": 50,
        "+": 10,
        "O": 10,
        "*": 5
    },
    "cave": [
        "########################################",
        "#:::O+::*: O: :*:  +: ::: :*: : O++: : #",
        "#O+:  +:  +O:::O::: :: ::  ::+:::::::  #",
        "#O::O:::+:O:+ :O:::+::OO: ::O+: :::::  #",
        "#:::: ::O:O  ::* :: +*::: ::O:::O :+:O:#",
        "#: : :::O:::: :+::::::: :: ::OO:::O  ::#",
        "#OO::::OO+  +::O   O+ O:: O+:::::*  ::+#",
        "#:O:O :::+ +OO::+: :::  +::  :: *:+ : :#",
        "# : O::++:::++:+ *:  O:::: :  :O:A:+:::#",
        "#:+:+*+O:::  :O :+: *::: O:*:: * :::+: #",
        "#: :::/ : ::O::: OO +::::* :O:::   O : #",
        "#::O:O  :     ::+O:::++O ::/  ::OO+*O  #",
        "#+::   ::++  O  ::**::: :::  : O* : O+:#",
        "#:++::*O*/ ::: *O O: ++:O :: : :+  : O:#",
        "# ++:::*   ::OO :+*O ::O:::: O: :::::++#",
        "#OO+  :: :O::: *+    :O+: ::: : +O :: :#",
        "# : +: +:::*O::O:+ :  ::O:   ::+: O:+ O#",
        "# ::  : ::  O ::O:+: :O:  O:O: O  :::::#",
        "#:::O: O:    :::*::+ ::::: +OO :: * :::#",
        "#::O+* O+ ::: :::     : +: O :::O O+  O#",
        "#::::+::::O*: +::::  *: *+::+:  : :: O #",
        "########################################"
    ],
    "controller": "script",
    "script": "5995c8e13cc1d6947da0b89b/solution.js",
    "limit_frames": 1200,
    "limit_time": 120,
    "interval": 100,
    "fps": 10,
    "commands": "                                                                                                                                                                                                                                                                                                                                                                                                                                                                                                                                                                                                                                                                           ullllllllulllldlllldldldlllllllddlddl             luluuurrrurruruuuddddl lldlluur     uuuuuruurrddddrddddrrrrrruruuurrrrrrrrrrrddddr    rrlldddlduluudddrrdrrrrruurddddddrddllllluuruuruuuuuuuuuuuuulluulllllldddddddlddrdddddddrrrrrddrruullllulllllddddrlllullllllllllulllllldurrrrrrrrdrrrrrrruuuuulluuuruluulldldddddduuurrrrluullullllddlduuullllluuuuuurdrrrrrrrrlllllddddddddddluuuuuuruuuurrruuurrdllddlllddddldddddddllluuulludddrrdrlurrrddddrrrrddll                                                                                                      ",
    "outcome": "game-over",
    "score": 468,
    "diamonds_collected": 56,
    "butterflies_killed": 3,
    "streaks": 2,
    "longest_streak": 53,
    "duration_frames": 1200,
    "duration_time": 120,
    "ai_perf": {
        "processed": 615,
        "init_ms": 8,
        "total_ms": 59124,
        "max_ms": 58670,
        "dropped": 585,
        "avg_ms": 96
    }
}
