{
    "cave_source": "generated",
    "seed": 765686970,
    "geometry": {
        "w": 40,
        "h": 22
    },
    "butterflies": 3,
    "ingredients": {
        " ": 25,
        ":": 50,
        "+": 10,
        "O": 10,
        "*": 5
    },
    "cave": [
        "########################################",
        "#:  ::O  :::: ::*::+:::: : :+:O +O:+  :#",
        "#: +: :: :O+ ::: : ::+O:::::::  :: OO:O#",
        "#O::O:+::O  :  :::: : :O:*   :: :: ::+:#",
        "#*:::: ::  ::  +   ::::+ : +:: :::O::::#",
        "#::/ :::*:: ++ :+ ::::++::::: ::: :+: :#",
        "#::  O   +  + ::OO: ::O :*  O+::+ :: ::#",
        "#:::  OO:::   :O + ::: ::  : + +:O+ :O:#",
        "#   *: */ *::+: : : :OO:   ::::+O*:: : #",
        "#O ::: :  : O::::O+: O :OO:::*:  +O :::#",
        "#:: :  : O:: : +O::::  : *:::*:  O:+::*#",
        "#: + :::::::::O :*::+ :::O::::: :+  : :#",
        "#+:O::A: +:: ::: :::O+*:O :  :::*:O:O::#",
        "# *:::O:O / +:: :+:+:: :: O + :: :O:::*#",
        "# :  : :::    :+:O:::: :::O:  **::: :::#",
        "#:::: :::: :: + O: :  :+O:*O*:: *:*::::#",
        "#O::  : ::::*++:O:::: : O*::: :+O:: +:*#",
        "#*:::O:::O  :O OO :+ +::: :: * ::  O O:#",
        "#:: :::::  ::OO+:::*: +:::O:+    ::O:  #",
        "#: :+:: O ::::   O :*::::::O*:: :::+:* #",
        "#++:*: :O:: :: : :::+  +O+ *:::*::::: O#",
        "########################################"
    ],
    "controller": "script",
    "script": "5995a6bf3cc1d6947da0b898/solution.js",
    "limit_frames": 1200,
    "limit_time": 120,
    "interval": 100,
    "fps": 10,
    "commands": "                   uluuulurdrrurrruudrddldddl ludlullldddllddddlddrrdrruururrrrrrllrrdllllluuuuuuurrurrdrrdrrurrdrddrrrruuuruurrdrddlrrddrddlluddlddrdrrurudrrduuuluurruuuulluluulluuuluuluullllldlllldlllllllldlllllllrdrrrrruurrrdrrrrdddddrrddrdrddddddrrdrrrurrrdrrdrrrruuuruurrrrdruuuuuuddddddddllddr          q",
    "outcome": "quit",
    "score": 141,
    "diamonds_collected": 36,
    "butterflies_killed": 0,
    "streaks": 3,
    "longest_streak": 20,
    "duration_frames": 310,
    "duration_time": 31,
    "ai_perf": {
        "processed": 310,
        "init_ms": 7,
        "total_ms": 264,
        "max_ms": 11,
        "dropped": 0,
        "avg_ms": 1
    }
}
