{
    "cave_source": "generated",
    "seed": 2266120980,
    "geometry": {
        "w": 40,
        "h": 22
    },
    "butterflies": 3,
    "ingredients": {
        " ": 25,
        ":": 50,
        "+": 10,
        "O": 10,
        "*": 5
    },
    "cave": [
        "########################################",
        "# O:::++::+ :   +: O+:++ ::: : :O: ::::#",
        "# :: :/ : O: :**O: ::O::O *+O:: :   : +#",
        "#:* ++  : :O: ::: :::+ :  + ::::: O::: #",
        "# +++A:O::O: : ::: :: : :*O:+  + + : : #",
        "#:: : :  :::+: ::+O::O::O:::++:: +::: :#",
        "# : :::*:   ::::** ::::::O*:::* ::+:::*#",
        "#: :  O *::* *:+ :+ :O::: +:: ::O : :: #",
        "#:O::::::+ :  ::O::   + ::::::::::::: *#",
        "#O: :: + ++:::+  :+:: :::::::::::O ::::#",
        "#:   :: OO:++:    :  :: *::::: :::::+*O#",
        "#*+ +:: :::   :::**:*+ *OO ::: : O:+:/ #",
        "#:::: : O:::+: ::  : ::::  :+ *:** :*  #",
        "#:*+:O*:++/  : : : +*  +: O+:O::+ : : :#",
        "#+:: :  O:  : ::::::  +O: *::::: O::: :#",
        "#+:: :::+   +O:::   :+ :: O::*:: O:O: :#",
        "#O:::::::O  :: +OO + :::*  ::: :: :OO O#",
        "# ::+:::: ::  :::::: ::* ::: :::++ :*::#",
        "# O:::+:+:*:  :+:O ::::::+:  : : O :O  #",
        "# : O:+  +:+: +    O  O::+ : :O::* O:+O#",
        "#: +::OO:: *: : + :*::: +*+ +: :+:   ::#",
        "########################################"
    ],
    "controller": "script",
    "script": "595f6b18aca619c038372ccf/solution.js",
    "limit_frames": 1200,
    "limit_time": 120,
    "interval": 100,
    "fps": 10,
    "commands": "ddddrrurrr",
    "outcome": "error",
    "error": [
        "595f6b18aca619c038372ccf/solution.js:23",
        "                        playerPos.y, playerPos.x",
        "                                 ^",
        "",
        "TypeError: Cannot read property 'y' of undefined",
        "    at findDiamonds (595f6b18aca619c038372ccf/solution.js:23:34)",
        "    at getNearestDiamond (595f6b18aca619c038372ccf/solution.js:40:20)",
        "    at Object.exports.play (595f6b18aca619c038372ccf/solution.js:157:17)",
        "    at exports.play.next (<anonymous>)",
        "    at screen (595f6b18aca619c038372ccf/solution.js:753:20)",
        "    at evalmachine.<anonymous>:1:16",
        "    at ContextifyScript.Script.runInContext (vm.js:53:29)",
        "    at Object.runInContext (vm.js:108:6)",
        "    at screen (/root/challenge_jsdash/game/loader.js:37:34)",
        "    at process.on.screen (/root/challenge_jsdash/game/controller.js:123:25)"
    ]
}
