{
    "cave_source": "generated",
    "seed": 3918733279,
    "geometry": {
        "w": 40,
        "h": 22
    },
    "butterflies": 3,
    "ingredients": {
        " ": 25,
        ":": 50,
        "+": 10,
        "O": 10,
        "*": 5
    },
    "cave": [
        "########################################",
        "#:: ::O::+ ++O: :::+::O:: : *::: *:*O::#",
        "#  :  :    : ::+O:: :: *: :O   :::: :::#",
        "#  ::::::  *O:+ :: : :::  * +:++::O+:::#",
        "# ::::*: :*O:O:  : :::::: ::*+   O+++ *#",
        "# :*:   + :: :O ::: O::+*:: :: ::O::  :#",
        "#+ : ::O : ::+::O :O ::OO:  O:: ::::: +#",
        "#: + OA :O:  :O  ::::: :::+OO:*: O:::+:#",
        "#:O* O:::: :::+ ::::+::*: :    :::+:   #",
        "#::: +: * ::: :O O:+: : :*::  +::O:: : #",
        "# *  * : :: **+:+::O ::+::+:: : ::: ::O#",
        "#       +   :+ O+::: : :/ O   ::* :::::#",
        "#:::+:::::O:::+ *: O : +  +::::::::::  #",
        "#::: :: O: ::::*:: +:::+::+:: ::    ::+#",
        "#:O:*O::*:  O  :*O:+: ::::::+:::: +  : #",
        "#+/ :O : :: ::::+: :::::O:::O::+ ::::::#",
        "#   +::::OO+: : :++:*: / :O::: OO+::: :#",
        "#+: *  :::::+:: :+: +::  : :::O   :+  *#",
        "#:  ::  O : ::*::::O+:* :::::O  :: :+O:#",
        "# :: :  :::++::: O : + :::::  O:::O+O:O#",
        "# O::: O:::O :: :*+::O:::: O:  :+::+ +:#",
        "########################################"
    ],
    "controller": "script",
    "script": "595f6b18aca619c038372ccf/solution.js",
    "limit_frames": 1200,
    "limit_time": 120,
    "interval": 100,
    "fps": 10,
    "commands": "dddldddldululuruuuruulurrrrurrrurlldddlddddrrrrrldddrrrruddururrrddddldldllllddrrrlllluulllluluurrrrrrrurururrrrruuurrruuuulrruuurrllddrrldullllluurrrrrrrrrrudrrrdrdrld",
    "outcome": "game-over",
    "score": 99,
    "diamonds_collected": 28,
    "butterflies_killed": 0,
    "streaks": 2,
    "longest_streak": 18,
    "duration_frames": 168,
    "duration_time": 16.8,
    "ai_perf": {
        "processed": 168,
        "init_ms": 5,
        "total_ms": 521,
        "max_ms": 27,
        "dropped": 0,
        "avg_ms": 3
    }
}
