{
    "cave_source": "generated",
    "seed": 2376811232,
    "geometry": {
        "w": 40,
        "h": 22
    },
    "butterflies": 3,
    "ingredients": {
        " ": 25,
        ":": 50,
        "+": 10,
        "O": 10,
        "*": 5
    },
    "cave": [
        "########################################",
        "# :: ::+  :::  :::O::O+O  : +** O:+::O:#",
        "#:::: O+ O O +O:: : :: :: : ::::O: ::::#",
        "#:/ OO::::O : ::: :O: :  +: :+  :+::: :#",
        "#   :+ O::*: *:: :++ +: :O O:: ::::  ++#",
        "#+: O:+::+:::O:::   :: :: O* + + ::::::#",
        "#++:::* :  :OO::  :O :::: :::::O:O::  :#",
        "#O:::O + O:+:::::::O::: :::+O :: : +*:O#",
        "#:+/ +++O::::  O::::: +: :+  ::O*::: :+#",
        "#OO  O+*:  ::  : ::  : + : :+::O : OO+:#",
        "# ::: :OO:  *:::: ::O:O *++O:  :  ::O*:#",
        "#: ::: +:+: : : A: :  O: :: ::::+: +:O #",
        "# :+:: O:::::O::+::+:*  : :+ :O :::O:::#",
        "# O: +::*+::: ::+:  +  : :  : :+ ::O:/ #",
        "#:: ::::O ::::O:: O  :*::: :+::::++O:  #",
        "#:: * :::*:::O:::::* : + ::: :+::O: :::#",
        "# :*+O:O:+:  +  :   : ::::+O::+: ::: +:#",
        "#  * :+ : ::O:O::::::::: ::+: :::  :: :#",
        "#:*+:   ::*O +::  +O::::: O+  +::+:: ::#",
        "#  :O O*: :: O:*O O   :: : OOO :+*:+:+:#",
        "#  ::: :::O+::: :: :O :: +:  +::: *+: :#",
        "########################################"
    ],
    "controller": "script",
    "script": "5995ecc73cc1d6947da0b8a3/solution.js",
    "limit_frames": 1200,
    "limit_time": 120,
    "interval": 100,
    "fps": 10,
    "commands": "              ulllldlldlldlddrrrdddllldlulllulldddluuuuuurrururrrrrruuuuuuuurrrllllllddld ululuddl r rrr lulr  ",
    "outcome": "game-over",
    "score": 30,
    "diamonds_collected": 12,
    "butterflies_killed": 0,
    "streaks": 2,
    "longest_streak": 9,
    "duration_frames": 111,
    "duration_time": 11.1,
    "ai_perf": {
        "processed": 109,
        "init_ms": 6,
        "total_ms": 153,
        "max_ms": 60,
        "dropped": 0,
        "avg_ms": 1
    }
}
