{
    "cave_source": "generated",
    "seed": 4253775517,
    "geometry": {
        "w": 40,
        "h": 22
    },
    "butterflies": 3,
    "ingredients": {
        " ": 25,
        ":": 50,
        "+": 10,
        "O": 10,
        "*": 5
    },
    "cave": [
        "########################################",
        "#+O  ::: :::O:O+ ::::*:* ::+:: :+: O**:#",
        "#:::  ::O ::  ::O: ::++::::O: O::+::: O#",
        "#O::::::  :::  ::+::O: ::::O++* +:::::O#",
        "#::: ::: + O+ OO:O ::O : :   : ::  ::  #",
        "#:  : ::+:O:: ::::  +::  :::+::*O:+:*::#",
        "#O: O:: +: +: *+  O:::*O:+O:::  O  :*: #",
        "#O :+:++OO:  *::::  : *+*:O: :O    O:::#",
        "#: O  :::O:::OO:+  ::::*:O:::: :: ::  O#",
        "#:: O  :: *: :     :O O::*: :O:::O/    #",
        "#: *OO:OOO:::::  +:O  ::O* :+O:: :  *: #",
        "#:  :::*::: : : *: +  +O:: :: : :O++:: #",
        "#* :: :O:: :::O   ::O:::::+:+++ : :::: #",
        "#O :  O:+:::: O::: ::+ ::/    O+:::O ::#",
        "# +::: + ::OO   :O::O::::  +O:::+:* +:O#",
        "# ::: :: ::: *::A: + : :: :   ::O+  : +#",
        "#::: :+: ::O:::*::: :::O::+::: :::O+::O#",
        "#:*:+:::: :::*O:O:: : / :O:::: *:*O::: #",
        "#::+:  :: : :*:::O O::    : ::::::+: +:#",
        "# :OOOO:O* :::* ::  :O *:::::: :: : :: #",
        "# +:+:: : :::*:+::O :: :  :O:: :: :::: #",
        "########################################"
    ],
    "controller": "script",
    "script": "5995ecc73cc1d6947da0b8a3/solution.js",
    "limit_frames": 1200,
    "limit_time": 120,
    "interval": 100,
    "fps": 10,
    "commands": "              ldlludddddrulllllduuuuuuuululllllddddlddurruuuururrrrruuuurrrurdrddrddduuuruurrrrruddrruddrdrrurrrruuuuulrrrrrrddddduuuruuuuuldddruuulldldldldldllllullldllllluuuururldlddrrddddddddrrrurrrulllllllllddddddrddrdrllluuluruurrrdrrdr u  ",
    "outcome": "game-over",
    "score": 125,
    "diamonds_collected": 27,
    "butterflies_killed": 0,
    "streaks": 1,
    "longest_streak": 26,
    "duration_frames": 245,
    "duration_time": 24.5,
    "ai_perf": {
        "processed": 243,
        "init_ms": 7,
        "total_ms": 255,
        "max_ms": 79,
        "dropped": 0,
        "avg_ms": 1
    }
}
