{
    "cave_source": "generated",
    "seed": 770780866,
    "geometry": {
        "w": 40,
        "h": 22
    },
    "butterflies": 3,
    "ingredients": {
        " ": 25,
        ":": 50,
        "+": 10,
        "O": 10,
        "*": 5
    },
    "cave": [
        "########################################",
        "#  ::O *::O::O:+*O::*:::::::: : O:  : :#",
        "# ++ ::+:O:  +  : :O:+ ::: : O: OO :+ :#",
        "# :::+::::O: +:::** :::: : : *+:O:: + :#",
        "#::::+:   : : ::::::::::: :O::O::   +  #",
        "#:+O+ :: :::: : :O:::O/  + O:::+::::O* #",
        "#:: : ::    O ::O+ *:   :: : :O::::::: #",
        "#:OO+*:::O:::O:::+O+:*O:*+:::::/ *:  O:#",
        "# :  ::+:: :*+ +++O :::: +:::::  :: O: #",
        "# : :   : :::::+*::*:: ::::O  :: :: O::#",
        "#:O++::  *:+:O:+::::: :* O ::O :  *::::#",
        "#:   + ::*: :+:**::  O::+::: : ::::::+:#",
        "# : :: +:*:::  : :::: ::::**::::: :   :#",
        "#:: :  +: +    : :+* :: : ::+: + O++*: #",
        "#: +:*:O:::: :  :: A :::  : :O* :: :  :#",
        "#: ::: ::::: :+ : :::::*::: ::O  +O::O:#",
        "#  O*:: ::*::O: ::+::O: O:+ O::::+:::  #",
        "#: *:: O: :  +:: :   O:::::+*: ::::*:::#",
        "#+:O:* ::O :+: :::: O: + :: ::O* +*:  :#",
        "#:+::+:++::::  :::::  : ::O:+::: :/  ::#",
        "#O:::: *: :+*::+:: :O:::::+ :O::::  : +#",
        "########################################"
    ],
    "controller": "script",
    "script": "5995ecc73cc1d6947da0b8a3/solution.js",
    "limit_frames": 1200,
    "limit_time": 120,
    "interval": 100,
    "fps": 10,
    "commands": "              uuuuulllddlrdduuurrruururdrrrddlrrdrdrddrrrldddlrrrduuuddrrrrruuurruuuuuuuluuddllluuuuuulllldlduulllllllllllllddrrdlllllddlddlllddddddddrdddrrdululullllldlulurdduuuuruuruuluuuuuruuuurrddddddddddddddldddlddrrrurrrruruururrrrrudrrdrdrdrrrrrdrdrrrr lullluuurruurrrddlddrddrruruulruuluuluuuldldllllldullurrrrrruuuudddddddrdddddrdrrurldlullldullullllddr                                                                                                                                                                                                                                                                                                                                                                                                                                                                                                                                                                                                                                                                                                                                                                                                                                                                      ",
    "outcome": "game-over",
    "score": 245,
    "diamonds_collected": 48,
    "butterflies_killed": 1,
    "streaks": 3,
    "longest_streak": 33,
    "duration_frames": 1200,
    "duration_time": 120,
    "ai_perf": {
        "processed": 1200,
        "init_ms": 7,
        "total_ms": 892,
        "max_ms": 64,
        "dropped": 0,
        "avg_ms": 1
    }
}
