{
    "cave_source": "generated",
    "seed": 945710298,
    "geometry": {
        "w": 40,
        "h": 22
    },
    "butterflies": 3,
    "ingredients": {
        " ": 25,
        ":": 50,
        "+": 10,
        "O": 10,
        "*": 5
    },
    "cave": [
        "########################################",
        "#::::: *+ ::O : : :O *  : ::+ :::O*+ *:#",
        "# :: +::O::++O+::O: ::O:O::   :: +:: O:#",
        "# :  :*OO::: ::  +: :O:++:   :::::+:: :#",
        "#*+  O  :O*:+O: ::O:*: :*O: :+* O:::: *#",
        "#:  O:: O: :  ::O+  +O::+: :* :  ::::::#",
        "# : :::::::::+::O  :+::: :  ::+ +O :   #",
        "#:+:+:*/ :*:+:  : O:: : ::+ : O: O  : :#",
        "#: :: O   :* * OO +:+O:++::::  ::O:: OO#",
        "#+: +  O +::+O: :+  ::::** :O   ::+O:O:#",
        "#:+ :: O:   :::::O : : ::   :*:::::::  #",
        "#++ +O::+:+ :OO *::: :::::::  :OO:::::O#",
        "#:O: :O+::  :+:: :/ O::O : ::++::::+ OO#",
        "#:A+O::   ::*   ::  :+: +* O  +O:: ::::#",
        "#**::: O:O:: :+:::::: +:::    ::O:    :#",
        "#*+O* :+: : ::::: *: : ++::::O:O* ::O O#",
        "#: O:O::O::+:::+: :  :O*: :  *:O +:O : #",
        "#:: :+:::+:+::  ::::::::* :::: +:: O O #",
        "#::+: ::::: :+::O:::: ++ +O::**O/ :+ +O#",
        "# OO *  + ::: ::O::  +:+: :* *:    :* :#",
        "#O::O::  :  O::+:: *:O+O:::*:  ++:+:O::#",
        "########################################"
    ],
    "controller": "script",
    "script": "5995ecc73cc1d6947da0b8a3/solution.js",
    "limit_frames": 1200,
    "limit_time": 120,
    "interval": 100,
    "fps": 10,
    "commands": "              dlduuurrrrddldddddrurrrrruuuurrurrurrdddrrdddddruuurrrrudrddrrrdrruruuulrrurrddddrrrrlllluuuuruuuuullldlullllulrrrruuuurrurrrrrruulludrdddllllllruuulllulllllldlddlllllldlrddldlluluuuullluuldddulllllddrrdrrr uldlulldrddlludrdrdrlddrrurr    lluuuudl   ",
    "outcome": "game-over",
    "score": 148,
    "diamonds_collected": 35,
    "butterflies_killed": 0,
    "streaks": 2,
    "longest_streak": 26,
    "duration_frames": 264,
    "duration_time": 26.4,
    "ai_perf": {
        "processed": 262,
        "init_ms": 6,
        "total_ms": 276,
        "max_ms": 69,
        "dropped": 0,
        "avg_ms": 1
    }
}
