{
    "cave_source": "generated",
    "seed": 146173470,
    "geometry": {
        "w": 40,
        "h": 22
    },
    "butterflies": 3,
    "ingredients": {
        " ": 25,
        ":": 50,
        "+": 10,
        "O": 10,
        "*": 5
    },
    "cave": [
        "########################################",
        "#::*:+: O*: ::  +::: O:+  * :O*  ::+:: #",
        "#::::::: +O::O ::O :O:OO*: :::  *O +:::#",
        "#  :::::O::  :: :+ **:O:A :*:::*++ :+  #",
        "#::::  : +::O: +   *++:  :+ : : ::  ::+#",
        "#O:::: :O::::::O+:O:: ::+:+ *:::/ :: O #",
        "# : ::: : :  :::::O:   ::+:  :::   :O::#",
        "#O +/ :::  *O*:: O: :::   ::::: : :::OO#",
        "#* O  ::::*+O:::  :: ::O++ :++:++::::+ #",
        "# +::*:+   :: ::: ::::  :O:::: :::: :: #",
        "#::O:::O:: +  :OO::: +::::  : :::::O:*:#",
        "#::  ::  :: *::::::*O ::: :: *+ :::O:::#",
        "#+O  :O  ::O::O: :O+:::+O*: O O:+: O+:+#",
        "#  O+::+:+:*:: :::OO: : O:: +:* O::  :*#",
        "#+::* + ::: ::: :::: ::* ::O: O:::: O O#",
        "#:O +::::::  O:: *:  :+ ++O:O: :/   :: #",
        "#: :+: *OO+: :::::O::: O: +:  O:  ::: O#",
        "#*:O+O*: : :::  O::::::::+  :: ::+::+*:#",
        "#: ::  ::::::::::: : O*  ::::: + ++::O:#",
        "#+O:*: : O:+: *:*: :*++::::O+O:::*O: ::#",
        "#:+*::: : ::  : : : +::   ::++:: :* :: #",
        "########################################"
    ],
    "controller": "script",
    "script": "5993e5533cc1d6947da0b880/solution.js",
    "limit_frames": 1200,
    "limit_time": 120,
    "interval": 100,
    "fps": 10,
    "commands": "urrrrrrdrdddllllddddddllrlullluulldldllddddddddllluuullulruuuulluurrruurrurruurrurlulllllulllllldlllluldddddrurrddddllldlludddr",
    "outcome": "game-over",
    "score": 122,
    "diamonds_collected": 24,
    "butterflies_killed": 0,
    "streaks": 1,
    "longest_streak": 24,
    "duration_frames": 127,
    "duration_time": 12.7,
    "ai_perf": {
        "processed": 127,
        "init_ms": 6,
        "total_ms": 1225,
        "max_ms": 76,
        "dropped": 0,
        "avg_ms": 10
    }
}
