{
    "cave_source": "generated",
    "seed": 3036087939,
    "geometry": {
        "w": 40,
        "h": 22
    },
    "butterflies": 3,
    "ingredients": {
        " ": 25,
        ":": 50,
        "+": 10,
        "O": 10,
        "*": 5
    },
    "cave": [
        "########################################",
        "#:A+::*/ O:::: +O:::::: : *   O::: : : #",
        "#::O:O    *+::+::*::: O:  +:O::: :+::::#",
        "# ::+ +::+ O::::  ::O:+:::::: *: : : : #",
        "#::OO  :::* O+ O O  O:+:: O:O+ ::O O+::#",
        "#:O:+*: :: :   : : :*::::   O O :*+ :+:#",
        "#+ :::: :: :::    :+::: O : O:++: :**O #",
        "#O :+::OO:*:*:O :  ::O:  :  : :+O+ :: O#",
        "#*::*+ *OO+::: :*::+O: :O*O: +::O  +:*:#",
        "#+:::::::: ::O : :*O: : O::::: ::  * ::#",
        "# / :::/ +:O+ :::O::O OO :+: ::: *::O::#",
        "#*  *+   :::*+::::  +  ::::::  ::++  ::#",
        "#:: :: O+:::::::*:::::  O::*+:::  ::OOO#",
        "# : +:+O:+:: : ::**: +O:O::: +  :::  ++#",
        "#  :*:  :  O: :  :: : ::: +:* :::+: +::#",
        "#O: +O +:*+: :: :O :::: *::O :+:: :::O #",
        "# * : :::::+  :  + :O: :  :O: ::::O:  :#",
        "#:O  :  :O +::O *: ** : + :  :  :O:*:  #",
        "#:O:::O+:+ ::+:   : * +:   *+ + :++  : #",
        "# ::O:+:::::+:+O:O:   O:::  :: ::::O ::#",
        "#*:O ++::::+O::+  :::::: O : :  :O  :+ #",
        "########################################"
    ],
    "controller": "script",
    "script": "59876f90bec1203932f2c733/solution.js",
    "limit_frames": 1200,
    "limit_time": 120,
    "interval": 100,
    "fps": 10,
    "commands": " dddddrrrrudlrurrrrrdlldrrrrrrrudddrrddddlullllluddlldldddlllllluuurruuruuuruldllulll rrdddl  drrrurrdrruddlllrdlr urrdddlllurd uullldddddllduurruuuurrrrrrrurrdddrrrddrdrrrrrdrrrururrduuruuuuluuuulluuuuuuudrrrrrdrdrdrrrrddrrdllldllldddddddddrrruuuuluuulluuullllulluululllllluuulllrrrrrurrrrrrdrrrrd lllddldlllllllr uullllddllddlldllllllllllluuuuuruld rrrrrrddrrrrrrrrurd lllllldlllll rrr",
    "outcome": "game-over",
    "score": 287,
    "diamonds_collected": 53,
    "butterflies_killed": 2,
    "streaks": 2,
    "longest_streak": 34,
    "duration_frames": 387,
    "duration_time": 38.7,
    "ai_perf": {
        "processed": 387,
        "init_ms": 6,
        "total_ms": 7667,
        "max_ms": 77,
        "dropped": 0,
        "avg_ms": 20
    }
}
