{
    "cave_source": "generated",
    "seed": 2635176572,
    "geometry": {
        "w": 40,
        "h": 22
    },
    "butterflies": 3,
    "ingredients": {
        " ": 25,
        ":": 50,
        "+": 10,
        "O": 10,
        "*": 5
    },
    "cave": [
        "########################################",
        "#: :*::: : : +O:: :OO*::   : ::O+ :+ ++#",
        "#**::  ::O :::O::  O+ O O::+:O::::::  :#",
        "#:+:O::+:: :O :O O::++ : :: : :*:  ::+ #",
        "#: :O*O:*+ ::::: +: :+::  : :+** :  :+ #",
        "#:  +  + :+::O ++::::+*::::O:: :O :OO+:#",
        "#+O:+:  :: :+O+O*::+   :::::O:+:  *  : #",
        "#+:: :: O::::: O  : ::::+ : :O ++:::: :#",
        "#:+O  ::::O::::++::::O: O **:+O+::: :::#",
        "#+:*:*+::O ::+:::++:::  ::::O  : :::O++#",
        "#::   :O:::  ::: :: :: ::+::::O::::O ::#",
        "#  :: O:O::OO/ :: *:O O:::O ::: O*  :::#",
        "#O *:OOO: :::  : O:O +::: :OO: :*+:OOO:#",
        "#:::::: : +/ :O ::  ::*::::: ::+ +  :+:#",
        "#O::::   ::  : O: : + +:  :O:*:O+: ::: #",
        "#:  : ::O:+::::: :::::O  :+OO:: :: :+::#",
        "#:O:*: + +::O+: ::::: :  ::+:: :: :: *O#",
        "#:O:: :O ::::O+:: :O:::  :O   :O+::+ O*#",
        "# :: :+:::: O O:: +/  ::: : +O+: + OO+:#",
        "#:O::::*+:: *:*O::+  * :*:O::: ::++::::#",
        "#::: :  :O  :O :::::O+O:+::O: :*:  ::A:#",
        "########################################"
    ],
    "controller": "script",
    "script": "5995ee3a3cc1d6947da0b8a4/solution.js",
    "limit_frames": 1200,
    "limit_time": 120,
    "interval": 100,
    "fps": 10,
    "commands": "uruudddlllllllullllulldluuddlllrruuuuuulllluuluruuururrrrrddrrurruururuddrrdrdddddllldlddlddrrrrrrrdululllllddllllllllllllldddlll rrulllulllllddluluuuluuuuluudrruuuuuuuuuuldlllddrrrrrrrddrddrrduurrrddrdrrrruuulllrrrrurruuruuldddrddddluudddluluuddduuudddduuuuddduuudddduuulddduuudddduuuuddduuudddduuuuururrurrrudddrurddr ldddrrluluuuuurrrlluuuurrddurlullddduuullddduluddluuulldddddlduluudlluuddlruululurrddrdrdduuluulllludurrrrrrdrddddddddldlllddddddldllllullllluuuuuruurddr",
    "outcome": "game-over",
    "score": 95,
    "diamonds_collected": 30,
    "butterflies_killed": 0,
    "streaks": 2,
    "longest_streak": 16,
    "duration_frames": 473,
    "duration_time": 47.3,
    "ai_perf": {
        "processed": 473,
        "init_ms": 11,
        "total_ms": 4297,
        "max_ms": 43,
        "dropped": 0,
        "avg_ms": 9
    }
}
