{
    "cave_source": "generated",
    "seed": 2630057562,
    "geometry": {
        "w": 40,
        "h": 22
    },
    "butterflies": 3,
    "ingredients": {
        " ": 25,
        ":": 50,
        "+": 10,
        "O": 10,
        "*": 5
    },
    "cave": [
        "########################################",
        "# :::  :::::: O:: :::::::++ :  : ::++ :#",
        "#: : O::O:: +:+:* :O *+ :::::*:O::: ::*#",
        "#: :O:: ::::*::  *O::: +:  *::O: *:   :#",
        "#:*::+:O::  ::: : ::::+: : +:O:::: :*::#",
        "#:: :+:::*+:: :*:::   :::  +O: O +*  ::#",
        "#+:  : :+::+:O  :: :OO:* :: :*:    :OO+#",
        "#::  ::O::/ *::+  ::+:+:::O: + *:  ::: #",
        "#::+O:::::   :::+:*+:O+:+ O :+:: +:  ::#",
        "#+::*: +::O+ O   ::+: :  :* : :O:+O::: #",
        "#::*:  + : : +:  : O:::*:::O* ::O::O:::#",
        "#+:: : ::::::+O+*: :: :++::::: :* :::::#",
        "#:O : :::::+* :: :OO+:*O:::*:: ::  :   #",
        "# +: ::::+*:+: :::::++:: ::++:   :::*: #",
        "#+ ::::+  O:::::*::  :+:: +:O:  : +::+ #",
        "# : +  ::::  O+ +:::O:: :: :*:::O:::::+#",
        "#::: +::O: :   :::  :: :/ :::/ : :  O :#",
        "#A : ::O:  ::::+:::::++:  ::+  :::: ::*#",
        "#O:*  O: O:O :: :: + +::*+ :+   :* *: :#",
        "#:+*::::++O:O::*O: : +: O: +O*::*::::+:#",
        "#  O:O+::::::: O:: ::::::+::::+ ::+: ::#",
        "########################################"
    ],
    "controller": "script",
    "script": "5970c38ba4e2889d0388f58d/solution.js",
    "limit_frames": 1200,
    "limit_time": 120,
    "interval": 100,
    "fps": 10,
    "commands": "rrdduuuuuuuuuurlluuuuurrrrrrrl drrl ddurrrurrruurrrrrrrrdddllrrrdddddldldduullllulll urrrdlullddrrrrrrl lddrdrruudddlrrdrrdrdurrrdrrdrruurruuurrrrrdrdlddr",
    "outcome": "game-over",
    "score": 51,
    "diamonds_collected": 20,
    "butterflies_killed": 0,
    "streaks": 3,
    "longest_streak": 10,
    "duration_frames": 154,
    "duration_time": 15.4,
    "ai_perf": {
        "processed": 154,
        "init_ms": 6,
        "total_ms": 112,
        "max_ms": 6,
        "dropped": 0,
        "avg_ms": 1
    }
}
