{
    "cave_source": "generated",
    "seed": 3327473774,
    "geometry": {
        "w": 40,
        "h": 22
    },
    "butterflies": 3,
    "ingredients": {
        " ": 25,
        ":": 50,
        "+": 10,
        "O": 10,
        "*": 5
    },
    "cave": [
        "########################################",
        "#::  :  O::  :::  :::+:::::++::::O +:/ #",
        "#+   :  ::O*+:  : : + : :/ ** *::+O+   #",
        "#:::+:   :O::  :++::+O:::  *:+ O::  ++ #",
        "#+:+ O:*: *O :+:+:* + ::  : :* +:::+*: #",
        "#:::O+::OO:  +::O:::+  O ::**::::::*:::#",
        "#:::*:: :::::+ +:: : ::+OOO   :O::O :::#",
        "#:+::+ ::: :::*+O*::*  O : :+: :+:::O::#",
        "#::: :O ::OO: +  :  :::::+:: :*:::::  :#",
        "#:O: ::+ :+*  :+::   :O* :/ :O:::  :::+#",
        "#:::: O :+* :O: : ::+::O::   ::::+::++ #",
        "#O::+:+O::* :  :OO O::+:: :*:::O::    :#",
        "#:::+::   ::+::* :: : : : ::O: +:++:  O#",
        "#+++ +:O+:+ :O:+ O: O: +:: :O:O :::: +*#",
        "#: :: +:: O:+:::*:*::::::+ : :* +:::O: #",
        "#:O+::+A:O+ + ::+:+: +:::::+:O: :+O:O:O#",
        "#* O: ::*::O    :O+: ::::O:  : :: :::::#",
        "#:+*:+:*:+:: *::O:  ::O:O+: : ::*O:  +:#",
        "#:::  :::O :+  : O:*:O : :   :::::  +::#",
        "#::::O::O:O :+O+::::O:+ ::*  ::+*:: +:O#",
        "#O:: :: : :+*: ::+O:::  ::: :O ::: : ::#",
        "########################################"
    ],
    "controller": "script",
    "script": "5994bc763cc1d6947da0b887/solution.js",
    "limit_frames": 1200,
    "limit_time": 120,
    "interval": 100,
    "fps": 10,
    "commands": " d durlllldldlluurrrrrruurruuurudrrrdrrrrrddlllddddlduurrrrdrddrrrrrrurrrrrururdduuulluuuuuuuuulullururrlluulldd ddrddrddldllululullulllluuuruulllllulldddlllllddll ddrrddr r uq",
    "outcome": "quit",
    "score": 191,
    "diamonds_collected": 33,
    "butterflies_killed": 0,
    "streaks": 1,
    "longest_streak": 33,
    "duration_frames": 176,
    "duration_time": 17.6,
    "ai_perf": {
        "processed": 170,
        "init_ms": 7,
        "total_ms": 8495,
        "max_ms": 116,
        "dropped": 6,
        "avg_ms": 50
    }
}
