{
    "cave_source": "generated",
    "seed": 3989004456,
    "geometry": {
        "w": 40,
        "h": 22
    },
    "butterflies": 3,
    "ingredients": {
        " ": 25,
        ":": 50,
        "+": 10,
        "O": 10,
        "*": 5
    },
    "cave": [
        "########################################",
        "#::/ + ::++O:*: O:+:: ::::: O:+:*+:::  #",
        "#::   O :::::: O  :+:+ ::+: :::: */ *::#",
        "#:::  :: +:: :+: ::::*: : :OO* : :  :  #",
        "#:: :::: +::O ::+::/ + :O*:: ::::O:::+ #",
        "#:: ::*:++O::+ :: :  +:::: :::  :::: : #",
        "#: *:::::O:+: ::::O*::+OO O:+ : : :::: #",
        "#:: : : :: ::::  A::: :OO* :  ::+ :::::#",
        "#OO:    : :O:::O ::O+  * O:::  ::+:+ : #",
        "# :: : :::+ O ::::O:+ *+ :O:::   +:  O:#",
        "#::+::: :  * :: *+::::: : + :O+:*  ::::#",
        "#:O:O::: OOO::: :::   +:+O::+OO:::: : :#",
        "#+::O*: :O::O: : :+:O:::  *+  :+  +: ::#",
        "#  :: :: :::*O+:* OO ++: : ::: :* :::::#",
        "#O: O::::O :: : :::::    ::::  :* O+ ::#",
        "#:O+:::OO+:**::    :O::   ::O : :::  ::#",
        "#+:O+ +O::::+ +:  O O: ++: ::O+: ::::+O#",
        "#:::::O :: ::::+:O ::::  :   +:::::: :+#",
        "#  : :: :: : * O:*:OO: *+::+  + :O::+O:#",
        "#O: ::::::+::++O:::+:::::+::+::::: :O: #",
        "#::: ::: **+::::+ :O::::::+:O :+ *::: :#",
        "########################################"
    ],
    "controller": "script",
    "script": "5994bc763cc1d6947da0b887/solution.js",
    "limit_frames": 1200,
    "limit_time": 120,
    "interval": 100,
    "fps": 10,
    "commands": " r ruruuurrrrrddddururrruurrrurlddddlddddrddddrdddrddldlullluluuluuulullluuluurllullldldlddddlulldlddlddrdrllllddrluuuulluululu uq",
    "outcome": "quit",
    "score": 121,
    "diamonds_collected": 23,
    "butterflies_killed": 0,
    "streaks": 1,
    "longest_streak": 23,
    "duration_frames": 130,
    "duration_time": 13,
    "ai_perf": {
        "processed": 127,
        "init_ms": 7,
        "total_ms": 6647,
        "max_ms": 122,
        "dropped": 3,
        "avg_ms": 52
    }
}
