{
    "cave_source": "generated",
    "seed": 660888768,
    "geometry": {
        "w": 40,
        "h": 22
    },
    "butterflies": 3,
    "ingredients": {
        " ": 25,
        ":": 50,
        "+": 10,
        "O": 10,
        "*": 5
    },
    "cave": [
        "########################################",
        "#*: + :O: ::::*::+:+::+: ::  ::+:+:   :#",
        "#::: ::*: O:++::::+  +: : :::O * ::*: +#",
        "#OO*+ ::O:O ::+OO O   O+::::+:+:O:  :::#",
        "#:/ : ::    ::OO+::   :+:::OO::::O::/ :#",
        "#:  :::O::   : :O  : :: :*+:::+:O::   :#",
        "#O:: :* ::  :O::+:::*:: +:+:::::*:: O::#",
        "#:::::+:: : : :A:OO :+::::: ::::::: ::+#",
        "#::O: *+::+:*  : : : ::*:: :  : +:::* *#",
        "#O:*::+* ::* ::::: O: O*O:O::::::  ::::#",
        "#O::O::: ::* :/ :: O::+:O::+: +::  * ::#",
        "#: +O:::::::O:  +:*:: O : :O  O : ::: :#",
        "#:: :O: *:O:::: O:+:O::: :::++  +:*:+:+#",
        "#  :: O  ::  O:+O  O::O:*O::: ++::O+:O:#",
        "#+  :O   :    +*  :::: : :+O: :+:::O:  #",
        "#::   : ::  :: : ::  :*: *:*: +OO: +*O:#",
        "#*::+  O:OO:+* ::::+::*:::   ::O::: :::#",
        "#:::    : :* O :  :+:: :: O*+    : +O::#",
        "# +*:+ O : *:O::*::O ::: ::O:O+::** :+ #",
        "# * : :*: :+  ::*:*:: ::*:::::: ::::++*#",
        "#:::: :+ O:*  :O:O:: : ::+:+*: : :+ : :#",
        "########################################"
    ],
    "controller": "script",
    "script": "5994bc763cc1d6947da0b887/solution.js",
    "limit_frames": 1200,
    "limit_time": 120,
    "interval": 100,
    "fps": 10,
    "commands": " l dlddllu lllldddddrdddddllllllluuuuruuuuuurrrurluurllulrrruuurlllllulrrdrrrurrrrrrrrrdrrddrdrdrrrddrduurruuddrrrrrrurluuuurrrdrlddddrdrrrdlllddldlddddddruurrudrdrdddlllullllllldullllululururrdddrrdrulllllllldllllululllldlddrluururruurruruururrruuuuldlldlluuuudlluuulddddulullldddruudrrddldldlllulddldldrdldldrdrddlllrrruuuruurrrruuudrruullllldlululluuuurdrdllluruluuddruluuurrrrdrrdruudrrururrrdrurddlddddrrurrrurrudrruuuuldlrrurrddldrurururrdldddlldrrrdddlllulllllldddddldlldldlldldddurrruruuddrruuruurruulruudrdrruulurddrddrdddrrdrdrddlllrurrrduuuulruulurdrluuuluuldurruuuulullrrurruurdrdrrdddldllldlulruurururururlllldlludddddldldldlddlddlrddlluddldddlllduuuluuuuulrullullluldlddlrrdldlduuddrddldluudl d  ",
    "outcome": "game-over",
    "score": 374,
    "diamonds_collected": 48,
    "butterflies_killed": 0,
    "streaks": 1,
    "longest_streak": 48,
    "duration_frames": 710,
    "duration_time": 71,
    "ai_perf": {
        "processed": 707,
        "init_ms": 7,
        "total_ms": 20281,
        "max_ms": 121,
        "dropped": 3,
        "avg_ms": 29
    }
}
