{
    "cave_source": "generated",
    "seed": 1010559526,
    "geometry": {
        "w": 40,
        "h": 22
    },
    "butterflies": 3,
    "ingredients": {
        " ": 25,
        ":": 50,
        "+": 10,
        "O": 10,
        "*": 5
    },
    "cave": [
        "########################################",
        "#:  ::: +:+: +:O  ::O::::O::O ::::*::::#",
        "#:*:::  O::: :O::O*O::: :: O: * +:*::: #",
        "# :::  ::*O:+O: +O: ::: *  **:*   :: O #",
        "#*: : : +:+:::++:: O::  : +: O+:O*:::O #",
        "#+*::+:  :   :O: :: ::+  :  +O+ :O:::::#",
        "#:OO ::::O O :A  :::::  +::::::: + :O  #",
        "# ::O+:/ :O:+:::O:  ::::O::+  :::::::::#",
        "# : : :  O+:/ ::::::O:::+:   ::O:+ O ::#",
        "#+:+: + : O       : :O: +*::: :O:::::++#",
        "#:* O :+:::: :+:++: :: :+*::: ::::: ::+#",
        "# :  O::O::*:::+::O:+:  :*: :+::+::::/ #",
        "#O ::  *O+:+::*:*O :*:::  *:::O* :  :  #",
        "#:  ::O +:::: :  +::: ::+  :::::: ::  :#",
        "#O::: :: :::O+ OO::   :   :*::::::::::+#",
        "#::+:OO::+::*:*+: ::::O: O:O+ O:+:O:O +#",
        "#: :: :+ :O:::*O:::::   :O*::+:: +**OO:#",
        "#:  : :: O:O:   :::: :: O :::::O*   *:+#",
        "#O : : +  :::: O:: :::: : :: + : O:: +:#",
        "# +:O ::+ :O*:::O+: :::   * OO :O:: :::#",
        "#::: :O:+OO:::::::O:+: O:* : +++: + :: #",
        "########################################"
    ],
    "controller": "script",
    "script": "597f2f6ed1c5e44f7435807e/solution.js",
    "limit_frames": 1200,
    "limit_time": 120,
    "interval": 100,
    "fps": 10,
    "commands": " lulllluulllulllldldrdrurdduuurrrdlduurrrddrrrrrrrruruudrrrrrrrrrdrurrrrrdruuuddddddlldddlddddllllulldddrdlrdddllurururrrrdrrurrrdr   luuululululululldldllllllllulldllldddllrddrddllullluluuuludrrruuurlllllullllq",
    "outcome": "quit",
    "score": 129,
    "diamonds_collected": 36,
    "butterflies_killed": 0,
    "streaks": 3,
    "longest_streak": 22,
    "duration_frames": 211,
    "duration_time": 21.1,
    "ai_perf": {
        "processed": 210,
        "init_ms": 6,
        "total_ms": 8686,
        "max_ms": 103,
        "dropped": 1,
        "avg_ms": 41
    }
}
