{
    "cave_source": "generated",
    "seed": 1604604087,
    "geometry": {
        "w": 40,
        "h": 22
    },
    "butterflies": 3,
    "ingredients": {
        " ": 25,
        ":": 50,
        "+": 10,
        "O": 10,
        "*": 5
    },
    "cave": [
        "########################################",
        "# : ::+: +:  ::O+: O+  ::  : ::O::: :: #",
        "#+: ::* ::::O::*:+:: ::  :O +:+ : :  +:#",
        "#* O::OO:A O:::+:+  :: :: *::+  :: :::+#",
        "# :+ :::O::: O : :   : : : :+:: : O:::O#",
        "# + ::* : :: O+: :*O::+:: *: O:*:+OO:::#",
        "#O O:::O::::OO ::: :::*:: O : ::::: **:#",
        "#:++  :: : O*:  ::::::O: :O:O: * :: : :#",
        "#+::+::::+:::::::::+:+*:: : : : + *::+O#",
        "#:O/  O::O *:O::*  +: +:: :+: O +::::: #",
        "#+   : O * O :  O:: : :::   +  : * *: :#",
        "# ::+++:++::O::OO:O *:::++ ::OO ::: +::#",
        "#:O + :  :::O: +:O:+O     *+O: : : O:* #",
        "#+:  : :  ::::::+O: ++:::+O:: +:::  *:*#",
        "#* *:O : :O:::::: :OO:/ :+OO:   ::: +: #",
        "#:+::+  :+:++:* ::O :    :O::OO:+ +:: :#",
        "# O:::  :+:: :O ::+:::*: ::O: ::::::::O#",
        "#:O ::O   :*:*:+:: O O ::O::  : ::::O::#",
        "# O::*:  + : :*:::  : ::  *OO::::*+::: #",
        "#::+:*:   :+  *+::: O:: :::: :+/   : ::#",
        "#::: ::: ::: :+: :*   **:OO+: +  :+:: :#",
        "########################################"
    ],
    "controller": "script",
    "script": "597491d2a4e2889d0388f596/solution.js",
    "limit_frames": 1200,
    "limit_time": 120,
    "interval": 100,
    "fps": 10,
    "commands": "ulllldddrddrdrdrdurrurudrrrrdurruurrrrrrrurrrrrrdddddrrururrurulddddrdddllrrdrdldllllllllldllddlldlluuullllddduullllduulllurrrrlddlllldllullldululuuullrrrrrrrurrrrrruuururrdrrdrurrruulrdrrrdddllllullluluuuululuuulllulldlllllllllddld                                                                                                                                                                                                                                                                                                                                                                                                                                                                                                                                                                                                                                                                                                                                                                                                                                                                                                                                                                                                        ",
    "outcome": "game-over",
    "score": 200,
    "diamonds_collected": 39,
    "butterflies_killed": 0,
    "streaks": 2,
    "longest_streak": 34,
    "duration_frames": 1200,
    "duration_time": 120,
    "ai_perf": {
        "processed": 232,
        "init_ms": 6,
        "total_ms": 199,
        "max_ms": 22,
        "dropped": 0,
        "avg_ms": 1
    }
}
