{
    "cave_source": "generated",
    "seed": 2105658453,
    "geometry": {
        "w": 40,
        "h": 22
    },
    "butterflies": 3,
    "ingredients": {
        " ": 25,
        ":": 50,
        "+": 10,
        "O": 10,
        "*": 5
    },
    "cave": [
        "########################################",
        "# +*::*+ ::  *:       :::::+ : ::::  : #",
        "#:+::  :O:+:O*::O:*: O+:::O+:O  :O:+:  #",
        "#:: O+:+ : ::* O:: +::: : + * :* :: :::#",
        "#:+ :::  ::O: O+:  :O/  ::::::*:O:+  * #",
        "# :  **:O:::O :+::: +  : ::+: :::+:  *:#",
        "#:::::O:  +: : :O:+O O +OOOO:+O :::+O :#",
        "#+: ::O  :*+++: :::*O::: +OO: :: ::O: :#",
        "#:*+:   :: :* : *::::: ::::  :::::+ :::#",
        "#:: +O:::::: ::+ O:++*::: :::*::O:O:O::#",
        "#O:OO::: +:::::: :OO:+::::*:::O::  :O+:#",
        "#+:O:*A:: :::+ O :::O :::::O :O O O  :+#",
        "# :: + :::: :+:+* OO::: :   : :OO+: +::#",
        "#:: O:O:OO* ::::OO : :+::O::O:O:   +*::#",
        "#:  *:::  *::+:: :*  O*: O* :::::::+ : #",
        "#::::::  : : :::::O :*: ::: :: :::+::::#",
        "#O   ::: :O:  *:   :::  : :O  +O:: :+O:#",
        "#::  *: : :  ::::  ::: : :   *:+   ::: #",
        "#::  ::  : :: :O: + :: :*::  / ::OO:::+#",
        "#:*: * +:O ::::::O::: :::/  :  :  :*:::#",
        "#:::*O*::O: O:  +:O  ::O:    :+: ::: :+#",
        "########################################"
    ],
    "controller": "script",
    "script": "597491d2a4e2889d0388f596/solution.js",
    "limit_frames": 1200,
    "limit_time": 120,
    "interval": 100,
    "fps": 10,
    "commands": "llddddrddddrdulu",
    "outcome": "game-over",
    "score": 13,
    "diamonds_collected": 5,
    "butterflies_killed": 0,
    "streaks": 1,
    "longest_streak": 5,
    "duration_frames": 16,
    "duration_time": 1.6,
    "ai_perf": {
        "processed": 16,
        "init_ms": 5,
        "total_ms": 56,
        "max_ms": 21,
        "dropped": 0,
        "avg_ms": 4
    }
}
