{
    "cave_source": "generated",
    "seed": 656456903,
    "geometry": {
        "w": 40,
        "h": 22
    },
    "butterflies": 3,
    "ingredients": {
        " ": 25,
        ":": 50,
        "+": 10,
        "O": 10,
        "*": 5
    },
    "cave": [
        "########################################",
        "#++:*::*: :O::*:::::::O+ +   :   :::   #",
        "# O*O:+ O  ::  ::+:: ::+ * :  ::+: :::O#",
        "#:++::::  :::: :*: ::::: *:::*:::O: +O:#",
        "#: :::+ :::::::::::  : +: :  :+:::  ::+#",
        "#  : :::+:++:  ::*  +:+O:*::::/ :: ::+:#",
        "#:::: ::+ :*:::  +::OO +::: O:  OO  :::#",
        "#: :  ::*O:::::: :::: :*:+++:: **: ::O:#",
        "#::: ::::O::O:: +O : :+ + + O: ::  : ::#",
        "# O* : ::+*:+: ::::+:*::+:   :O*:+*:::*#",
        "#++*: O :: O:O: ::: +O:::::*:+ :++::: O#",
        "#:: :: O: O   :::  :+ :O: O  :+  :O+: +#",
        "# : :O  O*:  :O: :+: ::O**+::::::*: :  #",
        "#::::*+: / *++O O:::+ ::: ::O::   O:O :#",
        "#: / +:    ::*::   +:  :: ::: : ::+::O #",
        "#:O    : ::*:: :+*O++: *:::  O O:::::::#",
        "#+::O::OO  :O :+::: :::*:+OO+::::: :+OO#",
        "#  A:O::*::::::::::::: ::+ * :::O+ *:::#",
        "#::  : :  +::::: +::  :O   O: ::: :*:+:#",
        "#::::O+:+:*O:O: :  ++: ::: : :O:+ : +  #",
        "# +:: : +O+ *:::*O::::+: +*:O*O+  OO ::#",
        "########################################"
    ],
    "controller": "script",
    "script": "5995ff943cc1d6947da0b8a8/solution.js",
    "limit_frames": 1200,
    "limit_time": 120,
    "interval": 100,
    "fps": 10,
    "commands": "lurdrdluuuuuuurrrrruuullllllldrrrrrrddlllddluuuuuurruulllurrurudddldddrrrrruurrrrurrrrrruurrrrrrrrdrrdrrrrurrdddluullddllddrurrrruullullllullulldddldlddlldrrrdddldddruurrrdddrrddduurrrrrrdluuuuluuurrrruuuullldddddllllluullddddddrdrdrluldl dl                                                                                                                                                                                                                                                                                                                                                                                                                                                                                                                                                                                                                                                                                                                                                                                       q",
    "outcome": "quit",
    "score": 223,
    "diamonds_collected": 35,
    "butterflies_killed": 3,
    "streaks": 1,
    "longest_streak": 33,
    "duration_frames": 1001,
    "duration_time": 100.1,
    "ai_perf": {
        "processed": 1001,
        "init_ms": 6,
        "total_ms": 8196,
        "max_ms": 37,
        "dropped": 0,
        "avg_ms": 8
    }
}
