{
    "cave_source": "generated",
    "seed": 266017032,
    "geometry": {
        "w": 40,
        "h": 22
    },
    "butterflies": 3,
    "ingredients": {
        " ": 25,
        ":": 50,
        "+": 10,
        "O": 10,
        "*": 5
    },
    "cave": [
        "########################################",
        "#O:::: O  : : * ::+::O O:O+* O+O::O:  :#",
        "#O *:++::O:::::::*: :O :+:::::::::: O::#",
        "#:O: O::*:+ *+O O :*: :::+: :  :O   :::#",
        "#:O ::+::::+:: :O :O+::+:::   O::O::O :#",
        "#:O::::*:: + +O::+O: ::  ::: + :::::+::#",
        "# :   :::: O:::: *  : :+*: O+ O:::/ :* #",
        "#:: :+::+:O  :::   ::+::O :::::* +   : #",
        "#+:O:O::::O :+:O :::::/ :*:   : : +* +:#",
        "#*:::O: :*: :+ *+::: :   :*::O:: :O :: #",
        "#: :: +  : :::::O/ ::*: * OO  :*O+  :  #",
        "#:    :+: :++O+::   :: :::OOO::::: : O #",
        "#:: +   :++O:+++ :::+:+::::::    : :: :#",
        "#::::OO :+::*: ++ +   ::: :O:+: :::+:O:#",
        "# O  ::O++*   :*O   :O+O ::+: :: :::  :#",
        "#:*OO  ::  :::O +:::OO:::+  :: O*+:*: :#",
        "# :O O::  :::*::*  *:*::O::*:: :* : :*:#",
        "#  :: O   :   A:: : :++:: :O:::::: +: :#",
        "#:+:  + ::*O++::+:::O:+O +:O+::+*+:*:  #",
        "#  +: *  :O::*: O * O O : :O*::: ::  ::#",
        "#::  :: +:O::  ::::: :O+  *:::  O: ** :#",
        "########################################"
    ],
    "controller": "script",
    "script": "5995d7f23cc1d6947da0b89d/solution.js",
    "limit_frames": 1200,
    "limit_time": 120,
    "interval": 100,
    "fps": 10,
    "commands": "rllrurudrrrrdurrrrdrrurrrrrrruddddrrrdruurluuluuruuuululllulddullllluluulrddddldllulullulluuruulurrullllulldldululllddddldddrdrllllllllddddddrdlddddrrrrrurrurruuuurrrrrddrdrdrddlllllrurrruuuuuuul  uluuluullllullllluluuuldrdrdrrrrrdrrrrrrrrrrurrrrurruurudrrrrrrrdrrrdddlldddddlldldddddlldldldlluuuuuululllldldldddldluldrrlllduruuuruuuuurrrrrrrrdrrrrurrrluuldlllllllrrrdldlddddrddrdldrruuuuululldllluudurrruurrrrruuurulllluululrrdrddrdururrruuludr    lulldllluuddddrdrrdduururrr     ulullllluuddddddrrddruuu        uuulllllrudddrddrrddruuu        uuulllllrudddrddrrddruuu        uuulllllrudddrddrrddruuu        uuulllllruddrdddrrddruur        uuuulllluuddddddrrddruuu        uuulllllruddrdddrrddruur        uuuulllluuddrrrdrdddruuu        lullllllrudddrddrrddruuu        uuulllllruddrdddrrddruur        uuuulllluuddrrrdrdlldurr        uullllllrudddrddrrddruuu        uuulllllruddddrdrrddruur        uuuulllduudrrrrdddddduuu        uululllluuddddddrrddruuu        uuullllldrddrrdrrdddrruu        luuulldlluddrrdrrddlrruu        uuuulullludrrdrdrdldruuu        lulllllldrddrrdrrdddrruu        uuludlllluddrrrdrrllduur        llluldlluudrrdrrdrdlrrur        uuuulullluddldddrrddruuu        uuullllldrddrrd",
    "outcome": "game-over",
    "score": 318,
    "diamonds_collected": 62,
    "butterflies_killed": 2,
    "streaks": 3,
    "longest_streak": 40,
    "duration_frames": 1200,
    "duration_time": 120,
    "ai_perf": {
        "processed": 1200,
        "init_ms": 6,
        "total_ms": 17277,
        "max_ms": 59,
        "dropped": 0,
        "avg_ms": 14
    }
}
