{
    "cave_source": "generated",
    "seed": 53150700,
    "geometry": {
        "w": 40,
        "h": 22
    },
    "butterflies": 3,
    "ingredients": {
        " ": 25,
        ":": 50,
        "+": 10,
        "O": 10,
        "*": 5
    },
    "cave": [
        "########################################",
        "# : ::::O::  :: ::O::: ::OO: : +  :::::#",
        "#+: O:O*::OO:* :+ +/ O+::::: ::*+ :::*:#",
        "#::::::+O:+:: O:+O    : :* :O::::  O::*#",
        "#:  ::::O  + : :::+O : :+::O: O:: :: ::#",
        "#:O +:::  : :*  :::O:  :::O*::::    :**#",
        "#:::: +:+*:O :::O O::OO* + :  ::: O: : #",
        "#:O:* :* O:+: ::* ::::::*::+O:*::O:  ++#",
        "#:: O: O +::::::+*O+:::+O:O:: *O:  *O +#",
        "# ::OOOO :  : :: :::::+:::::::O::OO::::#",
        "#O+ +:::  O +: ::::::::::O::* :/ :: :: #",
        "#:O:: +:::  ::: : OO * +:::::::  / :O:O#",
        "#::::   :  +: :::+ ::O :: :+: :*:  +:::#",
        "#: ::: O:::::: +: : *:O+:::::O: O: ::O+#",
        "#+:: :+:: :: :   : :::: : +:A+::O   :::#",
        "# :+ :+ ::**  **:+:+:   :++:++:O: :*::+#",
        "#O+::*:  :: ::O*+ :: +:+*+ ++:  :  :: +#",
        "#+*O:  ::O:+*+:::::O::: : ::*OO::::+O: #",
        "#* :*+:::  +++: ::O++:::::OO: : ::OO ::#",
        "#:: ::::  :::::::+: : :  : :: :O:: :   #",
        "#:+ O  :: O: ::::+:: O : :*:::: +:: O::#",
        "########################################"
    ],
    "controller": "script",
    "script": "5995d7f23cc1d6947da0b89d/solution.js",
    "limit_frames": 1200,
    "limit_time": 120,
    "interval": 100,
    "fps": 10,
    "commands": "uuuuuurrulululluulddldlrdrddldllddullddllldldldulldldululdldllllldlllrururuuuuuluuuurrrrrrrddllrddddrrruuruuuuuuuurrddrddlddrrudrdrrdddrdrdrrddrrrrddldllurrurrrruruuluurrdddrrdldullrrrrduuuluuluuuruuuururrduuuulllldlllulllldllddldldlllllllllluullluluull urr dd  drdrrr   uuu dr  rdrdrr   llu dr  rdrrur   lll ru  ddduuuuurdd   rrurur       r                         rrrrrrdrrurddrrulddd ddrddrudllrrddldldulluluuudlllddrdddudddlllllluduuu u   uurdr ulullllluurddrrudlluuullulululdldddluurullddlddrrdrddlduurru   duululdudddddlddllllluuuu lulldlddd       llduuurdr  uldldlddrdd drq",
    "outcome": "quit",
    "score": 419,
    "diamonds_collected": 55,
    "butterflies_killed": 3,
    "streaks": 2,
    "longest_streak": 48,
    "duration_frames": 580,
    "duration_time": 58,
    "ai_perf": {
        "processed": 580,
        "init_ms": 7,
        "total_ms": 9290,
        "max_ms": 58,
        "dropped": 0,
        "avg_ms": 16
    }
}
