{
    "cave_source": "generated",
    "seed": 826954869,
    "geometry": {
        "w": 40,
        "h": 22
    },
    "butterflies": 3,
    "ingredients": {
        " ": 25,
        ":": 50,
        "+": 10,
        "O": 10,
        "*": 5
    },
    "cave": [
        "########################################",
        "#:O *:O: ::+ :::::: : :::  O*:::  +O:+ #",
        "#:: : : O: ::+:: : ::+: O: :::OO+++:::O#",
        "#O::::::: O:: :: :+   *: +: ++::+* +:O #",
        "#: +:: ::* *: ::+     *+::+::/ :: :*:::#",
        "#*:::OO:::::: :*::+ :+O++O*::  : + O ::#",
        "#+:+ *O::::::::O  :+:  :O: * :  : : :::#",
        "#::O ::O : O O :: ::+: +: :  O:::O :/ *#",
        "#:O:O+ :*: O    :O *:O +:O : ::  :+:  *#",
        "#+:: +:::OO::OO ::::::*: :::O O:+O   O+#",
        "#::: :O:: +:+:::   *:  :::+* ::::OO+  +#",
        "#:::::*+ ::O  :  : :::::: :: OO::::::+:#",
        "# ::::::*O  :: +  O*:*  +O : : ::  ::: #",
        "#+::+::+:*::+*::O::+::::* ::O:O  O OO: #",
        "#: *O:::O O  O:: : ::O: + ::::+ ::+:*:O#",
        "#O::: +*: :: :: ::::   ::::*::O: :: O :#",
        "#:*:::+*::::::: :::::::::: : : *:+:: +:#",
        "#:::*O:: ::  :+::::O+O +: :::::O ::O:+ #",
        "#: :*O::OO+: +::::++: :O::O: O::+: ::::#",
        "# ++OA::::   :OO ::O O :  O::/  :O: + *#",
        "#*:+ : + O+:O*::: :O:: :: ::+   :+O  ::#",
        "########################################"
    ],
    "controller": "script",
    "script": "597496daa4e2889d0388f598/solution.js",
    "limit_frames": 1200,
    "limit_time": 120,
    "interval": 100,
    "fps": 10,
    "commands": "ruuruurrl uu   luuulluldllddddlddrrdullldduurrrdrururddrrrrrrduluuuurruuldldddddrdrrruuuuuruuuuurruuddddrruurrdddrrrddruuuuuuuuuluruuurudllllldlddddddllulululullullllulldddddlllululullluruururddrrrrrrrrrrrrrdrrrrrururrrdrdrluludrdrrrrrrrdrrddllr drdrrurdldlddddrddllllldlrdrdrrrrdrlruuduuu                                                                                                                                                                                                                                                                                                                                                                                                                                                                                                                                                                                                                                                                                                                                                                                                                                                                                                                                               ",
    "outcome": "game-over",
    "score": 144,
    "diamonds_collected": 39,
    "butterflies_killed": 0,
    "streaks": 3,
    "longest_streak": 21,
    "duration_frames": 1200,
    "duration_time": 120,
    "ai_perf": {
        "processed": 1200,
        "init_ms": 6,
        "total_ms": 691,
        "max_ms": 26,
        "dropped": 0,
        "avg_ms": 1
    }
}
