{
    "cave_source": "generated",
    "seed": 53150700,
    "geometry": {
        "w": 40,
        "h": 22
    },
    "butterflies": 3,
    "ingredients": {
        " ": 25,
        ":": 50,
        "+": 10,
        "O": 10,
        "*": 5
    },
    "cave": [
        "########################################",
        "# : ::::O::  :: ::O::: ::OO: : +  :::::#",
        "#+: O:O*::OO:* :+ +/ O+::::: ::*+ :::*:#",
        "#::::::+O:+:: O:+O    : :* :O::::  O::*#",
        "#:  ::::O  + : :::+O : :+::O: O:: :: ::#",
        "#:O +:::  : :*  :::O:  :::O*::::    :**#",
        "#:::: +:+*:O :::O O::OO* + :  ::: O: : #",
        "#:O:* :* O:+: ::* ::::::*::+O:*::O:  ++#",
        "#:: O: O +::::::+*O+:::+O:O:: *O:  *O +#",
        "# ::OOOO :  : :: :::::+:::::::O::OO::::#",
        "#O+ +:::  O +: ::::::::::O::* :/ :: :: #",
        "#:O:: +:::  ::: : OO * +:::::::  / :O:O#",
        "#::::   :  +: :::+ ::O :: :+: :*:  +:::#",
        "#: ::: O:::::: +: : *:O+:::::O: O: ::O+#",
        "#+:: :+:: :: :   : :::: : +:A+::O   :::#",
        "# :+ :+ ::**  **:+:+:   :++:++:O: :*::+#",
        "#O+::*:  :: ::O*+ :: +:+*+ ++:  :  :: +#",
        "#+*O:  ::O:+*+:::::O::: : ::*OO::::+O: #",
        "#* :*+:::  +++: ::O++:::::OO: : ::OO ::#",
        "#:: ::::  :::::::+: : :  : :: :O:: :   #",
        "#:+ O  :: O: ::::+:: O : :*:::: +:: O::#",
        "########################################"
    ],
    "controller": "script",
    "script": "599616c83cc1d6947da0b8ad/solution.js",
    "limit_frames": 1200,
    "limit_time": 120,
    "interval": 100,
    "fps": 10,
    "commands": "uuududrrrrrd uuuluuuuuuullullllllullll ",
    "outcome": "game-over",
    "score": 21,
    "diamonds_collected": 1,
    "butterflies_killed": 2,
    "streaks": 0,
    "longest_streak": 0,
    "duration_frames": 39,
    "duration_time": 3.9,
    "ai_perf": {
        "processed": 39,
        "init_ms": 10,
        "total_ms": 1248,
        "max_ms": 349,
        "dropped": 0,
        "avg_ms": 32
    }
}
