{
    "cave_source": "generated",
    "seed": 3364251185,
    "geometry": {
        "w": 40,
        "h": 22
    },
    "butterflies": 3,
    "ingredients": {
        " ": 25,
        ":": 50,
        "+": 10,
        "O": 10,
        "*": 5
    },
    "cave": [
        "########################################",
        "#   :O:::: O ::: ::: :::*: ::O : +:O :*#",
        "#::::O:*++O:O:::*++   :O+  ::  :::: :::#",
        "#O:* +:O::::+  +: *:*: :OO::O::  ::: ::#",
        "# * :O :**:/ :::  :O ::: :::::+::/ O:::#",
        "#:+O:::* ++  O:::+ : : +* : */ :O    ::#",
        "#::: ::*O +++ + ::::   +:+: :  : : O:+:#",
        "# ::*O:     *::::::::O:::O:: *::: O  : #",
        "#:*:::O::::::*: :*:*:++: *:: :O +  ::O:#",
        "#+::    *OO+:O :+  : :  :  ::O:*: * O +#",
        "# ::O:* O:::  ::+:  :: +:::*:* :::: : :#",
        "#: OO::::::O:*:::+::+  ::::+::::O : :OO#",
        "#:*:+:::::  :O:O:: : :++:*+ O :++:O  O #",
        "#O::O:::O: +:::+:+:O+  ::   +O: :::+::+#",
        "#+O:OO : ::::  +:O+::+::+:O: O:  : : ::#",
        "#+O::+O* O:: *++ :: +:::O+::::  :*:+:: #",
        "#:  :++::::: :*+ :AO: O:+ :O:O:+ +* O+ #",
        "#:   : O: :::  :: :+* *::::  O :*::: : #",
        "#:*  ::::+*::: **O::::+*: :OO::::+ +: *#",
        "#   : :*:O+::O : :::::::::::*+:::::  O:#",
        "#*O: O::: ++ O:: ::::::O::    : : :::: #",
        "########################################"
    ],
    "controller": "script",
    "script": "5968c007a4e2889d0388f586/solution.js",
    "limit_frames": 1200,
    "limit_time": 120,
    "interval": 100,
    "fps": 10,
    "commands": "  d dr r uurrdrduuu u u r ruuuurrdrr r u r u ulluu",
    "outcome": "game-over",
    "score": 24,
    "diamonds_collected": 9,
    "butterflies_killed": 0,
    "streaks": 1,
    "longest_streak": 9,
    "duration_frames": 50,
    "duration_time": 5,
    "ai_perf": {
        "processed": 36,
        "init_ms": 6,
        "total_ms": 3306,
        "max_ms": 204,
        "dropped": 14,
        "avg_ms": 92
    }
}
