{
    "cave_source": "generated",
    "seed": 360988824,
    "geometry": {
        "w": 40,
        "h": 22
    },
    "butterflies": 3,
    "ingredients": {
        " ": 25,
        ":": 50,
        "+": 10,
        "O": 10,
        "*": 5
    },
    "cave": [
        "########################################",
        "#O*: :: O  :::O: :::: O+: :O  O + *+  +#",
        "#  : O  +::+*:OO:::+:::O:+:: * +:: : :+#",
        "#:::::::+::++ : O :O:: O*  :: ++ ++::: #",
        "#:O: :+:O/   :+: ++*:*::**:: OO+::: :: #",
        "#     :*    :*+O  :* :O: :/ *O: :::+ +:#",
        "# + :: +    O:O*:::+: * :   : : :   :O:#",
        "#+:::::O:* : :O *  :: +   : ::+OOO ::::#",
        "#::+ :: *:O:: : :OO::* : :: :::+: :+::O#",
        "# :  :O::O::    ::: : *  ::: ::::  O +O#",
        "#:O+ :O + :O+O+O/ ::O+O:O:++:::::+O ::O#",
        "#+::: ::::: ::::   :+ : O ::*:  ::::O*:#",
        "#::::O+::::  ::::++  :O  :::: * ::::+ :#",
        "#+: +*::: :O**+ + :+:   :  ::OO+::+   :#",
        "# : :::  : ++  : ++:::::: : +:+  ::+O  #",
        "#O::+ ::: :: O::: :O + :*:::: ::+:++: +#",
        "#+ +: O: O+ :O :O :O::*++*::*:**::* O :#",
        "#   :: :::+: *::: O :*A::*:*::O*:O:  OO#",
        "#  :: *:+::O:O:: :**+::: ::O :+O+:::::+#",
        "# : +::: :: ::*:+     *::OO ::*+*O+O:: #",
        "#*+::+::OO:: :::+: O :::: : *:  ::O +:O#",
        "########################################"
    ],
    "controller": "script",
    "script": "5968c007a4e2889d0388f586/solution.js",
    "limit_frames": 1200,
    "limit_time": 120,
    "interval": 100,
    "fps": 10,
    "commands": "  u d l rdddlluruu r r r ruulrrrrdr r r d urrrrrrlll l u uuulllulluur u udrldudldruudddlr u u uluuululll l d u llllldrrddddru d ululllllduddll u ",
    "outcome": "game-over",
    "score": 116,
    "diamonds_collected": 28,
    "butterflies_killed": 1,
    "streaks": 2,
    "longest_streak": 15,
    "duration_frames": 145,
    "duration_time": 14.5,
    "ai_perf": {
        "processed": 117,
        "init_ms": 6,
        "total_ms": 9769,
        "max_ms": 215,
        "dropped": 28,
        "avg_ms": 83
    }
}
