{
    "cave_source": "generated",
    "seed": 2445352202,
    "geometry": {
        "w": 40,
        "h": 22
    },
    "butterflies": 3,
    "ingredients": {
        " ": 25,
        ":": 50,
        "+": 10,
        "O": 10,
        "*": 5
    },
    "cave": [
        "########################################",
        "#::O **O: +:: +::O*: ::+::::*: :::++OO:#",
        "# :+::O:+: O*+ : :: O::O : :O  :::  :  #",
        "# +O::    : :::+:*:::: ::::: :::*O+::: #",
        "# ::    :* :: : *+:: : :O:*: :/ :  O*: #",
        "#+::O* ::: :  +:::::::O::+*: :  +::*:::#",
        "#::O+: :::::: O:* O  : O::  :::*:::+ O #",
        "#:  +:O::::O : +::::::: O :: :: :* :+ :#",
        "#+ :O:: : O ++:: :  O :*+::::+ :: OO:O:#",
        "#: ::  : O::+ :*:::: O:::::  :O:+* * O:#",
        "# ::+:: + O: ::+ :+::: +:O+*O:::O *::*:#",
        "#::+*   ::O+ : :::   +:::+: ::O::** O::#",
        "#:*  : O::::*:+O::  :  : ::*:+::::   : #",
        "#:: :+ :: :O ::: : : :::::+ O :*: : +:*#",
        "#: ++::::: :+O:   :AO::+:: : ::   :::::#",
        "#:O :   :  :: :::  ::  O:::: :O+ ::* ::#",
        "#:O:  O:+ +:::::::  ::   : ::  : : ::+O#",
        "#::  O:: : : +:OO+ + * :*:: O:+:++ :: :#",
        "#O::      ::+:: :  ::+ :/ :::/ ::+O :: #",
        "#: ::O O+ ::::: :: *:+:+   *:  * ++: + #",
        "#: :+::+ ::  O+ *:::::++::::    :   :  #",
        "########################################"
    ],
    "controller": "script",
    "script": "5991833a3cc1d6947da0b876/solution.js",
    "limit_frames": 1200,
    "limit_time": 120,
    "interval": 100,
    "fps": 10,
    "commands": "lddddrdlllduurrrrurrduuurrurrruuuuuuuuluurruurrurrddurrrrddldlldldlrrddddrdruuurdrrdddldlldllldlluullldddddlllrrrdrluuuulluuuuluuulululullluuulldddddldlldldddulllllullldlluuurrruuuuuuuurdddddlduuurrrruurrrdrrurrrrurrrrdrdrrrrdddrlurrddlddrdlllllldrrddrdllllddldddrrruddrrrrllllllluuuuuuulllllldddluuuuuuuuuluuuuuurrrrrrlllddddddddddldddddddrdlllrdrrlluurrruuurrrrrrruuuuuuuuuuuuulllllllllllllddrruuurrrrrrllllllldrrrrrrrrrrrrrrlllllllllllllllddrruuurrrrrrllllllldrrrrrrrrrrrrrrudlllllllllllllllddrruuurrrrrrllllllldrrrrrrrrrrrrrrdddddrrrrrrludrddddduuuuullllllllllllllllllluuuuuurrrrrrddddddrrrrrrrrrrrrrluuururrruullrrlldllrrrrdddddddddddddluuuullluuuuullllllllllllllllllllllllllllluuuuurdddddrrrrrrrrrrrrrrrrrrrrrrrrrrrruulluruulrd",
    "outcome": "game-over",
    "score": 244,
    "diamonds_collected": 57,
    "butterflies_killed": 2,
    "streaks": 4,
    "longest_streak": 24,
    "duration_frames": 733,
    "duration_time": 73.3,
    "ai_perf": {
        "processed": 733,
        "init_ms": 9,
        "total_ms": 909,
        "max_ms": 16,
        "dropped": 0,
        "avg_ms": 1
    }
}
