{
    "cave_source": "generated",
    "seed": 3539043340,
    "geometry": {
        "w": 40,
        "h": 22
    },
    "butterflies": 3,
    "ingredients": {
        " ": 25,
        ":": 50,
        "+": 10,
        "O": 10,
        "*": 5
    },
    "cave": [
        "########################################",
        "#+:+::::O+O:: : O:::O  : *+:/ O :O ::+:#",
        "#*::: ::O+: :++ :::+:::*:+ :  ::O::::::#",
        "#+:+ :/  ::+:: :+:::+   +O O:: :: :O:: #",
        "#:::    +  ::   : :::::: :::+ : ::::O*O#",
        "#::O   :  : :O :: ::/   : :   + :::: : #",
        "#+: :O:::: : :O**     O+:::::  :+  ::*:#",
        "#: +  O  O:::: : : :O+:::+O::: O::O   O#",
        "#  +++: :+:  :  O:::O:::::::: *:*O: +::#",
        "#:+ :::+*:::::::*+  ::: +* O+:O  +:::: #",
        "#:::: O::+: :: :::O:+O:O::  :O :+ :+: :#",
        "#++:OO:O:*O O  ::::::OO*:+::O:O+:O::::O#",
        "#O:+: O: ::+:+:O:+O: :O  :O:: :+:: ::::#",
        "#O:: O::  * :*:O:+:OO  :::  O  A+:OO:+O#",
        "# :+:O: ::O* :: ::::::O *:::::OO:O:+*:*#",
        "#O:+:OOO+:::+: ::: :O*::: : :O: : +: ::#",
        "#*:::: : ++ +::+ :::::::O+::O :::: O+ :#",
        "#+:+  :O*+ : *:+ :+: :: O+   :O:+*:+ *O#",
        "#+ +* O:*::::::: ::: ::*:+:*   :*::::::#",
        "#+:::   O : :*:::*:::*+::O: :O+ ::O+ :O#",
        "#: *::: O::OO::: : :+::: :::*:  + : :++#",
        "########################################"
    ],
    "controller": "script",
    "script": "5991833a3cc1d6947da0b876/solution.js",
    "limit_frames": 1200,
    "limit_time": 120,
    "interval": 100,
    "fps": 10,
    "commands": "llldlllluulruuruurrrrrdrrlulurrrrrrruuudddddlddddddrurdluluulllddlddrddlllulllddrdlllluulllduuuudlllldddlllluuuuuulllrdulululuurrrrrrrrluuuuurrrrrrurruurrlllldddllllllddddduuulllullllldlullluluulrdddddldddrrdrddddddddlduluuulrrrrdrrdrdrururuulluurrrrrurrddrrrrrrrrrrrurrrrdrrddrddrrurldddlllulluuullllluuuuudddddrrrrrrrrrudllllllllluuuuuuuudrurrrrrrruuuuuuuddllldddddllllllllllrrrrrrruuurlllllllllllllllllllddddddddddluuuuldddllllduuuuuuldurrrlllddrduuulrrrudlddddddddlurdrrrrullllllluuuurlrlrlrlddddrrrrrrrllllllluuuurlrdddddduuuuuulrdddddduuuuuudddddduuuuuulrdddddduuuuuulddddrulduuuudduudurl",
    "outcome": "game-over",
    "score": 171,
    "diamonds_collected": 36,
    "butterflies_killed": 0,
    "streaks": 2,
    "longest_streak": 29,
    "duration_frames": 594,
    "duration_time": 59.4,
    "ai_perf": {
        "processed": 594,
        "init_ms": 6,
        "total_ms": 837,
        "max_ms": 17,
        "dropped": 0,
        "avg_ms": 1
    }
}
