{
    "cave_source": "generated",
    "seed": 909324879,
    "geometry": {
        "w": 40,
        "h": 22
    },
    "butterflies": 3,
    "ingredients": {
        " ": 25,
        ":": 50,
        "+": 10,
        "O": 10,
        "*": 5
    },
    "cave": [
        "########################################",
        "# +::::O *::  O    : :O:: O +:O :::::O+#",
        "# **::: : +:*:O : +:: :::O: ::O+ +: :: #",
        "#:::+: : :+:* :*+:::::O : O:O:: ::::O  #",
        "#:O :::::+*:+: :*:: +: ::OO:  :: :O::*+#",
        "#: :+O :* / ::+:+* ++*:O:O:+::::O:::*::#",
        "#:  :O:: :  : ::+  :::+ ::O O +O :::+:+#",
        "#O ::+:+:   :::: ::+: :+ O:: ::*:: :OO:#",
        "#: : ::: :::::: O:::::: :*:  :: : ::+ *#",
        "#:: +:::+ :  *:*OO:: :  +::: :::+ :: ::#",
        "#:: ++:O ::::: *::::::+:::O:O ::+:O::::#",
        "#:O +:: : ::: * : O**: * + ::O+: A:::*:#",
        "#+ ::O:+   ::  :  : ::: O+: :O: ::  O :#",
        "#:*::+::::::** +::: +O:: :   ::O:::::::#",
        "#:::O+::+:+O::: :: + ::::OOO: :::*O::: #",
        "#* + O: O:::::++:  O: :O  / *+O +O: :::#",
        "#+ * : :+:::+: :O*  ::*+    +: ::::::::#",
        "#:::: *+::::   +:::: :/ :::::*O:O +:*::#",
        "#:+:::+OO:  :O+: +*:O:  :::: :: :: :*::#",
        "#:*+:::: :::: +: *: :: :: O*+: :: +  ::#",
        "#*::: :: +:+* : :::O:+::* ::*  O:O: :::#",
        "########################################"
    ],
    "controller": "script",
    "script": "5991833a3cc1d6947da0b876/solution.js",
    "limit_frames": 1200,
    "limit_time": 120,
    "interval": 100,
    "fps": 10,
    "commands": "dddurrrruuuuruduuluuulldlldlddlllllllllddddullllddlldddrdddlluuruuullluuuruullddddluuuuuulddulluuluuuururrrddrrrdrrddrrrrurrrdrrrrlddddrdddrrudururrrrrrlldddrdddddlullllllulldddrrlruulllllddllrulduuuulllullldllldldddullllllluurllluluuuddddlddrdrruulullddduuuruuuuuuuuruuuuuuulrrrrrrdddrrdddlllllllllrrrrrrruruduurrrrddddddddddddddllllllllluuuuuuudddddddrrrrrrrrruuuuuuuuuuuuuuuuuurrrrrrrrddddduuuuuddddduuuuuddddduuuuudddduuuuddlllluurrddlluulrrrrrlllrrrddddduuuuullllllllllllllllllddddddddluuuuuuuldrurrrrrrrulllrrrrrrrrrrrrrrrlrdddddlllluuurrrrrudddrrdddrrr",
    "outcome": "game-over",
    "score": 176,
    "diamonds_collected": 45,
    "butterflies_killed": 0,
    "streaks": 4,
    "longest_streak": 26,
    "duration_frames": 559,
    "duration_time": 55.9,
    "ai_perf": {
        "processed": 559,
        "init_ms": 6,
        "total_ms": 761,
        "max_ms": 16,
        "dropped": 0,
        "avg_ms": 1
    }
}
