{
    "cave_source": "generated",
    "seed": 2578140513,
    "geometry": {
        "w": 40,
        "h": 22
    },
    "butterflies": 3,
    "ingredients": {
        " ": 25,
        ":": 50,
        "+": 10,
        "O": 10,
        "*": 5
    },
    "cave": [
        "########################################",
        "#+::O :::O+:: : :+::O ::O+::O:::::   ::#",
        "#:+  ::+: O :*::O : ::: :::AO::O::  :::#",
        "#::+ :O:*:+++::O::++OO: :  ::::: :O  :*#",
        "#::*:::*O::O O:: +:: :+:O:::: : :: :+  #",
        "#::O:+: ::::::::::: :::   ::::::* ::+: #",
        "#/ *  :*: :  OO :  :     +:::::+:::::::#",
        "#  ::::+:::*+ O  +  :: :::*: ::+:+ : ::#",
        "#:  ::  :  :+:: : :*::O :O   *+: : +:::#",
        "#  + *  *:O ::::*+O:*:::::::*: ::+O:+::#",
        "#  :  +:  ::+::+: :O+: ::::++:::::O:O+ #",
        "#O +O:::*O O: : :O : :*:::: O+:+ : + ::#",
        "#   *+:+:::+*:+ : ::+O:O:+:: : ::O:*+: #",
        "#: O:O  :OO:::+: O:O: *::::::: O::O+:*:#",
        "#+::O: : :/  +::  :: :O*:::::: ::: :+*:#",
        "#:::::::    ::::+:: ::: * ::+O+: O:+:+:#",
        "# :: :::+::*:+: +* O:::O:: ::O+:*: OO*:#",
        "#++: *::++  :*:: : O: O: : *:+:+:  +:  #",
        "#O+O :::  O:O :::  +::: ::::*: + O: :O #",
        "#:: :+/ :: ::  O:::*  O: ::::  :++  +::#",
        "#+:  :   :+:OO: :::: : :*:O*:: + :::::*#",
        "########################################"
    ],
    "controller": "script",
    "script": "599353073cc1d6947da0b87c/solution.js",
    "limit_frames": 1200,
    "limit_time": 120,
    "interval": 100,
    "fps": 10,
    "commands": " d d d d d d l d r r r u l l d r r d r d d l d l l l l l l l u u r d d r d d l l d l",
    "outcome": "game-over",
    "score": 13,
    "diamonds_collected": 7,
    "butterflies_killed": 0,
    "streaks": 2,
    "longest_streak": 4,
    "duration_frames": 84,
    "duration_time": 8.4,
    "ai_perf": {
        "processed": 42,
        "init_ms": 6,
        "total_ms": 5911,
        "max_ms": 164,
        "dropped": 42,
        "avg_ms": 141
    }
}
