{
    "cave_source": "generated",
    "seed": 2622949818,
    "geometry": {
        "w": 40,
        "h": 22
    },
    "butterflies": 3,
    "ingredients": {
        " ": 25,
        ":": 50,
        "+": 10,
        "O": 10,
        "*": 5
    },
    "cave": [
        "########################################",
        "#:::+::O:++O* :: O::: : +:+: ::+:+ **  #",
        "#::*+:O +O +:::::::::::::: ::  +OO:::: #",
        "#:  :O::+:+:: :  O:::+: :+:* + +*:::O :#",
        "#: : :/  :+::+:::: :: ::*:: :::*::*: : #",
        "#+:::   ::* ::O::::: :  ::+ : +*+::::  #",
        "#O::O:O::OO:::/ *O:O:+:+:::+::::O:::: :#",
        "#:O+ O::::+ :   :::* :::::::+: OO+:O:: #",
        "#:::::*::+ :OO: :: +: O::: O:+:::: OO::#",
        "#: +::+ :+:O::: ::::O:+O:+:: : :O:::+ :#",
        "#:*:  : O *: ::::O:::: O ::+: +O::::O::#",
        "#:: ::: *:::+ +O:::::*:*+:+O: :::+ :O :#",
        "#+   *:O :::   :+:+:  :O:+*O* :*:O ::: #",
        "# *:: O::O*O::: ::: *:: ::  O+ :O:::+: #",
        "#::*: :OO: :O:::O:: ::+ ::: :O::*:O *::#",
        "#*: :O:: O:: ::*+: : + *++ *O+:*::+:  *#",
        "#+: :* ::+/ +*:+: *: :: :*O::  :: O :+:#",
        "#:* ::+::O  O:::::* :   :::O: : O:A::O*#",
        "#O::+::  :: :++:: +O* OO :::+   O :+:  #",
        "#::::::O*:*::  ::: :::::::O::OO:: :+: :#",
        "#  :::  ::  : :::  *:*:   *O*: ::O:*:::#",
        "########################################"
    ],
    "controller": "script",
    "script": "599353073cc1d6947da0b87c/solution.js",
    "limit_frames": 1200,
    "limit_time": 120,
    "interval": 100,
    "fps": 10,
    "commands": " l u u l l u u u l l l l l d d l l u r d r u l d r u l d r u l d r u l d r u l d r u l d r u l d r u l d r u l d r u l d r u l d r u l d r u l d r u l d r u l d r u l d r u l d r u l d r u l d r u l d r u l d r u l d r u l d r u l d r u l d r u l d r u l d r u l d r u l d r u l d r u l d r u l d r u l d r u l d r u l d r u l d r u l d r u l d r u l d r u l d r u l d r u l d r u l d r u l d r u l d r u l d r u l d r u l d r u l d r u l d r u l d r u l d r u l d r u l d r u l d r u l d r u l d r u l d r u l d r u l d r u l d r u l d r u l d r u l d r u l d r u l d r u l d r u l d r u l d r u l d r u l d r u l d r u l d r u l d r u l d r u l d r u l d r u l d r u l d r u l d r u l d r u l d r u l d r u l d r u l d r u l d r u l d r u l d r u l d r u l d r u l d r u l d r u l d r u l d r u l d r u l d r u l d r u l d r u l d r u l d r u l d r u l d r u l d r u l d r u l d r u l d r u l d r u l d r u l d r u l d r u l d r u l d r u l d r u l d r u l d r u l d r u l d r u l d r u l d r u l d r u l d r u l d r u l d r u l d r u l d r u l d r u l d r u l d r u l d r u l d r u l d r u l d r u l d r u l d r u l d r u l d r u l d r u l d r u l d r u l d r u l d r u l d r u l d r u l d r u l d",
    "outcome": "game-over",
    "score": 7,
    "diamonds_collected": 4,
    "butterflies_killed": 0,
    "streaks": 1,
    "longest_streak": 4,
    "duration_frames": 1200,
    "duration_time": 120,
    "ai_perf": {
        "processed": 600,
        "init_ms": 5,
        "total_ms": 86046,
        "max_ms": 190,
        "dropped": 600,
        "avg_ms": 143
    }
}
