{
    "cave_source": "generated",
    "seed": 3287234924,
    "geometry": {
        "w": 40,
        "h": 22
    },
    "butterflies": 3,
    "ingredients": {
        " ": 25,
        ":": 50,
        "+": 10,
        "O": 10,
        "*": 5
    },
    "cave": [
        "########################################",
        "#::O::*::::O*:  ::::: ::  ::*:::: ::+:+#",
        "#::+::  ::: :O+: +: :+ :O+:*   *:::+ ::#",
        "# O:O * :  :  : ::::+:O   :+:+ : : O:: #",
        "#:::  :+ : :O+:  :+ : ::  ::O   :*:::: #",
        "#::+::O :+O++:+  ::O*: *OO::  :O:::: ::#",
        "# O:*:::O*:: +::: :: *::::  O:::  :::+:#",
        "# O:*:* ::: :O +:O::O+O++O::::+  :/ O*O#",
        "#: +  : : :::O: :: O:: : : :O:::::    +#",
        "# + :O :+O :: : O: +::  O : +*:/ :: :: #",
        "# ::+ *O: ::+:*   :+ :::+ ::::   : : O #",
        "# :::O+: O::::*:: ++:: +:  O:::::::+O :#",
        "#:+:*:O::::::: : :O   : O+  ::O+:::+: :#",
        "# :::: O:::++ ::::::O  O :: : :++**O* :#",
        "# ::  +O  O:   ::* O:: O+: *: :  *O::+ #",
        "#: :+:+: ::+::: : O:+:O  *+:O::*:: :*::#",
        "#: : / :O  : :::::+ ++: :++::::OOO ::::#",
        "#::    :: : ::+ :::+**:: :+::: : :::++:#",
        "# :+O+O: :O::  :+::::::    : ::+  :+  :#",
        "#:::+:::+  :: :*:O:  ::::  O:::O ::+   #",
        "# :  + :+::::: : :+O*+:   +::OO*:OA: +:#",
        "########################################"
    ],
    "controller": "script",
    "script": "599353073cc1d6947da0b87c/solution.js",
    "limit_frames": 1200,
    "limit_time": 120,
    "interval": 100,
    "fps": 10,
    "commands": " u u u l d l",
    "outcome": "game-over",
    "score": 0,
    "diamonds_collected": 0,
    "butterflies_killed": 0,
    "streaks": 0,
    "longest_streak": 0,
    "duration_frames": 12,
    "duration_time": 1.2,
    "ai_perf": {
        "processed": 6,
        "init_ms": 5,
        "total_ms": 881,
        "max_ms": 163,
        "dropped": 6,
        "avg_ms": 147
    }
}
