{
    "cave_source": "generated",
    "seed": 3707928604,
    "geometry": {
        "w": 40,
        "h": 22
    },
    "butterflies": 3,
    "ingredients": {
        " ": 25,
        ":": 50,
        "+": 10,
        "O": 10,
        "*": 5
    },
    "cave": [
        "########################################",
        "#:/ :+::OO O**:::: *  + OO*:   ::  : O:#",
        "#      : O +: : ::: :+: :+ ::: +:OO:+::#",
        "# *O:  :: ::* ::+ :::+:::::OO +::OO :  #",
        "#O :: :O  :O:: +O *O:::    : : +:::::O #",
        "#: O+ ::::O  ::  : O: :: ::* +  : :: ::#",
        "#:::::+: *O:OO:::   + +*:  : :*:::+  ::#",
        "#:+ ::::+  :: ::  :::: :O : : O:    :: #",
        "#:+:OO :** *O:+: O  ::O+:O++ :::O::+O::#",
        "#:O : :O: :::::: ::O*  /   : +:++::  O:#",
        "# ::O :: :  ::::::O +::  ::   : *::* : #",
        "#O  :++O:::::/  :O+:+A:::::O :+* ::+:: #",
        "#+:O*::::O :   O ::::: +   ::::: :::::+#",
        "#:: ::+::: :::::*::  :: ++:++ ::: O::::#",
        "#:::::::::+  ::*:  +:+:  :: : O ::  :::#",
        "#: :::::*:::+OO* ::::: ::O :: :::*: O+:#",
        "# : : +: O:O ::  : :+:+   :  :::*:*  :O#",
        "#O:+: OO *::+::: :O   O:* +     :O:+:O:#",
        "#::*::***:  O*:::+:::  : :: +:::+ : :: #",
        "#: :+:::: ::: ::+ :O : :::  ::::O  +:+:#",
        "#: :: :: +:+ :O:O+ ::  O:O:O::*O::::: :#",
        "########################################"
    ],
    "controller": "script",
    "script": "599353073cc1d6947da0b87c/solution.js",
    "limit_frames": 1200,
    "limit_time": 120,
    "interval": 100,
    "fps": 10,
    "commands": " d l l u u d d",
    "outcome": "game-over",
    "score": 0,
    "diamonds_collected": 0,
    "butterflies_killed": 0,
    "streaks": 0,
    "longest_streak": 0,
    "duration_frames": 14,
    "duration_time": 1.4,
    "ai_perf": {
        "processed": 7,
        "init_ms": 5,
        "total_ms": 966,
        "max_ms": 158,
        "dropped": 7,
        "avg_ms": 138
    }
}
