{
    "cave_source": "generated",
    "seed": 3992073686,
    "geometry": {
        "w": 40,
        "h": 22
    },
    "butterflies": 3,
    "ingredients": {
        " ": 25,
        ":": 50,
        "+": 10,
        "O": 10,
        "*": 5
    },
    "cave": [
        "########################################",
        "#:: :   ::/ ::: O**OO :: +::    O :    #",
        "#  :+ :: :  O+O:O:+: :::::::O::::::O+::#",
        "#: ::+O*:: ::::: :+O:::: ** +:*:OO:*: :#",
        "#+O *:::+  :O:: :: O  O  ::::::  : O::O#",
        "#:*  :O::O::+: :  ::*  :*OO:: :+:+: :::#",
        "# O:+++::O: :::::: O :: : O :::::::+:O:#",
        "#:::   :+ ::::::::::::::O:OO:::O::: :*:#",
        "#*::::: :::*::::: O: :::::+O+:::: ::: O#",
        "#:::::: :::+: +: ::O::::*+:  ++O:::  :+#",
        "#:::::::+:OO O :O: ::* +: :+: :*::O::+:#",
        "#:::O::+  ::  :::::+:: : :O:::  ::OO:::#",
        "#  :::+:  O::O*:O /   ::: : A:: :::::: #",
        "#: +  :: :+*::O +O   :: : :+O*:::::::: #",
        "# ::*:: :: :*:: :*:   :*:+ :::*+O: :O: #",
        "#: +::::*+ :  +: +:: : : *+:+:::::::+ :#",
        "#+::O  :::+::::O::::: *: ::   :::: ::: #",
        "#/ :++O:: O::::OO :+  ::O+: :+::::::O::#",
        "#  :  :+: :::::   :::  : :*:: :O::: :+ #",
        "#:::::O:O: :::+O ::+:O::::*:*:::O: ::  #",
        "#: ::OO::O :::::::+ :*::::::O: :::O++:O#",
        "########################################"
    ],
    "controller": "script",
    "script": "599353073cc1d6947da0b87c/solution.js",
    "limit_frames": 1200,
    "limit_time": 120,
    "interval": 100,
    "fps": 10,
    "commands": " r d r d l d d l l l d d d r r u l u l u l u l l u l d d l u u r u",
    "outcome": "game-over",
    "score": 23,
    "diamonds_collected": 8,
    "butterflies_killed": 0,
    "streaks": 1,
    "longest_streak": 8,
    "duration_frames": 66,
    "duration_time": 6.6,
    "ai_perf": {
        "processed": 33,
        "init_ms": 5,
        "total_ms": 4191,
        "max_ms": 150,
        "dropped": 33,
        "avg_ms": 127
    }
}
