{
    "cave_source": "generated",
    "seed": 529722373,
    "geometry": {
        "w": 40,
        "h": 22
    },
    "butterflies": 3,
    "ingredients": {
        " ": 25,
        ":": 50,
        "+": 10,
        "O": 10,
        "*": 5
    },
    "cave": [
        "########################################",
        "#::: +:  :::::O:::  +O  :/  :::*: :::::#",
        "#O:::+O:::: +:: :  ::O:    :::*O::   ++#",
        "#  :: ::::*:O:::: *::: :::+ :: :O +: ::#",
        "#::O  ::O:*+O: ::::*::  O *+::  O *OO::#",
        "#: + :  ::O: :+  :O+: : +  +:*::O:*  : #",
        "# ::  O++::*:::: * : ::: :*+:O::O::+ : #",
        "#  *+:::::::+:++::::: :+  + :/ :+O::+::#",
        "#+*::::   ::+:: ++::::::+ : :  O + +*O:#",
        "#::*OO   ++:::::+:::*:::  : ::  O:+:OO*#",
        "# :::: +:*:+O::::O:O +  ::OO  +: :::O: #",
        "# :::::+: : *:: : :: : ::::+:: :: :* *:#",
        "#:::/  +:  : :::: ::OO:::+ :  :::::  ::#",
        "# ::   :O  :*: :: :::::++  :: :+ ::::  #",
        "#: *:: ::+::: :::::OA:::*::: :O: :  :: #",
        "#:::+O:  **: :  : +:::: :::: :::::: O  #",
        "# ::+ *O:O::: O :*  ::+:  :  : :O:::* :#",
        "#  : +   ::::O +:+:+::::  +:::O :  : : #",
        "#:  : :: :+ :::  : :O+ :+*  :: :: :::+:#",
        "#: :::+* +:  : ::::  ::::O*+O::*O :::::#",
        "#: ::O::::* : :::O:+::: O:::O: O ::O+  #",
        "########################################"
    ],
    "controller": "script",
    "script": "599353073cc1d6947da0b87c/solution.js",
    "limit_frames": 1200,
    "limit_time": 120,
    "interval": 100,
    "fps": 10,
    "commands": " r u l l u r d l l d l d d",
    "outcome": "game-over",
    "score": 1,
    "diamonds_collected": 1,
    "butterflies_killed": 0,
    "streaks": 0,
    "longest_streak": 0,
    "duration_frames": 26,
    "duration_time": 2.6,
    "ai_perf": {
        "processed": 13,
        "init_ms": 5,
        "total_ms": 1703,
        "max_ms": 153,
        "dropped": 13,
        "avg_ms": 131
    }
}
