{
    "cave_source": "generated",
    "seed": 770780866,
    "geometry": {
        "w": 40,
        "h": 22
    },
    "butterflies": 3,
    "ingredients": {
        " ": 25,
        ":": 50,
        "+": 10,
        "O": 10,
        "*": 5
    },
    "cave": [
        "########################################",
        "#  ::O *::O::O:+*O::*:::::::: : O:  : :#",
        "# ++ ::+:O:  +  : :O:+ ::: : O: OO :+ :#",
        "# :::+::::O: +:::** :::: : : *+:O:: + :#",
        "#::::+:   : : ::::::::::: :O::O::   +  #",
        "#:+O+ :: :::: : :O:::O/  + O:::+::::O* #",
        "#:: : ::    O ::O+ *:   :: : :O::::::: #",
        "#:OO+*:::O:::O:::+O+:*O:*+:::::/ *:  O:#",
        "# :  ::+:: :*+ +++O :::: +:::::  :: O: #",
        "# : :   : :::::+*::*:: ::::O  :: :: O::#",
        "#:O++::  *:+:O:+::::: :* O ::O :  *::::#",
        "#:   + ::*: :+:**::  O::+::: : ::::::+:#",
        "# : :: +:*:::  : :::: ::::**::::: :   :#",
        "#:: :  +: +    : :+* :: : ::+: + O++*: #",
        "#: +:*:O:::: :  :: A :::  : :O* :: :  :#",
        "#: ::: ::::: :+ : :::::*::: ::O  +O::O:#",
        "#  O*:: ::*::O: ::+::O: O:+ O::::+:::  #",
        "#: *:: O: :  +:: :   O:::::+*: ::::*:::#",
        "#+:O:* ::O :+: :::: O: + :: ::O* +*:  :#",
        "#:+::+:++::::  :::::  : ::O:+::: :/  ::#",
        "#O:::: *: :+*::+:: :O:::::+ :O::::  : +#",
        "########################################"
    ],
    "controller": "script",
    "script": "599353073cc1d6947da0b87c/solution.js",
    "limit_frames": 1200,
    "limit_time": 120,
    "interval": 100,
    "fps": 10,
    "commands": " u u u u u l l l d d l d r d l u r r d d r d r r u r d r r d d r r r d r r u r u r r u u l u l u l l l l l l u u u u r d l l l u u l u u u u u u l l d d l l u u r d r d d r d d",
    "outcome": "game-over",
    "score": 65,
    "diamonds_collected": 18,
    "butterflies_killed": 0,
    "streaks": 2,
    "longest_streak": 13,
    "duration_frames": 176,
    "duration_time": 17.6,
    "ai_perf": {
        "processed": 88,
        "init_ms": 5,
        "total_ms": 11402,
        "max_ms": 153,
        "dropped": 88,
        "avg_ms": 130
    }
}
